Log file open, 06/25/20 15:10:41
LogWindows: Failed to load 'aqProf.dll' (GetLastError=126)
LogWindows: File 'aqProf.dll' does not exist
LogWindows: Failed to load 'VtuneApi.dll' (GetLastError=126)
LogWindows: File 'VtuneApi.dll' does not exist
LogWindows: Failed to load 'VtuneApi32e.dll' (GetLastError=126)
LogWindows: File 'VtuneApi32e.dll' does not exist
LogConsoleResponse: Display: Failed to find resolution value strings in scalability ini. Falling back to default.
LogInit: Display: Running engine for game: ISG
LogPlatformFile: Not using cached read wrapper
LogTaskGraph: Started task graph with 5 named threads and 23 total threads with 3 sets of task threads.
LogStats: Stats thread started at 0.115158
LogD3D11RHI: Loaded GFSDK_Aftermath_Lib.x64.dll
LogICUInternationalization: ICU TimeZone Detection - Raw Offset: +1:00, Platform Override: ''
LogPluginManager: Mounting plugin Paper2D
LogPluginManager: Mounting plugin AISupport
LogPluginManager: Mounting plugin LightPropagationVolume
LogPluginManager: Mounting plugin ActorLayerUtilities
LogPluginManager: Mounting plugin AnimationSharing
LogPluginManager: Mounting plugin CLionSourceCodeAccess
LogPluginManager: Mounting plugin CodeLiteSourceCodeAccess
LogPluginManager: Mounting plugin GitSourceControl
LogPluginManager: Mounting plugin KDevelopSourceCodeAccess
LogPluginManager: Mounting plugin NullSourceCodeAccess
LogPluginManager: Mounting plugin PerforceSourceControl
LogPluginManager: Mounting plugin SubversionSourceControl
LogPluginManager: Mounting plugin UObjectPlugin
LogPluginManager: Mounting plugin VisualStudioCodeSourceCodeAccess
LogPluginManager: Mounting plugin VisualStudioSourceCodeAccess
LogPluginManager: Mounting plugin XCodeSourceCodeAccess
LogPluginManager: Mounting plugin AssetManagerEditor
LogPluginManager: Mounting plugin CryptoKeys
LogPluginManager: Mounting plugin CurveEditorTools
LogPluginManager: Mounting plugin DataValidation
LogPluginManager: Mounting plugin EditorScriptingUtilities
LogPluginManager: Mounting plugin FacialAnimation
LogPluginManager: Mounting plugin GameplayTagsEditor
LogPluginManager: Mounting plugin GLTFImporter
LogPluginManager: Mounting plugin MacGraphicsSwitching
LogPluginManager: Mounting plugin MaterialAnalyzer
LogPluginManager: Mounting plugin MeshEditor
LogPluginManager: Mounting plugin MobileLauncherProfileWizard
LogPluginManager: Mounting plugin PluginBrowser
LogPluginManager: Mounting plugin SpeedTreeImporter
LogPluginManager: Mounting plugin DatasmithContent
LogPluginManager: Mounting plugin VariantManagerContent
LogPluginManager: Mounting plugin AlembicImporter
LogPluginManager: Mounting plugin AutomationUtils
LogPluginManager: Mounting plugin BackChannel
LogPluginManager: Mounting plugin BlastPlugin
LogPluginManager: Mounting plugin ChaosSolverPlugin
LogPluginManager: Mounting plugin CharacterAI
LogPluginManager: Mounting plugin DataPrepEditor
LogPluginManager: Mounting plugin GeometryCache
LogPluginManager: Mounting plugin GeometryCollectionPlugin
LogPluginManager: Mounting plugin HTML5Networking
LogPluginManager: Mounting plugin PlatformCrypto
LogPluginManager: Mounting plugin ProxyLODPlugin
LogPluginManager: Mounting plugin SkeletalReduction
LogPluginManager: Mounting plugin MagicLeap
LogPluginManager: Mounting plugin MagicLeapMedia
LogPluginManager: Mounting plugin SmoothSyncPlugin
LogPluginManager: Mounting plugin AndroidMedia
LogPluginManager: Mounting plugin AvfMedia
LogPluginManager: Mounting plugin ImgMedia
LogPluginManager: Mounting plugin MediaCompositing
LogPluginManager: Mounting plugin MediaPlayerEditor
LogPluginManager: Mounting plugin WebMMedia
LogPluginManager: Mounting plugin WmfMedia
LogPluginManager: Mounting plugin TcpMessaging
LogPluginManager: Mounting plugin UdpMessaging
LogPluginManager: Mounting plugin ActorSequence
LogPluginManager: Mounting plugin LevelSequenceEditor
LogPluginManager: Mounting plugin MatineeToLevelSequence
LogPluginManager: Mounting plugin NetcodeUnitTest
LogPluginManager: Mounting plugin NUTUnrealEngine4
LogPluginManager: Mounting plugin OnlineSubsystemGooglePlay
LogPluginManager: Mounting plugin OnlineSubsystemIOS
LogPluginManager: Mounting plugin OnlineSubsystem
LogPluginManager: Mounting plugin OnlineSubsystemNull
LogPluginManager: Mounting plugin OnlineSubsystemSteam
LogPluginManager: Mounting plugin OnlineSubsystemUtils
LogPluginManager: Mounting plugin LauncherChunkInstaller
LogPluginManager: Mounting plugin AndroidDeviceProfileSelector
LogPluginManager: Mounting plugin AndroidMoviePlayer
LogPluginManager: Mounting plugin AndroidPermission
LogPluginManager: Mounting plugin AppleImageUtils
LogPluginManager: Mounting plugin AppleMoviePlayer
LogPluginManager: Mounting plugin ArchVisCharacter
LogPluginManager: Mounting plugin AudioCapture
LogPluginManager: Mounting plugin CableComponent
LogPluginManager: Mounting plugin CustomMeshComponent
LogPluginManager: Mounting plugin EditableMesh
LogPluginManager: Mounting plugin ExampleDeviceProfileSelector
LogPluginManager: Mounting plugin GoogleCloudMessaging
LogPluginManager: Mounting plugin IOSDeviceProfileSelector
LogPluginManager: Mounting plugin LinuxDeviceProfileSelector
LogPluginManager: Mounting plugin LocationServicesBPLibrary
LogPluginManager: Mounting plugin MobilePatchingUtils
LogPluginManager: Mounting plugin OculusVR
LogPluginManager: Mounting plugin PhysXVehicles
LogPluginManager: Mounting plugin ProceduralMeshComponent
LogPluginManager: Mounting plugin RuntimePhysXCooking
LogPluginManager: Mounting plugin SignificanceManager
LogPluginManager: Mounting plugin SteamVR
LogPluginManager: Mounting plugin WebMMoviePlayer
LogPluginManager: Mounting plugin WindowsMoviePlayer
LogPluginManager: Mounting plugin ScreenshotTools
LogPluginManager: Mounting plugin AdvancedSessions
LogPluginManager: Mounting plugin AdvancedSteamSessions
LogPluginManager: Mounting plugin DatasmithC4DImporter
LogPluginManager: Mounting plugin DatasmithCADImporter
LogPluginManager: Mounting plugin DatasmithFBXImporter
LogPluginManager: Mounting plugin DatasmithGLTFImporter
LogPluginManager: Mounting plugin DatasmithIFCImporter
LogPluginManager: Mounting plugin DatasmithImporter
LogPluginManager: Mounting plugin MDLImporter
LogPluginManager: Mounting plugin StaticMeshEditorExtension
LogPluginManager: Mounting plugin VariantManager
LogInit: Using libcurl 7.55.1-DEV
LogInit:  - built for x86_64-pc-win32
LogInit:  - supports SSL with OpenSSL/1.1.1
LogInit:  - supports HTTP deflate (compression) using libz 1.2.8
LogInit:  - other features:
LogInit:      CURL_VERSION_SSL
LogInit:      CURL_VERSION_LIBZ
LogInit:      CURL_VERSION_IPV6
LogInit:      CURL_VERSION_ASYNCHDNS
LogInit:      CURL_VERSION_LARGEFILE
LogInit:      CURL_VERSION_IDN
LogInit:  CurlRequestOptions (configurable via config and command line):
LogInit:  - bVerifyPeer = true  - Libcurl will verify peer certificate
LogInit:  - bUseHttpProxy = false  - Libcurl will NOT use HTTP proxy
LogInit:  - bDontReuseConnections = false  - Libcurl will reuse connections
LogInit:  - MaxHostConnections = 16  - Libcurl will limit the number of connections to a host
LogInit:  - LocalHostAddr = Default
LogInit:  - BufferSize = 65536
LogOnline: Display: STEAM: Loading Steam SDK 1.42
LogOnline: OSS: Creating online subsystem instance for: Steam
LogOnline: Display: STEAM: OnlineSubsystemSteam::Shutdown()
LogOnline: OSS: Unable to create OnlineSubsystem module Steam
LogOnline: OSS: Creating online subsystem instance for: NULL
LogInit: WinSock: version 1.1 (2.2), MaxSocks=32767, MaxUdp=65467
LogInit: Build: ++UE4+Release-4.23-CL-9631420
LogInit: Engine Version: 4.23.1-9631420+++UE4+Release-4.23
LogInit: Compatible Engine Version: 4.23.0-8386587+++UE4+Release-4.23
LogInit: Net CL: 8386587
LogInit: OS: Windows 10 (Release 1909) (), CPU: Intel(R) Core(TM) i7-7700K CPU @ 4.20GHz, GPU: NVIDIA GeForce GTX 1080
LogInit: Compiled (64-bit): Oct 18 2019 02:07:44
LogInit: Compiled with Visual C++: 19.16.27030.01
LogInit: Build Configuration: Development
LogInit: Branch Name: ++UE4+Release-4.23
LogInit: Command Line: 
LogInit: Base Directory: D:/Program Files/Epic Games/UE_4.23/Engine/Binaries/Win64/
LogInit: Installed Engine Build: 1
LogDevObjectVersion: Number of dev versions registered: 23
LogDevObjectVersion:   Dev-Blueprints (B0D832E4-1F89-4F0D-ACCF-7EB736FD4AA2): 10
LogDevObjectVersion:   Dev-Build (E1C64328-A22C-4D53-A36C-8E866417BD8C): 0
LogDevObjectVersion:   Dev-Core (375EC13C-06E4-48FB-B500-84F0262A717E): 3
LogDevObjectVersion:   Dev-Editor (E4B068ED-F494-42E9-A231-DA0B2E46BB41): 34
LogDevObjectVersion:   Dev-Framework (CFFC743F-43B0-4480-9391-14DF171D2073): 35
LogDevObjectVersion:   Dev-Mobile (B02B49B5-BB20-44E9-A304-32B752E40360): 2
LogDevObjectVersion:   Dev-Networking (A4E4105C-59A1-49B5-A7C5-40C4547EDFEE): 0
LogDevObjectVersion:   Dev-Online (39C831C9-5AE6-47DC-9A44-9C173E1C8E7C): 0
LogDevObjectVersion:   Dev-Physics (78F01B33-EBEA-4F98-B9B4-84EACCB95AA2): 0
LogDevObjectVersion:   Dev-Platform (6631380F-2D4D-43E0-8009-CF276956A95A): 0
LogDevObjectVersion:   Dev-Rendering (12F88B9F-8875-4AFC-A67C-D90C383ABD29): 31
LogDevObjectVersion:   Dev-Sequencer (7B5AE74C-D270-4C10-A958-57980B212A5A): 11
LogDevObjectVersion:   Dev-VR (D7296918-1DD6-4BDD-9DE2-64A83CC13884): 2
LogDevObjectVersion:   Dev-LoadTimes (C2A15278-BFE7-4AFE-6C17-90FF531DF755): 1
LogDevObjectVersion:   Private-Geometry (6EACA3D4-40EC-4CC1-B786-8BED09428FC5): 3
LogDevObjectVersion:   Dev-AnimPhys (29E575DD-E0A3-4627-9D10-D276232CDCEA): 17
LogDevObjectVersion:   Dev-Anim (AF43A65D-7FD3-4947-9873-3E8ED9C1BB05): 2
LogDevObjectVersion:   Dev-ReflectionCapture (6B266CEC-1EC7-4B8F-A30B-E4D90942FC07): 1
LogDevObjectVersion:   Dev-Automation (0DF73D61-A23F-47EA-B727-89E90C41499A): 1
LogDevObjectVersion:   FortniteMain (601D1886-AC64-4F84-AA16-D3DE0DEAC7D6): 27
LogDevObjectVersion:   Dev-Enterprise (9DFFBCD6-494F-0158-E221-12823C92A888): 6
LogDevObjectVersion:   Dev-Niagara (F2AED0AC-9AFE-416F-8664-AA7FFA26D6FC): 1
LogDevObjectVersion:   Dev-Destruction (174F1F0B-B4C6-45A5-B13F-2EE8D0FB917D): 9
LogInit: Presizing for max 16777216 objects, including 0 objects not considered by GC, pre-allocating 0 bytes for permanent pool.
LogInit: Object subsystem initialized
LogConfig: Setting CVar [[con.DebugEarlyDefault:1]]
LogConfig: Setting CVar [[r.setres:1280x720]]
[2020.06.25-13.10.41:635][  0]LogConfig: Setting CVar [[r.VSync:0]]
[2020.06.25-13.10.41:635][  0]LogConfig: Setting CVar [[r.RHICmdBypass:0]]
[2020.06.25-13.10.41:635][  0]LogConfig: Applying CVar settings from Section [/Script/Engine.RendererSettings] File [Z:/ISG_/ISG/Saved/Config/Windows/Engine.ini]
[2020.06.25-13.10.41:635][  0]LogConfig: Setting CVar [[r.GPUCrashDebugging:0]]
[2020.06.25-13.10.41:635][  0]LogConfig: Setting CVar [[r.DefaultFeature.AutoExposure.ExtendDefaultLuminanceRange:1]]
[2020.06.25-13.10.41:635][  0]LogConfig: Setting CVar [[r.DefaultFeature.AutoExposure:0]]
[2020.06.25-13.10.41:635][  0]LogConfig: Applying CVar settings from Section [/Script/Engine.RendererOverrideSettings] File [Z:/ISG_/ISG/Saved/Config/Windows/Engine.ini]
[2020.06.25-13.10.41:635][  0]LogConfig: Applying CVar settings from Section [/Script/Engine.StreamingSettings] File [Z:/ISG_/ISG/Saved/Config/Windows/Engine.ini]
[2020.06.25-13.10.41:636][  0]LogConfig: Setting CVar [[s.MinBulkDataSizeForAsyncLoading:131072]]
[2020.06.25-13.10.41:636][  0]LogConfig: Setting CVar [[s.AsyncLoadingThreadEnabled:0]]
[2020.06.25-13.10.41:636][  0]LogConfig: Setting CVar [[s.EventDrivenLoaderEnabled:1]]
[2020.06.25-13.10.41:636][  0]LogConfig: Setting CVar [[s.WarnIfTimeLimitExceeded:0]]
[2020.06.25-13.10.41:636][  0]LogConfig: Setting CVar [[s.TimeLimitExceededMultiplier:1.5]]
[2020.06.25-13.10.41:636][  0]LogConfig: Setting CVar [[s.TimeLimitExceededMinTime:0.005]]
[2020.06.25-13.10.41:636][  0]LogConfig: Setting CVar [[s.UseBackgroundLevelStreaming:1]]
[2020.06.25-13.10.41:636][  0]LogConfig: Setting CVar [[s.PriorityAsyncLoadingExtraTime:15.0]]
[2020.06.25-13.10.41:636][  0]LogConfig: Setting CVar [[s.LevelStreamingActorsUpdateTimeLimit:5.0]]
[2020.06.25-13.10.41:636][  0]LogConfig: Setting CVar [[s.PriorityLevelStreamingActorsUpdateExtraTime:5.0]]
[2020.06.25-13.10.41:636][  0]LogConfig: Setting CVar [[s.LevelStreamingComponentsRegistrationGranularity:10]]
[2020.06.25-13.10.41:636][  0]LogConfig: Setting CVar [[s.UnregisterComponentsTimeLimit:1.0]]
[2020.06.25-13.10.41:636][  0]LogConfig: Setting CVar [[s.LevelStreamingComponentsUnregistrationGranularity:5]]
[2020.06.25-13.10.41:636][  0]LogConfig: Applying CVar settings from Section [/Script/Engine.GarbageCollectionSettings] File [Z:/ISG_/ISG/Saved/Config/Windows/Engine.ini]
[2020.06.25-13.10.41:636][  0]LogConfig: Setting CVar [[gc.MaxObjectsNotConsideredByGC:1]]
[2020.06.25-13.10.41:636][  0]LogConfig: Setting CVar [[gc.SizeOfPermanentObjectPool:0]]
[2020.06.25-13.10.41:636][  0]LogConfig: Setting CVar [[gc.FlushStreamingOnGC:0]]
[2020.06.25-13.10.41:636][  0]LogConfig: Setting CVar [[gc.NumRetriesBeforeForcingGC:10]]
[2020.06.25-13.10.41:636][  0]LogConfig: Setting CVar [[gc.AllowParallelGC:1]]
[2020.06.25-13.10.41:636][  0]LogConfig: Setting CVar [[gc.TimeBetweenPurgingPendingKillObjects:61.1]]
[2020.06.25-13.10.41:636][  0]LogConfig: Setting CVar [[gc.MaxObjectsInEditor:16777216]]
[2020.06.25-13.10.41:636][  0]LogConfig: Setting CVar [[gc.IncrementalBeginDestroyEnabled:1]]
[2020.06.25-13.10.41:636][  0]LogConfig: Setting CVar [[gc.CreateGCClusters:1]]
[2020.06.25-13.10.41:636][  0]LogConfig: Setting CVar [[gc.MinGCClusterSize:5]]
[2020.06.25-13.10.41:636][  0]LogConfig: Setting CVar [[gc.ActorClusteringEnabled:0]]
[2020.06.25-13.10.41:636][  0]LogConfig: Setting CVar [[gc.BlueprintClusteringEnabled:0]]
[2020.06.25-13.10.41:636][  0]LogConfig: Setting CVar [[gc.UseDisregardForGCOnDedicatedServers:0]]
[2020.06.25-13.10.41:636][  0]LogConfig: Applying CVar settings from Section [/Script/Engine.NetworkSettings] File [Z:/ISG_/ISG/Saved/Config/Windows/Engine.ini]
[2020.06.25-13.10.41:636][  0]LogConfig: Applying CVar settings from Section [/Script/UnrealEd.CookerSettings] File [Z:/ISG_/ISG/Saved/Config/Windows/Engine.ini]
[2020.06.25-13.10.41:641][  0]LogConfig: Applying CVar settings from Section [ViewDistanceQuality@3] File [Z:/ISG_/ISG/Saved/Config/Windows/Scalability.ini]
[2020.06.25-13.10.41:641][  0]LogConfig: Setting CVar [[r.SkeletalMeshLODBias:0]]
[2020.06.25-13.10.41:641][  0]LogConfig: Setting CVar [[r.ViewDistanceScale:1.0]]
[2020.06.25-13.10.41:641][  0]LogConfig: Applying CVar settings from Section [AntiAliasingQuality@3] File [Z:/ISG_/ISG/Saved/Config/Windows/Scalability.ini]
[2020.06.25-13.10.41:641][  0]LogConfig: Setting CVar [[r.PostProcessAAQuality:4]]
[2020.06.25-13.10.41:641][  0]LogConfig: Applying CVar settings from Section [ShadowQuality@3] File [Z:/ISG_/ISG/Saved/Config/Windows/Scalability.ini]
[2020.06.25-13.10.41:641][  0]LogConfig: Setting CVar [[r.LightFunctionQuality:1]]
[2020.06.25-13.10.41:641][  0]LogConfig: Setting CVar [[r.ShadowQuality:5]]
[2020.06.25-13.10.41:641][  0]LogConfig: Setting CVar [[r.Shadow.CSM.MaxCascades:10]]
[2020.06.25-13.10.41:641][  0]LogConfig: Setting CVar [[r.Shadow.MaxResolution:2048]]
[2020.06.25-13.10.41:641][  0]LogConfig: Setting CVar [[r.Shadow.MaxCSMResolution:2048]]
[2020.06.25-13.10.41:641][  0]LogConfig: Setting CVar [[r.Shadow.RadiusThreshold:0.01]]
[2020.06.25-13.10.41:641][  0]LogConfig: Setting CVar [[r.Shadow.DistanceScale:1.0]]
[2020.06.25-13.10.41:641][  0]LogConfig: Setting CVar [[r.Shadow.CSM.TransitionScale:1.0]]
[2020.06.25-13.10.41:641][  0]LogConfig: Setting CVar [[r.Shadow.PreShadowResolutionFactor:1.0]]
[2020.06.25-13.10.41:641][  0]LogConfig: Setting CVar [[r.DistanceFieldShadowing:1]]
[2020.06.25-13.10.41:641][  0]LogConfig: Setting CVar [[r.DistanceFieldAO:1]]
[2020.06.25-13.10.41:641][  0]LogConfig: Setting CVar [[r.AOQuality:2]]
[2020.06.25-13.10.41:641][  0]LogConfig: Setting CVar [[r.VolumetricFog:1]]
[2020.06.25-13.10.41:641][  0]LogConfig: Setting CVar [[r.VolumetricFog.GridPixelSize:8]]
[2020.06.25-13.10.41:641][  0]LogConfig: Setting CVar [[r.VolumetricFog.GridSizeZ:128]]
[2020.06.25-13.10.41:641][  0]LogConfig: Setting CVar [[r.VolumetricFog.HistoryMissSupersampleCount:4]]
[2020.06.25-13.10.41:641][  0]LogConfig: Setting CVar [[r.LightMaxDrawDistanceScale:1]]
[2020.06.25-13.10.41:641][  0]LogConfig: Setting CVar [[r.CapsuleShadows:1]]
[2020.06.25-13.10.41:641][  0]LogConfig: Applying CVar settings from Section [PostProcessQuality@3] File [Z:/ISG_/ISG/Saved/Config/Windows/Scalability.ini]
[2020.06.25-13.10.41:641][  0]LogConfig: Setting CVar [[r.MotionBlurQuality:4]]
[2020.06.25-13.10.41:641][  0]LogConfig: Setting CVar [[r.AmbientOcclusionMipLevelFactor:0.4]]
[2020.06.25-13.10.41:641][  0]LogConfig: Setting CVar [[r.AmbientOcclusionMaxQuality:100]]
[2020.06.25-13.10.41:641][  0]LogConfig: Setting CVar [[r.AmbientOcclusionLevels:-1]]
[2020.06.25-13.10.41:641][  0]LogConfig: Setting CVar [[r.AmbientOcclusionRadiusScale:1.0]]
[2020.06.25-13.10.41:641][  0]LogConfig: Setting CVar [[r.DepthOfFieldQuality:2]]
[2020.06.25-13.10.41:641][  0]LogConfig: Setting CVar [[r.RenderTargetPoolMin:400]]
[2020.06.25-13.10.41:641][  0]LogConfig: Setting CVar [[r.LensFlareQuality:2]]
[2020.06.25-13.10.41:641][  0]LogConfig: Setting CVar [[r.SceneColorFringeQuality:1]]
[2020.06.25-13.10.41:641][  0]LogConfig: Setting CVar [[r.EyeAdaptationQuality:2]]
[2020.06.25-13.10.41:641][  0]LogConfig: Setting CVar [[r.BloomQuality:5]]
[2020.06.25-13.10.41:641][  0]LogConfig: Setting CVar [[r.FastBlurThreshold:100]]
[2020.06.25-13.10.41:641][  0]LogConfig: Setting CVar [[r.Upscale.Quality:3]]
[2020.06.25-13.10.41:641][  0]LogConfig: Setting CVar [[r.Tonemapper.GrainQuantization:1]]
[2020.06.25-13.10.41:641][  0]LogConfig: Setting CVar [[r.LightShaftQuality:1]]
[2020.06.25-13.10.41:641][  0]LogConfig: Setting CVar [[r.Filter.SizeScale:1]]
[2020.06.25-13.10.41:641][  0]LogConfig: Setting CVar [[r.Tonemapper.Quality:5]]
[2020.06.25-13.10.41:641][  0]LogConfig: Setting CVar [[r.DOF.Gather.AccumulatorQuality:1        ; higher gathering accumulator quality]]
[2020.06.25-13.10.41:641][  0]LogConfig: Setting CVar [[r.DOF.Gather.PostfilterMethod:1          ; Median3x3 postfilering method]]
[2020.06.25-13.10.41:641][  0]LogConfig: Setting CVar [[r.DOF.Gather.EnableBokehSettings:0       ; no bokeh simulation when gathering]]
[2020.06.25-13.10.41:641][  0]LogConfig: Setting CVar [[r.DOF.Gather.RingCount:4                 ; medium number of samples when gathering]]
[2020.06.25-13.10.41:641][  0]LogConfig: Setting CVar [[r.DOF.Scatter.ForegroundCompositing:1    ; additive foreground scattering]]
[2020.06.25-13.10.41:641][  0]LogConfig: Setting CVar [[r.DOF.Scatter.BackgroundCompositing:2    ; additive background scattering]]
[2020.06.25-13.10.41:641][  0]LogConfig: Setting CVar [[r.DOF.Scatter.EnableBokehSettings:1      ; bokeh simulation when scattering]]
[2020.06.25-13.10.41:641][  0]LogConfig: Setting CVar [[r.DOF.Scatter.MaxSpriteRatio:0.1         ; only a maximum of 10% of scattered bokeh]]
[2020.06.25-13.10.41:641][  0]LogConfig: Setting CVar [[r.DOF.Recombine.Quality:1                ; cheap slight out of focus]]
[2020.06.25-13.10.41:641][  0]LogConfig: Setting CVar [[r.DOF.Recombine.EnableBokehSettings:0    ; no bokeh simulation on slight out of focus]]
[2020.06.25-13.10.41:641][  0]LogConfig: Setting CVar [[r.DOF.TemporalAAQuality:1                ; more stable temporal accumulation]]
[2020.06.25-13.10.41:641][  0]LogConfig: Setting CVar [[r.DOF.Kernel.MaxForegroundRadius:0.025]]
[2020.06.25-13.10.41:641][  0]LogConfig: Setting CVar [[r.DOF.Kernel.MaxBackgroundRadius:0.025]]
[2020.06.25-13.10.41:641][  0]LogConfig: Applying CVar settings from Section [TextureQuality@3] File [Z:/ISG_/ISG/Saved/Config/Windows/Scalability.ini]
[2020.06.25-13.10.41:641][  0]LogConfig: Setting CVar [[r.Streaming.MipBias:0]]
[2020.06.25-13.10.41:641][  0]LogConfig: Setting CVar [[r.Streaming.AmortizeCPUToGPUCopy:0]]
[2020.06.25-13.10.41:641][  0]LogConfig: Setting CVar [[r.Streaming.MaxNumTexturesToStreamPerFrame:0]]
[2020.06.25-13.10.41:642][  0]LogConfig: Setting CVar [[r.Streaming.Boost:1]]
[2020.06.25-13.10.41:642][  0]LogConfig: Setting CVar [[r.MaxAnisotropy:8]]
[2020.06.25-13.10.41:642][  0]LogConfig: Setting CVar [[r.Streaming.LimitPoolSizeToVRAM:0]]
[2020.06.25-13.10.41:642][  0]LogConfig: Setting CVar [[r.Streaming.PoolSize:1000]]
[2020.06.25-13.10.41:642][  0]LogConfig: Setting CVar [[r.Streaming.MaxEffectiveScreenSize:0]]
[2020.06.25-13.10.41:642][  0]LogConfig: Applying CVar settings from Section [EffectsQuality@3] File [Z:/ISG_/ISG/Saved/Config/Windows/Scalability.ini]
[2020.06.25-13.10.41:642][  0]LogConfig: Setting CVar [[r.TranslucencyLightingVolumeDim:64]]
[2020.06.25-13.10.41:642][  0]LogConfig: Setting CVar [[r.RefractionQuality:2]]
[2020.06.25-13.10.41:642][  0]LogConfig: Setting CVar [[r.SSR.Quality:3]]
[2020.06.25-13.10.41:642][  0]LogConfig: Setting CVar [[r.SceneColorFormat:4]]
[2020.06.25-13.10.41:642][  0]LogConfig: Setting CVar [[r.DetailMode:2]]
[2020.06.25-13.10.41:642][  0]LogConfig: Setting CVar [[r.TranslucencyVolumeBlur:1]]
[2020.06.25-13.10.41:642][  0]LogConfig: Setting CVar [[r.MaterialQualityLevel:1 ; High quality]]
[2020.06.25-13.10.41:642][  0]LogConfig: Setting CVar [[r.SSS.Scale:1]]
[2020.06.25-13.10.41:642][  0]LogConfig: Setting CVar [[r.SSS.SampleSet:2]]
[2020.06.25-13.10.41:642][  0]LogConfig: Setting CVar [[r.SSS.Quality:1]]
[2020.06.25-13.10.41:642][  0]LogConfig: Setting CVar [[r.SSS.HalfRes:1]]
[2020.06.25-13.10.41:642][  0]LogConfig: Setting CVar [[r.EmitterSpawnRateScale:1.0]]
[2020.06.25-13.10.41:642][  0]LogConfig: Setting CVar [[r.ParticleLightQuality:2]]
[2020.06.25-13.10.41:642][  0]LogConfig: Applying CVar settings from Section [FoliageQuality@3] File [Z:/ISG_/ISG/Saved/Config/Windows/Scalability.ini]
[2020.06.25-13.10.41:642][  0]LogConfig: Setting CVar [[foliage.DensityScale:1.0]]
[2020.06.25-13.10.41:642][  0]LogConfig: Setting CVar [[grass.DensityScale:1.0]]
[2020.06.25-13.10.41:642][  0]LogInit: Selected Device Profile: [Windows]
[2020.06.25-13.10.41:642][  0]LogInit: Applying CVar settings loaded from the selected device profile: [Windows]
[2020.06.25-13.10.41:644][  0]LogHAL: Display: Platform has ~ 16 GB [17106059264 / 17179869184 / 16], which maps to Larger [LargestMinGB=32, LargerMinGB=12, DefaultMinGB=8, SmallerMinGB=6, SmallestMinGB=0)
[2020.06.25-13.10.41:644][  0]LogInit: Going up to parent DeviceProfile []
[2020.06.25-13.10.41:644][  0]LogConfig: Applying CVar settings from Section [ViewDistanceQuality@Cine] File [Z:/ISG_/ISG/Saved/Config/Windows/Scalability.ini]
[2020.06.25-13.10.41:644][  0]LogConfig: Setting CVar [[r.SkeletalMeshLODBias:0]]
[2020.06.25-13.10.41:644][  0]LogConfig: Setting CVar [[r.ViewDistanceScale:10.0]]
[2020.06.25-13.10.41:644][  0]LogConfig: Applying CVar settings from Section [AntiAliasingQuality@Cine] File [Z:/ISG_/ISG/Saved/Config/Windows/Scalability.ini]
[2020.06.25-13.10.41:644][  0]LogConfig: Setting CVar [[r.PostProcessAAQuality:6]]
[2020.06.25-13.10.41:644][  0]LogConfig: Applying CVar settings from Section [ShadowQuality@Cine] File [Z:/ISG_/ISG/Saved/Config/Windows/Scalability.ini]
[2020.06.25-13.10.41:644][  0]LogConfig: Setting CVar [[r.LightFunctionQuality:1]]
[2020.06.25-13.10.41:644][  0]LogConfig: Setting CVar [[r.ShadowQuality:5]]
[2020.06.25-13.10.41:644][  0]LogConfig: Setting CVar [[r.Shadow.CSM.MaxCascades:10]]
[2020.06.25-13.10.41:644][  0]LogConfig: Setting CVar [[r.Shadow.MaxResolution:4096]]
[2020.06.25-13.10.41:644][  0]LogConfig: Setting CVar [[r.Shadow.MaxCSMResolution:4096]]
[2020.06.25-13.10.41:644][  0]LogConfig: Setting CVar [[r.Shadow.RadiusThreshold:0]]
[2020.06.25-13.10.41:644][  0]LogConfig: Setting CVar [[r.Shadow.DistanceScale:1.0]]
[2020.06.25-13.10.41:644][  0]LogConfig: Setting CVar [[r.Shadow.CSM.TransitionScale:1.0]]
[2020.06.25-13.10.41:644][  0]LogConfig: Setting CVar [[r.Shadow.PreShadowResolutionFactor:1.0]]
[2020.06.25-13.10.41:644][  0]LogConfig: Setting CVar [[r.DistanceFieldShadowing:1]]
[2020.06.25-13.10.41:644][  0]LogConfig: Setting CVar [[r.DistanceFieldAO:1]]
[2020.06.25-13.10.41:644][  0]LogConfig: Setting CVar [[r.AOQuality:2]]
[2020.06.25-13.10.41:644][  0]LogConfig: Setting CVar [[r.VolumetricFog:1]]
[2020.06.25-13.10.41:644][  0]LogConfig: Setting CVar [[r.VolumetricFog.GridPixelSize:4]]
[2020.06.25-13.10.41:644][  0]LogConfig: Setting CVar [[r.VolumetricFog.GridSizeZ:128]]
[2020.06.25-13.10.41:644][  0]LogConfig: Setting CVar [[r.VolumetricFog.HistoryMissSupersampleCount:16]]
[2020.06.25-13.10.41:644][  0]LogConfig: Setting CVar [[r.LightMaxDrawDistanceScale:1]]
[2020.06.25-13.10.41:644][  0]LogConfig: Setting CVar [[r.CapsuleShadows:1]]
[2020.06.25-13.10.41:644][  0]LogConfig: Applying CVar settings from Section [PostProcessQuality@Cine] File [Z:/ISG_/ISG/Saved/Config/Windows/Scalability.ini]
[2020.06.25-13.10.41:644][  0]LogConfig: Setting CVar [[r.MotionBlurQuality:4]]
[2020.06.25-13.10.41:644][  0]LogConfig: Setting CVar [[r.AmbientOcclusionMipLevelFactor:0.4]]
[2020.06.25-13.10.41:644][  0]LogConfig: Setting CVar [[r.AmbientOcclusionMaxQuality:100]]
[2020.06.25-13.10.41:644][  0]LogConfig: Setting CVar [[r.AmbientOcclusionLevels:-1]]
[2020.06.25-13.10.41:645][  0]LogConfig: Setting CVar [[r.AmbientOcclusionRadiusScale:1.0]]
[2020.06.25-13.10.41:645][  0]LogConfig: Setting CVar [[r.DepthOfFieldQuality:4]]
[2020.06.25-13.10.41:645][  0]LogConfig: Setting CVar [[r.RenderTargetPoolMin:1000]]
[2020.06.25-13.10.41:645][  0]LogConfig: Setting CVar [[r.LensFlareQuality:3]]
[2020.06.25-13.10.41:645][  0]LogConfig: Setting CVar [[r.SceneColorFringeQuality:1]]
[2020.06.25-13.10.41:645][  0]LogConfig: Setting CVar [[r.EyeAdaptationQuality:2]]
[2020.06.25-13.10.41:645][  0]LogConfig: Setting CVar [[r.BloomQuality:5]]
[2020.06.25-13.10.41:645][  0]LogConfig: Setting CVar [[r.FastBlurThreshold:100]]
[2020.06.25-13.10.41:645][  0]LogConfig: Setting CVar [[r.Upscale.Quality:3]]
[2020.06.25-13.10.41:645][  0]LogConfig: Setting CVar [[r.Tonemapper.GrainQuantization:1]]
[2020.06.25-13.10.41:645][  0]LogConfig: Setting CVar [[r.LightShaftQuality:1]]
[2020.06.25-13.10.41:645][  0]LogConfig: Setting CVar [[r.Filter.SizeScale:1]]
[2020.06.25-13.10.41:645][  0]LogConfig: Setting CVar [[r.Tonemapper.Quality:5]]
[2020.06.25-13.10.41:645][  0]LogConfig: Setting CVar [[r.DOF.Gather.AccumulatorQuality:1        ; higher gathering accumulator quality]]
[2020.06.25-13.10.41:645][  0]LogConfig: Setting CVar [[r.DOF.Gather.PostfilterMethod:1          ; Median3x3 postfilering method]]
[2020.06.25-13.10.41:645][  0]LogConfig: Setting CVar [[r.DOF.Gather.EnableBokehSettings:1       ; bokeh simulation when gathering]]
[2020.06.25-13.10.41:645][  0]LogConfig: Setting CVar [[r.DOF.Gather.RingCount:5                 ; high number of samples when gathering]]
[2020.06.25-13.10.41:645][  0]LogConfig: Setting CVar [[r.DOF.Scatter.ForegroundCompositing:1    ; additive foreground scattering]]
[2020.06.25-13.10.41:645][  0]LogConfig: Setting CVar [[r.DOF.Scatter.BackgroundCompositing:2    ; background scattering occlusion]]
[2020.06.25-13.10.41:645][  0]LogConfig: Setting CVar [[r.DOF.Scatter.EnableBokehSettings:1      ; no bokeh simulation when scattering]]
[2020.06.25-13.10.41:645][  0]LogConfig: Setting CVar [[r.DOF.Scatter.MaxSpriteRatio:0.25        ; only a maximum of 10% of scattered bokeh]]
[2020.06.25-13.10.41:645][  0]LogConfig: Setting CVar [[r.DOF.Recombine.Quality:2                ; highest slight out of focus]]
[2020.06.25-13.10.41:645][  0]LogConfig: Setting CVar [[r.DOF.Recombine.EnableBokehSettings:1    ; bokeh simulation on slight out of focus]]
[2020.06.25-13.10.41:645][  0]LogConfig: Setting CVar [[r.DOF.TemporalAAQuality:1                ; more stable temporal accumulation]]
[2020.06.25-13.10.41:645][  0]LogConfig: Setting CVar [[r.DOF.Kernel.MaxForegroundRadius:0.025]]
[2020.06.25-13.10.41:645][  0]LogConfig: Setting CVar [[r.DOF.Kernel.MaxBackgroundRadius:0.025]]
[2020.06.25-13.10.41:645][  0]LogConfig: Applying CVar settings from Section [TextureQuality@Cine] File [Z:/ISG_/ISG/Saved/Config/Windows/Scalability.ini]
[2020.06.25-13.10.41:645][  0]LogConfig: Setting CVar [[r.Streaming.MipBias:0]]
[2020.06.25-13.10.41:645][  0]LogConfig: Setting CVar [[r.Streaming.AmortizeCPUToGPUCopy:0]]
[2020.06.25-13.10.41:645][  0]LogConfig: Setting CVar [[r.Streaming.MaxNumTexturesToStreamPerFrame:0]]
[2020.06.25-13.10.41:645][  0]LogConfig: Setting CVar [[r.Streaming.Boost:1]]
[2020.06.25-13.10.41:645][  0]LogConfig: Setting CVar [[r.MaxAnisotropy:8]]
[2020.06.25-13.10.41:645][  0]LogConfig: Setting CVar [[r.Streaming.LimitPoolSizeToVRAM:0]]
[2020.06.25-13.10.41:645][  0]LogConfig: Setting CVar [[r.Streaming.PoolSize:3000]]
[2020.06.25-13.10.41:645][  0]LogConfig: Setting CVar [[r.Streaming.MaxEffectiveScreenSize:0]]
[2020.06.25-13.10.41:645][  0]LogConfig: Applying CVar settings from Section [EffectsQuality@Cine] File [Z:/ISG_/ISG/Saved/Config/Windows/Scalability.ini]
[2020.06.25-13.10.41:645][  0]LogConfig: Setting CVar [[r.TranslucencyLightingVolumeDim:64]]
[2020.06.25-13.10.41:645][  0]LogConfig: Setting CVar [[r.RefractionQuality:2]]
[2020.06.25-13.10.41:645][  0]LogConfig: Setting CVar [[r.SSR.Quality:4]]
[2020.06.25-13.10.41:645][  0]LogConfig: Setting CVar [[r.SceneColorFormat:4]]
[2020.06.25-13.10.41:645][  0]LogConfig: Setting CVar [[r.DetailMode:2]]
[2020.06.25-13.10.41:645][  0]LogConfig: Setting CVar [[r.TranslucencyVolumeBlur:1]]
[2020.06.25-13.10.41:645][  0]LogConfig: Setting CVar [[r.MaterialQualityLevel:1 ; High quality]]
[2020.06.25-13.10.41:645][  0]LogConfig: Setting CVar [[r.SSS.Scale:1]]
[2020.06.25-13.10.41:645][  0]LogConfig: Setting CVar [[r.SSS.SampleSet:2]]
[2020.06.25-13.10.41:645][  0]LogConfig: Setting CVar [[r.SSS.Quality:1]]
[2020.06.25-13.10.41:645][  0]LogConfig: Setting CVar [[r.SSS.HalfRes:0]]
[2020.06.25-13.10.41:645][  0]LogConfig: Setting CVar [[r.EmitterSpawnRateScale:1.0]]
[2020.06.25-13.10.41:645][  0]LogConfig: Setting CVar [[r.ParticleLightQuality:2]]
[2020.06.25-13.10.41:645][  0]LogConfig: Applying CVar settings from Section [FoliageQuality@Cine] File [Z:/ISG_/ISG/Saved/Config/Windows/Scalability.ini]
[2020.06.25-13.10.41:645][  0]LogConfig: Setting CVar [[foliage.DensityScale:1.0]]
[2020.06.25-13.10.41:645][  0]LogConfig: Setting CVar [[grass.DensityScale:1.0]]
[2020.06.25-13.10.41:645][  0]LogConfig: Applying CVar settings from Section [Startup] File [../../../Engine/Config/ConsoleVariables.ini]
[2020.06.25-13.10.41:645][  0]LogConfig: Setting CVar [[net.UseAdaptiveNetUpdateFrequency:0]]
[2020.06.25-13.10.41:645][  0]LogConfig: Setting CVar [[p.chaos.AllowCreatePhysxBodies:1]]
[2020.06.25-13.10.41:645][  0]LogConfig: Applying CVar settings from Section [ConsoleVariables] File [Z:/ISG_/ISG/Saved/Config/Windows/Engine.ini]
[2020.06.25-13.10.41:645][  0]LogInit: Computer: JOEYCOMPUTER
[2020.06.25-13.10.41:645][  0]LogInit: User: joeym
[2020.06.25-13.10.41:645][  0]LogInit: CPU Page size=4096, Cores=4
[2020.06.25-13.10.41:645][  0]LogInit: High frequency timer resolution =10.000000 MHz
[2020.06.25-13.10.41:646][  0]LogMemory: Memory total: Physical=15.9GB (16GB approx)
[2020.06.25-13.10.41:646][  0]LogMemory: Platform Memory Stats for Windows
[2020.06.25-13.10.41:646][  0]LogMemory: Process Physical Memory: 102.51 MB used, 102.52 MB peak
[2020.06.25-13.10.41:646][  0]LogMemory: Process Virtual Memory: 99.19 MB used, 99.19 MB peak
[2020.06.25-13.10.41:646][  0]LogMemory: Physical Memory: 7250.03 MB used,  9063.58 MB free, 16313.61 MB total
[2020.06.25-13.10.41:646][  0]LogMemory: Virtual Memory: 4668.20 MB used,  134213056.00 MB free, 134217728.00 MB total
[2020.06.25-13.10.41:650][  0]LogWindows: WindowsPlatformFeatures enabled
[2020.06.25-13.10.41:675][  0]LogInit: Using OS detected language (nl-NL).
[2020.06.25-13.10.41:675][  0]LogInit: Using OS detected locale (nl-NL).
[2020.06.25-13.10.41:676][  0]LogTextLocalizationManager: No localization for 'nl-NL' exists, so 'en' will be used for the language.
[2020.06.25-13.10.41:863][  0]LogInit: Setting process to per monitor DPI aware
[2020.06.25-13.10.41:891][  0]LogSlate: New Slate User Created.  User Index 0, Is Virtual User: 0
[2020.06.25-13.10.41:891][  0]LogSlate: Slate User Registered.  User Index 0, Is Virtual User: 0
[2020.06.25-13.10.42:156][  0]LogHMD: Failed to initialize OpenVR with code 110
[2020.06.25-13.10.42:156][  0]LogD3D11RHI: D3D11 adapters:
[2020.06.25-13.10.42:210][  0]LogD3D11RHI:    0. 'NVIDIA GeForce GTX 1080' (Feature Level 11_0)
[2020.06.25-13.10.42:210][  0]LogD3D11RHI:       8079/0/8156 MB DedicatedVideo/DedicatedSystem/SharedSystem, Outputs:2, VendorId:0x10de
[2020.06.25-13.10.42:213][  0]LogD3D11RHI:    1. 'Microsoft Basic Render Driver' (Feature Level 11_0)
[2020.06.25-13.10.42:213][  0]LogD3D11RHI:       0/0/8156 MB DedicatedVideo/DedicatedSystem/SharedSystem, Outputs:0, VendorId:0x1414
[2020.06.25-13.10.42:213][  0]LogD3D11RHI: Chosen D3D11 Adapter: 0
[2020.06.25-13.10.42:220][  0]LogD3D11RHI: Creating new Direct3DDevice
[2020.06.25-13.10.42:220][  0]LogD3D11RHI:     GPU DeviceId: 0x1b80 (for the marketing name, search the web for "GPU Device Id")
[2020.06.25-13.10.42:220][  0]LogWindows: EnumDisplayDevices:
[2020.06.25-13.10.42:220][  0]LogWindows:    0. 'NVIDIA GeForce GTX 1080' (P:1 D:1)
[2020.06.25-13.10.42:220][  0]LogWindows:    1. 'NVIDIA GeForce GTX 1080' (P:0 D:1)
[2020.06.25-13.10.42:220][  0]LogWindows:    2. 'NVIDIA GeForce GTX 1080' (P:0 D:0)
[2020.06.25-13.10.42:221][  0]LogWindows:    3. 'NVIDIA GeForce GTX 1080' (P:0 D:0)
[2020.06.25-13.10.42:221][  0]LogWindows: DebugString: FoundDriverCount:4 
[2020.06.25-13.10.42:221][  0]LogD3D11RHI:     Adapter Name: NVIDIA GeForce GTX 1080
[2020.06.25-13.10.42:221][  0]LogD3D11RHI:   Driver Version: 446.14 (internal:26.21.14.4614, unified:446.14)
[2020.06.25-13.10.42:221][  0]LogD3D11RHI:      Driver Date: 5-15-2020
[2020.06.25-13.10.42:221][  0]LogRHI: Texture pool is 5655 MB (70% of 8079 MB)
[2020.06.25-13.10.42:260][  0]LogD3D11RHI: Async texture creation enabled
[2020.06.25-13.10.42:270][  0]LogD3D11RHI: GPU Timing Frequency: 1000.000000 (Debug: 2 1)
[2020.06.25-13.10.42:548][  0]LogTemp: Display: Module 'AllDesktopTargetPlatform' loaded TargetPlatform 'AllDesktop'
[2020.06.25-13.10.42:556][  0]LogTemp: Display: Module 'MacClientTargetPlatform' loaded TargetPlatform 'MacClient'
[2020.06.25-13.10.42:563][  0]LogTemp: Display: Module 'MacNoEditorTargetPlatform' loaded TargetPlatform 'MacNoEditor'
[2020.06.25-13.10.42:571][  0]LogTemp: Display: Module 'MacServerTargetPlatform' loaded TargetPlatform 'MacServer'
[2020.06.25-13.10.42:579][  0]LogTemp: Display: Module 'MacTargetPlatform' loaded TargetPlatform 'Mac'
[2020.06.25-13.10.42:586][  0]LogTemp: Display: Module 'WindowsClientTargetPlatform' loaded TargetPlatform 'WindowsClient'
[2020.06.25-13.10.42:594][  0]LogTemp: Display: Module 'WindowsNoEditorTargetPlatform' loaded TargetPlatform 'WindowsNoEditor'
[2020.06.25-13.10.42:601][  0]LogTemp: Display: Module 'WindowsServerTargetPlatform' loaded TargetPlatform 'WindowsServer'
[2020.06.25-13.10.42:605][  0]LogTemp: Display: Module 'WindowsTargetPlatform' loaded TargetPlatform 'Windows'
[2020.06.25-13.10.42:634][  0]LogTemp: Display: Module 'AndroidTargetPlatform' loaded TargetPlatform 'Android'
[2020.06.25-13.10.42:634][  0]LogTemp: Display: Module 'AndroidTargetPlatform' loaded TargetPlatform 'Android_ASTC'
[2020.06.25-13.10.42:634][  0]LogTemp: Display: Module 'AndroidTargetPlatform' loaded TargetPlatform 'Android_ATC'
[2020.06.25-13.10.42:634][  0]LogTemp: Display: Module 'AndroidTargetPlatform' loaded TargetPlatform 'Android_DXT'
[2020.06.25-13.10.42:634][  0]LogTemp: Display: Module 'AndroidTargetPlatform' loaded TargetPlatform 'Android_ETC1'
[2020.06.25-13.10.42:634][  0]LogTemp: Display: Module 'AndroidTargetPlatform' loaded TargetPlatform 'Android_ETC1a'
[2020.06.25-13.10.42:634][  0]LogTemp: Display: Module 'AndroidTargetPlatform' loaded TargetPlatform 'Android_ETC2'
[2020.06.25-13.10.42:634][  0]LogTemp: Display: Module 'AndroidTargetPlatform' loaded TargetPlatform 'Android_PVRTC'
[2020.06.25-13.10.42:635][  0]LogTemp: Display: Module 'AndroidTargetPlatform' loaded TargetPlatform 'AndroidClient'
[2020.06.25-13.10.42:635][  0]LogTemp: Display: Module 'AndroidTargetPlatform' loaded TargetPlatform 'Android_ASTCClient'
[2020.06.25-13.10.42:635][  0]LogTemp: Display: Module 'AndroidTargetPlatform' loaded TargetPlatform 'Android_ATCClient'
[2020.06.25-13.10.42:635][  0]LogTemp: Display: Module 'AndroidTargetPlatform' loaded TargetPlatform 'Android_DXTClient'
[2020.06.25-13.10.42:635][  0]LogTemp: Display: Module 'AndroidTargetPlatform' loaded TargetPlatform 'Android_ETC1Client'
[2020.06.25-13.10.42:635][  0]LogTemp: Display: Module 'AndroidTargetPlatform' loaded TargetPlatform 'Android_ETC1aClient'
[2020.06.25-13.10.42:635][  0]LogTemp: Display: Module 'AndroidTargetPlatform' loaded TargetPlatform 'Android_ETC2Client'
[2020.06.25-13.10.42:635][  0]LogTemp: Display: Module 'AndroidTargetPlatform' loaded TargetPlatform 'Android_PVRTCClient'
[2020.06.25-13.10.42:635][  0]LogTemp: Display: Module 'AndroidTargetPlatform' loaded TargetPlatform 'Android_Multi'
[2020.06.25-13.10.42:635][  0]LogTemp: Display: Module 'AndroidTargetPlatform' loaded TargetPlatform 'Android_MultiClient'
[2020.06.25-13.10.42:637][  0]LogTemp: Display: Module 'HTML5TargetPlatform' loaded TargetPlatform 'HTML5'
[2020.06.25-13.10.42:653][  0]LogTemp: Display: Module 'IOSTargetPlatform' loaded TargetPlatform 'IOSClient'
[2020.06.25-13.10.42:653][  0]LogTemp: Display: Module 'IOSTargetPlatform' loaded TargetPlatform 'IOS'
[2020.06.25-13.10.42:665][  0]LogTemp: Display: Module 'TVOSTargetPlatform' loaded TargetPlatform 'TVOSClient'
[2020.06.25-13.10.42:665][  0]LogTemp: Display: Module 'TVOSTargetPlatform' loaded TargetPlatform 'TVOS'
[2020.06.25-13.10.42:673][  0]LogTemp: Display: Module 'LinuxClientTargetPlatform' loaded TargetPlatform 'LinuxClient'
[2020.06.25-13.10.42:679][  0]LogTemp: Display: Module 'LinuxNoEditorTargetPlatform' loaded TargetPlatform 'LinuxNoEditor'
[2020.06.25-13.10.42:685][  0]LogTemp: Display: Module 'LinuxServerTargetPlatform' loaded TargetPlatform 'LinuxServer'
[2020.06.25-13.10.42:692][  0]LogTemp: Display: Module 'LinuxTargetPlatform' loaded TargetPlatform 'Linux'
[2020.06.25-13.10.42:713][  0]LogTemp: Display: Module 'LuminTargetPlatform' loaded TargetPlatform 'Lumin'
[2020.06.25-13.10.42:713][  0]LogTemp: Display: Module 'LuminTargetPlatform' loaded TargetPlatform 'LuminClient'
[2020.06.25-13.10.42:713][  0]LogTargetPlatformManager: Display: Building Assets For Windows
[2020.06.25-13.10.42:722][  0]LogAudioDebug: Display: Lib vorbis DLL was dynamically loaded.
[2020.06.25-13.10.42:777][  0]LogShaderCompilers: Guid format shader working directory is 34 characters bigger than the processId version (Z:/ISG_/ISG/Intermediate/Shaders/WorkingDirectory/16272/).
[2020.06.25-13.10.42:777][  0]LogShaderCompilers: Cleaned the shader compiler working directory 'C:/Users/joeym/AppData/Local/Temp/UnrealShaderWorkingDir/50CEA6224A2FBD26D22C5B9D5345FCF2/'.
[2020.06.25-13.10.42:779][  0]LogXGEController: Cleaning working directory: C:/Users/joeym/AppData/Local/Temp/UnrealXGEWorkingDir/
[2020.06.25-13.10.42:779][  0]LogXGEController: Cannot use XGE Controller as Incredibuild is not installed on this machine.
[2020.06.25-13.10.42:779][  0]LogShaderCompilers: Cannot use XGE Shader Compiler as Incredibuild is not installed on this machine.
[2020.06.25-13.10.42:779][  0]LogShaderCompilers: Display: Using Local Shader Compiler.
[2020.06.25-13.10.43:281][  0]LogDerivedDataCache: Display: Max Cache Size: 512 MB
[2020.06.25-13.10.43:330][  0]LogDerivedDataCache: Loaded boot cache 0.05s 74MB C:/Users/joeym/AppData/Local/UnrealEngine/4.23/DerivedDataCache/Boot.ddc.
[2020.06.25-13.10.43:330][  0]LogDerivedDataCache: Display: Loaded Boot cache: C:/Users/joeym/AppData/Local/UnrealEngine/4.23/DerivedDataCache/Boot.ddc
[2020.06.25-13.10.43:330][  0]LogDerivedDataCache: FDerivedDataBackendGraph:  Pak pak cache file Z:/ISG_/ISG/DerivedDataCache/DDC.ddp not found, will not use a pak cache.
[2020.06.25-13.10.43:330][  0]LogDerivedDataCache: Unable to find inner node Pak for hierarchical cache Hierarchy.
[2020.06.25-13.10.43:330][  0]LogDerivedDataCache: FDerivedDataBackendGraph:  CompressedPak pak cache file Z:/ISG_/ISG/DerivedDataCache/Compressed.ddp not found, will not use a pak cache.
[2020.06.25-13.10.43:330][  0]LogDerivedDataCache: Unable to find inner node CompressedPak for hierarchical cache Hierarchy.
[2020.06.25-13.10.43:339][  0]LogDerivedDataCache: Display: Pak cache opened for reading ../../../Engine/DerivedDataCache/Compressed.ddp.
[2020.06.25-13.10.43:341][  0]LogDerivedDataCache: Display: Pak cache opened for reading ../../../Enterprise/DerivedDataCache/Compressed.ddp.
[2020.06.25-13.10.43:342][  0]LogDerivedDataCache: Using Local data cache path C:/Users/joeym/AppData/Local/UnrealEngine/Common/DerivedDataCache: Writable
[2020.06.25-13.10.43:342][  0]LogDerivedDataCache: Shared data cache path not found in *engine.ini, will not use an Shared cache.
[2020.06.25-13.10.43:342][  0]LogDerivedDataCache: Unable to find inner node Shared for hierarchical cache Hierarchy.
[2020.06.25-13.10.43:358][  0]LogMaterial: Verifying Global Shaders for PCD3D_SM5
[2020.06.25-13.10.43:360][  0]LogSlate: Using FreeType 2.6.0
[2020.06.25-13.10.43:361][  0]LogSlate: SlateFontServices - WITH_FREETYPE: 1, WITH_HARFBUZZ: 1
[2020.06.25-13.10.43:414][  0]LogAssetRegistry: FAssetRegistry took 0.0021 seconds to start up
[2020.06.25-13.10.43:642][  0]LogInit: Selected Device Profile: [Windows]
[2020.06.25-13.10.43:767][  0]LogMeshReduction: Using QuadricMeshReduction for automatic static mesh reduction
[2020.06.25-13.10.43:767][  0]LogMeshReduction: Using SimplygonMeshReduction for automatic skeletal mesh reduction
[2020.06.25-13.10.43:767][  0]LogMeshReduction: Using ProxyLODMeshReduction for automatic mesh merging
[2020.06.25-13.10.43:767][  0]LogMeshReduction: No distributed automatic mesh merging module available
[2020.06.25-13.10.43:767][  0]LogMeshMerging: No distributed automatic mesh merging module available
[2020.06.25-13.10.43:775][  0]LogNetVersion: ISG 1.0.0, NetCL: 8386587, EngineNetVer: 11, GameNetVer: 0 (Checksum: 1051496785)
[2020.06.25-13.10.44:149][  0]LogPackageLocalizationCache: Processed 19 localized package path(s) for 1 prioritized culture(s) in 0.057408 seconds
[2020.06.25-13.10.44:156][  0]LogUObjectArray: 43453 objects as part of root set at end of initial load.
[2020.06.25-13.10.44:156][  0]LogUObjectAllocator: 7559736 out of 0 bytes used by permanent object pool.
[2020.06.25-13.10.44:156][  0]LogUObjectArray: CloseDisregardForGC: 0/0 objects in disregard for GC pool
[2020.06.25-13.10.44:950][  0]LogTcpMessaging: Initializing TcpMessaging bridge
[2020.06.25-13.10.44:953][  0]LogUdpMessaging: Initializing bridge on interface 0.0.0.0:0 to multicast group 230.0.0.1:6666.
[2020.06.25-13.10.45:021][  0]SourceControl: Source control is disabled
[2020.06.25-13.10.45:021][  0]SourceControl: Source control is disabled
[2020.06.25-13.10.45:022][  0]SourceControl: Source control is disabled
[2020.06.25-13.10.45:023][  0]SourceControl: Source control is disabled
[2020.06.25-13.10.45:215][  0]LogAndroidPermission: UAndroidPermissionCallbackProxy::GetInstance
[2020.06.25-13.10.45:359][  0]LogOcInput: OculusInput pre-init called
[2020.06.25-13.10.45:369][  0]LogWindows: Failed to load 'OVRPlugin.dll' (GetLastError=126)
[2020.06.25-13.10.45:369][  0]LogWindows: File 'OVRPlugin.dll' does not exist
[2020.06.25-13.10.47:645][  0]LogEngine: Initializing Engine...
[2020.06.25-13.10.47:646][  0]LogHMD: Failed to initialize OpenVR with code 110
[2020.06.25-13.10.47:647][  0]LogStats: UGameplayTagsManager::InitializeManager -  0.000 s
[2020.06.25-13.10.47:833][  0]LogInit: Initializing FReadOnlyCVARCache
[2020.06.25-13.10.47:846][  0]LogAIModule: Creating AISystem for world Untitled
[2020.06.25-13.10.47:883][  0]LogInit: XAudio2 using 'Hoofdtelefoon (3- Arctis 7 Game)' : 2 channels at 48 kHz using 16 bits per sample (channel mask 0x3)
[2020.06.25-13.10.47:919][  0]LogInit: FAudioDevice initialized.
[2020.06.25-13.10.47:920][  0]LogNetVersion: Set ProjectVersion to 1.0.0.0. Version Checksum will be recalculated on next use.
[2020.06.25-13.10.47:962][  0]LogDerivedDataCache: Saved boot cache 0.04s 74MB C:/Users/joeym/AppData/Local/UnrealEngine/4.23/DerivedDataCache/Boot.ddc.
[2020.06.25-13.10.47:970][  0]LogInit: Texture streaming: Enabled
[2020.06.25-13.10.47:987][  0]LogEngineSessionManager: EngineSessionManager initialized
[2020.06.25-13.10.47:987][  0]LogEngineSessionManager: EngineSessionManager sent abnormal shutdown report. Type=Crashed, SessionId={5D85D0F7-432D-3ADB-F610-85B914F5FF26}
[2020.06.25-13.10.47:987][  0]LogEditorSessionSummary: Verbose: Initializing EditorSessionSummaryWriter for editor session tracking
[2020.06.25-13.10.47:987][  0]LogEditorSessionSummary: EditorSessionSummaryWriter initialized
[2020.06.25-13.10.48:043][  0]LogInit: Transaction tracking system initialized
[2020.06.25-13.10.48:068][  0]BlueprintLog: New page: Editor Load
[2020.06.25-13.10.48:128][  0]LocalizationService: Localization service is disabled
[2020.06.25-13.10.48:358][  0]LogFileCache: Scanning file cache for directory 'Z:/ISG_/ISG/Content/' took 0.00s
[2020.06.25-13.10.48:358][  0]LogCook: Display: Max memory allowance for cook 16384mb min free memory 0mb
[2020.06.25-13.10.48:358][  0]LogCook: Display: Mobile HDR setting 1
[2020.06.25-13.10.49:783][  0]SourceControl: Source control is disabled
[2020.06.25-13.10.49:783][  0]Cmd: MAP LOAD FILE="Z:/ISG_/ISG/Content/MainMenuRelated/MM_Level.umap" TEMPLATE=0 SHOWPROGRESS=1 FEATURELEVEL=3
[2020.06.25-13.10.49:784][  0]LightingResults: New page: Lighting Build
[2020.06.25-13.10.49:785][  0]LogWorld: UWorld::CleanupWorld for Untitled, bSessionEnded=true, bCleanupResources=true
[2020.06.25-13.10.49:786][  0]MapCheck: New page: Map Check
[2020.06.25-13.10.49:786][  0]LightingResults: New page: Lighting Build
[2020.06.25-13.10.49:807][  0]LogUObjectHash: Compacting FUObjectHashTables data took   1.41ms
[2020.06.25-13.10.50:410][  0]LogAIModule: Creating AISystem for world MM_Level
[2020.06.25-13.10.50:431][  0]LogEditorServer: Finished looking for orphan Actors (0.000 secs)
[2020.06.25-13.10.50:461][  0]LogUObjectHash: Compacting FUObjectHashTables data took   3.47ms
[2020.06.25-13.10.50:461][  0]Cmd: MAP CHECKDEP NOCLEARLOG
[2020.06.25-13.10.50:461][  0]MapCheck: Map check complete: 0 Error(s), 0 Warning(s), took 0,094ms to complete.
[2020.06.25-13.10.50:461][  0]LogFileHelpers: Loading map 'MM_Level' took 0.678
[2020.06.25-13.10.50:560][  0]LogSlate: Updating window title bar state: overlay mode, drag disabled, window buttons hidden, title bar hidden
[2020.06.25-13.10.50:565][  0]LogSlate: Updating window title bar state: overlay mode, drag disabled, window buttons hidden, title bar hidden
[2020.06.25-13.10.50:571][  0]LogSlate: Updating window title bar state: overlay mode, drag disabled, window buttons hidden, title bar hidden
[2020.06.25-13.10.50:577][  0]LogSlate: Updating window title bar state: overlay mode, drag disabled, window buttons hidden, title bar hidden
[2020.06.25-13.10.50:583][  0]LogCollectionManager: Loaded 0 collections in 0.001659 seconds
[2020.06.25-13.10.50:588][  0]LogFileCache: Scanning file cache for directory 'Z:/ISG_/ISG/Saved/Collections/' took 0.00s
[2020.06.25-13.10.50:588][  0]LogFileCache: Scanning file cache for directory 'Z:/ISG_/ISG/Content/Developers/joeym/Collections/' took 0.00s
[2020.06.25-13.10.50:588][  0]LogFileCache: Scanning file cache for directory 'Z:/ISG_/ISG/Content/Collections/' took 0.00s
[2020.06.25-13.10.50:588][  0]LogCollectionManager: Rebuilt the GUID cache for 0 collections in 0.000002 seconds
[2020.06.25-13.10.50:597][  0]LogContentBrowser: Native class hierarchy populated in 0.0087 seconds. Added 3072 classes and 778 folders.
[2020.06.25-13.10.50:602][  0]LogContentBrowser: Native class hierarchy updated for 'WidgetCarousel' in 0.0002 seconds. Added 0 classes and 0 folders.
[2020.06.25-13.10.50:652][  0]LogContentBrowser: Native class hierarchy updated for 'AddContentDialog' in 0.0002 seconds. Added 0 classes and 0 folders.
[2020.06.25-13.10.50:656][  0]LogContentBrowser: Native class hierarchy updated for 'SceneOutliner' in 0.0003 seconds. Added 1 classes and 0 folders.
[2020.06.25-13.10.50:718][  0]LogContentBrowser: Native class hierarchy updated for 'WorldBrowser' in 0.0003 seconds. Added 2 classes and 3 folders.
[2020.06.25-13.10.50:731][  0]LogSlate: Took 0.000164 seconds to synchronously load lazily loaded font '../../../Engine/Content/Slate/Fonts/Roboto-Regular.ttf' (155K)
[2020.06.25-13.10.50:732][  0]LogSlate: Took 0.000161 seconds to synchronously load lazily loaded font '../../../Engine/Content/Slate/Fonts/Roboto-Bold.ttf' (160K)
[2020.06.25-13.10.50:737][  0]LogSlate: Took 0.000189 seconds to synchronously load lazily loaded font '../../../Engine/Content/Editor/Slate/Fonts/FontAwesome.ttf' (139K)
[2020.06.25-13.10.50:796][  0]LogRenderer: Reallocating scene render targets to support 1200x608 Format 10 NumSamples 1 (Frame:1).
[2020.06.25-13.10.50:882][  0]LogContentBrowser: Native class hierarchy updated for 'HierarchicalLODOutliner' in 0.0002 seconds. Added 0 classes and 0 folders.
[2020.06.25-13.10.50:882][  0]LogLoad: (Engine Initialization) Total time: 10.69 seconds
[2020.06.25-13.10.50:882][  0]LogLoad: (Engine Initialization) Total Blueprint compile time: 0.00 seconds
[2020.06.25-13.10.50:939][  0]LogAssetRegistry: Asset discovery search completed in 7.5268 seconds
[2020.06.25-13.10.50:943][  0]LogCollectionManager: Rebuilt the object cache for 0 collections in 0.000004 seconds (found 0 objects)
[2020.06.25-13.10.50:943][  0]LogCollectionManager: Fixed up redirectors for 0 collections in 0.000082 seconds (updated 0 objects)
[2020.06.25-13.10.50:944][  0]LogContentStreaming: Texture pool size now 3000 MB
[2020.06.25-13.10.50:987][  0]LogRenderer: Reallocating scene render targets to support 1200x624 Format 10 NumSamples 1 (Frame:3).
[2020.06.25-13.10.50:987][  0]LogSlate: Took 0.000390 seconds to synchronously load lazily loaded font '../../../Engine/Content/Slate/Fonts/Roboto-Light.ttf' (167K)
[2020.06.25-13.10.51:236][  1]LogFileCache: Retrieving MD5 hashes for directory 'Z:/ISG_/ISG/Content/' took 0.34s
[2020.06.25-13.10.51:938][  4]LogSlate: Took 0.000246 seconds to synchronously load lazily loaded font '../../../Engine/Content/Slate/Fonts/Roboto-Light.ttf' (167K)
[2020.06.25-13.10.52:287][ 45]LogSlate: FSceneViewport::OnFocusLost() reason 0
[2020.06.25-13.10.55:197][368]LogAIModule: Creating AISystem for world MAP_Garden
[2020.06.25-13.10.55:220][368]LogAssetEditorManager: Opening Asset editor for World /Game/maps/MAP_Garden.MAP_Garden
[2020.06.25-13.10.55:243][368]LogUObjectHash: Compacting FUObjectHashTables data took   2.07ms
[2020.06.25-13.10.55:244][368]Cmd: MAP LOAD FILE="Z:/ISG_/ISG/Content/maps/MAP_Garden.umap" TEMPLATE=0 SHOWPROGRESS=1 FEATURELEVEL=3
[2020.06.25-13.10.55:244][368]LightingResults: New page: Lighting Build
[2020.06.25-13.10.55:244][368]LoadErrors: New page: Loading map: MAP_Garden.umap
[2020.06.25-13.10.55:245][368]LogWorld: UWorld::CleanupWorld for MM_Level, bSessionEnded=true, bCleanupResources=true
[2020.06.25-13.10.55:245][368]MapCheck: New page: Map Check
[2020.06.25-13.10.55:245][368]LightingResults: New page: Lighting Build
[2020.06.25-13.10.55:270][368]LogUObjectHash: Compacting FUObjectHashTables data took   1.89ms
[2020.06.25-13.10.55:375][368]LogEditorServer: Finished looking for orphan Actors (0.000 secs)
[2020.06.25-13.10.55:403][368]LogUObjectHash: Compacting FUObjectHashTables data took   1.51ms
[2020.06.25-13.10.55:428][368]Cmd: MAP CHECKDEP NOCLEARLOG
[2020.06.25-13.10.55:429][368]MapCheck: Map check complete: 0 Error(s), 0 Warning(s), took 1,212ms to complete.
[2020.06.25-13.10.55:429][368]LogFileHelpers: Loading map 'MAP_Garden' took 0.186
[2020.06.25-13.10.56:341][470]LogEditorViewport: Clicking on Actor (LMB): Button_C (Button)
[2020.06.25-13.10.57:163][565]LogEditorViewport: Clicking on Actor (context menu): Button_C (Button)
[2020.06.25-13.10.57:181][565]LogSlate: FSceneViewport::OnFocusLost() reason 5
[2020.06.25-13.10.57:754][632]LogSlate: FSceneViewport::OnFocusLost() reason 5
[2020.06.25-13.10.57:764][632]LogAssetEditorManager: Opening Asset editor for Blueprint /Game/MyAssets/Models/Button/Button.Button
[2020.06.25-13.10.57:972][632]LogContentBrowser: Native class hierarchy updated for 'BlueprintGraph' in 0.0005 seconds. Added 121 classes and 0 folders.
[2020.06.25-13.10.58:741][632]LogSlate: Took 0.000201 seconds to synchronously load lazily loaded font '../../../Engine/Content/Slate/Fonts/Roboto-BoldCondensed.ttf' (158K)
[2020.06.25-13.10.58:822][633]LogSlate: Took 0.000247 seconds to synchronously load lazily loaded font '../../../Engine/Content/Slate/Fonts/Roboto-Italic.ttf' (157K)
[2020.06.25-13.12.09:232][536]BlueprintLog: New page: Compile Button
[2020.06.25-13.12.09:428][536]LogUObjectHash: Compacting FUObjectHashTables data took   3.29ms
[2020.06.25-13.12.27:755][312]BlueprintLog: New page: Compile Button
[2020.06.25-13.12.27:944][312]LogUObjectHash: Compacting FUObjectHashTables data took   3.38ms
[2020.06.25-13.12.28:363][344]Cmd: OBJ SAVEPACKAGE PACKAGE="/Game/MyAssets/Models/Button/Button" FILE="Z:/ISG_/ISG/Content/MyAssets/Models/Button/Button.uasset" SILENT=true
[2020.06.25-13.12.28:415][344]LogSavePackage: Moving 'Z:/ISG_/ISG/Saved/ButtonB80A88B7477C3897F369D7B0051C5556.tmp' to 'Z:/ISG_/ISG/Content/MyAssets/Models/Button/Button.uasset'
[2020.06.25-13.12.28:603][361]LogSlate: FSceneViewport::OnFocusLost() reason 0
[2020.06.25-13.12.44:729][902]BlueprintLog: New page: Compile Button
[2020.06.25-13.12.44:924][902]LogUObjectHash: Compacting FUObjectHashTables data took   3.08ms
[2020.06.25-13.12.46:469][ 52]LogTemp: Repeating last play command: New Editor Window (PIE)
[2020.06.25-13.12.46:484][ 52]LogBlueprintUserMessages: Early PlayInEditor Detection: Level '/Game/maps/MAP_Garden.MAP_Garden:PersistentLevel' has LevelScriptBlueprint '/Game/maps/MAP_Garden.MAP_Garden:PersistentLevel.MAP_Garden' with GeneratedClass '/Game/maps/MAP_Garden.MAP_Garden_C' with ClassGeneratedBy '/Game/maps/MAP_Garden.MAP_Garden:PersistentLevel.MAP_Garden'
[2020.06.25-13.12.46:485][ 52]LogPlayLevel: PlayLevel: No blueprints needed recompiling
[2020.06.25-13.12.46:485][ 52]PIE: New page: PIE session: MAP_Garden (25 jun. 2020 17:12:46)
[2020.06.25-13.12.46:486][ 52]LogOnline: OSS: Creating online subsystem instance for: Steam
[2020.06.25-13.12.46:486][ 52]LogOnline: Display: STEAM: OnlineSubsystemSteam::Shutdown()
[2020.06.25-13.12.46:486][ 52]LogOnline: OSS: Creating online subsystem instance for: NULL
[2020.06.25-13.12.46:487][ 52]LogPlayLevel: Creating play world package: /Game/maps/UEDPIE_1_MAP_Garden
[2020.06.25-13.12.46:499][ 52]LogPlayLevel: PIE: StaticDuplicateObject took: (0.012005s)
[2020.06.25-13.12.46:500][ 52]LogAIModule: Creating AISystem for world MAP_Garden
[2020.06.25-13.12.46:500][ 52]LogPlayLevel: PIE: World Init took: (0.001472s)
[2020.06.25-13.12.46:501][ 52]LogPlayLevel: PIE: Created PIE world by copying editor world from /Game/maps/MAP_Garden.MAP_Garden to /Game/maps/UEDPIE_1_MAP_Garden.MAP_Garden (0.013846s)
[2020.06.25-13.12.46:527][ 52]LogUObjectHash: Compacting FUObjectHashTables data took   3.06ms
[2020.06.25-13.12.46:536][ 52]LogVoiceEncode: Display: EncoderVersion: libopus 1.1-beta
[2020.06.25-13.12.46:560][ 52]LogInit: XAudio2 using 'Hoofdtelefoon (3- Arctis 7 Game)' : 2 channels at 48 kHz using 16 bits per sample (channel mask 0x3)
[2020.06.25-13.12.46:593][ 52]LogInit: FAudioDevice initialized.
[2020.06.25-13.12.46:605][ 52]LogSlate: Updating window title bar state: overlay mode, drag disabled, window buttons hidden, title bar hidden
[2020.06.25-13.12.46:606][ 52]LogLoad: Game class is 'GM_BaseGamemode_C'
[2020.06.25-13.12.46:612][ 52]LogWorld: Bringing World /Game/maps/UEDPIE_1_MAP_Garden.MAP_Garden up for play (max tick rate 0) at 2020.06.25-15.12.46
[2020.06.25-13.12.46:613][ 52]LogWorld: Bringing up level for play took: 0.005488
[2020.06.25-13.12.46:613][ 52]LogOnline: OSS: Creating online subsystem instance for: :Context_3
[2020.06.25-13.12.46:615][ 52]LogVoiceEncode: Display: EncoderVersion: libopus 1.1-beta
[2020.06.25-13.12.46:615][ 52]LogVoiceEngine: Error: OSS: StopLocalVoiceProcessing: Ignoring stop request for non-owning user
[2020.06.25-13.12.46:615][ 52]LogOnlineVoice: OSS: StopLocalVoiceProcessing(0) returned 0xFFFFFFFF
[2020.06.25-13.12.46:615][ 52]LogOnlineVoice: OSS: Stopping networked voice for user: 0
[2020.06.25-13.12.46:620][ 52]LogContentBrowser: Native class hierarchy updated for 'MovieSceneCapture' in 0.0004 seconds. Added 20 classes and 0 folders.
[2020.06.25-13.12.46:621][ 52]LogTemp: Display: ParseSettings for GameNetDriver
[2020.06.25-13.12.46:622][ 52]LogTemp: Display: ParseSettings for IpNetDriver_0
[2020.06.25-13.12.46:622][ 52]LogTemp: Display: ParseSettings for GameNetDriver
[2020.06.25-13.12.46:622][ 52]LogNet: ReplicationDriverClass is null! Not using ReplicationDriver.
[2020.06.25-13.12.46:622][ 52]PacketHandlerLog: DDoS detection status: detection enabled: 0 analytics enabled: 0
[2020.06.25-13.12.46:622][ 52]LogInit: WinSock: I am JOEYCOMPUTER (169.254.105.252:0)
[2020.06.25-13.12.46:622][ 52]LogInit: WinSock: Socket queue. Rx: 131072 (config 131072) Tx: 131072 (config 131072)
[2020.06.25-13.12.46:622][ 52]PacketHandlerLog: Loaded PacketHandler component: Engine.EngineHandlerComponentFactory (StatelessConnectHandlerComponent)
[2020.06.25-13.12.46:622][ 52]LogNet: GameNetDriver IpNetDriver_0 IpNetDriver listening on port 17777
[2020.06.25-13.12.46:627][ 52]PIE: Play in editor start time for /Game/maps/UEDPIE_1_MAP_Garden 0,011
[2020.06.25-13.12.46:634][ 52]LogSlate: FSceneViewport::OnFocusLost() reason 5
[2020.06.25-13.12.46:645][ 52]LogSlate: Updating window title bar state: overlay mode, drag disabled, window buttons hidden, title bar hidden
[2020.06.25-13.12.46:645][ 52]LogNet: Browse: 127.0.0.1:17777//Game/MainMenuRelated/MM_Level
[2020.06.25-13.12.46:645][ 52]LogTemp: Display: ParseSettings for GameNetDriver
[2020.06.25-13.12.46:645][ 52]LogTemp: Display: ParseSettings for IpNetDriver_1
[2020.06.25-13.12.46:645][ 52]LogTemp: Display: ParseSettings for PendingNetDriver
[2020.06.25-13.12.46:646][ 52]LogInit: WinSock: Socket queue. Rx: 32768 (config 32768) Tx: 32768 (config 32768)
[2020.06.25-13.12.46:646][ 52]PacketHandlerLog: Loaded PacketHandler component: Engine.EngineHandlerComponentFactory (StatelessConnectHandlerComponent)
[2020.06.25-13.12.46:646][ 52]LogNet: Game client on port 17777, rate 10000
[2020.06.25-13.12.46:651][ 52]PIE: Play in editor start time for /Game/MainMenuRelated/MM_Level 0,036
[2020.06.25-13.12.46:659][ 52]LogSlate: FSceneViewport::OnFocusLost() reason 5
[2020.06.25-13.12.46:667][ 52]LogSlate: Updating window title bar state: overlay mode, drag disabled, window buttons hidden, title bar hidden
[2020.06.25-13.12.46:667][ 52]LogNet: Browse: 127.0.0.1:17777//Game/MainMenuRelated/MM_Level
[2020.06.25-13.12.46:667][ 52]LogTemp: Display: ParseSettings for GameNetDriver
[2020.06.25-13.12.46:667][ 52]LogTemp: Display: ParseSettings for IpNetDriver_2
[2020.06.25-13.12.46:667][ 52]LogTemp: Display: ParseSettings for PendingNetDriver
[2020.06.25-13.12.46:668][ 52]LogInit: WinSock: Socket queue. Rx: 32768 (config 32768) Tx: 32768 (config 32768)
[2020.06.25-13.12.46:668][ 52]PacketHandlerLog: Loaded PacketHandler component: Engine.EngineHandlerComponentFactory (StatelessConnectHandlerComponent)
[2020.06.25-13.12.46:669][ 52]LogNet: Game client on port 17777, rate 10000
[2020.06.25-13.12.46:673][ 52]PIE: Play in editor start time for /Game/MainMenuRelated/MM_Level 0,058
[2020.06.25-13.12.46:679][ 52]LogBlueprintUserMessages: Late PlayInEditor Detection: Level '/Game/maps/MAP_Garden.MAP_Garden:PersistentLevel' has LevelScriptBlueprint '/Game/maps/MAP_Garden.MAP_Garden:PersistentLevel.MAP_Garden' with GeneratedClass '/Game/maps/MAP_Garden.MAP_Garden_C' with ClassGeneratedBy '/Game/maps/MAP_Garden.MAP_Garden:PersistentLevel.MAP_Garden'
[2020.06.25-13.12.46:680][ 52]LogNet: NotifyAcceptingConnection accepted from: 127.0.0.1:63684
[2020.06.25-13.12.46:680][ 52]LogHandshake: SendConnectChallenge. Timestamp: 0.008881, Cookie: 024190084042071229226246081217048247163029137068245055165186
[2020.06.25-13.12.46:680][ 52]LogNet: NotifyAcceptingConnection accepted from: 127.0.0.1:63685
[2020.06.25-13.12.46:680][ 52]LogHandshake: SendConnectChallenge. Timestamp: 0.008881, Cookie: 155005236020150015173027169247038055252184030104244092082071
[2020.06.25-13.12.46:687][ 52]LogHandshake: SendChallengeResponse. Timestamp: 0.008881, Cookie: 024190084042071229226246081217048247163029137068245055165186
[2020.06.25-13.12.46:688][ 52]LogHandshake: SendChallengeResponse. Timestamp: 0.008881, Cookie: 155005236020150015173027169247038055252184030104244092082071
[2020.06.25-13.12.46:751][ 53]LogRenderer: Reallocating scene render targets to support 1280x720 Format 10 NumSamples 1 (Frame:1).
[2020.06.25-13.12.47:046][ 53]LogNet: NotifyAcceptingConnection accepted from: 127.0.0.1:63684
[2020.06.25-13.12.47:046][ 53]LogHandshake: SendChallengeAck. InCookie: 024190084042071229226246081217048247163029137068245055165186
[2020.06.25-13.12.47:046][ 53]LogNet: Server accepting post-challenge connection from: 127.0.0.1:63684
[2020.06.25-13.12.47:046][ 53]PacketHandlerLog: Loaded PacketHandler component: Engine.EngineHandlerComponentFactory (StatelessConnectHandlerComponent)
[2020.06.25-13.12.47:046][ 53]LogNet: NotifyAcceptedConnection: Name: MAP_Garden, TimeStamp: 06/25/20 15:12:47, [UNetConnection] RemoteAddr: 127.0.0.1:63684, Name: IpConnection_2, Driver: GameNetDriver IpNetDriver_0, IsServer: YES, PC: NULL, Owner: NULL, UniqueId: INVALID
[2020.06.25-13.12.47:046][ 53]LogNet: AddClientConnection: Added client connection: [UNetConnection] RemoteAddr: 127.0.0.1:63684, Name: IpConnection_2, Driver: GameNetDriver IpNetDriver_0, IsServer: YES, PC: NULL, Owner: NULL, UniqueId: INVALID
[2020.06.25-13.12.47:046][ 53]LogNet: NotifyAcceptingConnection accepted from: 127.0.0.1:63685
[2020.06.25-13.12.47:046][ 53]LogHandshake: SendChallengeAck. InCookie: 155005236020150015173027169247038055252184030104244092082071
[2020.06.25-13.12.47:046][ 53]LogNet: Server accepting post-challenge connection from: 127.0.0.1:63685
[2020.06.25-13.12.47:047][ 53]PacketHandlerLog: Loaded PacketHandler component: Engine.EngineHandlerComponentFactory (StatelessConnectHandlerComponent)
[2020.06.25-13.12.47:047][ 53]LogNet: NotifyAcceptedConnection: Name: MAP_Garden, TimeStamp: 06/25/20 15:12:47, [UNetConnection] RemoteAddr: 127.0.0.1:63685, Name: IpConnection_3, Driver: GameNetDriver IpNetDriver_0, IsServer: YES, PC: NULL, Owner: NULL, UniqueId: INVALID
[2020.06.25-13.12.47:047][ 53]LogNet: AddClientConnection: Added client connection: [UNetConnection] RemoteAddr: 127.0.0.1:63685, Name: IpConnection_3, Driver: GameNetDriver IpNetDriver_0, IsServer: YES, PC: NULL, Owner: NULL, UniqueId: INVALID
[2020.06.25-13.12.47:048][ 53]LogNetVersion: ISG 1.0.0.0, NetCL: 8386587, EngineNetVer: 11, GameNetVer: 0 (Checksum: 718921517)
[2020.06.25-13.12.47:048][ 53]LogNet: UPendingNetGame::SendInitialJoin: Sending hello. [UNetConnection] RemoteAddr: 127.0.0.1:17777, Name: IpConnection_0, Driver: PendingNetDriver IpNetDriver_1, IsServer: NO, PC: NULL, Owner: NULL, UniqueId: INVALID
[2020.06.25-13.12.47:049][ 53]LogNet: UPendingNetGame::SendInitialJoin: Sending hello. [UNetConnection] RemoteAddr: 127.0.0.1:17777, Name: IpConnection_1, Driver: PendingNetDriver IpNetDriver_2, IsServer: NO, PC: NULL, Owner: NULL, UniqueId: INVALID
[2020.06.25-13.12.47:070][ 54]LogNet: NotifyAcceptingChannel Control 0 server World /Game/maps/UEDPIE_1_MAP_Garden.MAP_Garden: Accepted
[2020.06.25-13.12.47:070][ 54]LogNet: Remote platform little endian=1
[2020.06.25-13.12.47:071][ 54]LogNet: This platform little endian=1
[2020.06.25-13.12.47:071][ 54]LogNet: NotifyAcceptingChannel Control 0 server World /Game/maps/UEDPIE_1_MAP_Garden.MAP_Garden: Accepted
[2020.06.25-13.12.47:071][ 54]LogNet: Remote platform little endian=1
[2020.06.25-13.12.47:071][ 54]LogNet: This platform little endian=1
[2020.06.25-13.12.47:072][ 54]LogOnline: OSS: Creating online subsystem instance for: :Context_4
[2020.06.25-13.12.47:074][ 54]LogOnline: OSS: Creating online subsystem instance for: :Context_5
[2020.06.25-13.12.47:088][ 55]LogNet: Login request: /Game/MainMenuRelated/MM_Level?Name=JOEYCOMPUTER-D1D516044A2E702BD0DAAB84DCFAC146 userId: NULL:JOEYCOMPUTER-D1D516044A2E702BD0DAAB84DCFAC146 platform: NULL
[2020.06.25-13.12.47:088][ 55]LogNet: Login request: /Game/MainMenuRelated/MM_Level?Name=JOEYCOMPUTER-523CB7784541C76796FA30A478D5126C userId: NULL:JOEYCOMPUTER-523CB7784541C76796FA30A478D5126C platform: NULL
[2020.06.25-13.12.47:089][ 55]LogNet: Welcomed by server (Level: /Game/maps/UEDPIE_1_MAP_Garden, Game: /Game/GameRelated/Gamemodes/GM_BaseGamemode.GM_BaseGamemode_C)
[2020.06.25-13.12.47:089][ 55]LogLoad: LoadMap: 127.0.0.1:17777//Game/maps/UEDPIE_1_MAP_Garden?game=/Game/GameRelated/Gamemodes/GM_BaseGamemode.GM_BaseGamemode_C
[2020.06.25-13.12.47:089][ 55]LogWorld: BeginTearingDown for /Temp/Untitled_1
[2020.06.25-13.12.47:089][ 55]LogWorld: UWorld::CleanupWorld for Untitled, bSessionEnded=true, bCleanupResources=true
[2020.06.25-13.12.47:147][ 55]LogUObjectHash: Compacting FUObjectHashTables data took   3.48ms
[2020.06.25-13.12.47:162][ 55]LogAIModule: Creating AISystem for world MAP_Garden
[2020.06.25-13.12.47:162][ 55]LogTemp: Display: ParseSettings for GameNetDriver
[2020.06.25-13.12.47:167][ 55]LogWorld: Bringing World /Game/maps/UEDPIE_2_MAP_Garden.MAP_Garden up for play (max tick rate 0) at 2020.06.25-15.12.47
[2020.06.25-13.12.47:168][ 55]LogWorld: Bringing up level for play took: 0.005065
[2020.06.25-13.12.47:168][ 55]LogLoad: Took 0.078584 seconds to LoadMap(/Game/maps/UEDPIE_1_MAP_Garden)
[2020.06.25-13.12.47:169][ 55]LogVoiceEncode: Display: EncoderVersion: libopus 1.1-beta
[2020.06.25-13.12.47:169][ 55]LogNet: Welcomed by server (Level: /Game/maps/UEDPIE_1_MAP_Garden, Game: /Game/GameRelated/Gamemodes/GM_BaseGamemode.GM_BaseGamemode_C)
[2020.06.25-13.12.47:169][ 55]LogLoad: LoadMap: 127.0.0.1:17777//Game/maps/UEDPIE_1_MAP_Garden?game=/Game/GameRelated/Gamemodes/GM_BaseGamemode.GM_BaseGamemode_C
[2020.06.25-13.12.47:169][ 55]LogWorld: BeginTearingDown for /Temp/Untitled_2
[2020.06.25-13.12.47:169][ 55]LogWorld: UWorld::CleanupWorld for Untitled, bSessionEnded=true, bCleanupResources=true
[2020.06.25-13.12.47:212][ 55]LogUObjectHash: Compacting FUObjectHashTables data took   2.85ms
[2020.06.25-13.12.47:224][ 55]LogAIModule: Creating AISystem for world MAP_Garden
[2020.06.25-13.12.47:224][ 55]LogTemp: Display: ParseSettings for GameNetDriver
[2020.06.25-13.12.47:229][ 55]LogWorld: Bringing World /Game/maps/UEDPIE_3_MAP_Garden.MAP_Garden up for play (max tick rate 0) at 2020.06.25-15.12.47
[2020.06.25-13.12.47:229][ 55]LogWorld: Bringing up level for play took: 0.004233
[2020.06.25-13.12.47:230][ 55]LogLoad: Took 0.060576 seconds to LoadMap(/Game/maps/UEDPIE_1_MAP_Garden)
[2020.06.25-13.12.47:230][ 55]LogVoiceEncode: Display: EncoderVersion: libopus 1.1-beta
[2020.06.25-13.12.47:260][ 56]LogNet: Client netspeed is 10000
[2020.06.25-13.12.47:260][ 56]LogNet: Join request: /Game/MainMenuRelated/MM_Level?Name=JOEYCOMPUTER-D1D516044A2E702BD0DAAB84DCFAC146?SplitscreenCount=1
[2020.06.25-13.12.47:261][ 56]LogOnlineSession: Warning: OSS: No game present to join for session (GameSession)
[2020.06.25-13.12.47:263][ 56]LogNet: Join succeeded: JOEYCOMPUTER-D1D5160
[2020.06.25-13.12.47:263][ 56]LogNet: Client netspeed is 10000
[2020.06.25-13.12.47:263][ 56]LogNet: Join request: /Game/MainMenuRelated/MM_Level?Name=JOEYCOMPUTER-523CB7784541C76796FA30A478D5126C?SplitscreenCount=1
[2020.06.25-13.12.47:263][ 56]LogOnlineSession: Warning: OSS: No game present to join for session (GameSession)
[2020.06.25-13.12.47:264][ 56]LogNet: Join succeeded: JOEYCOMPUTER-523CB77
[2020.06.25-13.12.47:268][ 56]LogVoiceEngine: Error: OSS: StopLocalVoiceProcessing: Ignoring stop request for non-owning user
[2020.06.25-13.12.47:268][ 56]LogOnlineVoice: OSS: StopLocalVoiceProcessing(0) returned 0xFFFFFFFF
[2020.06.25-13.12.47:268][ 56]LogOnlineVoice: OSS: Stopping networked voice for user: 0
[2020.06.25-13.12.47:271][ 56]LogVoiceEngine: Error: OSS: StopLocalVoiceProcessing: Ignoring stop request for non-owning user
[2020.06.25-13.12.47:271][ 56]LogOnlineVoice: OSS: StopLocalVoiceProcessing(0) returned 0xFFFFFFFF
[2020.06.25-13.12.47:271][ 56]LogOnlineVoice: OSS: Stopping networked voice for user: 0
[2020.06.25-13.12.47:538][ 69]LogOnlineSession: Warning: OSS: No game present to join for session (GameSession)
[2020.06.25-13.12.47:556][ 70]LogOnlineSession: Warning: OSS: No game present to join for session (GameSession)
[2020.06.25-13.12.47:621][ 73]LogOnlineSession: Warning: OSS: No game present to join for session (GameSession)
[2020.06.25-13.12.47:690][ 76]LogOnlineSession: Warning: OSS: No game present to join for session (GameSession)
[2020.06.25-13.12.47:840][ 84]LogOnlineSession: Warning: OSS: No game present to join for session (GameSession)
[2020.06.25-13.12.47:918][ 88]LogOnlineSession: Warning: OSS: No game present to join for session (GameSession)
[2020.06.25-13.12.48:631][125]LogNet: Warning: UNetDriver::ProcessRemoteFunction: No owning connection for actor POTTREE2. Function AppleTimer will not be processed.
[2020.06.25-13.12.48:632][125]LogNet: Warning: UNetDriver::ProcessRemoteFunction: No owning connection for actor POTTREE_98. Function AppleTimer will not be processed.
[2020.06.25-13.12.48:632][125]LogNet: Warning: UNetDriver::ProcessRemoteFunction: No owning connection for actor POTTREE4. Function AppleTimer will not be processed.
[2020.06.25-13.12.48:632][125]LogNet: Warning: UNetDriver::ProcessRemoteFunction: No owning connection for actor POTTREE3. Function AppleTimer will not be processed.
[2020.06.25-13.12.48:672][127]LogNet: Warning: UNetDriver::ProcessRemoteFunction: No owning connection for actor POTTREE2. Function AppleTimer will not be processed.
[2020.06.25-13.12.48:672][127]LogNet: Warning: UNetDriver::ProcessRemoteFunction: No owning connection for actor POTTREE_98. Function AppleTimer will not be processed.
[2020.06.25-13.12.48:672][127]LogNet: Warning: UNetDriver::ProcessRemoteFunction: No owning connection for actor POTTREE4. Function AppleTimer will not be processed.
[2020.06.25-13.12.48:672][127]LogNet: Warning: UNetDriver::ProcessRemoteFunction: No owning connection for actor POTTREE3. Function AppleTimer will not be processed.
[2020.06.25-13.12.49:639][177]LogNet: Warning: UNetDriver::ProcessRemoteFunction: No owning connection for actor POTTREE4. Function AppleTimer will not be processed.
[2020.06.25-13.12.49:639][177]LogNet: Warning: UNetDriver::ProcessRemoteFunction: No owning connection for actor POTTREE3. Function AppleTimer will not be processed.
[2020.06.25-13.12.49:639][177]LogNet: Warning: UNetDriver::ProcessRemoteFunction: No owning connection for actor POTTREE2. Function AppleTimer will not be processed.
[2020.06.25-13.12.49:639][177]LogNet: Warning: UNetDriver::ProcessRemoteFunction: No owning connection for actor POTTREE_98. Function AppleTimer will not be processed.
[2020.06.25-13.12.49:675][179]LogNet: Warning: UNetDriver::ProcessRemoteFunction: No owning connection for actor POTTREE4. Function AppleTimer will not be processed.
[2020.06.25-13.12.49:675][179]LogNet: Warning: UNetDriver::ProcessRemoteFunction: No owning connection for actor POTTREE3. Function AppleTimer will not be processed.
[2020.06.25-13.12.49:675][179]LogNet: Warning: UNetDriver::ProcessRemoteFunction: No owning connection for actor POTTREE2. Function AppleTimer will not be processed.
[2020.06.25-13.12.49:675][179]LogNet: Warning: UNetDriver::ProcessRemoteFunction: No owning connection for actor POTTREE_98. Function AppleTimer will not be processed.
[2020.06.25-13.12.50:622][230]LogNet: Warning: UNetDriver::ProcessRemoteFunction: No owning connection for actor POTTREE2. Function AppleTimer will not be processed.
[2020.06.25-13.12.50:622][230]LogNet: Warning: UNetDriver::ProcessRemoteFunction: No owning connection for actor POTTREE_98. Function AppleTimer will not be processed.
[2020.06.25-13.12.50:622][230]LogNet: Warning: UNetDriver::ProcessRemoteFunction: No owning connection for actor POTTREE4. Function AppleTimer will not be processed.
[2020.06.25-13.12.50:622][230]LogNet: Warning: UNetDriver::ProcessRemoteFunction: No owning connection for actor POTTREE3. Function AppleTimer will not be processed.
[2020.06.25-13.12.50:679][233]LogNet: Warning: UNetDriver::ProcessRemoteFunction: No owning connection for actor POTTREE2. Function AppleTimer will not be processed.
[2020.06.25-13.12.50:679][233]LogNet: Warning: UNetDriver::ProcessRemoteFunction: No owning connection for actor POTTREE_98. Function AppleTimer will not be processed.
[2020.06.25-13.12.50:679][233]LogNet: Warning: UNetDriver::ProcessRemoteFunction: No owning connection for actor POTTREE4. Function AppleTimer will not be processed.
[2020.06.25-13.12.50:679][233]LogNet: Warning: UNetDriver::ProcessRemoteFunction: No owning connection for actor POTTREE3. Function AppleTimer will not be processed.
[2020.06.25-13.12.51:626][285]LogNet: Warning: UNetDriver::ProcessRemoteFunction: No owning connection for actor POTTREE4. Function AppleTimer will not be processed.
[2020.06.25-13.12.51:626][285]LogNet: Warning: UNetDriver::ProcessRemoteFunction: No owning connection for actor POTTREE3. Function AppleTimer will not be processed.
[2020.06.25-13.12.51:626][285]LogNet: Warning: UNetDriver::ProcessRemoteFunction: No owning connection for actor POTTREE2. Function AppleTimer will not be processed.
[2020.06.25-13.12.51:626][285]LogNet: Warning: UNetDriver::ProcessRemoteFunction: No owning connection for actor POTTREE_98. Function AppleTimer will not be processed.
[2020.06.25-13.12.51:682][288]LogNet: Warning: UNetDriver::ProcessRemoteFunction: No owning connection for actor POTTREE4. Function AppleTimer will not be processed.
[2020.06.25-13.12.51:682][288]LogNet: Warning: UNetDriver::ProcessRemoteFunction: No owning connection for actor POTTREE3. Function AppleTimer will not be processed.
[2020.06.25-13.12.51:682][288]LogNet: Warning: UNetDriver::ProcessRemoteFunction: No owning connection for actor POTTREE2. Function AppleTimer will not be processed.
[2020.06.25-13.12.51:682][288]LogNet: Warning: UNetDriver::ProcessRemoteFunction: No owning connection for actor POTTREE_98. Function AppleTimer will not be processed.
[2020.06.25-13.12.53:919][308]LogWindows: Error: === Critical error: ===
[2020.06.25-13.12.53:919][308]LogWindows: Error: 
[2020.06.25-13.12.53:919][308]LogWindows: Error: Fatal error!
[2020.06.25-13.12.53:919][308]LogWindows: Error: 
[2020.06.25-13.12.53:919][308]LogWindows: Error: Unhandled Exception: EXCEPTION_ACCESS_VIOLATION reading address 0xffffffff
[2020.06.25-13.12.53:919][308]LogWindows: Error: 
[2020.06.25-13.12.53:919][308]LogWindows: Error: [Callstack] 0x00007ffa75d89519 UE4Editor-Core.dll!UnknownFunction []
[2020.06.25-13.12.53:919][308]LogWindows: Error: [Callstack] 0x00007ffa75d8b7b0 UE4Editor-Core.dll!UnknownFunction []
[2020.06.25-13.12.53:919][308]LogWindows: Error: [Callstack] 0x00007ffa759bbd58 UE4Editor-Core.dll!UnknownFunction []
[2020.06.25-13.12.53:919][308]LogWindows: Error: [Callstack] 0x00007ffa75a2dca8 UE4Editor-Core.dll!UnknownFunction []
[2020.06.25-13.12.53:920][308]LogWindows: Error: [Callstack] 0x00007ffa758e82d6 UE4Editor-Core.dll!UnknownFunction []
[2020.06.25-13.12.53:920][308]LogWindows: Error: [Callstack] 0x00007ffa759f93d6 UE4Editor-Core.dll!UnknownFunction []
[2020.06.25-13.12.53:920][308]LogWindows: Error: [Callstack] 0x00007ffa5164f7ad UE4Editor-Engine.dll!UnknownFunction []
[2020.06.25-13.12.53:920][308]LogWindows: Error: [Callstack] 0x00007ffa7e8e6299 UE4Editor-CoreUObject.dll!UnknownFunction []
[2020.06.25-13.12.53:920][308]LogWindows: Error: [Callstack] 0x00007ffa7e8e7d8f UE4Editor-CoreUObject.dll!UnknownFunction []
[2020.06.25-13.12.53:920][308]LogWindows: Error: [Callstack] 0x00007ffa7e8c1e62 UE4Editor-CoreUObject.dll!UnknownFunction []
[2020.06.25-13.12.53:920][308]LogWindows: Error: [Callstack] 0x00007ffa7e89163b UE4Editor-CoreUObject.dll!UnknownFunction []
[2020.06.25-13.12.53:920][308]LogWindows: Error: [Callstack] 0x00007ffa7e8c1b73 UE4Editor-CoreUObject.dll!UnknownFunction []
[2020.06.25-13.12.53:920][308]LogWindows: Error: [Callstack] 0x00007ffa7e8c1e62 UE4Editor-CoreUObject.dll!UnknownFunction []
[2020.06.25-13.12.53:920][308]LogWindows: Error: [Callstack] 0x00007ffa7e8c17b4 UE4Editor-CoreUObject.dll!UnknownFunction []
[2020.06.25-13.12.53:920][308]LogWindows: Error: [Callstack] 0x00007ffa7e89163b UE4Editor-CoreUObject.dll!UnknownFunction []
[2020.06.25-13.12.53:920][308]LogWindows: Error: [Callstack] 0x00007ffa7e89d63e UE4Editor-CoreUObject.dll!UnknownFunction []
[2020.06.25-13.12.53:920][308]LogWindows: Error: [Callstack] 0x00007ffa7e8c1e62 UE4Editor-CoreUObject.dll!UnknownFunction []
[2020.06.25-13.12.53:920][308]LogWindows: Error: [Callstack] 0x00007ffa7e89163b UE4Editor-CoreUObject.dll!UnknownFunction []
[2020.06.25-13.12.53:920][308]LogWindows: Error: [Callstack] 0x00007ffa7e8c1b73 UE4Editor-CoreUObject.dll!UnknownFunction []
[2020.06.25-13.12.53:920][308]LogWindows: Error: [Callstack] 0x00007ffa7e8c1e62 UE4Editor-CoreUObject.dll!UnknownFunction []
[2020.06.25-13.12.53:920][308]LogWindows: Error: [Callstack] 0x00007ffa7e8c17b4 UE4Editor-CoreUObject.dll!UnknownFunction []
[2020.06.25-13.12.53:920][308]LogWindows: Error: [Callstack] 0x00007ffa7e6884b8 UE4Editor-CoreUObject.dll!UnknownFunction []
[2020.06.25-13.12.53:920][308]LogWindows: Error: [Callstack] 0x00007ffa7e8c12b7 UE4Editor-CoreUObject.dll!UnknownFunction []
[2020.06.25-13.12.53:920][308]LogWindows: Error: [Callstack] 0x00007ffa50e2aa33 UE4Editor-Engine.dll!UnknownFunction []
[2020.06.25-13.12.53:920][308]LogWindows: Error: [Callstack] 0x00007ffa5206e0da UE4Editor-Engine.dll!UnknownFunction []
[2020.06.25-13.12.53:920][308]LogWindows: Error: [Callstack] 0x00007ffa50e4205e UE4Editor-Engine.dll!UnknownFunction []
[2020.06.25-13.12.53:920][308]LogWindows: Error: [Callstack] 0x00007ffa50e42562 UE4Editor-Engine.dll!UnknownFunction []
[2020.06.25-13.12.53:920][308]LogWindows: Error: [Callstack] 0x00007ffa50e096f1 UE4Editor-Engine.dll!UnknownFunction []
[2020.06.25-13.12.53:920][308]LogWindows: Error: [Callstack] 0x00007ffa51ea64d3 UE4Editor-Engine.dll!UnknownFunction []
[2020.06.25-13.12.53:920][308]LogWindows: Error: [Callstack] 0x00007ffa51eb3757 UE4Editor-Engine.dll!UnknownFunction []
[2020.06.25-13.12.53:920][308]LogWindows: Error: [Callstack] 0x00007ffa75924e4a UE4Editor-Core.dll!UnknownFunction []
[2020.06.25-13.12.53:920][308]LogWindows: Error: [Callstack] 0x00007ffa759251f3 UE4Editor-Core.dll!UnknownFunction []
[2020.06.25-13.12.53:920][308]LogWindows: Error: [Callstack] 0x00007ffa759351f9 UE4Editor-Core.dll!UnknownFunction []
[2020.06.25-13.12.53:920][308]LogWindows: Error: [Callstack] 0x00007ffa51ed2b50 UE4Editor-Engine.dll!UnknownFunction []
[2020.06.25-13.12.53:920][308]LogWindows: Error: [Callstack] 0x00007ffa51ed8a82 UE4Editor-Engine.dll!UnknownFunction []
[2020.06.25-13.12.53:920][308]LogWindows: Error: [Callstack] 0x00007ffa516cd6ef UE4Editor-Engine.dll!UnknownFunction []
[2020.06.25-13.12.53:920][308]LogWindows: Error: [Callstack] 0x00007ffa516d8808 UE4Editor-Engine.dll!UnknownFunction []
[2020.06.25-13.12.53:920][308]LogWindows: Error: [Callstack] 0x00007ffa5b8ae00b UE4Editor-UnrealEd.dll!UnknownFunction []
[2020.06.25-13.12.53:920][308]LogWindows: Error: [Callstack] 0x00007ffa5c105296 UE4Editor-UnrealEd.dll!UnknownFunction []
[2020.06.25-13.12.53:920][308]LogWindows: Error: [Callstack] 0x00007ff7ae947b0a UE4Editor.exe!UnknownFunction []
[2020.06.25-13.12.53:920][308]LogWindows: Error: [Callstack] 0x00007ff7ae95a91c UE4Editor.exe!UnknownFunction []
[2020.06.25-13.12.53:920][308]LogWindows: Error: [Callstack] 0x00007ff7ae95a9fa UE4Editor.exe!UnknownFunction []
[2020.06.25-13.12.53:920][308]LogWindows: Error: [Callstack] 0x00007ff7ae96b92c UE4Editor.exe!UnknownFunction []
[2020.06.25-13.12.53:920][308]LogWindows: Error: [Callstack] 0x00007ff7ae96e60e UE4Editor.exe!UnknownFunction []
[2020.06.25-13.12.53:920][308]LogWindows: Error: [Callstack] 0x00007ffac2197bd4 KERNEL32.DLL!UnknownFunction []
[2020.06.25-13.12.53:920][308]LogWindows: Error: [Callstack] 0x00007ffac3c0ce51 ntdll.dll!UnknownFunction []
[2020.06.25-13.12.53:920][308]LogWindows: Error: 
