Log file open, 06/03/20 02:10:22
LogWindows: Failed to load 'aqProf.dll' (GetLastError=126)
LogWindows: File 'aqProf.dll' does not exist
LogWindows: Failed to load 'VtuneApi.dll' (GetLastError=126)
LogWindows: File 'VtuneApi.dll' does not exist
LogWindows: Failed to load 'VtuneApi32e.dll' (GetLastError=126)
LogWindows: File 'VtuneApi32e.dll' does not exist
LogConsoleResponse: Display: Failed to find resolution value strings in scalability ini. Falling back to default.
LogInit: Display: Running engine for game: ISG
LogPlatformFile: Not using cached read wrapper
LogTaskGraph: Started task graph with 5 named threads and 23 total threads with 3 sets of task threads.
LogStats: Stats thread started at 0.092541
LogD3D11RHI: Loaded GFSDK_Aftermath_Lib.x64.dll
LogICUInternationalization: ICU TimeZone Detection - Raw Offset: +1:00, Platform Override: ''
LogPluginManager: Mounting plugin Paper2D
LogPluginManager: Mounting plugin AISupport
LogPluginManager: Mounting plugin LightPropagationVolume
LogPluginManager: Mounting plugin ActorLayerUtilities
LogPluginManager: Mounting plugin AnimationSharing
LogPluginManager: Mounting plugin CLionSourceCodeAccess
LogPluginManager: Mounting plugin CodeLiteSourceCodeAccess
LogPluginManager: Mounting plugin GitSourceControl
LogPluginManager: Mounting plugin KDevelopSourceCodeAccess
LogPluginManager: Mounting plugin NullSourceCodeAccess
LogPluginManager: Mounting plugin PerforceSourceControl
LogPluginManager: Mounting plugin SubversionSourceControl
LogPluginManager: Mounting plugin UObjectPlugin
LogPluginManager: Mounting plugin VisualStudioCodeSourceCodeAccess
LogPluginManager: Mounting plugin VisualStudioSourceCodeAccess
LogPluginManager: Mounting plugin XCodeSourceCodeAccess
LogPluginManager: Mounting plugin AssetManagerEditor
LogPluginManager: Mounting plugin CryptoKeys
LogPluginManager: Mounting plugin CurveEditorTools
LogPluginManager: Mounting plugin DataValidation
LogPluginManager: Mounting plugin EditorScriptingUtilities
LogPluginManager: Mounting plugin FacialAnimation
LogPluginManager: Mounting plugin GameplayTagsEditor
LogPluginManager: Mounting plugin GLTFImporter
LogPluginManager: Mounting plugin MacGraphicsSwitching
LogPluginManager: Mounting plugin MaterialAnalyzer
LogPluginManager: Mounting plugin MeshEditor
LogPluginManager: Mounting plugin MobileLauncherProfileWizard
LogPluginManager: Mounting plugin PluginBrowser
LogPluginManager: Mounting plugin SpeedTreeImporter
LogPluginManager: Mounting plugin DatasmithContent
LogPluginManager: Mounting plugin VariantManagerContent
LogPluginManager: Mounting plugin AlembicImporter
LogPluginManager: Mounting plugin AutomationUtils
LogPluginManager: Mounting plugin BackChannel
LogPluginManager: Mounting plugin BlastPlugin
LogPluginManager: Mounting plugin ChaosSolverPlugin
LogPluginManager: Mounting plugin CharacterAI
LogPluginManager: Mounting plugin DataPrepEditor
LogPluginManager: Mounting plugin GeometryCache
LogPluginManager: Mounting plugin GeometryCollectionPlugin
LogPluginManager: Mounting plugin HTML5Networking
LogPluginManager: Mounting plugin PlatformCrypto
LogPluginManager: Mounting plugin ProxyLODPlugin
LogPluginManager: Mounting plugin SkeletalReduction
LogPluginManager: Mounting plugin MagicLeap
LogPluginManager: Mounting plugin MagicLeapMedia
LogPluginManager: Mounting plugin SmoothSyncPlugin
LogPluginManager: Mounting plugin AndroidMedia
LogPluginManager: Mounting plugin AvfMedia
LogPluginManager: Mounting plugin ImgMedia
LogPluginManager: Mounting plugin MediaCompositing
LogPluginManager: Mounting plugin MediaPlayerEditor
LogPluginManager: Mounting plugin WebMMedia
LogPluginManager: Mounting plugin WmfMedia
LogPluginManager: Mounting plugin TcpMessaging
LogPluginManager: Mounting plugin UdpMessaging
LogPluginManager: Mounting plugin ActorSequence
LogPluginManager: Mounting plugin LevelSequenceEditor
LogPluginManager: Mounting plugin MatineeToLevelSequence
LogPluginManager: Mounting plugin NetcodeUnitTest
LogPluginManager: Mounting plugin NUTUnrealEngine4
LogPluginManager: Mounting plugin OnlineSubsystemGooglePlay
LogPluginManager: Mounting plugin OnlineSubsystemIOS
LogPluginManager: Mounting plugin OnlineSubsystem
LogPluginManager: Mounting plugin OnlineSubsystemNull
LogPluginManager: Mounting plugin OnlineSubsystemSteam
LogPluginManager: Mounting plugin OnlineSubsystemUtils
LogPluginManager: Mounting plugin LauncherChunkInstaller
LogPluginManager: Mounting plugin AndroidDeviceProfileSelector
LogPluginManager: Mounting plugin AndroidMoviePlayer
LogPluginManager: Mounting plugin AndroidPermission
LogPluginManager: Mounting plugin AppleImageUtils
LogPluginManager: Mounting plugin AppleMoviePlayer
LogPluginManager: Mounting plugin ArchVisCharacter
LogPluginManager: Mounting plugin AudioCapture
LogPluginManager: Mounting plugin CableComponent
LogPluginManager: Mounting plugin CustomMeshComponent
LogPluginManager: Mounting plugin EditableMesh
LogPluginManager: Mounting plugin ExampleDeviceProfileSelector
LogPluginManager: Mounting plugin GoogleCloudMessaging
LogPluginManager: Mounting plugin IOSDeviceProfileSelector
LogPluginManager: Mounting plugin LinuxDeviceProfileSelector
LogPluginManager: Mounting plugin LocationServicesBPLibrary
LogPluginManager: Mounting plugin MobilePatchingUtils
LogPluginManager: Mounting plugin OculusVR
LogPluginManager: Mounting plugin PhysXVehicles
LogPluginManager: Mounting plugin ProceduralMeshComponent
LogPluginManager: Mounting plugin RuntimePhysXCooking
LogPluginManager: Mounting plugin SignificanceManager
LogPluginManager: Mounting plugin SteamVR
LogPluginManager: Mounting plugin WebMMoviePlayer
LogPluginManager: Mounting plugin WindowsMoviePlayer
LogPluginManager: Mounting plugin ScreenshotTools
LogPluginManager: Mounting plugin AdvancedSessions
LogPluginManager: Mounting plugin AdvancedSteamSessions
LogPluginManager: Mounting plugin DatasmithC4DImporter
LogPluginManager: Mounting plugin DatasmithCADImporter
LogPluginManager: Mounting plugin DatasmithFBXImporter
LogPluginManager: Mounting plugin DatasmithGLTFImporter
LogPluginManager: Mounting plugin DatasmithIFCImporter
LogPluginManager: Mounting plugin DatasmithImporter
LogPluginManager: Mounting plugin MDLImporter
LogPluginManager: Mounting plugin StaticMeshEditorExtension
LogPluginManager: Mounting plugin VariantManager
LogInit: Using libcurl 7.55.1-DEV
LogInit:  - built for x86_64-pc-win32
LogInit:  - supports SSL with OpenSSL/1.1.1
LogInit:  - supports HTTP deflate (compression) using libz 1.2.8
LogInit:  - other features:
LogInit:      CURL_VERSION_SSL
LogInit:      CURL_VERSION_LIBZ
LogInit:      CURL_VERSION_IPV6
LogInit:      CURL_VERSION_ASYNCHDNS
LogInit:      CURL_VERSION_LARGEFILE
LogInit:      CURL_VERSION_IDN
LogInit:  CurlRequestOptions (configurable via config and command line):
LogInit:  - bVerifyPeer = true  - Libcurl will verify peer certificate
LogInit:  - bUseHttpProxy = false  - Libcurl will NOT use HTTP proxy
LogInit:  - bDontReuseConnections = false  - Libcurl will reuse connections
LogInit:  - MaxHostConnections = 16  - Libcurl will limit the number of connections to a host
LogInit:  - LocalHostAddr = Default
LogInit:  - BufferSize = 65536
LogOnline: Display: STEAM: Loading Steam SDK 1.42
LogOnline: OSS: Creating online subsystem instance for: Steam
LogOnline: Display: STEAM: OnlineSubsystemSteam::Shutdown()
LogOnline: OSS: Unable to create OnlineSubsystem module Steam
LogOnline: OSS: Creating online subsystem instance for: NULL
LogInit: WinSock: version 1.1 (2.2), MaxSocks=32767, MaxUdp=65467
LogInit: Build: ++UE4+Release-4.23-CL-9631420
LogInit: Engine Version: 4.23.1-9631420+++UE4+Release-4.23
LogInit: Compatible Engine Version: 4.23.0-8386587+++UE4+Release-4.23
LogInit: Net CL: 8386587
LogInit: OS: Windows 10 (Release 1909) (), CPU: Intel(R) Core(TM) i7-7700K CPU @ 4.20GHz, GPU: NVIDIA GeForce GTX 1080
LogInit: Compiled (64-bit): Oct 18 2019 02:07:44
LogInit: Compiled with Visual C++: 19.16.27030.01
LogInit: Build Configuration: Development
LogInit: Branch Name: ++UE4+Release-4.23
LogInit: Command Line: 
LogInit: Base Directory: D:/Program Files/Epic Games/UE_4.23/Engine/Binaries/Win64/
LogInit: Installed Engine Build: 1
LogDevObjectVersion: Number of dev versions registered: 23
LogDevObjectVersion:   Dev-Blueprints (B0D832E4-1F89-4F0D-ACCF-7EB736FD4AA2): 10
LogDevObjectVersion:   Dev-Build (E1C64328-A22C-4D53-A36C-8E866417BD8C): 0
LogDevObjectVersion:   Dev-Core (375EC13C-06E4-48FB-B500-84F0262A717E): 3
LogDevObjectVersion:   Dev-Editor (E4B068ED-F494-42E9-A231-DA0B2E46BB41): 34
LogDevObjectVersion:   Dev-Framework (CFFC743F-43B0-4480-9391-14DF171D2073): 35
LogDevObjectVersion:   Dev-Mobile (B02B49B5-BB20-44E9-A304-32B752E40360): 2
LogDevObjectVersion:   Dev-Networking (A4E4105C-59A1-49B5-A7C5-40C4547EDFEE): 0
LogDevObjectVersion:   Dev-Online (39C831C9-5AE6-47DC-9A44-9C173E1C8E7C): 0
LogDevObjectVersion:   Dev-Physics (78F01B33-EBEA-4F98-B9B4-84EACCB95AA2): 0
LogDevObjectVersion:   Dev-Platform (6631380F-2D4D-43E0-8009-CF276956A95A): 0
LogDevObjectVersion:   Dev-Rendering (12F88B9F-8875-4AFC-A67C-D90C383ABD29): 31
LogDevObjectVersion:   Dev-Sequencer (7B5AE74C-D270-4C10-A958-57980B212A5A): 11
LogDevObjectVersion:   Dev-VR (D7296918-1DD6-4BDD-9DE2-64A83CC13884): 2
LogDevObjectVersion:   Dev-LoadTimes (C2A15278-BFE7-4AFE-6C17-90FF531DF755): 1
LogDevObjectVersion:   Private-Geometry (6EACA3D4-40EC-4CC1-B786-8BED09428FC5): 3
LogDevObjectVersion:   Dev-AnimPhys (29E575DD-E0A3-4627-9D10-D276232CDCEA): 17
LogDevObjectVersion:   Dev-Anim (AF43A65D-7FD3-4947-9873-3E8ED9C1BB05): 2
LogDevObjectVersion:   Dev-ReflectionCapture (6B266CEC-1EC7-4B8F-A30B-E4D90942FC07): 1
LogDevObjectVersion:   Dev-Automation (0DF73D61-A23F-47EA-B727-89E90C41499A): 1
LogDevObjectVersion:   FortniteMain (601D1886-AC64-4F84-AA16-D3DE0DEAC7D6): 27
LogDevObjectVersion:   Dev-Enterprise (9DFFBCD6-494F-0158-E221-12823C92A888): 6
LogDevObjectVersion:   Dev-Niagara (F2AED0AC-9AFE-416F-8664-AA7FFA26D6FC): 1
LogDevObjectVersion:   Dev-Destruction (174F1F0B-B4C6-45A5-B13F-2EE8D0FB917D): 9
LogInit: Presizing for max 16777216 objects, including 0 objects not considered by GC, pre-allocating 0 bytes for permanent pool.
LogInit: Object subsystem initialized
LogConfig: Setting CVar [[con.DebugEarlyDefault:1]]
LogConfig: Setting CVar [[r.setres:1280x720]]
[2020.06.03-00.10.22:192][  0]LogConfig: Setting CVar [[r.VSync:0]]
[2020.06.03-00.10.22:192][  0]LogConfig: Setting CVar [[r.RHICmdBypass:0]]
[2020.06.03-00.10.22:193][  0]LogConfig: Applying CVar settings from Section [/Script/Engine.RendererSettings] File [Z:/ISG_/ISG/Saved/Config/Windows/Engine.ini]
[2020.06.03-00.10.22:193][  0]LogConfig: Setting CVar [[r.GPUCrashDebugging:0]]
[2020.06.03-00.10.22:193][  0]LogConfig: Setting CVar [[r.DefaultFeature.AutoExposure.ExtendDefaultLuminanceRange:1]]
[2020.06.03-00.10.22:193][  0]LogConfig: Setting CVar [[r.DefaultFeature.AutoExposure:0]]
[2020.06.03-00.10.22:193][  0]LogConfig: Applying CVar settings from Section [/Script/Engine.RendererOverrideSettings] File [Z:/ISG_/ISG/Saved/Config/Windows/Engine.ini]
[2020.06.03-00.10.22:193][  0]LogConfig: Applying CVar settings from Section [/Script/Engine.StreamingSettings] File [Z:/ISG_/ISG/Saved/Config/Windows/Engine.ini]
[2020.06.03-00.10.22:193][  0]LogConfig: Setting CVar [[s.MinBulkDataSizeForAsyncLoading:131072]]
[2020.06.03-00.10.22:193][  0]LogConfig: Setting CVar [[s.AsyncLoadingThreadEnabled:0]]
[2020.06.03-00.10.22:193][  0]LogConfig: Setting CVar [[s.EventDrivenLoaderEnabled:1]]
[2020.06.03-00.10.22:193][  0]LogConfig: Setting CVar [[s.WarnIfTimeLimitExceeded:0]]
[2020.06.03-00.10.22:193][  0]LogConfig: Setting CVar [[s.TimeLimitExceededMultiplier:1.5]]
[2020.06.03-00.10.22:193][  0]LogConfig: Setting CVar [[s.TimeLimitExceededMinTime:0.005]]
[2020.06.03-00.10.22:193][  0]LogConfig: Setting CVar [[s.UseBackgroundLevelStreaming:1]]
[2020.06.03-00.10.22:193][  0]LogConfig: Setting CVar [[s.PriorityAsyncLoadingExtraTime:15.0]]
[2020.06.03-00.10.22:193][  0]LogConfig: Setting CVar [[s.LevelStreamingActorsUpdateTimeLimit:5.0]]
[2020.06.03-00.10.22:193][  0]LogConfig: Setting CVar [[s.PriorityLevelStreamingActorsUpdateExtraTime:5.0]]
[2020.06.03-00.10.22:193][  0]LogConfig: Setting CVar [[s.LevelStreamingComponentsRegistrationGranularity:10]]
[2020.06.03-00.10.22:193][  0]LogConfig: Setting CVar [[s.UnregisterComponentsTimeLimit:1.0]]
[2020.06.03-00.10.22:193][  0]LogConfig: Setting CVar [[s.LevelStreamingComponentsUnregistrationGranularity:5]]
[2020.06.03-00.10.22:193][  0]LogConfig: Applying CVar settings from Section [/Script/Engine.GarbageCollectionSettings] File [Z:/ISG_/ISG/Saved/Config/Windows/Engine.ini]
[2020.06.03-00.10.22:193][  0]LogConfig: Setting CVar [[gc.MaxObjectsNotConsideredByGC:1]]
[2020.06.03-00.10.22:193][  0]LogConfig: Setting CVar [[gc.SizeOfPermanentObjectPool:0]]
[2020.06.03-00.10.22:193][  0]LogConfig: Setting CVar [[gc.FlushStreamingOnGC:0]]
[2020.06.03-00.10.22:193][  0]LogConfig: Setting CVar [[gc.NumRetriesBeforeForcingGC:10]]
[2020.06.03-00.10.22:193][  0]LogConfig: Setting CVar [[gc.AllowParallelGC:1]]
[2020.06.03-00.10.22:193][  0]LogConfig: Setting CVar [[gc.TimeBetweenPurgingPendingKillObjects:61.1]]
[2020.06.03-00.10.22:193][  0]LogConfig: Setting CVar [[gc.MaxObjectsInEditor:16777216]]
[2020.06.03-00.10.22:193][  0]LogConfig: Setting CVar [[gc.IncrementalBeginDestroyEnabled:1]]
[2020.06.03-00.10.22:193][  0]LogConfig: Setting CVar [[gc.CreateGCClusters:1]]
[2020.06.03-00.10.22:193][  0]LogConfig: Setting CVar [[gc.MinGCClusterSize:5]]
[2020.06.03-00.10.22:193][  0]LogConfig: Setting CVar [[gc.ActorClusteringEnabled:0]]
[2020.06.03-00.10.22:193][  0]LogConfig: Setting CVar [[gc.BlueprintClusteringEnabled:0]]
[2020.06.03-00.10.22:193][  0]LogConfig: Setting CVar [[gc.UseDisregardForGCOnDedicatedServers:0]]
[2020.06.03-00.10.22:193][  0]LogConfig: Applying CVar settings from Section [/Script/Engine.NetworkSettings] File [Z:/ISG_/ISG/Saved/Config/Windows/Engine.ini]
[2020.06.03-00.10.22:193][  0]LogConfig: Applying CVar settings from Section [/Script/UnrealEd.CookerSettings] File [Z:/ISG_/ISG/Saved/Config/Windows/Engine.ini]
[2020.06.03-00.10.22:203][  0]LogConfig: Applying CVar settings from Section [ViewDistanceQuality@3] File [Z:/ISG_/ISG/Saved/Config/Windows/Scalability.ini]
[2020.06.03-00.10.22:203][  0]LogConfig: Setting CVar [[r.SkeletalMeshLODBias:0]]
[2020.06.03-00.10.22:203][  0]LogConfig: Setting CVar [[r.ViewDistanceScale:1.0]]
[2020.06.03-00.10.22:203][  0]LogConfig: Applying CVar settings from Section [AntiAliasingQuality@3] File [Z:/ISG_/ISG/Saved/Config/Windows/Scalability.ini]
[2020.06.03-00.10.22:203][  0]LogConfig: Setting CVar [[r.PostProcessAAQuality:4]]
[2020.06.03-00.10.22:203][  0]LogConfig: Applying CVar settings from Section [ShadowQuality@3] File [Z:/ISG_/ISG/Saved/Config/Windows/Scalability.ini]
[2020.06.03-00.10.22:203][  0]LogConfig: Setting CVar [[r.LightFunctionQuality:1]]
[2020.06.03-00.10.22:203][  0]LogConfig: Setting CVar [[r.ShadowQuality:5]]
[2020.06.03-00.10.22:203][  0]LogConfig: Setting CVar [[r.Shadow.CSM.MaxCascades:10]]
[2020.06.03-00.10.22:203][  0]LogConfig: Setting CVar [[r.Shadow.MaxResolution:2048]]
[2020.06.03-00.10.22:203][  0]LogConfig: Setting CVar [[r.Shadow.MaxCSMResolution:2048]]
[2020.06.03-00.10.22:203][  0]LogConfig: Setting CVar [[r.Shadow.RadiusThreshold:0.01]]
[2020.06.03-00.10.22:203][  0]LogConfig: Setting CVar [[r.Shadow.DistanceScale:1.0]]
[2020.06.03-00.10.22:203][  0]LogConfig: Setting CVar [[r.Shadow.CSM.TransitionScale:1.0]]
[2020.06.03-00.10.22:203][  0]LogConfig: Setting CVar [[r.Shadow.PreShadowResolutionFactor:1.0]]
[2020.06.03-00.10.22:203][  0]LogConfig: Setting CVar [[r.DistanceFieldShadowing:1]]
[2020.06.03-00.10.22:203][  0]LogConfig: Setting CVar [[r.DistanceFieldAO:1]]
[2020.06.03-00.10.22:203][  0]LogConfig: Setting CVar [[r.AOQuality:2]]
[2020.06.03-00.10.22:203][  0]LogConfig: Setting CVar [[r.VolumetricFog:1]]
[2020.06.03-00.10.22:203][  0]LogConfig: Setting CVar [[r.VolumetricFog.GridPixelSize:8]]
[2020.06.03-00.10.22:203][  0]LogConfig: Setting CVar [[r.VolumetricFog.GridSizeZ:128]]
[2020.06.03-00.10.22:203][  0]LogConfig: Setting CVar [[r.VolumetricFog.HistoryMissSupersampleCount:4]]
[2020.06.03-00.10.22:203][  0]LogConfig: Setting CVar [[r.LightMaxDrawDistanceScale:1]]
[2020.06.03-00.10.22:203][  0]LogConfig: Setting CVar [[r.CapsuleShadows:1]]
[2020.06.03-00.10.22:203][  0]LogConfig: Applying CVar settings from Section [PostProcessQuality@3] File [Z:/ISG_/ISG/Saved/Config/Windows/Scalability.ini]
[2020.06.03-00.10.22:203][  0]LogConfig: Setting CVar [[r.MotionBlurQuality:4]]
[2020.06.03-00.10.22:203][  0]LogConfig: Setting CVar [[r.AmbientOcclusionMipLevelFactor:0.4]]
[2020.06.03-00.10.22:203][  0]LogConfig: Setting CVar [[r.AmbientOcclusionMaxQuality:100]]
[2020.06.03-00.10.22:203][  0]LogConfig: Setting CVar [[r.AmbientOcclusionLevels:-1]]
[2020.06.03-00.10.22:203][  0]LogConfig: Setting CVar [[r.AmbientOcclusionRadiusScale:1.0]]
[2020.06.03-00.10.22:203][  0]LogConfig: Setting CVar [[r.DepthOfFieldQuality:2]]
[2020.06.03-00.10.22:203][  0]LogConfig: Setting CVar [[r.RenderTargetPoolMin:400]]
[2020.06.03-00.10.22:203][  0]LogConfig: Setting CVar [[r.LensFlareQuality:2]]
[2020.06.03-00.10.22:203][  0]LogConfig: Setting CVar [[r.SceneColorFringeQuality:1]]
[2020.06.03-00.10.22:203][  0]LogConfig: Setting CVar [[r.EyeAdaptationQuality:2]]
[2020.06.03-00.10.22:203][  0]LogConfig: Setting CVar [[r.BloomQuality:5]]
[2020.06.03-00.10.22:203][  0]LogConfig: Setting CVar [[r.FastBlurThreshold:100]]
[2020.06.03-00.10.22:203][  0]LogConfig: Setting CVar [[r.Upscale.Quality:3]]
[2020.06.03-00.10.22:203][  0]LogConfig: Setting CVar [[r.Tonemapper.GrainQuantization:1]]
[2020.06.03-00.10.22:203][  0]LogConfig: Setting CVar [[r.LightShaftQuality:1]]
[2020.06.03-00.10.22:203][  0]LogConfig: Setting CVar [[r.Filter.SizeScale:1]]
[2020.06.03-00.10.22:203][  0]LogConfig: Setting CVar [[r.Tonemapper.Quality:5]]
[2020.06.03-00.10.22:203][  0]LogConfig: Setting CVar [[r.DOF.Gather.AccumulatorQuality:1        ; higher gathering accumulator quality]]
[2020.06.03-00.10.22:204][  0]LogConfig: Setting CVar [[r.DOF.Gather.PostfilterMethod:1          ; Median3x3 postfilering method]]
[2020.06.03-00.10.22:204][  0]LogConfig: Setting CVar [[r.DOF.Gather.EnableBokehSettings:0       ; no bokeh simulation when gathering]]
[2020.06.03-00.10.22:204][  0]LogConfig: Setting CVar [[r.DOF.Gather.RingCount:4                 ; medium number of samples when gathering]]
[2020.06.03-00.10.22:204][  0]LogConfig: Setting CVar [[r.DOF.Scatter.ForegroundCompositing:1    ; additive foreground scattering]]
[2020.06.03-00.10.22:204][  0]LogConfig: Setting CVar [[r.DOF.Scatter.BackgroundCompositing:2    ; additive background scattering]]
[2020.06.03-00.10.22:204][  0]LogConfig: Setting CVar [[r.DOF.Scatter.EnableBokehSettings:1      ; bokeh simulation when scattering]]
[2020.06.03-00.10.22:204][  0]LogConfig: Setting CVar [[r.DOF.Scatter.MaxSpriteRatio:0.1         ; only a maximum of 10% of scattered bokeh]]
[2020.06.03-00.10.22:204][  0]LogConfig: Setting CVar [[r.DOF.Recombine.Quality:1                ; cheap slight out of focus]]
[2020.06.03-00.10.22:204][  0]LogConfig: Setting CVar [[r.DOF.Recombine.EnableBokehSettings:0    ; no bokeh simulation on slight out of focus]]
[2020.06.03-00.10.22:204][  0]LogConfig: Setting CVar [[r.DOF.TemporalAAQuality:1                ; more stable temporal accumulation]]
[2020.06.03-00.10.22:204][  0]LogConfig: Setting CVar [[r.DOF.Kernel.MaxForegroundRadius:0.025]]
[2020.06.03-00.10.22:204][  0]LogConfig: Setting CVar [[r.DOF.Kernel.MaxBackgroundRadius:0.025]]
[2020.06.03-00.10.22:204][  0]LogConfig: Applying CVar settings from Section [TextureQuality@3] File [Z:/ISG_/ISG/Saved/Config/Windows/Scalability.ini]
[2020.06.03-00.10.22:204][  0]LogConfig: Setting CVar [[r.Streaming.MipBias:0]]
[2020.06.03-00.10.22:204][  0]LogConfig: Setting CVar [[r.Streaming.AmortizeCPUToGPUCopy:0]]
[2020.06.03-00.10.22:204][  0]LogConfig: Setting CVar [[r.Streaming.MaxNumTexturesToStreamPerFrame:0]]
[2020.06.03-00.10.22:204][  0]LogConfig: Setting CVar [[r.Streaming.Boost:1]]
[2020.06.03-00.10.22:204][  0]LogConfig: Setting CVar [[r.MaxAnisotropy:8]]
[2020.06.03-00.10.22:204][  0]LogConfig: Setting CVar [[r.Streaming.LimitPoolSizeToVRAM:0]]
[2020.06.03-00.10.22:204][  0]LogConfig: Setting CVar [[r.Streaming.PoolSize:1000]]
[2020.06.03-00.10.22:204][  0]LogConfig: Setting CVar [[r.Streaming.MaxEffectiveScreenSize:0]]
[2020.06.03-00.10.22:204][  0]LogConfig: Applying CVar settings from Section [EffectsQuality@3] File [Z:/ISG_/ISG/Saved/Config/Windows/Scalability.ini]
[2020.06.03-00.10.22:204][  0]LogConfig: Setting CVar [[r.TranslucencyLightingVolumeDim:64]]
[2020.06.03-00.10.22:204][  0]LogConfig: Setting CVar [[r.RefractionQuality:2]]
[2020.06.03-00.10.22:204][  0]LogConfig: Setting CVar [[r.SSR.Quality:3]]
[2020.06.03-00.10.22:204][  0]LogConfig: Setting CVar [[r.SceneColorFormat:4]]
[2020.06.03-00.10.22:204][  0]LogConfig: Setting CVar [[r.DetailMode:2]]
[2020.06.03-00.10.22:204][  0]LogConfig: Setting CVar [[r.TranslucencyVolumeBlur:1]]
[2020.06.03-00.10.22:204][  0]LogConfig: Setting CVar [[r.MaterialQualityLevel:1 ; High quality]]
[2020.06.03-00.10.22:204][  0]LogConfig: Setting CVar [[r.SSS.Scale:1]]
[2020.06.03-00.10.22:204][  0]LogConfig: Setting CVar [[r.SSS.SampleSet:2]]
[2020.06.03-00.10.22:204][  0]LogConfig: Setting CVar [[r.SSS.Quality:1]]
[2020.06.03-00.10.22:204][  0]LogConfig: Setting CVar [[r.SSS.HalfRes:1]]
[2020.06.03-00.10.22:204][  0]LogConfig: Setting CVar [[r.EmitterSpawnRateScale:1.0]]
[2020.06.03-00.10.22:204][  0]LogConfig: Setting CVar [[r.ParticleLightQuality:2]]
[2020.06.03-00.10.22:204][  0]LogConfig: Applying CVar settings from Section [FoliageQuality@3] File [Z:/ISG_/ISG/Saved/Config/Windows/Scalability.ini]
[2020.06.03-00.10.22:204][  0]LogConfig: Setting CVar [[foliage.DensityScale:1.0]]
[2020.06.03-00.10.22:204][  0]LogConfig: Setting CVar [[grass.DensityScale:1.0]]
[2020.06.03-00.10.22:204][  0]LogInit: Selected Device Profile: [Windows]
[2020.06.03-00.10.22:204][  0]LogInit: Applying CVar settings loaded from the selected device profile: [Windows]
[2020.06.03-00.10.22:206][  0]LogHAL: Display: Platform has ~ 16 GB [17106059264 / 17179869184 / 16], which maps to Larger [LargestMinGB=32, LargerMinGB=12, DefaultMinGB=8, SmallerMinGB=6, SmallestMinGB=0)
[2020.06.03-00.10.22:206][  0]LogInit: Going up to parent DeviceProfile []
[2020.06.03-00.10.22:206][  0]LogConfig: Applying CVar settings from Section [ViewDistanceQuality@Cine] File [Z:/ISG_/ISG/Saved/Config/Windows/Scalability.ini]
[2020.06.03-00.10.22:206][  0]LogConfig: Setting CVar [[r.SkeletalMeshLODBias:0]]
[2020.06.03-00.10.22:206][  0]LogConfig: Setting CVar [[r.ViewDistanceScale:10.0]]
[2020.06.03-00.10.22:206][  0]LogConfig: Applying CVar settings from Section [AntiAliasingQuality@Cine] File [Z:/ISG_/ISG/Saved/Config/Windows/Scalability.ini]
[2020.06.03-00.10.22:206][  0]LogConfig: Setting CVar [[r.PostProcessAAQuality:6]]
[2020.06.03-00.10.22:206][  0]LogConfig: Applying CVar settings from Section [ShadowQuality@Cine] File [Z:/ISG_/ISG/Saved/Config/Windows/Scalability.ini]
[2020.06.03-00.10.22:206][  0]LogConfig: Setting CVar [[r.LightFunctionQuality:1]]
[2020.06.03-00.10.22:206][  0]LogConfig: Setting CVar [[r.ShadowQuality:5]]
[2020.06.03-00.10.22:206][  0]LogConfig: Setting CVar [[r.Shadow.CSM.MaxCascades:10]]
[2020.06.03-00.10.22:206][  0]LogConfig: Setting CVar [[r.Shadow.MaxResolution:4096]]
[2020.06.03-00.10.22:206][  0]LogConfig: Setting CVar [[r.Shadow.MaxCSMResolution:4096]]
[2020.06.03-00.10.22:206][  0]LogConfig: Setting CVar [[r.Shadow.RadiusThreshold:0]]
[2020.06.03-00.10.22:206][  0]LogConfig: Setting CVar [[r.Shadow.DistanceScale:1.0]]
[2020.06.03-00.10.22:206][  0]LogConfig: Setting CVar [[r.Shadow.CSM.TransitionScale:1.0]]
[2020.06.03-00.10.22:206][  0]LogConfig: Setting CVar [[r.Shadow.PreShadowResolutionFactor:1.0]]
[2020.06.03-00.10.22:206][  0]LogConfig: Setting CVar [[r.DistanceFieldShadowing:1]]
[2020.06.03-00.10.22:206][  0]LogConfig: Setting CVar [[r.DistanceFieldAO:1]]
[2020.06.03-00.10.22:206][  0]LogConfig: Setting CVar [[r.AOQuality:2]]
[2020.06.03-00.10.22:206][  0]LogConfig: Setting CVar [[r.VolumetricFog:1]]
[2020.06.03-00.10.22:206][  0]LogConfig: Setting CVar [[r.VolumetricFog.GridPixelSize:4]]
[2020.06.03-00.10.22:206][  0]LogConfig: Setting CVar [[r.VolumetricFog.GridSizeZ:128]]
[2020.06.03-00.10.22:206][  0]LogConfig: Setting CVar [[r.VolumetricFog.HistoryMissSupersampleCount:16]]
[2020.06.03-00.10.22:206][  0]LogConfig: Setting CVar [[r.LightMaxDrawDistanceScale:1]]
[2020.06.03-00.10.22:206][  0]LogConfig: Setting CVar [[r.CapsuleShadows:1]]
[2020.06.03-00.10.22:206][  0]LogConfig: Applying CVar settings from Section [PostProcessQuality@Cine] File [Z:/ISG_/ISG/Saved/Config/Windows/Scalability.ini]
[2020.06.03-00.10.22:206][  0]LogConfig: Setting CVar [[r.MotionBlurQuality:4]]
[2020.06.03-00.10.22:206][  0]LogConfig: Setting CVar [[r.AmbientOcclusionMipLevelFactor:0.4]]
[2020.06.03-00.10.22:206][  0]LogConfig: Setting CVar [[r.AmbientOcclusionMaxQuality:100]]
[2020.06.03-00.10.22:206][  0]LogConfig: Setting CVar [[r.AmbientOcclusionLevels:-1]]
[2020.06.03-00.10.22:206][  0]LogConfig: Setting CVar [[r.AmbientOcclusionRadiusScale:1.0]]
[2020.06.03-00.10.22:206][  0]LogConfig: Setting CVar [[r.DepthOfFieldQuality:4]]
[2020.06.03-00.10.22:206][  0]LogConfig: Setting CVar [[r.RenderTargetPoolMin:1000]]
[2020.06.03-00.10.22:206][  0]LogConfig: Setting CVar [[r.LensFlareQuality:3]]
[2020.06.03-00.10.22:206][  0]LogConfig: Setting CVar [[r.SceneColorFringeQuality:1]]
[2020.06.03-00.10.22:206][  0]LogConfig: Setting CVar [[r.EyeAdaptationQuality:2]]
[2020.06.03-00.10.22:206][  0]LogConfig: Setting CVar [[r.BloomQuality:5]]
[2020.06.03-00.10.22:206][  0]LogConfig: Setting CVar [[r.FastBlurThreshold:100]]
[2020.06.03-00.10.22:206][  0]LogConfig: Setting CVar [[r.Upscale.Quality:3]]
[2020.06.03-00.10.22:206][  0]LogConfig: Setting CVar [[r.Tonemapper.GrainQuantization:1]]
[2020.06.03-00.10.22:206][  0]LogConfig: Setting CVar [[r.LightShaftQuality:1]]
[2020.06.03-00.10.22:206][  0]LogConfig: Setting CVar [[r.Filter.SizeScale:1]]
[2020.06.03-00.10.22:206][  0]LogConfig: Setting CVar [[r.Tonemapper.Quality:5]]
[2020.06.03-00.10.22:206][  0]LogConfig: Setting CVar [[r.DOF.Gather.AccumulatorQuality:1        ; higher gathering accumulator quality]]
[2020.06.03-00.10.22:206][  0]LogConfig: Setting CVar [[r.DOF.Gather.PostfilterMethod:1          ; Median3x3 postfilering method]]
[2020.06.03-00.10.22:206][  0]LogConfig: Setting CVar [[r.DOF.Gather.EnableBokehSettings:1       ; bokeh simulation when gathering]]
[2020.06.03-00.10.22:206][  0]LogConfig: Setting CVar [[r.DOF.Gather.RingCount:5                 ; high number of samples when gathering]]
[2020.06.03-00.10.22:206][  0]LogConfig: Setting CVar [[r.DOF.Scatter.ForegroundCompositing:1    ; additive foreground scattering]]
[2020.06.03-00.10.22:206][  0]LogConfig: Setting CVar [[r.DOF.Scatter.BackgroundCompositing:2    ; background scattering occlusion]]
[2020.06.03-00.10.22:206][  0]LogConfig: Setting CVar [[r.DOF.Scatter.EnableBokehSettings:1      ; no bokeh simulation when scattering]]
[2020.06.03-00.10.22:206][  0]LogConfig: Setting CVar [[r.DOF.Scatter.MaxSpriteRatio:0.25        ; only a maximum of 10% of scattered bokeh]]
[2020.06.03-00.10.22:206][  0]LogConfig: Setting CVar [[r.DOF.Recombine.Quality:2                ; highest slight out of focus]]
[2020.06.03-00.10.22:206][  0]LogConfig: Setting CVar [[r.DOF.Recombine.EnableBokehSettings:1    ; bokeh simulation on slight out of focus]]
[2020.06.03-00.10.22:206][  0]LogConfig: Setting CVar [[r.DOF.TemporalAAQuality:1                ; more stable temporal accumulation]]
[2020.06.03-00.10.22:206][  0]LogConfig: Setting CVar [[r.DOF.Kernel.MaxForegroundRadius:0.025]]
[2020.06.03-00.10.22:206][  0]LogConfig: Setting CVar [[r.DOF.Kernel.MaxBackgroundRadius:0.025]]
[2020.06.03-00.10.22:206][  0]LogConfig: Applying CVar settings from Section [TextureQuality@Cine] File [Z:/ISG_/ISG/Saved/Config/Windows/Scalability.ini]
[2020.06.03-00.10.22:206][  0]LogConfig: Setting CVar [[r.Streaming.MipBias:0]]
[2020.06.03-00.10.22:206][  0]LogConfig: Setting CVar [[r.Streaming.AmortizeCPUToGPUCopy:0]]
[2020.06.03-00.10.22:206][  0]LogConfig: Setting CVar [[r.Streaming.MaxNumTexturesToStreamPerFrame:0]]
[2020.06.03-00.10.22:207][  0]LogConfig: Setting CVar [[r.Streaming.Boost:1]]
[2020.06.03-00.10.22:207][  0]LogConfig: Setting CVar [[r.MaxAnisotropy:8]]
[2020.06.03-00.10.22:207][  0]LogConfig: Setting CVar [[r.Streaming.LimitPoolSizeToVRAM:0]]
[2020.06.03-00.10.22:207][  0]LogConfig: Setting CVar [[r.Streaming.PoolSize:3000]]
[2020.06.03-00.10.22:207][  0]LogConfig: Setting CVar [[r.Streaming.MaxEffectiveScreenSize:0]]
[2020.06.03-00.10.22:207][  0]LogConfig: Applying CVar settings from Section [EffectsQuality@Cine] File [Z:/ISG_/ISG/Saved/Config/Windows/Scalability.ini]
[2020.06.03-00.10.22:207][  0]LogConfig: Setting CVar [[r.TranslucencyLightingVolumeDim:64]]
[2020.06.03-00.10.22:207][  0]LogConfig: Setting CVar [[r.RefractionQuality:2]]
[2020.06.03-00.10.22:207][  0]LogConfig: Setting CVar [[r.SSR.Quality:4]]
[2020.06.03-00.10.22:207][  0]LogConfig: Setting CVar [[r.SceneColorFormat:4]]
[2020.06.03-00.10.22:207][  0]LogConfig: Setting CVar [[r.DetailMode:2]]
[2020.06.03-00.10.22:207][  0]LogConfig: Setting CVar [[r.TranslucencyVolumeBlur:1]]
[2020.06.03-00.10.22:207][  0]LogConfig: Setting CVar [[r.MaterialQualityLevel:1 ; High quality]]
[2020.06.03-00.10.22:207][  0]LogConfig: Setting CVar [[r.SSS.Scale:1]]
[2020.06.03-00.10.22:207][  0]LogConfig: Setting CVar [[r.SSS.SampleSet:2]]
[2020.06.03-00.10.22:207][  0]LogConfig: Setting CVar [[r.SSS.Quality:1]]
[2020.06.03-00.10.22:207][  0]LogConfig: Setting CVar [[r.SSS.HalfRes:0]]
[2020.06.03-00.10.22:207][  0]LogConfig: Setting CVar [[r.EmitterSpawnRateScale:1.0]]
[2020.06.03-00.10.22:207][  0]LogConfig: Setting CVar [[r.ParticleLightQuality:2]]
[2020.06.03-00.10.22:207][  0]LogConfig: Applying CVar settings from Section [FoliageQuality@Cine] File [Z:/ISG_/ISG/Saved/Config/Windows/Scalability.ini]
[2020.06.03-00.10.22:207][  0]LogConfig: Setting CVar [[foliage.DensityScale:1.0]]
[2020.06.03-00.10.22:207][  0]LogConfig: Setting CVar [[grass.DensityScale:1.0]]
[2020.06.03-00.10.22:207][  0]LogConfig: Applying CVar settings from Section [Startup] File [../../../Engine/Config/ConsoleVariables.ini]
[2020.06.03-00.10.22:207][  0]LogConfig: Setting CVar [[net.UseAdaptiveNetUpdateFrequency:0]]
[2020.06.03-00.10.22:207][  0]LogConfig: Setting CVar [[p.chaos.AllowCreatePhysxBodies:1]]
[2020.06.03-00.10.22:207][  0]LogConfig: Applying CVar settings from Section [ConsoleVariables] File [Z:/ISG_/ISG/Saved/Config/Windows/Engine.ini]
[2020.06.03-00.10.22:207][  0]LogInit: Computer: JOEYCOMPUTER
[2020.06.03-00.10.22:207][  0]LogInit: User: joeym
[2020.06.03-00.10.22:207][  0]LogInit: CPU Page size=4096, Cores=4
[2020.06.03-00.10.22:207][  0]LogInit: High frequency timer resolution =10.000000 MHz
[2020.06.03-00.10.22:207][  0]LogMemory: Memory total: Physical=15.9GB (16GB approx)
[2020.06.03-00.10.22:207][  0]LogMemory: Platform Memory Stats for Windows
[2020.06.03-00.10.22:207][  0]LogMemory: Process Physical Memory: 102.12 MB used, 102.12 MB peak
[2020.06.03-00.10.22:207][  0]LogMemory: Process Virtual Memory: 99.07 MB used, 99.07 MB peak
[2020.06.03-00.10.22:207][  0]LogMemory: Physical Memory: 6707.89 MB used,  9605.71 MB free, 16313.61 MB total
[2020.06.03-00.10.22:207][  0]LogMemory: Virtual Memory: 4668.18 MB used,  134213056.00 MB free, 134217728.00 MB total
[2020.06.03-00.10.22:211][  0]LogWindows: WindowsPlatformFeatures enabled
[2020.06.03-00.10.22:234][  0]LogInit: Using OS detected language (nl-NL).
[2020.06.03-00.10.22:234][  0]LogInit: Using OS detected locale (nl-NL).
[2020.06.03-00.10.22:235][  0]LogTextLocalizationManager: No localization for 'nl-NL' exists, so 'en' will be used for the language.
[2020.06.03-00.10.22:420][  0]LogSlate: New Slate User Created.  User Index 0, Is Virtual User: 0
[2020.06.03-00.10.22:420][  0]LogSlate: Slate User Registered.  User Index 0, Is Virtual User: 0
[2020.06.03-00.10.22:622][  0]LogHMD: Failed to initialize OpenVR with code 110
[2020.06.03-00.10.22:622][  0]LogD3D11RHI: D3D11 adapters:
[2020.06.03-00.10.22:670][  0]LogD3D11RHI:    0. 'NVIDIA GeForce GTX 1080' (Feature Level 11_0)
[2020.06.03-00.10.22:670][  0]LogD3D11RHI:       8079/0/8156 MB DedicatedVideo/DedicatedSystem/SharedSystem, Outputs:3, VendorId:0x10de
[2020.06.03-00.10.22:672][  0]LogD3D11RHI:    1. 'Microsoft Basic Render Driver' (Feature Level 11_0)
[2020.06.03-00.10.22:672][  0]LogD3D11RHI:       0/0/8156 MB DedicatedVideo/DedicatedSystem/SharedSystem, Outputs:0, VendorId:0x1414
[2020.06.03-00.10.22:672][  0]LogD3D11RHI: Chosen D3D11 Adapter: 0
[2020.06.03-00.10.22:679][  0]LogD3D11RHI: Creating new Direct3DDevice
[2020.06.03-00.10.22:679][  0]LogD3D11RHI:     GPU DeviceId: 0x1b80 (for the marketing name, search the web for "GPU Device Id")
[2020.06.03-00.10.22:679][  0]LogWindows: EnumDisplayDevices:
[2020.06.03-00.10.22:679][  0]LogWindows:    0. 'NVIDIA GeForce GTX 1080' (P:1 D:1)
[2020.06.03-00.10.22:680][  0]LogWindows:    1. 'NVIDIA GeForce GTX 1080' (P:0 D:1)
[2020.06.03-00.10.22:680][  0]LogWindows:    2. 'NVIDIA GeForce GTX 1080' (P:0 D:1)
[2020.06.03-00.10.22:680][  0]LogWindows:    3. 'NVIDIA GeForce GTX 1080' (P:0 D:0)
[2020.06.03-00.10.22:680][  0]LogWindows: DebugString: FoundDriverCount:4 
[2020.06.03-00.10.22:680][  0]LogD3D11RHI:     Adapter Name: NVIDIA GeForce GTX 1080
[2020.06.03-00.10.22:680][  0]LogD3D11RHI:   Driver Version: 446.14 (internal:26.21.14.4614, unified:446.14)
[2020.06.03-00.10.22:680][  0]LogD3D11RHI:      Driver Date: 5-15-2020
[2020.06.03-00.10.22:680][  0]LogRHI: Texture pool is 5655 MB (70% of 8079 MB)
[2020.06.03-00.10.22:715][  0]LogD3D11RHI: Async texture creation enabled
[2020.06.03-00.10.22:725][  0]LogD3D11RHI: GPU Timing Frequency: 1000.000000 (Debug: 2 1)
[2020.06.03-00.10.22:729][  0]LogD3D11RHI: HDR output is supported on display 2 (NvId: 0x80061082).
[2020.06.03-00.10.22:992][  0]LogTemp: Display: Module 'AllDesktopTargetPlatform' loaded TargetPlatform 'AllDesktop'
[2020.06.03-00.10.22:998][  0]LogTemp: Display: Module 'MacClientTargetPlatform' loaded TargetPlatform 'MacClient'
[2020.06.03-00.10.23:005][  0]LogTemp: Display: Module 'MacNoEditorTargetPlatform' loaded TargetPlatform 'MacNoEditor'
[2020.06.03-00.10.23:011][  0]LogTemp: Display: Module 'MacServerTargetPlatform' loaded TargetPlatform 'MacServer'
[2020.06.03-00.10.23:017][  0]LogTemp: Display: Module 'MacTargetPlatform' loaded TargetPlatform 'Mac'
[2020.06.03-00.10.23:024][  0]LogTemp: Display: Module 'WindowsClientTargetPlatform' loaded TargetPlatform 'WindowsClient'
[2020.06.03-00.10.23:030][  0]LogTemp: Display: Module 'WindowsNoEditorTargetPlatform' loaded TargetPlatform 'WindowsNoEditor'
[2020.06.03-00.10.23:037][  0]LogTemp: Display: Module 'WindowsServerTargetPlatform' loaded TargetPlatform 'WindowsServer'
[2020.06.03-00.10.23:040][  0]LogTemp: Display: Module 'WindowsTargetPlatform' loaded TargetPlatform 'Windows'
[2020.06.03-00.10.23:066][  0]LogTemp: Display: Module 'AndroidTargetPlatform' loaded TargetPlatform 'Android'
[2020.06.03-00.10.23:066][  0]LogTemp: Display: Module 'AndroidTargetPlatform' loaded TargetPlatform 'Android_ASTC'
[2020.06.03-00.10.23:066][  0]LogTemp: Display: Module 'AndroidTargetPlatform' loaded TargetPlatform 'Android_ATC'
[2020.06.03-00.10.23:066][  0]LogTemp: Display: Module 'AndroidTargetPlatform' loaded TargetPlatform 'Android_DXT'
[2020.06.03-00.10.23:066][  0]LogTemp: Display: Module 'AndroidTargetPlatform' loaded TargetPlatform 'Android_ETC1'
[2020.06.03-00.10.23:066][  0]LogTemp: Display: Module 'AndroidTargetPlatform' loaded TargetPlatform 'Android_ETC1a'
[2020.06.03-00.10.23:066][  0]LogTemp: Display: Module 'AndroidTargetPlatform' loaded TargetPlatform 'Android_ETC2'
[2020.06.03-00.10.23:066][  0]LogTemp: Display: Module 'AndroidTargetPlatform' loaded TargetPlatform 'Android_PVRTC'
[2020.06.03-00.10.23:066][  0]LogTemp: Display: Module 'AndroidTargetPlatform' loaded TargetPlatform 'AndroidClient'
[2020.06.03-00.10.23:066][  0]LogTemp: Display: Module 'AndroidTargetPlatform' loaded TargetPlatform 'Android_ASTCClient'
[2020.06.03-00.10.23:066][  0]LogTemp: Display: Module 'AndroidTargetPlatform' loaded TargetPlatform 'Android_ATCClient'
[2020.06.03-00.10.23:066][  0]LogTemp: Display: Module 'AndroidTargetPlatform' loaded TargetPlatform 'Android_DXTClient'
[2020.06.03-00.10.23:066][  0]LogTemp: Display: Module 'AndroidTargetPlatform' loaded TargetPlatform 'Android_ETC1Client'
[2020.06.03-00.10.23:066][  0]LogTemp: Display: Module 'AndroidTargetPlatform' loaded TargetPlatform 'Android_ETC1aClient'
[2020.06.03-00.10.23:066][  0]LogTemp: Display: Module 'AndroidTargetPlatform' loaded TargetPlatform 'Android_ETC2Client'
[2020.06.03-00.10.23:066][  0]LogTemp: Display: Module 'AndroidTargetPlatform' loaded TargetPlatform 'Android_PVRTCClient'
[2020.06.03-00.10.23:066][  0]LogTemp: Display: Module 'AndroidTargetPlatform' loaded TargetPlatform 'Android_Multi'
[2020.06.03-00.10.23:066][  0]LogTemp: Display: Module 'AndroidTargetPlatform' loaded TargetPlatform 'Android_MultiClient'
[2020.06.03-00.10.23:068][  0]LogTemp: Display: Module 'HTML5TargetPlatform' loaded TargetPlatform 'HTML5'
[2020.06.03-00.10.23:081][  0]LogTemp: Display: Module 'IOSTargetPlatform' loaded TargetPlatform 'IOSClient'
[2020.06.03-00.10.23:081][  0]LogTemp: Display: Module 'IOSTargetPlatform' loaded TargetPlatform 'IOS'
[2020.06.03-00.10.23:093][  0]LogTemp: Display: Module 'TVOSTargetPlatform' loaded TargetPlatform 'TVOSClient'
[2020.06.03-00.10.23:093][  0]LogTemp: Display: Module 'TVOSTargetPlatform' loaded TargetPlatform 'TVOS'
[2020.06.03-00.10.23:098][  0]LogTemp: Display: Module 'LinuxClientTargetPlatform' loaded TargetPlatform 'LinuxClient'
[2020.06.03-00.10.23:104][  0]LogTemp: Display: Module 'LinuxNoEditorTargetPlatform' loaded TargetPlatform 'LinuxNoEditor'
[2020.06.03-00.10.23:110][  0]LogTemp: Display: Module 'LinuxServerTargetPlatform' loaded TargetPlatform 'LinuxServer'
[2020.06.03-00.10.23:116][  0]LogTemp: Display: Module 'LinuxTargetPlatform' loaded TargetPlatform 'Linux'
[2020.06.03-00.10.23:137][  0]LogTemp: Display: Module 'LuminTargetPlatform' loaded TargetPlatform 'Lumin'
[2020.06.03-00.10.23:137][  0]LogTemp: Display: Module 'LuminTargetPlatform' loaded TargetPlatform 'LuminClient'
[2020.06.03-00.10.23:137][  0]LogTargetPlatformManager: Display: Building Assets For Windows
[2020.06.03-00.10.23:144][  0]LogAudioDebug: Display: Lib vorbis DLL was dynamically loaded.
[2020.06.03-00.10.23:183][  0]LogShaderCompilers: Guid format shader working directory is 34 characters bigger than the processId version (Z:/ISG_/ISG/Intermediate/Shaders/WorkingDirectory/17916/).
[2020.06.03-00.10.23:183][  0]LogShaderCompilers: Cleaned the shader compiler working directory 'C:/Users/joeym/AppData/Local/Temp/UnrealShaderWorkingDir/C8D68611483FB9B4E597CFBBFE5525AC/'.
[2020.06.03-00.10.23:184][  0]LogXGEController: Cleaning working directory: C:/Users/joeym/AppData/Local/Temp/UnrealXGEWorkingDir/
[2020.06.03-00.10.23:184][  0]LogXGEController: Cannot use XGE Controller as Incredibuild is not installed on this machine.
[2020.06.03-00.10.23:184][  0]LogShaderCompilers: Cannot use XGE Shader Compiler as Incredibuild is not installed on this machine.
[2020.06.03-00.10.23:184][  0]LogShaderCompilers: Display: Using Local Shader Compiler.
[2020.06.03-00.10.23:686][  0]LogDerivedDataCache: Display: Max Cache Size: 512 MB
[2020.06.03-00.10.23:731][  0]LogDerivedDataCache: Loaded boot cache 0.05s 74MB C:/Users/joeym/AppData/Local/UnrealEngine/4.23/DerivedDataCache/Boot.ddc.
[2020.06.03-00.10.23:731][  0]LogDerivedDataCache: Display: Loaded Boot cache: C:/Users/joeym/AppData/Local/UnrealEngine/4.23/DerivedDataCache/Boot.ddc
[2020.06.03-00.10.23:731][  0]LogDerivedDataCache: FDerivedDataBackendGraph:  Pak pak cache file Z:/ISG_/ISG/DerivedDataCache/DDC.ddp not found, will not use a pak cache.
[2020.06.03-00.10.23:731][  0]LogDerivedDataCache: Unable to find inner node Pak for hierarchical cache Hierarchy.
[2020.06.03-00.10.23:731][  0]LogDerivedDataCache: FDerivedDataBackendGraph:  CompressedPak pak cache file Z:/ISG_/ISG/DerivedDataCache/Compressed.ddp not found, will not use a pak cache.
[2020.06.03-00.10.23:731][  0]LogDerivedDataCache: Unable to find inner node CompressedPak for hierarchical cache Hierarchy.
[2020.06.03-00.10.23:740][  0]LogDerivedDataCache: Display: Pak cache opened for reading ../../../Engine/DerivedDataCache/Compressed.ddp.
[2020.06.03-00.10.23:742][  0]LogDerivedDataCache: Display: Pak cache opened for reading ../../../Enterprise/DerivedDataCache/Compressed.ddp.
[2020.06.03-00.10.23:743][  0]LogDerivedDataCache: Using Local data cache path C:/Users/joeym/AppData/Local/UnrealEngine/Common/DerivedDataCache: Writable
[2020.06.03-00.10.23:743][  0]LogDerivedDataCache: Shared data cache path not found in *engine.ini, will not use an Shared cache.
[2020.06.03-00.10.23:743][  0]LogDerivedDataCache: Unable to find inner node Shared for hierarchical cache Hierarchy.
[2020.06.03-00.10.23:759][  0]LogMaterial: Verifying Global Shaders for PCD3D_SM5
[2020.06.03-00.10.23:761][  0]LogSlate: Using FreeType 2.6.0
[2020.06.03-00.10.23:762][  0]LogSlate: SlateFontServices - WITH_FREETYPE: 1, WITH_HARFBUZZ: 1
[2020.06.03-00.10.23:814][  0]LogAssetRegistry: FAssetRegistry took 0.0021 seconds to start up
[2020.06.03-00.10.24:031][  0]LogInit: Selected Device Profile: [Windows]
[2020.06.03-00.10.24:149][  0]LogMeshReduction: Using QuadricMeshReduction for automatic static mesh reduction
[2020.06.03-00.10.24:149][  0]LogMeshReduction: Using SimplygonMeshReduction for automatic skeletal mesh reduction
[2020.06.03-00.10.24:149][  0]LogMeshReduction: Using ProxyLODMeshReduction for automatic mesh merging
[2020.06.03-00.10.24:149][  0]LogMeshReduction: No distributed automatic mesh merging module available
[2020.06.03-00.10.24:149][  0]LogMeshMerging: No distributed automatic mesh merging module available
[2020.06.03-00.10.24:157][  0]LogNetVersion: ISG 1.0.0, NetCL: 8386587, EngineNetVer: 11, GameNetVer: 0 (Checksum: 1051496785)
[2020.06.03-00.10.24:512][  0]LogPackageLocalizationCache: Processed 19 localized package path(s) for 1 prioritized culture(s) in 0.055644 seconds
[2020.06.03-00.10.24:518][  0]LogUObjectArray: 43453 objects as part of root set at end of initial load.
[2020.06.03-00.10.24:518][  0]LogUObjectAllocator: 7559736 out of 0 bytes used by permanent object pool.
[2020.06.03-00.10.24:518][  0]LogUObjectArray: CloseDisregardForGC: 0/0 objects in disregard for GC pool
[2020.06.03-00.10.25:282][  0]LogTcpMessaging: Initializing TcpMessaging bridge
[2020.06.03-00.10.25:285][  0]LogUdpMessaging: Initializing bridge on interface 0.0.0.0:0 to multicast group 230.0.0.1:6666.
[2020.06.03-00.10.25:342][  0]SourceControl: Source control is disabled
[2020.06.03-00.10.25:342][  0]SourceControl: Source control is disabled
[2020.06.03-00.10.25:344][  0]SourceControl: Source control is disabled
[2020.06.03-00.10.25:345][  0]SourceControl: Source control is disabled
[2020.06.03-00.10.25:494][  0]LogAndroidPermission: UAndroidPermissionCallbackProxy::GetInstance
[2020.06.03-00.10.25:661][  0]LogOcInput: OculusInput pre-init called
[2020.06.03-00.10.25:667][  0]LogWindows: Failed to load 'OVRPlugin.dll' (GetLastError=126)
[2020.06.03-00.10.25:667][  0]LogWindows: File 'OVRPlugin.dll' does not exist
[2020.06.03-00.10.27:937][  0]LogEngine: Initializing Engine...
[2020.06.03-00.10.27:937][  0]LogHMD: Failed to initialize OpenVR with code 110
[2020.06.03-00.10.27:938][  0]LogStats: UGameplayTagsManager::InitializeManager -  0.000 s
[2020.06.03-00.10.28:116][  0]LogInit: Initializing FReadOnlyCVARCache
[2020.06.03-00.10.28:128][  0]LogAIModule: Creating AISystem for world Untitled
[2020.06.03-00.10.28:174][  0]LogInit: XAudio2 using 'Hoofdtelefoon (3- Arctis 7 Game)' : 2 channels at 48 kHz using 16 bits per sample (channel mask 0x3)
[2020.06.03-00.10.28:214][  0]LogInit: FAudioDevice initialized.
[2020.06.03-00.10.28:214][  0]LogNetVersion: Set ProjectVersion to 1.0.0.0. Version Checksum will be recalculated on next use.
[2020.06.03-00.10.28:259][  0]LogDerivedDataCache: Saved boot cache 0.04s 74MB C:/Users/joeym/AppData/Local/UnrealEngine/4.23/DerivedDataCache/Boot.ddc.
[2020.06.03-00.10.28:264][  0]LogInit: Texture streaming: Enabled
[2020.06.03-00.10.28:281][  0]LogEngineSessionManager: EngineSessionManager initialized
[2020.06.03-00.10.28:281][  0]LogEditorSessionSummary: Verbose: Initializing EditorSessionSummaryWriter for editor session tracking
[2020.06.03-00.10.28:282][  0]LogEditorSessionSummary: EditorSessionSummaryWriter initialized
[2020.06.03-00.10.28:325][  0]LogInit: Transaction tracking system initialized
[2020.06.03-00.10.28:346][  0]BlueprintLog: New page: Editor Load
[2020.06.03-00.10.28:397][  0]LocalizationService: Localization service is disabled
[2020.06.03-00.10.28:612][  0]LogFileCache: Scanning file cache for directory 'Z:/ISG_/ISG/Content/' took 0.01s
[2020.06.03-00.10.28:612][  0]LogCook: Display: Max memory allowance for cook 16384mb min free memory 0mb
[2020.06.03-00.10.28:612][  0]LogCook: Display: Mobile HDR setting 1
[2020.06.03-00.10.30:214][  0]SourceControl: Source control is disabled
[2020.06.03-00.10.30:214][  0]Cmd: MAP LOAD FILE="Z:/ISG_/ISG/Content/MainMenuRelated/MM_Level.umap" TEMPLATE=0 SHOWPROGRESS=1 FEATURELEVEL=3
[2020.06.03-00.10.30:214][  0]LightingResults: New page: Lighting Build
[2020.06.03-00.10.30:216][  0]LogWorld: UWorld::CleanupWorld for Untitled, bSessionEnded=true, bCleanupResources=true
[2020.06.03-00.10.30:216][  0]MapCheck: New page: Map Check
[2020.06.03-00.10.30:216][  0]LightingResults: New page: Lighting Build
[2020.06.03-00.10.30:238][  0]LogUObjectHash: Compacting FUObjectHashTables data took   1.49ms
[2020.06.03-00.10.30:785][  0]LogAIModule: Creating AISystem for world MM_Level
[2020.06.03-00.10.30:815][  0]LogEditorServer: Finished looking for orphan Actors (0.000 secs)
[2020.06.03-00.10.30:841][  0]LogUObjectHash: Compacting FUObjectHashTables data took   2.32ms
[2020.06.03-00.10.30:841][  0]Cmd: MAP CHECKDEP NOCLEARLOG
[2020.06.03-00.10.30:842][  0]MapCheck: Map check complete: 0 Error(s), 0 Warning(s), took 0,111ms to complete.
[2020.06.03-00.10.30:842][  0]LogFileHelpers: Loading map 'MM_Level' took 0.628
[2020.06.03-00.10.30:949][  0]LogSlate: Updating window title bar state: overlay mode, drag disabled, window buttons hidden, title bar hidden
[2020.06.03-00.10.30:954][  0]LogSlate: Updating window title bar state: overlay mode, drag disabled, window buttons hidden, title bar hidden
[2020.06.03-00.10.30:959][  0]LogSlate: Updating window title bar state: overlay mode, drag disabled, window buttons hidden, title bar hidden
[2020.06.03-00.10.30:965][  0]LogSlate: Updating window title bar state: overlay mode, drag disabled, window buttons hidden, title bar hidden
[2020.06.03-00.10.30:969][  0]LogCollectionManager: Loaded 0 collections in 0.000774 seconds
[2020.06.03-00.10.30:972][  0]LogFileCache: Scanning file cache for directory 'Z:/ISG_/ISG/Saved/Collections/' took 0.00s
[2020.06.03-00.10.30:972][  0]LogFileCache: Scanning file cache for directory 'Z:/ISG_/ISG/Content/Developers/joeym/Collections/' took 0.00s
[2020.06.03-00.10.30:972][  0]LogFileCache: Scanning file cache for directory 'Z:/ISG_/ISG/Content/Collections/' took 0.00s
[2020.06.03-00.10.30:972][  0]LogCollectionManager: Rebuilt the GUID cache for 0 collections in 0.000001 seconds
[2020.06.03-00.10.30:979][  0]LogContentBrowser: Native class hierarchy populated in 0.0070 seconds. Added 3072 classes and 778 folders.
[2020.06.03-00.10.30:983][  0]LogContentBrowser: Native class hierarchy updated for 'WidgetCarousel' in 0.0002 seconds. Added 0 classes and 0 folders.
[2020.06.03-00.10.31:037][  0]LogContentBrowser: Native class hierarchy updated for 'AddContentDialog' in 0.0002 seconds. Added 0 classes and 0 folders.
[2020.06.03-00.10.31:040][  0]LogContentBrowser: Native class hierarchy updated for 'SceneOutliner' in 0.0002 seconds. Added 1 classes and 0 folders.
[2020.06.03-00.10.31:104][  0]LogContentBrowser: Native class hierarchy updated for 'WorldBrowser' in 0.0003 seconds. Added 2 classes and 3 folders.
[2020.06.03-00.10.31:116][  0]LogSlate: Took 0.000231 seconds to synchronously load lazily loaded font '../../../Engine/Content/Slate/Fonts/Roboto-Bold.ttf' (160K)
[2020.06.03-00.10.31:117][  0]LogSlate: Took 0.000170 seconds to synchronously load lazily loaded font '../../../Engine/Content/Slate/Fonts/Roboto-Regular.ttf' (155K)
[2020.06.03-00.10.31:124][  0]LogContentBrowser: Native class hierarchy updated for 'HierarchicalLODOutliner' in 0.0003 seconds. Added 0 classes and 0 folders.
[2020.06.03-00.10.31:124][  0]LogLoad: (Engine Initialization) Total time: 10.23 seconds
[2020.06.03-00.10.31:124][  0]LogLoad: (Engine Initialization) Total Blueprint compile time: 0.00 seconds
[2020.06.03-00.10.31:179][  0]LogAssetRegistry: Asset discovery search completed in 7.3658 seconds
[2020.06.03-00.10.31:182][  0]LogCollectionManager: Rebuilt the object cache for 0 collections in 0.000004 seconds (found 0 objects)
[2020.06.03-00.10.31:182][  0]LogCollectionManager: Fixed up redirectors for 0 collections in 0.000067 seconds (updated 0 objects)
[2020.06.03-00.10.31:183][  0]LogContentStreaming: Texture pool size now 3000 MB
[2020.06.03-00.10.31:195][  0]LogSlate: Took 0.000262 seconds to synchronously load lazily loaded font '../../../Engine/Content/Editor/Slate/Fonts/FontAwesome.ttf' (139K)
[2020.06.03-00.10.31:244][  0]LogRenderer: Reallocating scene render targets to support 804x272 Format 10 NumSamples 1 (Frame:1).
[2020.06.03-00.10.31:245][  0]LogSlate: Took 0.000219 seconds to synchronously load lazily loaded font '../../../Engine/Content/Slate/Fonts/Roboto-Light.ttf' (167K)
[2020.06.03-00.10.31:294][  1]LogFileCache: Retrieving MD5 hashes for directory 'Z:/ISG_/ISG/Content/' took 0.16s
[2020.06.03-00.10.33:966][272]LogRenderer: Reallocating scene render targets to support 1308x464 Format 10 NumSamples 1 (Frame:273).
[2020.06.03-00.10.34:629][341]LogSlate: FSceneViewport::OnFocusLost() reason 0
[2020.06.03-00.11.15:298][664]LogSlate: Took 0.000241 seconds to synchronously load lazily loaded font '../../../Engine/Content/Slate/Fonts/Roboto-Light.ttf' (167K)
[2020.06.03-00.11.15:307][664]LogAssetEditorManager: Opening Asset editor for Blueprint /Game/ActorRelated/Consumables/Consumable_Apple.Consumable_Apple
[2020.06.03-00.11.15:533][664]LogContentBrowser: Native class hierarchy updated for 'BlueprintGraph' in 0.0004 seconds. Added 121 classes and 0 folders.
[2020.06.03-00.11.16:258][664]LogSlate: Took 0.000292 seconds to synchronously load lazily loaded font '../../../Engine/Content/Slate/Fonts/Roboto-BoldCondensed.ttf' (158K)
[2020.06.03-00.11.16:296][665]LogSlate: Took 0.000240 seconds to synchronously load lazily loaded font '../../../Engine/Content/Slate/Fonts/Roboto-Italic.ttf' (157K)
[2020.06.03-00.11.25:897][776]Cmd: OBJ SAVEPACKAGE PACKAGE="/Game/ActorRelated/Consumables/Consumable_Apple" FILE="Z:/ISG_/ISG/Content/ActorRelated/Consumables/Consumable_Apple.uasset" SILENT=true
[2020.06.03-00.11.25:931][776]LogSavePackage: Moving 'Z:/ISG_/ISG/Saved/Consumable_Apple5B7C0E1E4B7F0F16CE41CBAAE03DDF32.tmp' to 'Z:/ISG_/ISG/Content/ActorRelated/Consumables/Consumable_Apple.uasset'
[2020.06.03-00.11.38:417][254]Cmd: OBJ SAVEPACKAGE PACKAGE="/Game/ActorRelated/Consumables/Consumable_Apple" FILE="Z:/ISG_/ISG/Content/ActorRelated/Consumables/Consumable_Apple.uasset" SILENT=true
[2020.06.03-00.11.38:435][254]LogSavePackage: Moving 'Z:/ISG_/ISG/Saved/Consumable_Apple659766B84F9C27260D66D68305927F75.tmp' to 'Z:/ISG_/ISG/Content/ActorRelated/Consumables/Consumable_Apple.uasset'
[2020.06.03-00.11.41:444][597]Cmd: OBJ SAVEPACKAGE PACKAGE="/Game/ActorRelated/Consumables/Consumable_Apple" FILE="Z:/ISG_/ISG/Content/ActorRelated/Consumables/Consumable_Apple.uasset" SILENT=true
[2020.06.03-00.11.41:463][597]LogSavePackage: Moving 'Z:/ISG_/ISG/Saved/Consumable_Apple0223437A4ECF10682D5481BCBA41C5CF.tmp' to 'Z:/ISG_/ISG/Content/ActorRelated/Consumables/Consumable_Apple.uasset'
[2020.06.03-00.12.36:534][  6]BlueprintLog: New page: Compile Consumable_Apple
[2020.06.03-00.12.36:717][  6]LogUObjectHash: Compacting FUObjectHashTables data took   3.44ms
[2020.06.03-00.12.37:053][ 41]Cmd: OBJ SAVEPACKAGE PACKAGE="/Game/ActorRelated/Consumables/Consumable_Apple" FILE="Z:/ISG_/ISG/Content/ActorRelated/Consumables/Consumable_Apple.uasset" SILENT=true
[2020.06.03-00.12.37:075][ 41]LogSavePackage: Moving 'Z:/ISG_/ISG/Saved/Consumable_Apple5F8A079E4C4068C28C2ECAA2A6085DD3.tmp' to 'Z:/ISG_/ISG/Content/ActorRelated/Consumables/Consumable_Apple.uasset'
[2020.06.03-00.13.04:366][300]Cmd: OBJ SAVEPACKAGE PACKAGE="/Game/ActorRelated/Consumables/Consumable_Apple" FILE="Z:/ISG_/ISG/Content/ActorRelated/Consumables/Consumable_Apple.uasset" SILENT=true
[2020.06.03-00.13.04:384][300]LogSavePackage: Moving 'Z:/ISG_/ISG/Saved/Consumable_AppleF2A378E841424DB5FC717FA44AD01220.tmp' to 'Z:/ISG_/ISG/Content/ActorRelated/Consumables/Consumable_Apple.uasset'
[2020.06.03-00.13.05:721][400]LogSlate: Window 'Consumable_Apple' being destroyed
[2020.06.03-00.13.05:726][400]LogSlate: Window 'Consumable_Apple' being destroyed
[2020.06.03-00.13.05:746][400]LogWorld: UWorld::CleanupWorld for World_3, bSessionEnded=true, bCleanupResources=true
[2020.06.03-00.13.19:552][985]LogUObjectHash: Compacting FUObjectHashTables data took   2.71ms
[2020.06.03-00.13.19:620][985]LogSlate: Window 'ISG - Unreal Editor' being destroyed
[2020.06.03-00.13.19:621][985]LogWindowsTextInputMethodSystem: Display: IME system now deactivated.
[2020.06.03-00.13.19:725][986]Cmd: QUIT_EDITOR
[2020.06.03-00.13.19:748][986]LogExit: Preparing to exit.
[2020.06.03-00.13.20:398][986]LogWorld: UWorld::CleanupWorld for World_0, bSessionEnded=true, bCleanupResources=true
[2020.06.03-00.13.20:401][986]LogWorld: UWorld::CleanupWorld for World_1, bSessionEnded=true, bCleanupResources=true
[2020.06.03-00.13.20:403][986]LogWorld: UWorld::CleanupWorld for World_2, bSessionEnded=true, bCleanupResources=true
[2020.06.03-00.13.20:407][986]LogWorld: UWorld::CleanupWorld for World_4, bSessionEnded=true, bCleanupResources=true
[2020.06.03-00.13.20:440][986]LogDemo: Cleaned up 0 splitscreen connections with owner deletion
[2020.06.03-00.13.20:449][986]LogWorld: UWorld::CleanupWorld for None, bSessionEnded=true, bCleanupResources=true
[2020.06.03-00.13.20:449][986]LogExit: Editor shut down
[2020.06.03-00.13.20:449][986]LogExit: Transaction tracking system shut down
[2020.06.03-00.13.20:773][986]LogExit: Object subsystem successfully closed.
[2020.06.03-00.13.20:794][986]LogShaderCompilers: Display: Shaders left to compile 0
[2020.06.03-00.13.20:808][986]LogModuleManager: Shutting down and abandoning module BlueprintGraph (740)
[2020.06.03-00.13.20:808][986]LogModuleManager: Shutting down and abandoning module HierarchicalLODOutliner (738)
[2020.06.03-00.13.20:809][986]LogModuleManager: Shutting down and abandoning module WorldBrowser (736)
[2020.06.03-00.13.20:809][986]LogModuleManager: Shutting down and abandoning module SceneOutliner (734)
[2020.06.03-00.13.20:809][986]LogModuleManager: Shutting down and abandoning module AddContentDialog (732)
[2020.06.03-00.13.20:809][986]LogModuleManager: Shutting down and abandoning module WidgetCarousel (731)
[2020.06.03-00.13.20:809][986]LogModuleManager: Shutting down and abandoning module EditorWidgets (728)
[2020.06.03-00.13.20:809][986]LogModuleManager: Shutting down and abandoning module CollectionManager (726)
[2020.06.03-00.13.20:809][986]LogModuleManager: Shutting down and abandoning module StatsViewer (724)
[2020.06.03-00.13.20:809][986]LogModuleManager: Shutting down and abandoning module VirtualTexturingEditor (722)
[2020.06.03-00.13.20:809][986]LogModuleManager: Shutting down and abandoning module FoliageEdit (720)
[2020.06.03-00.13.20:809][986]LogModuleManager: Shutting down and abandoning module LandscapeEditor (718)
[2020.06.03-00.13.20:809][986]LogModuleManager: Shutting down and abandoning module MeshPaintMode (716)
[2020.06.03-00.13.20:809][986]LogModuleManager: Shutting down and abandoning module SceneDepthPickerMode (714)
[2020.06.03-00.13.20:809][986]LogModuleManager: Shutting down and abandoning module ActorPickerMode (712)
[2020.06.03-00.13.20:809][986]LogModuleManager: Shutting down and abandoning module GeometryMode (710)
[2020.06.03-00.13.20:809][986]LogModuleManager: Shutting down and abandoning module TextureAlignMode (708)
[2020.06.03-00.13.20:809][986]LogModuleManager: Shutting down and abandoning module BspMode (706)
[2020.06.03-00.13.20:809][986]LogModuleManager: Shutting down and abandoning module PIEPreviewDeviceProfileSelector (704)
[2020.06.03-00.13.20:809][986]LogModuleManager: Shutting down and abandoning module SequenceRecorderSections (702)
[2020.06.03-00.13.20:809][986]LogModuleManager: Shutting down and abandoning module AutomationWorker (700)
[2020.06.03-00.13.20:809][986]LogModuleManager: Shutting down and abandoning module DatasmithFBXImporter (698)
[2020.06.03-00.13.20:809][986]LogModuleManager: Shutting down and abandoning module DatasmithDeltaGenImporter (696)
[2020.06.03-00.13.20:809][986]LogModuleManager: Shutting down and abandoning module DatasmithVREDImporter (694)
[2020.06.03-00.13.20:809][986]LogModuleManager: Shutting down and abandoning module OculusMR (692)
[2020.06.03-00.13.20:809][986]LogModuleManager: Shutting down and abandoning module AudioCaptureEditor (690)
[2020.06.03-00.13.20:809][986]LogModuleManager: Shutting down and abandoning module MatineeToLevelSequence (688)
[2020.06.03-00.13.20:809][986]LogModuleManager: Shutting down and abandoning module LevelSequenceEditor (686)
[2020.06.03-00.13.20:809][986]LogModuleManager: Shutting down and abandoning module PlacementMode (685)
[2020.06.03-00.13.20:809][986]LogModuleManager: Shutting down and abandoning module MaterialEditor (684)
[2020.06.03-00.13.20:810][986]LogModuleManager: Shutting down and abandoning module ActorSequenceEditor (680)
[2020.06.03-00.13.20:810][986]LogModuleManager: Shutting down and abandoning module WmfMediaFactory (678)
[2020.06.03-00.13.20:810][986]LogModuleManager: Shutting down and abandoning module WmfMediaEditor (676)
[2020.06.03-00.13.20:810][986]LogModuleManager: Shutting down and abandoning module WebMMediaFactory (674)
[2020.06.03-00.13.20:810][986]LogModuleManager: Shutting down and abandoning module WebMMediaEditor (672)
[2020.06.03-00.13.20:810][986]LogModuleManager: Shutting down and abandoning module WebMMedia (670)
[2020.06.03-00.13.20:810][986]LogModuleManager: Shutting down and abandoning module MediaPlayerEditor (668)
[2020.06.03-00.13.20:810][986]LogModuleManager: Shutting down and abandoning module MediaCompositingEditor (666)
[2020.06.03-00.13.20:810][986]LogModuleManager: Shutting down and abandoning module SequenceRecorder (665)
[2020.06.03-00.13.20:810][986]LogModuleManager: Shutting down and abandoning module OpenExrWrapper (662)
[2020.06.03-00.13.20:810][986]LogModuleManager: Shutting down and abandoning module ImgMediaFactory (660)
[2020.06.03-00.13.20:810][986]LogModuleManager: Shutting down and abandoning module ImgMediaEditor (658)
[2020.06.03-00.13.20:810][986]LogModuleManager: Shutting down and abandoning module AvfMediaFactory (656)
[2020.06.03-00.13.20:810][986]LogModuleManager: Shutting down and abandoning module AvfMediaEditor (654)
[2020.06.03-00.13.20:810][986]LogModuleManager: Shutting down and abandoning module AndroidMediaFactory (652)
[2020.06.03-00.13.20:810][986]LogModuleManager: Shutting down and abandoning module AndroidMediaEditor (650)
[2020.06.03-00.13.20:810][986]LogModuleManager: Shutting down and abandoning module MagicLeapCameraPreviewFactory (648)
[2020.06.03-00.13.20:810][986]LogModuleManager: Shutting down and abandoning module MagicLeapMediaCodecFactory (646)
[2020.06.03-00.13.20:810][986]LogModuleManager: Shutting down and abandoning module MagicLeapMediaFactory (644)
[2020.06.03-00.13.20:810][986]LogModuleManager: Shutting down and abandoning module MagicLeapMediaEditor (642)
[2020.06.03-00.13.20:810][986]LogModuleManager: Shutting down and abandoning module CharacterAI (640)
[2020.06.03-00.13.20:810][986]LogModuleManager: Shutting down and abandoning module SmartSnapping (638)
[2020.06.03-00.13.20:810][986]LogModuleManager: Shutting down and abandoning module SessionServices (636)
[2020.06.03-00.13.20:810][986]LogModuleManager: Shutting down and abandoning module MeshPaint (634)
[2020.06.03-00.13.20:810][986]LogModuleManager: Shutting down and abandoning module ViewportSnapping (632)
[2020.06.03-00.13.20:810][986]LogModuleManager: Shutting down and abandoning module ViewportInteraction (630)
[2020.06.03-00.13.20:810][986]LogModuleManager: Shutting down and abandoning module ClothPainter (628)
[2020.06.03-00.13.20:810][986]LogModuleManager: Shutting down and abandoning module SkeletalMeshEditor (627)
[2020.06.03-00.13.20:810][986]LogModuleManager: Shutting down and abandoning module LogVisualizer (624)
[2020.06.03-00.13.20:810][986]LogModuleManager: Shutting down and abandoning module IntroTutorials (622)
[2020.06.03-00.13.20:811][986]LogModuleManager: Shutting down and abandoning module GameProjectGeneration (621)
[2020.06.03-00.13.20:811][986]LogModuleManager: Shutting down and abandoning module LuminPlatformEditor (618)
[2020.06.03-00.13.20:811][986]LogModuleManager: Shutting down and abandoning module IOSPlatformEditor (616)
[2020.06.03-00.13.20:811][986]LogModuleManager: Shutting down and abandoning module HTML5PlatformEditor (614)
[2020.06.03-00.13.20:811][986]LogModuleManager: Shutting down and abandoning module AndroidPlatformEditor (612)
[2020.06.03-00.13.20:811][986]LogModuleManager: Shutting down and abandoning module AndroidDeviceDetection (611)
[2020.06.03-00.13.21:515][986]LogModuleManager: Shutting down and abandoning module WindowsPlatformEditor (608)
[2020.06.03-00.13.21:515][986]LogModuleManager: Shutting down and abandoning module LuminRuntimeSettings (606)
[2020.06.03-00.13.21:515][986]LogModuleManager: Shutting down and abandoning module IOSRuntimeSettings (604)
[2020.06.03-00.13.21:515][986]LogModuleManager: Shutting down and abandoning module AndroidRuntimeSettings (602)
[2020.06.03-00.13.21:515][986]LogModuleManager: Shutting down and abandoning module TimeManagementEditor (600)
[2020.06.03-00.13.21:515][986]LogModuleManager: Shutting down and abandoning module InputBindingEditor (598)
[2020.06.03-00.13.21:515][986]LogModuleManager: Shutting down and abandoning module MergeActors (596)
[2020.06.03-00.13.21:515][986]LogModuleManager: Shutting down and abandoning module LocalizationDashboard (594)
[2020.06.03-00.13.21:515][986]LogModuleManager: Shutting down and abandoning module LocalizationService (593)
[2020.06.03-00.13.21:515][986]LogModuleManager: Shutting down and abandoning module HardwareTargeting (590)
[2020.06.03-00.13.21:515][986]LogModuleManager: Shutting down and abandoning module DeviceProfileEditor (588)
[2020.06.03-00.13.21:516][986]LogModuleManager: Shutting down and abandoning module UndoHistory (586)
[2020.06.03-00.13.21:516][986]LogModuleManager: Shutting down and abandoning module XmlParser (584)
[2020.06.03-00.13.21:516][986]LogModuleManager: Shutting down and abandoning module Blutility (582)
[2020.06.03-00.13.21:516][986]LogModuleManager: Shutting down and abandoning module ProjectSettingsViewer (580)
[2020.06.03-00.13.21:516][986]LogModuleManager: Shutting down and abandoning module ProjectTargetPlatformEditor (579)
[2020.06.03-00.13.21:516][986]LogModuleManager: Shutting down and abandoning module EditorSettingsViewer (576)
[2020.06.03-00.13.21:516][986]LogModuleManager: Shutting down and abandoning module SettingsEditor (574)
[2020.06.03-00.13.21:516][986]LogModuleManager: Shutting down and abandoning module ProjectLauncher (572)
[2020.06.03-00.13.21:516][986]LogModuleManager: Shutting down and abandoning module SessionFrontend (570)
[2020.06.03-00.13.21:516][986]LogModuleManager: Shutting down and abandoning module ProfilerClient (568)
[2020.06.03-00.13.21:516][986]LogModuleManager: Shutting down and abandoning module DeviceManager (566)
[2020.06.03-00.13.21:516][986]LogModuleManager: Shutting down and abandoning module TargetDeviceServices (565)
[2020.06.03-00.13.21:559][986]LogModuleManager: Shutting down and abandoning module AutomationController (562)
[2020.06.03-00.13.21:559][986]LogModuleManager: Shutting down and abandoning module AutomationWindow (560)
[2020.06.03-00.13.21:559][986]LogModuleManager: Shutting down and abandoning module Layers (558)
[2020.06.03-00.13.21:559][986]LogModuleManager: Shutting down and abandoning module ComponentVisualizers (556)
[2020.06.03-00.13.21:559][986]LogModuleManager: Shutting down and abandoning module DetailCustomizations (554)
[2020.06.03-00.13.21:559][986]LogModuleManager: Shutting down and abandoning module PackagesDialog (552)
[2020.06.03-00.13.21:559][986]LogModuleManager: Shutting down and abandoning module AnimationBlueprintEditor (550)
[2020.06.03-00.13.21:559][986]LogModuleManager: Shutting down and abandoning module Persona (548)
[2020.06.03-00.13.21:559][986]LogModuleManager: Shutting down and abandoning module AnimGraph (547)
[2020.06.03-00.13.21:559][986]LogModuleManager: Shutting down and abandoning module Kismet (544)
[2020.06.03-00.13.21:564][986]LogModuleManager: Shutting down and abandoning module KismetWidgets (543)
[2020.06.03-00.13.21:564][986]LogModuleManager: Shutting down and abandoning module GraphEditor (540)
[2020.06.03-00.13.21:564][986]LogModuleManager: Shutting down and abandoning module StructViewer (538)
[2020.06.03-00.13.21:565][986]LogModuleManager: Shutting down and abandoning module ClassViewer (536)
[2020.06.03-00.13.21:565][986]LogModuleManager: Shutting down and abandoning module Toolbox (534)
[2020.06.03-00.13.21:565][986]LogModuleManager: Shutting down and abandoning module ModuleUI (532)
[2020.06.03-00.13.21:565][986]LogModuleManager: Shutting down and abandoning module MovieSceneTools (530)
[2020.06.03-00.13.21:565][986]LogModuleManager: Shutting down and abandoning module OutputLog (528)
[2020.06.03-00.13.21:565][986]LogModuleManager: Shutting down and abandoning module GammaUI (526)
[2020.06.03-00.13.21:565][986]LogModuleManager: Shutting down and abandoning module Documentation (524)
[2020.06.03-00.13.21:565][986]LogModuleManager: Shutting down and abandoning module LiveCoding (522)
[2020.06.03-00.13.21:565][986]LogModuleManager: Shutting down and abandoning module LevelSequence (520)
[2020.06.03-00.13.21:565][986]LogModuleManager: Shutting down and abandoning module MovieSceneTracks (518)
[2020.06.03-00.13.21:565][986]LogModuleManager: Shutting down and abandoning module MovieScene (516)
[2020.06.03-00.13.21:565][986]LogModuleManager: Shutting down and abandoning module StreamingPauseRendering (514)
[2020.06.03-00.13.21:565][986]LogModuleManager: Shutting down and abandoning module LauncherPlatform (512)
[2020.06.03-00.13.21:565][986]LogModuleManager: Shutting down and abandoning module AnalyticsET (510)
[2020.06.03-00.13.21:565][986]LogModuleManager: Shutting down and abandoning module PortalServices (508)
[2020.06.03-00.13.21:565][986]LogModuleManager: Shutting down and abandoning module PortalRpc (506)
[2020.06.03-00.13.21:565][986]LogModuleManager: Shutting down and abandoning module MessagingRpc (504)
[2020.06.03-00.13.21:565][986]LogModuleManager: Shutting down and abandoning module AIModule (502)
[2020.06.03-00.13.21:565][986]LogModuleManager: Shutting down and abandoning module GameplayDebugger (501)
[2020.06.03-00.13.21:565][986]LogModuleManager: Shutting down and abandoning module AITestSuite (499)
[2020.06.03-00.13.21:565][986]LogModuleManager: Shutting down and abandoning module NavigationSystem (497)
[2020.06.03-00.13.21:565][986]LogModuleManager: Shutting down and abandoning module DesktopPlatform (494)
[2020.06.03-00.13.21:565][986]LogModuleManager: Shutting down and abandoning module ImageWriteQueue (492)
[2020.06.03-00.13.21:568][986]LogModuleManager: Shutting down and abandoning module ProfilerService (490)
[2020.06.03-00.13.21:747][986]LogModuleManager: Shutting down and abandoning module TaskGraph (488)
[2020.06.03-00.13.21:747][986]LogModuleManager: Shutting down and abandoning module DatasmithCADTranslator (486)
[2020.06.03-00.13.21:747][986]LogModuleManager: Shutting down and abandoning module DatasmithC4DImporter (484)
[2020.06.03-00.13.21:747][986]LogModuleManager: Shutting down and abandoning module VariantManager (482)
[2020.06.03-00.13.21:747][986]LogModuleManager: Shutting down and abandoning module StaticMeshEditorExtension (480)
[2020.06.03-00.13.21:748][986]LogModuleManager: Shutting down and abandoning module MeshProcessingLibrary (479)
[2020.06.03-00.13.21:748][986]LogModuleManager: Shutting down and abandoning module MDLImporter (476)
[2020.06.03-00.13.21:748][986]LogModuleManager: Shutting down and abandoning module DatasmithCoreTechExtension (474)
[2020.06.03-00.13.21:748][986]LogModuleManager: Shutting down and abandoning module StaticMeshEditor (473)
[2020.06.03-00.13.21:748][986]LogModuleManager: Shutting down and abandoning module AdvancedPreviewScene (472)
[2020.06.03-00.13.21:748][986]LogModuleManager: Shutting down and abandoning module DatasmithOpenNurbsTranslator (468)
[2020.06.03-00.13.21:748][986]LogModuleManager: Shutting down and abandoning module DatasmithNativeTranslator (466)
[2020.06.03-00.13.21:748][986]LogModuleManager: Shutting down and abandoning module DatasmithIFCImporter (464)
[2020.06.03-00.13.21:748][986]LogModuleManager: Shutting down and abandoning module DatasmithGLTFImporter (462)
[2020.06.03-00.13.21:748][986]LogModuleManager: Shutting down and abandoning module DatasmithImporter (461)
[2020.06.03-00.13.21:748][986]LogModuleManager: Shutting down and abandoning module ScreenshotTools (458)
[2020.06.03-00.13.21:748][986]LogModuleManager: Shutting down and abandoning module SteamVRController (456)
[2020.06.03-00.13.21:748][986]LogModuleManager: Shutting down and abandoning module ProceduralMeshComponentEditor (454)
[2020.06.03-00.13.21:748][986]LogModuleManager: Shutting down and abandoning module ProceduralMeshComponent (452)
[2020.06.03-00.13.21:748][986]LogModuleManager: Shutting down and abandoning module OculusEditor (450)
[2020.06.03-00.13.21:748][986]LogModuleManager: Shutting down and abandoning module OculusInput (448)
[2020.06.03-00.13.21:748][986]LogModuleManager: Shutting down and abandoning module MobilePatchingUtils (446)
[2020.06.03-00.13.21:748][986]LogModuleManager: Shutting down and abandoning module EditableMesh (444)
[2020.06.03-00.13.21:748][986]LogModuleManager: Shutting down and abandoning module CustomMeshComponent (442)
[2020.06.03-00.13.21:748][986]LogModuleManager: Shutting down and abandoning module CableComponent (440)
[2020.06.03-00.13.21:748][986]LogModuleManager: Shutting down and abandoning module AudioCapture (438)
[2020.06.03-00.13.21:748][986]LogModuleManager: Shutting down and abandoning module ArchVisCharacter (436)
[2020.06.03-00.13.21:748][986]LogModuleManager: Shutting down and abandoning module AppleImageUtilsBlueprintSupport (434)
[2020.06.03-00.13.21:748][986]LogModuleManager: Shutting down and abandoning module AppleImageUtils (432)
[2020.06.03-00.13.21:748][986]LogModuleManager: Shutting down and abandoning module AndroidPermission (430)
[2020.06.03-00.13.21:748][986]LogModuleManager: Shutting down and abandoning module NUTUnrealEngine4 (428)
[2020.06.03-00.13.21:748][986]LogModuleManager: Shutting down and abandoning module NetcodeUnitTest (426)
[2020.06.03-00.13.21:748][986]LogModuleManager: Shutting down and abandoning module MediaCompositing (424)
[2020.06.03-00.13.21:748][986]LogModuleManager: Shutting down and abandoning module ImgMedia (422)
[2020.06.03-00.13.21:748][986]LogModuleManager: Shutting down and abandoning module MagicLeapHelperVulkan (420)
[2020.06.03-00.13.21:748][986]LogModuleManager: Shutting down and abandoning module MagicLeapHelperOpenGL (418)
[2020.06.03-00.13.21:748][986]LogModuleManager: Shutting down and abandoning module MagicLeapAudio (416)
[2020.06.03-00.13.21:748][986]LogModuleManager: Shutting down and abandoning module HTML5Networking (414)
[2020.06.03-00.13.21:748][986]LogModuleManager: Shutting down and abandoning module GeometryCollectionTracks (412)
[2020.06.03-00.13.21:748][986]LogModuleManager: Shutting down and abandoning module GeometryCollectionSequencer (411)
[2020.06.03-00.13.21:748][986]LogModuleManager: Shutting down and abandoning module GeometryCollectionEditor (408)
[2020.06.03-00.13.21:748][986]LogModuleManager: Shutting down and abandoning module GeometryCollectionExampleCore (406)
[2020.06.03-00.13.21:748][986]LogModuleManager: Shutting down and abandoning module GeometryCacheTracks (404)
[2020.06.03-00.13.21:748][986]LogModuleManager: Shutting down and abandoning module GeometryCacheSequencer (402)
[2020.06.03-00.13.21:748][986]LogModuleManager: Shutting down and abandoning module DataprepLibraries (400)
[2020.06.03-00.13.21:748][986]LogModuleManager: Shutting down and abandoning module DataprepCore (398)
[2020.06.03-00.13.21:748][986]LogModuleManager: Shutting down and abandoning module DataprepEditor (396)
[2020.06.03-00.13.21:748][986]LogModuleManager: Shutting down and abandoning module ChaosSolverEditor (394)
[2020.06.03-00.13.21:748][986]LogModuleManager: Shutting down and abandoning module BlastCore (392)
[2020.06.03-00.13.21:748][986]LogModuleManager: Shutting down and abandoning module BlastAuthoring (390)
[2020.06.03-00.13.21:748][986]LogModuleManager: Shutting down and abandoning module BackChannel (388)
[2020.06.03-00.13.21:748][986]LogModuleManager: Shutting down and abandoning module AutomationUtilsEditor (386)
[2020.06.03-00.13.21:748][986]LogModuleManager: Shutting down and abandoning module AutomationUtils (384)
[2020.06.03-00.13.21:748][986]LogModuleManager: Shutting down and abandoning module AlembicImporter (382)
[2020.06.03-00.13.21:748][986]LogModuleManager: Shutting down and abandoning module AlembicLibrary (381)
[2020.06.03-00.13.21:748][986]LogModuleManager: Shutting down and abandoning module GeometryCache (380)
[2020.06.03-00.13.21:748][986]LogModuleManager: Shutting down and abandoning module GeometryCacheEd (379)
[2020.06.03-00.13.21:748][986]LogModuleManager: Shutting down and abandoning module VariantManagerContent (374)
[2020.06.03-00.13.21:748][986]LogModuleManager: Shutting down and abandoning module DatasmithContentEditor (372)
[2020.06.03-00.13.21:748][986]LogModuleManager: Shutting down and abandoning module SpeedTreeImporter (370)
[2020.06.03-00.13.21:748][986]LogModuleManager: Shutting down and abandoning module PluginBrowser (368)
[2020.06.03-00.13.21:748][986]LogModuleManager: Shutting down and abandoning module MobileLauncherProfileWizard (366)
[2020.06.03-00.13.21:748][986]LogModuleManager: Shutting down and abandoning module PolygonModeling (364)
[2020.06.03-00.13.21:748][986]LogModuleManager: Shutting down and abandoning module MeshEditor (362)
[2020.06.03-00.13.21:748][986]LogModuleManager: Shutting down and abandoning module MaterialAnalyzer (360)
[2020.06.03-00.13.21:748][986]LogModuleManager: Shutting down and abandoning module GLTFImporter (358)
[2020.06.03-00.13.21:748][986]LogModuleManager: Shutting down and abandoning module EditorScriptingUtilities (356)
[2020.06.03-00.13.21:748][986]LogModuleManager: Shutting down and abandoning module CurveEditorTools (354)
[2020.06.03-00.13.21:748][986]LogModuleManager: Shutting down and abandoning module CurveEditor (353)
[2020.06.03-00.13.21:749][986]LogModuleManager: Shutting down and abandoning module CryptoKeysOpenSSL (350)
[2020.06.03-00.13.21:749][986]LogModuleManager: Shutting down and abandoning module CryptoKeys (348)
[2020.06.03-00.13.21:749][986]LogModuleManager: Shutting down and abandoning module VisualStudioSourceCodeAccess (346)
[2020.06.03-00.13.21:749][986]LogModuleManager: Shutting down and abandoning module VisualStudioCodeSourceCodeAccess (344)
[2020.06.03-00.13.21:749][986]LogModuleManager: Shutting down and abandoning module UObjectPlugin (342)
[2020.06.03-00.13.21:749][986]LogModuleManager: Shutting down and abandoning module SubversionSourceControl (340)
[2020.06.03-00.13.21:749][986]LogModuleManager: Shutting down and abandoning module PerforceSourceControl (338)
[2020.06.03-00.13.21:749][986]LogModuleManager: Shutting down and abandoning module GitSourceControl (336)
[2020.06.03-00.13.21:749][986]LogModuleManager: Shutting down and abandoning module SourceControl (335)
[2020.06.03-00.13.21:749][986]LogModuleManager: Shutting down and abandoning module CLionSourceCodeAccess (332)
[2020.06.03-00.13.21:749][986]LogModuleManager: Shutting down and abandoning module AnimationSharingEd (330)
[2020.06.03-00.13.21:749][986]LogModuleManager: Shutting down and abandoning module ActorLayerUtilitiesEditor (328)
[2020.06.03-00.13.21:749][986]LogModuleManager: Shutting down and abandoning module ActorLayerUtilities (326)
[2020.06.03-00.13.21:749][986]LogModuleManager: Shutting down and abandoning module LightPropagationVolumeEditor (324)
[2020.06.03-00.13.21:749][986]LogModuleManager: Shutting down and abandoning module PaperTiledImporter (322)
[2020.06.03-00.13.21:749][986]LogModuleManager: Shutting down and abandoning module PaperSpriteSheetImporter (320)
[2020.06.03-00.13.21:749][986]LogModuleManager: Shutting down and abandoning module Paper2DEditor (318)
[2020.06.03-00.13.21:749][986]LogModuleManager: Shutting down and abandoning module AdvancedSteamSessions (316)
[2020.06.03-00.13.21:749][986]LogModuleManager: Shutting down and abandoning module AdvancedSessions (314)
[2020.06.03-00.13.21:749][986]LogModuleManager: Shutting down and abandoning module SignificanceManager (312)
[2020.06.03-00.13.21:749][986]LogModuleManager: Shutting down and abandoning module RuntimePhysXCooking (310)
[2020.06.03-00.13.21:749][986]LogModuleManager: Shutting down and abandoning module PhysXVehiclesEditor (308)
[2020.06.03-00.13.21:749][986]LogModuleManager: Shutting down and abandoning module LocationServicesBPLibrary (304)
[2020.06.03-00.13.21:749][986]LogModuleManager: Shutting down and abandoning module ActorSequence (302)
[2020.06.03-00.13.21:749][986]LogModuleManager: Shutting down and abandoning module UdpMessaging (300)
[2020.06.03-00.13.21:850][986]LogModuleManager: Shutting down and abandoning module TcpMessaging (298)
[2020.06.03-00.13.21:951][986]LogModuleManager: Shutting down and abandoning module SmoothSyncPlugin (296)
[2020.06.03-00.13.21:951][986]LogModuleManager: Shutting down and abandoning module MagicLeapIdentity (294)
[2020.06.03-00.13.21:951][986]LogModuleManager: Shutting down and abandoning module MagicLeapSecureStorage (292)
[2020.06.03-00.13.21:951][986]LogModuleManager: Shutting down and abandoning module MagicLeapHandTracking (290)
[2020.06.03-00.13.21:951][986]LogModuleManager: Shutting down and abandoning module MagicLeapEyeTracker (288)
[2020.06.03-00.13.21:951][986]LogModuleManager: Shutting down and abandoning module MagicLeapController (286)
[2020.06.03-00.13.21:951][986]LogSlate: Slate User Destroyed.  User Index 0, Is Virtual User: 0
[2020.06.03-00.13.21:951][986]LogModuleManager: Shutting down and abandoning module MagicLeapAR (284)
[2020.06.03-00.13.21:951][986]LogModuleManager: Shutting down and abandoning module AugmentedReality (283)
[2020.06.03-00.13.21:951][986]LogModuleManager: Shutting down and abandoning module GameplayTagsEditor (280)
[2020.06.03-00.13.21:951][986]LogModuleManager: Shutting down and abandoning module FacialAnimationEditor (278)
[2020.06.03-00.13.21:951][986]LogModuleManager: Shutting down and abandoning module FacialAnimation (276)
[2020.06.03-00.13.21:951][986]LogModuleManager: Shutting down and abandoning module DataValidation (274)
[2020.06.03-00.13.21:951][986]LogModuleManager: Shutting down and abandoning module AssetManagerEditor (272)
[2020.06.03-00.13.21:951][986]LogModuleManager: Shutting down and abandoning module LevelEditor (271)
[2020.06.03-00.13.21:951][986]LogModuleManager: Shutting down and abandoning module PixelInspectorModule (270)
[2020.06.03-00.13.21:951][986]LogModuleManager: Shutting down and abandoning module CommonMenuExtensions (268)
[2020.06.03-00.13.21:952][986]LogModuleManager: Shutting down and abandoning module MainFrame (266)
[2020.06.03-00.13.21:952][986]LogModuleManager: Shutting down and abandoning module HotReload (265)
[2020.06.03-00.13.21:952][986]LogModuleManager: Shutting down and abandoning module ContentBrowser (261)
[2020.06.03-00.13.21:953][986]LogModuleManager: Shutting down and abandoning module TreeMap (259)
[2020.06.03-00.13.21:953][986]LogModuleManager: Shutting down and abandoning module AnimationSharing (256)
[2020.06.03-00.13.21:953][986]LogModuleManager: Shutting down and abandoning module LightPropagationVolumeRuntime (254)
[2020.06.03-00.13.21:953][986]LogModuleManager: Shutting down and abandoning module Paper2D (252)
[2020.06.03-00.13.21:953][986]LogModuleManager: Shutting down and abandoning module WindowsMoviePlayer (250)
[2020.06.03-00.13.21:954][986]LogModuleManager: Shutting down and abandoning module WebMMoviePlayer (248)
[2020.06.03-00.13.21:955][986]LogModuleManager: Shutting down and abandoning module NetworkReplayStreaming (246)
[2020.06.03-00.13.21:955][986]LogModuleManager: Shutting down and abandoning module PacketHandler (244)
[2020.06.03-00.13.21:955][986]LogModuleManager: Shutting down and abandoning module ClothingSystemEditor (242)
[2020.06.03-00.13.21:955][986]LogModuleManager: Shutting down and abandoning module ClothingSystemRuntime (240)
[2020.06.03-00.13.21:955][986]LogModuleManager: Shutting down and abandoning module MediaAssets (238)
[2020.06.03-00.13.21:955][986]LogModuleManager: Shutting down and abandoning module Overlay (236)
[2020.06.03-00.13.21:955][986]LogModuleManager: Shutting down and abandoning module OverlayEditor (235)
[2020.06.03-00.13.21:955][986]LogModuleManager: Shutting down and abandoning module VREditor (232)
[2020.06.03-00.13.21:955][986]LogModuleManager: Shutting down and abandoning module StringTableEditor (230)
[2020.06.03-00.13.21:955][986]LogModuleManager: Shutting down and abandoning module GameplayTasksEditor (228)
[2020.06.03-00.13.21:955][986]LogModuleManager: Shutting down and abandoning module BehaviorTreeEditor (226)
[2020.06.03-00.13.21:955][986]LogModuleManager: Shutting down and abandoning module FunctionalTesting (224)
[2020.06.03-00.13.21:955][986]LogModuleManager: Shutting down and abandoning module CollisionAnalyzer (222)
[2020.06.03-00.13.21:955][986]LogModuleManager: Shutting down and abandoning module WorkspaceMenuStructure (221)
[2020.06.03-00.13.21:955][986]LogModuleManager: Shutting down and abandoning module UMG (218)
[2020.06.03-00.13.21:955][986]LogModuleManager: Shutting down and abandoning module UMGEditor (217)
[2020.06.03-00.13.21:955][986]LogModuleManager: Shutting down and abandoning module Sequencer (216)
[2020.06.03-00.13.21:955][986]LogModuleManager: Shutting down and abandoning module MessageLog (213)
[2020.06.03-00.13.21:955][986]LogModuleManager: Shutting down and abandoning module SlateReflector (208)
[2020.06.03-00.13.21:955][986]LogModuleManager: Shutting down and abandoning module Slate (206)
[2020.06.03-00.13.21:955][986]LogModuleManager: Shutting down and abandoning module LandscapeEditorUtilities (204)
[2020.06.03-00.13.21:955][986]LogModuleManager: Shutting down and abandoning module EditorStyle (202)
[2020.06.03-00.13.21:956][986]LogModuleManager: Shutting down and abandoning module UnrealEd (200)
[2020.06.03-00.13.21:956][986]LogModuleManager: Shutting down and abandoning module MRMesh (198)
[2020.06.03-00.13.21:956][986]LogModuleManager: Shutting down and abandoning module SourceCodeAccess (196)
[2020.06.03-00.13.21:956][986]LogModuleManager: Shutting down and abandoning module HeadMountedDisplay (194)
[2020.06.03-00.13.21:956][986]LogModuleManager: Shutting down and abandoning module XAudio2 (192)
[2020.06.03-00.13.21:956][986]LogModuleManager: Shutting down and abandoning module Networking (190)
[2020.06.03-00.13.21:956][986]LogModuleManager: Shutting down and abandoning module Core (188)
[2020.06.03-00.13.21:956][986]LogModuleManager: Shutting down and abandoning module KismetCompiler (186)
[2020.06.03-00.13.21:956][986]LogModuleManager: Shutting down and abandoning module MeshUtilities (184)
[2020.06.03-00.13.21:956][986]LogModuleManager: Shutting down and abandoning module MeshMergeUtilities (183)
[2020.06.03-00.13.21:956][986]LogModuleManager: Shutting down and abandoning module MeshReductionInterface (182)
[2020.06.03-00.13.21:956][986]LogModuleManager: Shutting down and abandoning module SkeletalMeshReduction (181)
[2020.06.03-00.13.21:956][986]LogModuleManager: Shutting down and abandoning module ProxyLODMeshReduction (179)
[2020.06.03-00.13.21:956][986]LogModuleManager: Shutting down and abandoning module QuadricMeshReduction (177)
[2020.06.03-00.13.21:956][986]LogModuleManager: Shutting down and abandoning module MaterialBaking (173)
[2020.06.03-00.13.21:956][986]LogModuleManager: Shutting down and abandoning module NullInstallBundleManager (168)
[2020.06.03-00.13.21:956][986]LogModuleManager: Shutting down and abandoning module DerivedDataCache (166)
[2020.06.03-00.13.22:050][986]LogDerivedDataCache: Shutdown
[2020.06.03-00.13.22:050][986]LogModuleManager: Shutting down and abandoning module XGEController (164)
[2020.06.03-00.13.22:050][986]LogXGEController: Cleaning working directory: C:/Users/joeym/AppData/Local/Temp/UnrealXGEWorkingDir/
[2020.06.03-00.13.22:051][986]LogModuleManager: Shutting down and abandoning module TargetPlatform (162)
[2020.06.03-00.13.22:051][986]LogModuleManager: Shutting down and abandoning module VulkanShaderFormat (161)
[2020.06.03-00.13.22:051][986]LogModuleManager: Shutting down and abandoning module ShaderFormatVectorVM (159)
[2020.06.03-00.13.22:051][986]LogModuleManager: Shutting down and abandoning module ShaderFormatOpenGL (157)
[2020.06.03-00.13.22:051][986]LogModuleManager: Shutting down and abandoning module ShaderFormatD3D (155)
[2020.06.03-00.13.22:051][986]LogModuleManager: Shutting down and abandoning module MetalShaderFormat (153)
[2020.06.03-00.13.22:051][986]LogModuleManager: Shutting down and abandoning module TextureFormatUncompressed (151)
[2020.06.03-00.13.22:051][986]LogModuleManager: Shutting down and abandoning module TextureFormatPVR (149)
[2020.06.03-00.13.22:051][986]LogModuleManager: Shutting down and abandoning module TextureFormatDXT (147)
[2020.06.03-00.13.22:051][986]LogModuleManager: Shutting down and abandoning module TextureFormatIntelISPCTexComp (145)
[2020.06.03-00.13.22:051][986]LogModuleManager: Shutting down and abandoning module TextureFormatASTC (143)
[2020.06.03-00.13.22:051][986]LogModuleManager: Shutting down and abandoning module ImageWrapper (142)
[2020.06.03-00.13.22:051][986]LogModuleManager: Shutting down and abandoning module TextureFormatAndroid (139)
[2020.06.03-00.13.22:051][986]LogModuleManager: Shutting down and abandoning module AudioFormatOpus (137)
[2020.06.03-00.13.22:051][986]LogModuleManager: Shutting down and abandoning module AudioFormatOgg (135)
[2020.06.03-00.13.22:051][986]LogModuleManager: Shutting down and abandoning module AudioFormatADPCM (133)
[2020.06.03-00.13.22:051][986]LogModuleManager: Shutting down and abandoning module LuminTargetPlatform (131)
[2020.06.03-00.13.22:051][986]LogModuleManager: Shutting down and abandoning module LinuxTargetPlatform (129)
[2020.06.03-00.13.22:051][986]LogModuleManager: Shutting down and abandoning module LinuxServerTargetPlatform (127)
[2020.06.03-00.13.22:051][986]LogModuleManager: Shutting down and abandoning module LinuxNoEditorTargetPlatform (125)
[2020.06.03-00.13.22:051][986]LogModuleManager: Shutting down and abandoning module LinuxClientTargetPlatform (123)
[2020.06.03-00.13.22:051][986]LogModuleManager: Shutting down and abandoning module TVOSTargetPlatform (121)
[2020.06.03-00.13.22:052][986]LogModuleManager: Shutting down and abandoning module Messaging (119)
[2020.06.03-00.13.22:052][986]LogModuleManager: Shutting down and abandoning module IOSTargetPlatform (117)
[2020.06.03-00.13.22:052][986]LogModuleManager: Shutting down and abandoning module HTML5TargetPlatform (115)
[2020.06.03-00.13.22:052][986]LogModuleManager: Shutting down and abandoning module AndroidTargetPlatform (113)
[2020.06.03-00.13.22:057][986]LogModuleManager: Shutting down and abandoning module WindowsTargetPlatform (111)
[2020.06.03-00.13.22:057][986]LogModuleManager: Shutting down and abandoning module WindowsServerTargetPlatform (109)
[2020.06.03-00.13.22:057][986]LogModuleManager: Shutting down and abandoning module WindowsNoEditorTargetPlatform (107)
[2020.06.03-00.13.22:057][986]LogModuleManager: Shutting down and abandoning module WindowsClientTargetPlatform (105)
[2020.06.03-00.13.22:057][986]LogModuleManager: Shutting down and abandoning module MacTargetPlatform (103)
[2020.06.03-00.13.22:057][986]LogModuleManager: Shutting down and abandoning module MacServerTargetPlatform (101)
[2020.06.03-00.13.22:057][986]LogModuleManager: Shutting down and abandoning module MacNoEditorTargetPlatform (99)
[2020.06.03-00.13.22:057][986]LogModuleManager: Shutting down and abandoning module MacClientTargetPlatform (97)
[2020.06.03-00.13.22:057][986]LogModuleManager: Shutting down and abandoning module AllDesktopTargetPlatform (95)
[2020.06.03-00.13.22:057][986]LogModuleManager: Shutting down and abandoning module InputCore (92)
[2020.06.03-00.13.22:057][986]LogModuleManager: Shutting down and abandoning module Settings (90)
[2020.06.03-00.13.22:057][986]LogModuleManager: Shutting down and abandoning module DirectoryWatcher (88)
[2020.06.03-00.13.22:057][986]LogModuleManager: Shutting down and abandoning module PhysXCooking (86)
[2020.06.03-00.13.22:057][986]LogModuleManager: Shutting down and abandoning module WindowsPlatformFeatures (84)
[2020.06.03-00.13.22:057][986]LogModuleManager: Shutting down and abandoning module GameplayMediaEncoder (83)
[2020.06.03-00.13.22:057][986]LogModuleManager: Shutting down and abandoning module SteamVR (80)
[2020.06.03-00.13.22:057][986]LogHMD: Freeing OpenVRDLLHandle.
[2020.06.03-00.13.22:057][986]LogModuleManager: Shutting down and abandoning module OculusHMD (78)
[2020.06.03-00.13.22:057][986]LogModuleManager: Shutting down and abandoning module ExampleDeviceProfileSelector (76)
[2020.06.03-00.13.22:057][986]LogModuleManager: Shutting down and abandoning module LauncherChunkInstaller (74)
[2020.06.03-00.13.22:057][986]LogModuleManager: Shutting down and abandoning module OnlineBlueprintSupport (72)
[2020.06.03-00.13.22:057][986]LogModuleManager: Shutting down and abandoning module OnlineSubsystem (68)
[2020.06.03-00.13.22:058][986]LogModuleManager: Shutting down and abandoning module XMPP (61)
[2020.06.03-00.13.22:058][986]LogModuleManager: Shutting down and abandoning module WebSockets (60)
[2020.06.03-00.13.22:060][986]LogModuleManager: Shutting down and abandoning module HTTP (57)
[2020.06.03-00.13.22:060][986]LogHttp: Display: Http module shutting down, but needs to wait on 1 outstanding Http requests:
[2020.06.03-00.13.22:060][986]LogHttp: Display: 	verb=[POST] url=[https://datarouter.ol.epicgames.com/datarouter/api/v1/public/data?SessionID=%7B555DFE5D-40F0-8B3C-8448-7D8B6421521F%7D&AppID=UEEditor.Rocket.Release&AppVersion=4.23.1-9631420%2B%2B%2BUE4%2BRelease-4.23&UserID=223845704c6516493bcdb69e8f4e2567%7C52cd936612ca433ba7244efdbd41ffd6%7C4eec7dc2-007f-4bed-8ab7-a8a892bc0b34&AppEnvironment=datacollector-binary&UploadType=eteventstream] status=Processing
[2020.06.03-00.13.22:076][986]LogModuleManager: Shutting down and abandoning module SSL (56)
[2020.06.03-00.13.22:077][986]LogModuleManager: Shutting down and abandoning module WmfMedia (52)
[2020.06.03-00.13.22:078][986]LogModuleManager: Shutting down and abandoning module Media (51)
[2020.06.03-00.13.22:078][986]LogModuleManager: Shutting down and abandoning module MagicLeap (48)
[2020.06.03-00.13.22:078][986]LogModuleManager: Shutting down and abandoning module DatasmithContent (46)
[2020.06.03-00.13.22:079][986]LogModuleManager: Shutting down and abandoning module AISupportModule (44)
[2020.06.03-00.13.22:079][986]LogModuleManager: Shutting down and abandoning module PlatformCryptoOpenSSL (42)
[2020.06.03-00.13.22:079][986]LogModuleManager: Shutting down and abandoning module PlatformCrypto (40)
[2020.06.03-00.13.22:079][986]LogModuleManager: Shutting down and abandoning module AnimationModifiers (38)
[2020.06.03-00.13.22:079][986]LogModuleManager: Shutting down and abandoning module PropertyEditor (37)
[2020.06.03-00.13.22:079][986]LogModuleManager: Shutting down and abandoning module AudioEditor (34)
[2020.06.03-00.13.22:079][986]LogModuleManager: Shutting down and abandoning module TextureCompressor (32)
[2020.06.03-00.13.22:079][986]LogModuleManager: Shutting down and abandoning module RenderCore (30)
[2020.06.03-00.13.22:079][986]LogModuleManager: Shutting down and abandoning module Landscape (28)
[2020.06.03-00.13.22:079][986]LogModuleManager: Shutting down and abandoning module SlateRHIRenderer (26)
[2020.06.03-00.13.22:080][986]LogModuleManager: Shutting down and abandoning module OpenGLDrv (24)
[2020.06.03-00.13.22:080][986]LogModuleManager: Shutting down and abandoning module D3D11RHI (22)
[2020.06.03-00.13.22:080][986]LogModuleManager: Shutting down and abandoning module AnimGraphRuntime (20)
[2020.06.03-00.13.22:080][986]LogModuleManager: Shutting down and abandoning module Renderer (18)
[2020.06.03-00.13.22:080][986]LogModuleManager: Shutting down and abandoning module Engine (16)
[2020.06.03-00.13.22:080][986]LogModuleManager: Shutting down and abandoning module CoreUObject (14)
[2020.06.03-00.13.22:080][986]LogModuleManager: Shutting down and abandoning module NetworkFile (12)
[2020.06.03-00.13.22:080][986]LogModuleManager: Shutting down and abandoning module CookedIterativeFile (10)
[2020.06.03-00.13.22:080][986]LogModuleManager: Shutting down and abandoning module StreamingFile (8)
[2020.06.03-00.13.22:080][986]LogModuleManager: Shutting down and abandoning module SandboxFile (6)
[2020.06.03-00.13.22:080][986]LogModuleManager: Shutting down and abandoning module PakFile (4)
[2020.06.03-00.13.22:080][986]LogModuleManager: Shutting down and abandoning module RSA (3)
[2020.06.03-00.13.22:080][986]LogD3D11RHI: Shutdown
[2020.06.03-00.13.22:080][986]LogD3D11RHI: CleanupD3DDevice
[2020.06.03-00.13.22:081][986]LogRendererCore: FGlobalDynamicReadBuffer::Cleanup()
[2020.06.03-00.13.22:081][986]LogRendererCore: FGlobalDynamicReadBuffer::Cleanup()
[2020.06.03-00.13.22:081][986]LogRendererCore: FGlobalDynamicReadBuffer::Cleanup()
[2020.06.03-00.13.22:148][986]LogD3D11RHI: ~FD3D11DynamicRHI
[2020.06.03-00.13.22:156][986]LogExit: Exiting.
[2020.06.03-00.13.22:177][986]Log file closed, 06/03/20 02:13:22
