Log file open, 03/05/20 17:45:42
LogWindows: Failed to load 'aqProf.dll' (GetLastError=126)
LogWindows: File 'aqProf.dll' does not exist
LogWindows: Failed to load 'VtuneApi.dll' (GetLastError=126)
LogWindows: File 'VtuneApi.dll' does not exist
LogWindows: Failed to load 'VtuneApi32e.dll' (GetLastError=126)
LogWindows: File 'VtuneApi32e.dll' does not exist
LogConsoleResponse: Display: Failed to find resolution value strings in scalability ini. Falling back to default.
LogInit: Display: Running engine for game: ISG
LogPlatformFile: Not using cached read wrapper
LogTaskGraph: Started task graph with 5 named threads and 23 total threads with 3 sets of task threads.
LogStats: Stats thread started at 0.090591
LogD3D11RHI: Loaded GFSDK_Aftermath_Lib.x64.dll
LogICUInternationalization: ICU TimeZone Detection - Raw Offset: +1:00, Platform Override: ''
LogPluginManager: Mounting plugin Paper2D
LogPluginManager: Mounting plugin AISupport
LogPluginManager: Mounting plugin LightPropagationVolume
LogPluginManager: Mounting plugin ActorLayerUtilities
LogPluginManager: Mounting plugin AnimationSharing
LogPluginManager: Mounting plugin CLionSourceCodeAccess
LogPluginManager: Mounting plugin CodeLiteSourceCodeAccess
LogPluginManager: Mounting plugin GitSourceControl
LogPluginManager: Mounting plugin KDevelopSourceCodeAccess
LogPluginManager: Mounting plugin NullSourceCodeAccess
LogPluginManager: Mounting plugin PerforceSourceControl
LogPluginManager: Mounting plugin SubversionSourceControl
LogPluginManager: Mounting plugin UObjectPlugin
LogPluginManager: Mounting plugin VisualStudioCodeSourceCodeAccess
LogPluginManager: Mounting plugin VisualStudioSourceCodeAccess
LogPluginManager: Mounting plugin XCodeSourceCodeAccess
LogPluginManager: Mounting plugin AssetManagerEditor
LogPluginManager: Mounting plugin CryptoKeys
LogPluginManager: Mounting plugin CurveEditorTools
LogPluginManager: Mounting plugin DataValidation
LogPluginManager: Mounting plugin EditorScriptingUtilities
LogPluginManager: Mounting plugin FacialAnimation
LogPluginManager: Mounting plugin GameplayTagsEditor
LogPluginManager: Mounting plugin GLTFImporter
LogPluginManager: Mounting plugin MacGraphicsSwitching
LogPluginManager: Mounting plugin MaterialAnalyzer
LogPluginManager: Mounting plugin MeshEditor
LogPluginManager: Mounting plugin MobileLauncherProfileWizard
LogPluginManager: Mounting plugin PluginBrowser
LogPluginManager: Mounting plugin SpeedTreeImporter
LogPluginManager: Mounting plugin DatasmithContent
LogPluginManager: Mounting plugin VariantManagerContent
LogPluginManager: Mounting plugin AlembicImporter
LogPluginManager: Mounting plugin AutomationUtils
LogPluginManager: Mounting plugin BackChannel
LogPluginManager: Mounting plugin BlastPlugin
LogPluginManager: Mounting plugin ChaosSolverPlugin
LogPluginManager: Mounting plugin CharacterAI
LogPluginManager: Mounting plugin DataPrepEditor
LogPluginManager: Mounting plugin GeometryCache
LogPluginManager: Mounting plugin GeometryCollectionPlugin
LogPluginManager: Mounting plugin HTML5Networking
LogPluginManager: Mounting plugin PlatformCrypto
LogPluginManager: Mounting plugin ProxyLODPlugin
LogPluginManager: Mounting plugin SkeletalReduction
LogPluginManager: Mounting plugin MagicLeap
LogPluginManager: Mounting plugin MagicLeapMedia
LogPluginManager: Mounting plugin AndroidMedia
LogPluginManager: Mounting plugin AvfMedia
LogPluginManager: Mounting plugin ImgMedia
LogPluginManager: Mounting plugin MediaCompositing
LogPluginManager: Mounting plugin MediaPlayerEditor
LogPluginManager: Mounting plugin WebMMedia
LogPluginManager: Mounting plugin WmfMedia
LogPluginManager: Mounting plugin TcpMessaging
LogPluginManager: Mounting plugin UdpMessaging
LogPluginManager: Mounting plugin ActorSequence
LogPluginManager: Mounting plugin LevelSequenceEditor
LogPluginManager: Mounting plugin MatineeToLevelSequence
LogPluginManager: Mounting plugin NetcodeUnitTest
LogPluginManager: Mounting plugin NUTUnrealEngine4
LogPluginManager: Mounting plugin OnlineSubsystemGooglePlay
LogPluginManager: Mounting plugin OnlineSubsystemIOS
LogPluginManager: Mounting plugin OnlineSubsystem
LogPluginManager: Mounting plugin OnlineSubsystemNull
LogPluginManager: Mounting plugin OnlineSubsystemSteam
LogPluginManager: Mounting plugin OnlineSubsystemUtils
LogPluginManager: Mounting plugin LauncherChunkInstaller
LogPluginManager: Mounting plugin AndroidDeviceProfileSelector
LogPluginManager: Mounting plugin AndroidMoviePlayer
LogPluginManager: Mounting plugin AndroidPermission
LogPluginManager: Mounting plugin AppleImageUtils
LogPluginManager: Mounting plugin AppleMoviePlayer
LogPluginManager: Mounting plugin ArchVisCharacter
LogPluginManager: Mounting plugin AudioCapture
LogPluginManager: Mounting plugin CableComponent
LogPluginManager: Mounting plugin CustomMeshComponent
LogPluginManager: Mounting plugin EditableMesh
LogPluginManager: Mounting plugin ExampleDeviceProfileSelector
LogPluginManager: Mounting plugin GoogleCloudMessaging
LogPluginManager: Mounting plugin IOSDeviceProfileSelector
LogPluginManager: Mounting plugin LinuxDeviceProfileSelector
LogPluginManager: Mounting plugin LocationServicesBPLibrary
LogPluginManager: Mounting plugin MobilePatchingUtils
LogPluginManager: Mounting plugin OculusVR
LogPluginManager: Mounting plugin PhysXVehicles
LogPluginManager: Mounting plugin ProceduralMeshComponent
LogPluginManager: Mounting plugin RuntimePhysXCooking
LogPluginManager: Mounting plugin SignificanceManager
LogPluginManager: Mounting plugin SteamVR
LogPluginManager: Mounting plugin WebMMoviePlayer
LogPluginManager: Mounting plugin WindowsMoviePlayer
LogPluginManager: Mounting plugin ScreenshotTools
LogPluginManager: Mounting plugin AdvancedSessions
LogPluginManager: Mounting plugin AdvancedSteamSessions
LogPluginManager: Mounting plugin DatasmithC4DImporter
LogPluginManager: Mounting plugin DatasmithCADImporter
LogPluginManager: Mounting plugin DatasmithFBXImporter
LogPluginManager: Mounting plugin DatasmithGLTFImporter
LogPluginManager: Mounting plugin DatasmithIFCImporter
LogPluginManager: Mounting plugin DatasmithImporter
LogPluginManager: Mounting plugin MDLImporter
LogPluginManager: Mounting plugin StaticMeshEditorExtension
LogPluginManager: Mounting plugin VariantManager
LogInit: Using libcurl 7.55.1-DEV
LogInit:  - built for x86_64-pc-win32
LogInit:  - supports SSL with OpenSSL/1.1.1
LogInit:  - supports HTTP deflate (compression) using libz 1.2.8
LogInit:  - other features:
LogInit:      CURL_VERSION_SSL
LogInit:      CURL_VERSION_LIBZ
LogInit:      CURL_VERSION_IPV6
LogInit:      CURL_VERSION_ASYNCHDNS
LogInit:      CURL_VERSION_LARGEFILE
LogInit:      CURL_VERSION_IDN
LogInit:  CurlRequestOptions (configurable via config and command line):
LogInit:  - bVerifyPeer = true  - Libcurl will verify peer certificate
LogInit:  - bUseHttpProxy = false  - Libcurl will NOT use HTTP proxy
LogInit:  - bDontReuseConnections = false  - Libcurl will reuse connections
LogInit:  - MaxHostConnections = 16  - Libcurl will limit the number of connections to a host
LogInit:  - LocalHostAddr = Default
LogInit:  - BufferSize = 65536
LogOnline: Display: STEAM: Loading Steam SDK 1.42
LogOnline: OSS: Creating online subsystem instance for: Steam
LogOnline: STEAM: Steam User is subscribed 1
LogOnline: STEAM: [AppId: 480] Client API initialized 1
LogOnline: STEAM: [AppId: 480] Game Server API initialized 1
LogOnline: STEAM: Missing P2PCleanupTimeout key in OnlineSubsystemSteam of DefaultEngine.ini, using default
LogInit: WinSock: version 1.1 (2.2), MaxSocks=32767, MaxUdp=65467
LogInit: Build: ++UE4+Release-4.23-CL-9631420
LogInit: Engine Version: 4.23.1-9631420+++UE4+Release-4.23
LogInit: Compatible Engine Version: 4.23.0-8386587+++UE4+Release-4.23
LogInit: Net CL: 8386587
LogInit: OS: Windows 10 (Release 1809) (), CPU: Intel(R) Core(TM) i7-7700K CPU @ 4.20GHz, GPU: NVIDIA GeForce GTX 1080
LogInit: Compiled (64-bit): Oct 18 2019 02:07:44
LogInit: Compiled with Visual C++: 19.16.27030.01
LogInit: Build Configuration: Development
LogInit: Branch Name: ++UE4+Release-4.23
LogInit: Command Line:  /Game/GameRelated/Levels/MAP_Factory -game -PIEVIACONSOLE -ResX=1280 -ResY=720 -Multiprocess -messaging -SessionName="Play in Standalone Game" -windowed
LogInit: Base Directory: D:/Program Files/Epic Games/UE_4.23/Engine/Binaries/Win64/
LogInit: Installed Engine Build: 1
LogDevObjectVersion: Number of dev versions registered: 23
LogDevObjectVersion:   Dev-Blueprints (B0D832E4-1F89-4F0D-ACCF-7EB736FD4AA2): 10
LogDevObjectVersion:   Dev-Build (E1C64328-A22C-4D53-A36C-8E866417BD8C): 0
LogDevObjectVersion:   Dev-Core (375EC13C-06E4-48FB-B500-84F0262A717E): 3
LogDevObjectVersion:   Dev-Editor (E4B068ED-F494-42E9-A231-DA0B2E46BB41): 34
LogDevObjectVersion:   Dev-Framework (CFFC743F-43B0-4480-9391-14DF171D2073): 35
LogDevObjectVersion:   Dev-Mobile (B02B49B5-BB20-44E9-A304-32B752E40360): 2
LogDevObjectVersion:   Dev-Networking (A4E4105C-59A1-49B5-A7C5-40C4547EDFEE): 0
LogDevObjectVersion:   Dev-Online (39C831C9-5AE6-47DC-9A44-9C173E1C8E7C): 0
LogDevObjectVersion:   Dev-Physics (78F01B33-EBEA-4F98-B9B4-84EACCB95AA2): 0
LogDevObjectVersion:   Dev-Platform (6631380F-2D4D-43E0-8009-CF276956A95A): 0
LogDevObjectVersion:   Dev-Rendering (12F88B9F-8875-4AFC-A67C-D90C383ABD29): 31
LogDevObjectVersion:   Dev-Sequencer (7B5AE74C-D270-4C10-A958-57980B212A5A): 11
LogDevObjectVersion:   Dev-VR (D7296918-1DD6-4BDD-9DE2-64A83CC13884): 2
LogDevObjectVersion:   Dev-LoadTimes (C2A15278-BFE7-4AFE-6C17-90FF531DF755): 1
LogDevObjectVersion:   Private-Geometry (6EACA3D4-40EC-4CC1-B786-8BED09428FC5): 3
LogDevObjectVersion:   Dev-AnimPhys (29E575DD-E0A3-4627-9D10-D276232CDCEA): 17
LogDevObjectVersion:   Dev-Anim (AF43A65D-7FD3-4947-9873-3E8ED9C1BB05): 2
LogDevObjectVersion:   Dev-ReflectionCapture (6B266CEC-1EC7-4B8F-A30B-E4D90942FC07): 1
LogDevObjectVersion:   Dev-Automation (0DF73D61-A23F-47EA-B727-89E90C41499A): 1
LogDevObjectVersion:   FortniteMain (601D1886-AC64-4F84-AA16-D3DE0DEAC7D6): 27
LogDevObjectVersion:   Dev-Enterprise (9DFFBCD6-494F-0158-E221-12823C92A888): 6
LogDevObjectVersion:   Dev-Niagara (F2AED0AC-9AFE-416F-8664-AA7FFA26D6FC): 1
LogDevObjectVersion:   Dev-Destruction (174F1F0B-B4C6-45A5-B13F-2EE8D0FB917D): 9
LogInit: Presizing for max 16777216 objects, including 0 objects not considered by GC, pre-allocating 0 bytes for permanent pool.
LogInit: Object subsystem initialized
LogConfig: Setting CVar [[con.DebugEarlyDefault:1]]
LogConfig: Setting CVar [[r.setres:1280x720]]
[2020.03.05-16.45.42:999][  0]LogConfig: Setting CVar [[con.DebugEarlyDefault:1]]
[2020.03.05-16.45.42:999][  0]LogConfig: Setting CVar [[r.setres:1280x720]]
[2020.03.05-16.45.42:999][  0]LogConfig: Applying CVar settings from Section [/Script/Engine.RendererSettings] File [Z:/ISG_/ISG/Saved/Config/Windows/Engine.ini]
[2020.03.05-16.45.42:999][  0]LogConfig: Setting CVar [[r.GPUCrashDebugging:0]]
[2020.03.05-16.45.42:999][  0]LogConfig: Setting CVar [[r.DefaultFeature.AutoExposure.ExtendDefaultLuminanceRange:1]]
[2020.03.05-16.45.42:999][  0]LogConfig: Setting CVar [[r.DefaultFeature.AutoExposure:0]]
[2020.03.05-16.45.42:999][  0]LogConfig: Applying CVar settings from Section [/Script/Engine.RendererOverrideSettings] File [Z:/ISG_/ISG/Saved/Config/Windows/Engine.ini]
[2020.03.05-16.45.42:999][  0]LogConfig: Applying CVar settings from Section [/Script/Engine.StreamingSettings] File [Z:/ISG_/ISG/Saved/Config/Windows/Engine.ini]
[2020.03.05-16.45.42:999][  0]LogConfig: Setting CVar [[s.MinBulkDataSizeForAsyncLoading:131072]]
[2020.03.05-16.45.42:999][  0]LogConfig: Setting CVar [[s.AsyncLoadingThreadEnabled:0]]
[2020.03.05-16.45.42:999][  0]LogConfig: Setting CVar [[s.EventDrivenLoaderEnabled:1]]
[2020.03.05-16.45.42:999][  0]LogConfig: Setting CVar [[s.WarnIfTimeLimitExceeded:0]]
[2020.03.05-16.45.42:999][  0]LogConfig: Setting CVar [[s.TimeLimitExceededMultiplier:1.5]]
[2020.03.05-16.45.42:999][  0]LogConfig: Setting CVar [[s.TimeLimitExceededMinTime:0.005]]
[2020.03.05-16.45.42:999][  0]LogConfig: Setting CVar [[s.UseBackgroundLevelStreaming:1]]
[2020.03.05-16.45.42:999][  0]LogConfig: Setting CVar [[s.PriorityAsyncLoadingExtraTime:15.0]]
[2020.03.05-16.45.42:999][  0]LogConfig: Setting CVar [[s.LevelStreamingActorsUpdateTimeLimit:5.0]]
[2020.03.05-16.45.42:999][  0]LogConfig: Setting CVar [[s.PriorityLevelStreamingActorsUpdateExtraTime:5.0]]
[2020.03.05-16.45.42:999][  0]LogConfig: Setting CVar [[s.LevelStreamingComponentsRegistrationGranularity:10]]
[2020.03.05-16.45.42:999][  0]LogConfig: Setting CVar [[s.UnregisterComponentsTimeLimit:1.0]]
[2020.03.05-16.45.42:999][  0]LogConfig: Setting CVar [[s.LevelStreamingComponentsUnregistrationGranularity:5]]
[2020.03.05-16.45.42:999][  0]LogConfig: Applying CVar settings from Section [/Script/Engine.GarbageCollectionSettings] File [Z:/ISG_/ISG/Saved/Config/Windows/Engine.ini]
[2020.03.05-16.45.42:999][  0]LogConfig: Setting CVar [[gc.MaxObjectsNotConsideredByGC:1]]
[2020.03.05-16.45.42:999][  0]LogConfig: Setting CVar [[gc.SizeOfPermanentObjectPool:0]]
[2020.03.05-16.45.42:999][  0]LogConfig: Setting CVar [[gc.FlushStreamingOnGC:0]]
[2020.03.05-16.45.42:999][  0]LogConfig: Setting CVar [[gc.NumRetriesBeforeForcingGC:10]]
[2020.03.05-16.45.42:999][  0]LogConfig: Setting CVar [[gc.AllowParallelGC:1]]
[2020.03.05-16.45.42:999][  0]LogConfig: Setting CVar [[gc.TimeBetweenPurgingPendingKillObjects:61.1]]
[2020.03.05-16.45.42:999][  0]LogConfig: Setting CVar [[gc.MaxObjectsInEditor:16777216]]
[2020.03.05-16.45.42:999][  0]LogConfig: Setting CVar [[gc.IncrementalBeginDestroyEnabled:1]]
[2020.03.05-16.45.42:999][  0]LogConfig: Setting CVar [[gc.CreateGCClusters:1]]
[2020.03.05-16.45.42:999][  0]LogConfig: Setting CVar [[gc.MinGCClusterSize:5]]
[2020.03.05-16.45.42:999][  0]LogConfig: Setting CVar [[gc.ActorClusteringEnabled:0]]
[2020.03.05-16.45.42:999][  0]LogConfig: Setting CVar [[gc.BlueprintClusteringEnabled:0]]
[2020.03.05-16.45.42:999][  0]LogConfig: Setting CVar [[gc.UseDisregardForGCOnDedicatedServers:0]]
[2020.03.05-16.45.42:999][  0]LogConfig: Applying CVar settings from Section [/Script/Engine.NetworkSettings] File [Z:/ISG_/ISG/Saved/Config/Windows/Engine.ini]
[2020.03.05-16.45.42:999][  0]LogConfig: Applying CVar settings from Section [/Script/UnrealEd.CookerSettings] File [Z:/ISG_/ISG/Saved/Config/Windows/Engine.ini]
[2020.03.05-16.45.43:003][  0]LogConfig: Applying CVar settings from Section [ViewDistanceQuality@3] File [Z:/ISG_/ISG/Saved/Config/Windows/Scalability.ini]
[2020.03.05-16.45.43:003][  0]LogConfig: Setting CVar [[r.SkeletalMeshLODBias:0]]
[2020.03.05-16.45.43:003][  0]LogConfig: Setting CVar [[r.ViewDistanceScale:1.0]]
[2020.03.05-16.45.43:003][  0]LogConfig: Applying CVar settings from Section [AntiAliasingQuality@3] File [Z:/ISG_/ISG/Saved/Config/Windows/Scalability.ini]
[2020.03.05-16.45.43:003][  0]LogConfig: Setting CVar [[r.PostProcessAAQuality:4]]
[2020.03.05-16.45.43:003][  0]LogConfig: Applying CVar settings from Section [ShadowQuality@3] File [Z:/ISG_/ISG/Saved/Config/Windows/Scalability.ini]
[2020.03.05-16.45.43:003][  0]LogConfig: Setting CVar [[r.LightFunctionQuality:1]]
[2020.03.05-16.45.43:003][  0]LogConfig: Setting CVar [[r.ShadowQuality:5]]
[2020.03.05-16.45.43:003][  0]LogConfig: Setting CVar [[r.Shadow.CSM.MaxCascades:10]]
[2020.03.05-16.45.43:003][  0]LogConfig: Setting CVar [[r.Shadow.MaxResolution:2048]]
[2020.03.05-16.45.43:003][  0]LogConfig: Setting CVar [[r.Shadow.MaxCSMResolution:2048]]
[2020.03.05-16.45.43:003][  0]LogConfig: Setting CVar [[r.Shadow.RadiusThreshold:0.01]]
[2020.03.05-16.45.43:003][  0]LogConfig: Setting CVar [[r.Shadow.DistanceScale:1.0]]
[2020.03.05-16.45.43:003][  0]LogConfig: Setting CVar [[r.Shadow.CSM.TransitionScale:1.0]]
[2020.03.05-16.45.43:003][  0]LogConfig: Setting CVar [[r.Shadow.PreShadowResolutionFactor:1.0]]
[2020.03.05-16.45.43:003][  0]LogConfig: Setting CVar [[r.DistanceFieldShadowing:1]]
[2020.03.05-16.45.43:003][  0]LogConfig: Setting CVar [[r.DistanceFieldAO:1]]
[2020.03.05-16.45.43:003][  0]LogConfig: Setting CVar [[r.AOQuality:2]]
[2020.03.05-16.45.43:003][  0]LogConfig: Setting CVar [[r.VolumetricFog:1]]
[2020.03.05-16.45.43:003][  0]LogConfig: Setting CVar [[r.VolumetricFog.GridPixelSize:8]]
[2020.03.05-16.45.43:003][  0]LogConfig: Setting CVar [[r.VolumetricFog.GridSizeZ:128]]
[2020.03.05-16.45.43:003][  0]LogConfig: Setting CVar [[r.VolumetricFog.HistoryMissSupersampleCount:4]]
[2020.03.05-16.45.43:003][  0]LogConfig: Setting CVar [[r.LightMaxDrawDistanceScale:1]]
[2020.03.05-16.45.43:003][  0]LogConfig: Setting CVar [[r.CapsuleShadows:1]]
[2020.03.05-16.45.43:003][  0]LogConfig: Applying CVar settings from Section [PostProcessQuality@3] File [Z:/ISG_/ISG/Saved/Config/Windows/Scalability.ini]
[2020.03.05-16.45.43:003][  0]LogConfig: Setting CVar [[r.MotionBlurQuality:4]]
[2020.03.05-16.45.43:003][  0]LogConfig: Setting CVar [[r.AmbientOcclusionMipLevelFactor:0.4]]
[2020.03.05-16.45.43:003][  0]LogConfig: Setting CVar [[r.AmbientOcclusionMaxQuality:100]]
[2020.03.05-16.45.43:003][  0]LogConfig: Setting CVar [[r.AmbientOcclusionLevels:-1]]
[2020.03.05-16.45.43:003][  0]LogConfig: Setting CVar [[r.AmbientOcclusionRadiusScale:1.0]]
[2020.03.05-16.45.43:003][  0]LogConfig: Setting CVar [[r.DepthOfFieldQuality:2]]
[2020.03.05-16.45.43:004][  0]LogConfig: Setting CVar [[r.RenderTargetPoolMin:400]]
[2020.03.05-16.45.43:004][  0]LogConfig: Setting CVar [[r.LensFlareQuality:2]]
[2020.03.05-16.45.43:004][  0]LogConfig: Setting CVar [[r.SceneColorFringeQuality:1]]
[2020.03.05-16.45.43:004][  0]LogConfig: Setting CVar [[r.EyeAdaptationQuality:2]]
[2020.03.05-16.45.43:004][  0]LogConfig: Setting CVar [[r.BloomQuality:5]]
[2020.03.05-16.45.43:004][  0]LogConfig: Setting CVar [[r.FastBlurThreshold:100]]
[2020.03.05-16.45.43:004][  0]LogConfig: Setting CVar [[r.Upscale.Quality:3]]
[2020.03.05-16.45.43:004][  0]LogConfig: Setting CVar [[r.Tonemapper.GrainQuantization:1]]
[2020.03.05-16.45.43:004][  0]LogConfig: Setting CVar [[r.LightShaftQuality:1]]
[2020.03.05-16.45.43:004][  0]LogConfig: Setting CVar [[r.Filter.SizeScale:1]]
[2020.03.05-16.45.43:004][  0]LogConfig: Setting CVar [[r.Tonemapper.Quality:5]]
[2020.03.05-16.45.43:004][  0]LogConfig: Setting CVar [[r.DOF.Gather.AccumulatorQuality:1        ; higher gathering accumulator quality]]
[2020.03.05-16.45.43:004][  0]LogConfig: Setting CVar [[r.DOF.Gather.PostfilterMethod:1          ; Median3x3 postfilering method]]
[2020.03.05-16.45.43:004][  0]LogConfig: Setting CVar [[r.DOF.Gather.EnableBokehSettings:0       ; no bokeh simulation when gathering]]
[2020.03.05-16.45.43:004][  0]LogConfig: Setting CVar [[r.DOF.Gather.RingCount:4                 ; medium number of samples when gathering]]
[2020.03.05-16.45.43:004][  0]LogConfig: Setting CVar [[r.DOF.Scatter.ForegroundCompositing:1    ; additive foreground scattering]]
[2020.03.05-16.45.43:004][  0]LogConfig: Setting CVar [[r.DOF.Scatter.BackgroundCompositing:2    ; additive background scattering]]
[2020.03.05-16.45.43:004][  0]LogConfig: Setting CVar [[r.DOF.Scatter.EnableBokehSettings:1      ; bokeh simulation when scattering]]
[2020.03.05-16.45.43:004][  0]LogConfig: Setting CVar [[r.DOF.Scatter.MaxSpriteRatio:0.1         ; only a maximum of 10% of scattered bokeh]]
[2020.03.05-16.45.43:004][  0]LogConfig: Setting CVar [[r.DOF.Recombine.Quality:1                ; cheap slight out of focus]]
[2020.03.05-16.45.43:004][  0]LogConfig: Setting CVar [[r.DOF.Recombine.EnableBokehSettings:0    ; no bokeh simulation on slight out of focus]]
[2020.03.05-16.45.43:004][  0]LogConfig: Setting CVar [[r.DOF.TemporalAAQuality:1                ; more stable temporal accumulation]]
[2020.03.05-16.45.43:004][  0]LogConfig: Setting CVar [[r.DOF.Kernel.MaxForegroundRadius:0.025]]
[2020.03.05-16.45.43:004][  0]LogConfig: Setting CVar [[r.DOF.Kernel.MaxBackgroundRadius:0.025]]
[2020.03.05-16.45.43:004][  0]LogConfig: Applying CVar settings from Section [TextureQuality@3] File [Z:/ISG_/ISG/Saved/Config/Windows/Scalability.ini]
[2020.03.05-16.45.43:004][  0]LogConfig: Setting CVar [[r.Streaming.MipBias:0]]
[2020.03.05-16.45.43:004][  0]LogConfig: Setting CVar [[r.Streaming.AmortizeCPUToGPUCopy:0]]
[2020.03.05-16.45.43:004][  0]LogConfig: Setting CVar [[r.Streaming.MaxNumTexturesToStreamPerFrame:0]]
[2020.03.05-16.45.43:004][  0]LogConfig: Setting CVar [[r.Streaming.Boost:1]]
[2020.03.05-16.45.43:004][  0]LogConfig: Setting CVar [[r.MaxAnisotropy:8]]
[2020.03.05-16.45.43:004][  0]LogConfig: Setting CVar [[r.Streaming.LimitPoolSizeToVRAM:0]]
[2020.03.05-16.45.43:004][  0]LogConfig: Setting CVar [[r.Streaming.PoolSize:1000]]
[2020.03.05-16.45.43:004][  0]LogConfig: Setting CVar [[r.Streaming.MaxEffectiveScreenSize:0]]
[2020.03.05-16.45.43:004][  0]LogConfig: Applying CVar settings from Section [EffectsQuality@3] File [Z:/ISG_/ISG/Saved/Config/Windows/Scalability.ini]
[2020.03.05-16.45.43:004][  0]LogConfig: Setting CVar [[r.TranslucencyLightingVolumeDim:64]]
[2020.03.05-16.45.43:004][  0]LogConfig: Setting CVar [[r.RefractionQuality:2]]
[2020.03.05-16.45.43:004][  0]LogConfig: Setting CVar [[r.SSR.Quality:3]]
[2020.03.05-16.45.43:004][  0]LogConfig: Setting CVar [[r.SceneColorFormat:4]]
[2020.03.05-16.45.43:004][  0]LogConfig: Setting CVar [[r.DetailMode:2]]
[2020.03.05-16.45.43:004][  0]LogConfig: Setting CVar [[r.TranslucencyVolumeBlur:1]]
[2020.03.05-16.45.43:004][  0]LogConfig: Setting CVar [[r.MaterialQualityLevel:1 ; High quality]]
[2020.03.05-16.45.43:004][  0]LogConfig: Setting CVar [[r.SSS.Scale:1]]
[2020.03.05-16.45.43:004][  0]LogConfig: Setting CVar [[r.SSS.SampleSet:2]]
[2020.03.05-16.45.43:004][  0]LogConfig: Setting CVar [[r.SSS.Quality:1]]
[2020.03.05-16.45.43:004][  0]LogConfig: Setting CVar [[r.SSS.HalfRes:1]]
[2020.03.05-16.45.43:004][  0]LogConfig: Setting CVar [[r.EmitterSpawnRateScale:1.0]]
[2020.03.05-16.45.43:004][  0]LogConfig: Setting CVar [[r.ParticleLightQuality:2]]
[2020.03.05-16.45.43:004][  0]LogConfig: Applying CVar settings from Section [FoliageQuality@3] File [Z:/ISG_/ISG/Saved/Config/Windows/Scalability.ini]
[2020.03.05-16.45.43:004][  0]LogConfig: Setting CVar [[foliage.DensityScale:1.0]]
[2020.03.05-16.45.43:004][  0]LogConfig: Setting CVar [[grass.DensityScale:1.0]]
[2020.03.05-16.45.43:004][  0]LogInit: Selected Device Profile: [Windows]
[2020.03.05-16.45.43:004][  0]LogInit: Applying CVar settings loaded from the selected device profile: [Windows]
[2020.03.05-16.45.43:007][  0]LogHAL: Display: Platform has ~ 16 GB [17106059264 / 17179869184 / 16], which maps to Larger [LargestMinGB=32, LargerMinGB=12, DefaultMinGB=8, SmallerMinGB=6, SmallestMinGB=0)
[2020.03.05-16.45.43:007][  0]LogInit: Going up to parent DeviceProfile []
[2020.03.05-16.45.43:007][  0]LogConfig: Applying CVar settings from Section [ViewDistanceQuality@3] File [Z:/ISG_/ISG/Saved/Config/Windows/Scalability.ini]
[2020.03.05-16.45.43:007][  0]LogConfig: Setting CVar [[r.SkeletalMeshLODBias:0]]
[2020.03.05-16.45.43:007][  0]LogConfig: Setting CVar [[r.ViewDistanceScale:1.0]]
[2020.03.05-16.45.43:007][  0]LogConfig: Applying CVar settings from Section [AntiAliasingQuality@3] File [Z:/ISG_/ISG/Saved/Config/Windows/Scalability.ini]
[2020.03.05-16.45.43:007][  0]LogConfig: Setting CVar [[r.PostProcessAAQuality:4]]
[2020.03.05-16.45.43:007][  0]LogConfig: Applying CVar settings from Section [ShadowQuality@3] File [Z:/ISG_/ISG/Saved/Config/Windows/Scalability.ini]
[2020.03.05-16.45.43:007][  0]LogConfig: Setting CVar [[r.LightFunctionQuality:1]]
[2020.03.05-16.45.43:007][  0]LogConfig: Setting CVar [[r.ShadowQuality:5]]
[2020.03.05-16.45.43:007][  0]LogConfig: Setting CVar [[r.Shadow.CSM.MaxCascades:10]]
[2020.03.05-16.45.43:007][  0]LogConfig: Setting CVar [[r.Shadow.MaxResolution:2048]]
[2020.03.05-16.45.43:007][  0]LogConfig: Setting CVar [[r.Shadow.MaxCSMResolution:2048]]
[2020.03.05-16.45.43:007][  0]LogConfig: Setting CVar [[r.Shadow.RadiusThreshold:0.01]]
[2020.03.05-16.45.43:007][  0]LogConfig: Setting CVar [[r.Shadow.DistanceScale:1.0]]
[2020.03.05-16.45.43:007][  0]LogConfig: Setting CVar [[r.Shadow.CSM.TransitionScale:1.0]]
[2020.03.05-16.45.43:007][  0]LogConfig: Setting CVar [[r.Shadow.PreShadowResolutionFactor:1.0]]
[2020.03.05-16.45.43:007][  0]LogConfig: Setting CVar [[r.DistanceFieldShadowing:1]]
[2020.03.05-16.45.43:007][  0]LogConfig: Setting CVar [[r.DistanceFieldAO:1]]
[2020.03.05-16.45.43:007][  0]LogConfig: Setting CVar [[r.AOQuality:2]]
[2020.03.05-16.45.43:007][  0]LogConfig: Setting CVar [[r.VolumetricFog:1]]
[2020.03.05-16.45.43:007][  0]LogConfig: Setting CVar [[r.VolumetricFog.GridPixelSize:8]]
[2020.03.05-16.45.43:007][  0]LogConfig: Setting CVar [[r.VolumetricFog.GridSizeZ:128]]
[2020.03.05-16.45.43:007][  0]LogConfig: Setting CVar [[r.VolumetricFog.HistoryMissSupersampleCount:4]]
[2020.03.05-16.45.43:007][  0]LogConfig: Setting CVar [[r.LightMaxDrawDistanceScale:1]]
[2020.03.05-16.45.43:007][  0]LogConfig: Setting CVar [[r.CapsuleShadows:1]]
[2020.03.05-16.45.43:007][  0]LogConfig: Applying CVar settings from Section [PostProcessQuality@3] File [Z:/ISG_/ISG/Saved/Config/Windows/Scalability.ini]
[2020.03.05-16.45.43:007][  0]LogConfig: Setting CVar [[r.MotionBlurQuality:4]]
[2020.03.05-16.45.43:007][  0]LogConfig: Setting CVar [[r.AmbientOcclusionMipLevelFactor:0.4]]
[2020.03.05-16.45.43:007][  0]LogConfig: Setting CVar [[r.AmbientOcclusionMaxQuality:100]]
[2020.03.05-16.45.43:007][  0]LogConfig: Setting CVar [[r.AmbientOcclusionLevels:-1]]
[2020.03.05-16.45.43:007][  0]LogConfig: Setting CVar [[r.AmbientOcclusionRadiusScale:1.0]]
[2020.03.05-16.45.43:007][  0]LogConfig: Setting CVar [[r.DepthOfFieldQuality:2]]
[2020.03.05-16.45.43:007][  0]LogConfig: Setting CVar [[r.RenderTargetPoolMin:400]]
[2020.03.05-16.45.43:007][  0]LogConfig: Setting CVar [[r.LensFlareQuality:2]]
[2020.03.05-16.45.43:007][  0]LogConfig: Setting CVar [[r.SceneColorFringeQuality:1]]
[2020.03.05-16.45.43:007][  0]LogConfig: Setting CVar [[r.EyeAdaptationQuality:2]]
[2020.03.05-16.45.43:007][  0]LogConfig: Setting CVar [[r.BloomQuality:5]]
[2020.03.05-16.45.43:008][  0]LogConfig: Setting CVar [[r.FastBlurThreshold:100]]
[2020.03.05-16.45.43:008][  0]LogConfig: Setting CVar [[r.Upscale.Quality:3]]
[2020.03.05-16.45.43:008][  0]LogConfig: Setting CVar [[r.Tonemapper.GrainQuantization:1]]
[2020.03.05-16.45.43:008][  0]LogConfig: Setting CVar [[r.LightShaftQuality:1]]
[2020.03.05-16.45.43:008][  0]LogConfig: Setting CVar [[r.Filter.SizeScale:1]]
[2020.03.05-16.45.43:008][  0]LogConfig: Setting CVar [[r.Tonemapper.Quality:5]]
[2020.03.05-16.45.43:008][  0]LogConfig: Setting CVar [[r.DOF.Gather.AccumulatorQuality:1        ; higher gathering accumulator quality]]
[2020.03.05-16.45.43:008][  0]LogConfig: Setting CVar [[r.DOF.Gather.PostfilterMethod:1          ; Median3x3 postfilering method]]
[2020.03.05-16.45.43:008][  0]LogConfig: Setting CVar [[r.DOF.Gather.EnableBokehSettings:0       ; no bokeh simulation when gathering]]
[2020.03.05-16.45.43:008][  0]LogConfig: Setting CVar [[r.DOF.Gather.RingCount:4                 ; medium number of samples when gathering]]
[2020.03.05-16.45.43:008][  0]LogConfig: Setting CVar [[r.DOF.Scatter.ForegroundCompositing:1    ; additive foreground scattering]]
[2020.03.05-16.45.43:008][  0]LogConfig: Setting CVar [[r.DOF.Scatter.BackgroundCompositing:2    ; additive background scattering]]
[2020.03.05-16.45.43:008][  0]LogConfig: Setting CVar [[r.DOF.Scatter.EnableBokehSettings:1      ; bokeh simulation when scattering]]
[2020.03.05-16.45.43:008][  0]LogConfig: Setting CVar [[r.DOF.Scatter.MaxSpriteRatio:0.1         ; only a maximum of 10% of scattered bokeh]]
[2020.03.05-16.45.43:008][  0]LogConfig: Setting CVar [[r.DOF.Recombine.Quality:1                ; cheap slight out of focus]]
[2020.03.05-16.45.43:008][  0]LogConfig: Setting CVar [[r.DOF.Recombine.EnableBokehSettings:0    ; no bokeh simulation on slight out of focus]]
[2020.03.05-16.45.43:008][  0]LogConfig: Setting CVar [[r.DOF.TemporalAAQuality:1                ; more stable temporal accumulation]]
[2020.03.05-16.45.43:008][  0]LogConfig: Setting CVar [[r.DOF.Kernel.MaxForegroundRadius:0.025]]
[2020.03.05-16.45.43:008][  0]LogConfig: Setting CVar [[r.DOF.Kernel.MaxBackgroundRadius:0.025]]
[2020.03.05-16.45.43:008][  0]LogConfig: Applying CVar settings from Section [TextureQuality@3] File [Z:/ISG_/ISG/Saved/Config/Windows/Scalability.ini]
[2020.03.05-16.45.43:008][  0]LogConfig: Setting CVar [[r.Streaming.MipBias:0]]
[2020.03.05-16.45.43:008][  0]LogConfig: Setting CVar [[r.Streaming.AmortizeCPUToGPUCopy:0]]
[2020.03.05-16.45.43:008][  0]LogConfig: Setting CVar [[r.Streaming.MaxNumTexturesToStreamPerFrame:0]]
[2020.03.05-16.45.43:008][  0]LogConfig: Setting CVar [[r.Streaming.Boost:1]]
[2020.03.05-16.45.43:008][  0]LogConfig: Setting CVar [[r.MaxAnisotropy:8]]
[2020.03.05-16.45.43:008][  0]LogConfig: Setting CVar [[r.Streaming.LimitPoolSizeToVRAM:0]]
[2020.03.05-16.45.43:008][  0]LogConfig: Setting CVar [[r.Streaming.PoolSize:1000]]
[2020.03.05-16.45.43:008][  0]LogConfig: Setting CVar [[r.Streaming.MaxEffectiveScreenSize:0]]
[2020.03.05-16.45.43:008][  0]LogConfig: Applying CVar settings from Section [EffectsQuality@3] File [Z:/ISG_/ISG/Saved/Config/Windows/Scalability.ini]
[2020.03.05-16.45.43:008][  0]LogConfig: Setting CVar [[r.TranslucencyLightingVolumeDim:64]]
[2020.03.05-16.45.43:008][  0]LogConfig: Setting CVar [[r.RefractionQuality:2]]
[2020.03.05-16.45.43:008][  0]LogConfig: Setting CVar [[r.SSR.Quality:3]]
[2020.03.05-16.45.43:008][  0]LogConfig: Setting CVar [[r.SceneColorFormat:4]]
[2020.03.05-16.45.43:008][  0]LogConfig: Setting CVar [[r.DetailMode:2]]
[2020.03.05-16.45.43:008][  0]LogConfig: Setting CVar [[r.TranslucencyVolumeBlur:1]]
[2020.03.05-16.45.43:008][  0]LogConfig: Setting CVar [[r.MaterialQualityLevel:1 ; High quality]]
[2020.03.05-16.45.43:008][  0]LogConfig: Setting CVar [[r.SSS.Scale:1]]
[2020.03.05-16.45.43:008][  0]LogConfig: Setting CVar [[r.SSS.SampleSet:2]]
[2020.03.05-16.45.43:008][  0]LogConfig: Setting CVar [[r.SSS.Quality:1]]
[2020.03.05-16.45.43:008][  0]LogConfig: Setting CVar [[r.SSS.HalfRes:1]]
[2020.03.05-16.45.43:008][  0]LogConfig: Setting CVar [[r.EmitterSpawnRateScale:1.0]]
[2020.03.05-16.45.43:008][  0]LogConfig: Setting CVar [[r.ParticleLightQuality:2]]
[2020.03.05-16.45.43:008][  0]LogConfig: Applying CVar settings from Section [FoliageQuality@3] File [Z:/ISG_/ISG/Saved/Config/Windows/Scalability.ini]
[2020.03.05-16.45.43:008][  0]LogConfig: Setting CVar [[foliage.DensityScale:1.0]]
[2020.03.05-16.45.43:008][  0]LogConfig: Setting CVar [[grass.DensityScale:1.0]]
[2020.03.05-16.45.43:008][  0]LogConfig: Applying CVar settings from Section [Startup] File [../../../Engine/Config/ConsoleVariables.ini]
[2020.03.05-16.45.43:009][  0]LogConfig: Setting CVar [[net.UseAdaptiveNetUpdateFrequency:0]]
[2020.03.05-16.45.43:009][  0]LogConfig: Setting CVar [[p.chaos.AllowCreatePhysxBodies:1]]
[2020.03.05-16.45.43:009][  0]LogConfig: Applying CVar settings from Section [ConsoleVariables] File [Z:/ISG_/ISG/Saved/Config/Windows/Engine.ini]
[2020.03.05-16.45.43:009][  0]LogInit: Computer: JOEYCOMPUTER
[2020.03.05-16.45.43:009][  0]LogInit: User: joeym
[2020.03.05-16.45.43:009][  0]LogInit: CPU Page size=4096, Cores=4
[2020.03.05-16.45.43:009][  0]LogInit: High frequency timer resolution =10.000000 MHz
[2020.03.05-16.45.43:009][  0]LogMemory: Memory total: Physical=15.9GB (16GB approx)
[2020.03.05-16.45.43:009][  0]LogMemory: Platform Memory Stats for Windows
[2020.03.05-16.45.43:009][  0]LogMemory: Process Physical Memory: 138.67 MB used, 138.68 MB peak
[2020.03.05-16.45.43:009][  0]LogMemory: Process Virtual Memory: 118.51 MB used, 118.51 MB peak
[2020.03.05-16.45.43:009][  0]LogMemory: Physical Memory: 7409.70 MB used,  8903.91 MB free, 16313.61 MB total
[2020.03.05-16.45.43:009][  0]LogMemory: Virtual Memory: 4854.60 MB used,  134212872.00 MB free, 134217728.00 MB total
[2020.03.05-16.45.43:020][  0]LogWindows: WindowsPlatformFeatures enabled
[2020.03.05-16.45.43:062][  0]LogInit: Using OS detected language (nl-NL).
[2020.03.05-16.45.43:062][  0]LogInit: Using OS detected locale (nl-NL).
[2020.03.05-16.45.43:063][  0]LogTextLocalizationManager: No localization for 'nl-NL' exists, so 'en' will be used for the language.
[2020.03.05-16.45.43:064][  0]LogTextLocalizationManager: No localization for 'nl-NL' exists, so 'en' will be used for the locale.
[2020.03.05-16.45.43:332][  0]LogSlate: New Slate User Created.  User Index 0, Is Virtual User: 0
[2020.03.05-16.45.43:332][  0]LogSlate: Slate User Registered.  User Index 0, Is Virtual User: 0
[2020.03.05-16.45.43:350][  0]LogHMD: Failed to initialize OpenVR with code 110
[2020.03.05-16.45.43:350][  0]LogD3D11RHI: D3D11 adapters:
[2020.03.05-16.45.43:459][  0]LogD3D11RHI:    0. 'NVIDIA GeForce GTX 1080' (Feature Level 11_0)
[2020.03.05-16.45.43:459][  0]LogD3D11RHI:       8079/0/8156 MB DedicatedVideo/DedicatedSystem/SharedSystem, Outputs:2, VendorId:0x10de
[2020.03.05-16.45.43:464][  0]LogD3D11RHI:    1. 'Microsoft Basic Render Driver' (Feature Level 11_0)
[2020.03.05-16.45.43:464][  0]LogD3D11RHI:       0/0/8156 MB DedicatedVideo/DedicatedSystem/SharedSystem, Outputs:0, VendorId:0x1414
[2020.03.05-16.45.43:464][  0]LogD3D11RHI: Chosen D3D11 Adapter: 0
[2020.03.05-16.45.43:477][  0]LogD3D11RHI: Creating new Direct3DDevice
[2020.03.05-16.45.43:477][  0]LogD3D11RHI:     GPU DeviceId: 0x1b80 (for the marketing name, search the web for "GPU Device Id")
[2020.03.05-16.45.43:477][  0]LogWindows: EnumDisplayDevices:
[2020.03.05-16.45.43:478][  0]LogWindows:    0. 'NVIDIA GeForce GTX 1080' (P:1 D:1)
[2020.03.05-16.45.43:478][  0]LogWindows:    1. 'NVIDIA GeForce GTX 1080' (P:0 D:1)
[2020.03.05-16.45.43:478][  0]LogWindows:    2. 'NVIDIA GeForce GTX 1080' (P:0 D:0)
[2020.03.05-16.45.43:479][  0]LogWindows:    3. 'NVIDIA GeForce GTX 1080' (P:0 D:0)
[2020.03.05-16.45.43:479][  0]LogWindows: DebugString: FoundDriverCount:4 
[2020.03.05-16.45.43:479][  0]LogD3D11RHI:     Adapter Name: NVIDIA GeForce GTX 1080
[2020.03.05-16.45.43:479][  0]LogD3D11RHI:   Driver Version: 442.19 (internal:26.21.14.4219, unified:442.19)
[2020.03.05-16.45.43:479][  0]LogD3D11RHI:      Driver Date: 1-29-2020
[2020.03.05-16.45.43:479][  0]LogRHI: Texture pool is 5655 MB (70% of 8079 MB)
[2020.03.05-16.45.43:546][  0]LogD3D11RHI: Async texture creation enabled
[2020.03.05-16.45.43:558][  0]LogD3D11RHI: GPU Timing Frequency: 1000.000000 (Debug: 2 1)
[2020.03.05-16.45.44:054][  0]LogTemp: Display: Module 'WindowsClientTargetPlatform' loaded TargetPlatform 'WindowsClient'
[2020.03.05-16.45.44:064][  0]LogTemp: Display: Module 'WindowsNoEditorTargetPlatform' loaded TargetPlatform 'WindowsNoEditor'
[2020.03.05-16.45.44:072][  0]LogTemp: Display: Module 'WindowsServerTargetPlatform' loaded TargetPlatform 'WindowsServer'
[2020.03.05-16.45.44:077][  0]LogTemp: Display: Module 'WindowsTargetPlatform' loaded TargetPlatform 'Windows'
[2020.03.05-16.45.44:077][  0]LogTargetPlatformManager: Display: Building Assets For Windows
[2020.03.05-16.45.44:087][  0]LogAudioDebug: Display: Lib vorbis DLL was dynamically loaded.
[2020.03.05-16.45.44:146][  0]LogShaderCompilers: Guid format shader working directory is 34 characters bigger than the processId version (Z:/ISG_/ISG/Intermediate/Shaders/WorkingDirectory/12624/).
[2020.03.05-16.45.44:147][  0]LogShaderCompilers: Cleaned the shader compiler working directory 'C:/Users/joeym/AppData/Local/Temp/UnrealShaderWorkingDir/CA5506664FC0D3BB09867D9916809477/'.
[2020.03.05-16.45.44:149][  0]LogXGEController: Cannot use XGE Controller as Incredibuild is not installed on this machine.
[2020.03.05-16.45.44:149][  0]LogShaderCompilers: Cannot use XGE Shader Compiler as Incredibuild is not installed on this machine.
[2020.03.05-16.45.44:149][  0]LogShaderCompilers: Display: Using Local Shader Compiler.
[2020.03.05-16.45.44:883][  0]LogDerivedDataCache: Display: Max Cache Size: 512 MB
[2020.03.05-16.45.44:957][  0]LogDerivedDataCache: Loaded boot cache 0.07s 74MB C:/Users/joeym/AppData/Local/UnrealEngine/4.23/DerivedDataCache/Boot.ddc.
[2020.03.05-16.45.44:957][  0]LogDerivedDataCache: Display: Loaded Boot cache: C:/Users/joeym/AppData/Local/UnrealEngine/4.23/DerivedDataCache/Boot.ddc
[2020.03.05-16.45.44:957][  0]LogDerivedDataCache: FDerivedDataBackendGraph:  Pak pak cache file Z:/ISG_/ISG/DerivedDataCache/DDC.ddp not found, will not use a pak cache.
[2020.03.05-16.45.44:957][  0]LogDerivedDataCache: Unable to find inner node Pak for hierarchical cache Hierarchy.
[2020.03.05-16.45.44:957][  0]LogDerivedDataCache: FDerivedDataBackendGraph:  CompressedPak pak cache file Z:/ISG_/ISG/DerivedDataCache/Compressed.ddp not found, will not use a pak cache.
[2020.03.05-16.45.44:958][  0]LogDerivedDataCache: Unable to find inner node CompressedPak for hierarchical cache Hierarchy.
[2020.03.05-16.45.44:969][  0]LogDerivedDataCache: Display: Pak cache opened for reading ../../../Engine/DerivedDataCache/Compressed.ddp.
[2020.03.05-16.45.44:970][  0]LogDerivedDataCache: Display: Pak cache opened for reading ../../../Enterprise/DerivedDataCache/Compressed.ddp.
[2020.03.05-16.45.44:972][  0]LogDerivedDataCache: Using Local data cache path C:/Users/joeym/AppData/Local/UnrealEngine/Common/DerivedDataCache: Writable
[2020.03.05-16.45.44:972][  0]LogDerivedDataCache: Shared data cache path not found in *engine.ini, will not use an Shared cache.
[2020.03.05-16.45.44:972][  0]LogDerivedDataCache: Unable to find inner node Shared for hierarchical cache Hierarchy.
[2020.03.05-16.45.44:992][  0]LogMaterial: Verifying Global Shaders for PCD3D_SM5
[2020.03.05-16.45.44:995][  0]LogSlate: Using FreeType 2.6.0
[2020.03.05-16.45.44:996][  0]LogSlate: SlateFontServices - WITH_FREETYPE: 1, WITH_HARFBUZZ: 1
[2020.03.05-16.45.45:139][  0]LogInit: Using OS detected language (nl-NL).
[2020.03.05-16.45.45:139][  0]LogInit: Using OS detected locale (nl-NL).
[2020.03.05-16.45.45:139][  0]LogTextLocalizationManager: No localization for 'nl-NL' exists, so 'en' will be used for the language.
[2020.03.05-16.45.45:139][  0]LogTextLocalizationManager: No localization for 'nl-NL' exists, so 'en' will be used for the locale.
[2020.03.05-16.45.45:141][  0]LogTextLocalizationManager: Compacting localization data took   0.00ms
[2020.03.05-16.45.45:147][  0]LogAssetRegistry: FAssetRegistry took 0.0024 seconds to start up
[2020.03.05-16.45.45:417][  0]LogPackageLocalizationCache: Processed 18 localized package path(s) for 1 prioritized culture(s) in 0.000746 seconds
[2020.03.05-16.45.45:491][  0]LogInit: Selected Device Profile: [Windows]
[2020.03.05-16.45.45:556][  0]LogMeshReduction: Using QuadricMeshReduction for automatic static mesh reduction
[2020.03.05-16.45.45:556][  0]LogMeshReduction: Using SimplygonMeshReduction for automatic skeletal mesh reduction
[2020.03.05-16.45.45:556][  0]LogMeshReduction: Using ProxyLODMeshReduction for automatic mesh merging
[2020.03.05-16.45.45:556][  0]LogMeshReduction: No distributed automatic mesh merging module available
[2020.03.05-16.45.45:556][  0]LogMeshMerging: No distributed automatic mesh merging module available
[2020.03.05-16.45.45:712][  0]LogNetVersion: ISG 1.0.0, NetCL: 8386587, EngineNetVer: 11, GameNetVer: 0 (Checksum: 1051496785)
[2020.03.05-16.45.46:374][  0]LogMoviePlayer: Initializing movie player
[2020.03.05-16.45.46:495][  0]LogTcpMessaging: Initializing TcpMessaging bridge
[2020.03.05-16.45.46:497][  0]LogUdpMessaging: Initializing bridge on interface 0.0.0.0:0 to multicast group 230.0.0.1:6666.
[2020.03.05-16.45.46:553][  0]SourceControl: Source control is disabled
[2020.03.05-16.45.46:554][  0]SourceControl: Source control is disabled
[2020.03.05-16.45.46:556][  0]SourceControl: Source control is disabled
[2020.03.05-16.45.46:650][  0]LogAndroidPermission: UAndroidPermissionCallbackProxy::GetInstance
[2020.03.05-16.45.46:919][  0]LogOcInput: OculusInput pre-init called
[2020.03.05-16.45.46:936][  0]LogUObjectArray: 49554 objects as part of root set at end of initial load.
[2020.03.05-16.45.46:936][  0]LogUObjectAllocator: 8737800 out of 0 bytes used by permanent object pool.
[2020.03.05-16.45.46:936][  0]LogUObjectArray: CloseDisregardForGC: 0/0 objects in disregard for GC pool
[2020.03.05-16.45.46:998][  0]LogEngine: Initializing Engine...
[2020.03.05-16.45.46:999][  0]LogHMD: Failed to initialize OpenVR with code 110
[2020.03.05-16.45.47:001][  0]LogStats: UGameplayTagsManager::InitializeManager -  0.000 s
[2020.03.05-16.45.47:222][  0]LogInit: Initializing FReadOnlyCVARCache
[2020.03.05-16.45.47:276][  0]LogInit: XAudio2 using 'Hoofdtelefoon (3- Arctis 7 Game)' : 2 channels at 48 kHz using 16 bits per sample (channel mask 0x3)
[2020.03.05-16.45.47:323][  0]LogInit: FAudioDevice initialized.
[2020.03.05-16.45.47:326][  0]LogNetVersion: Set ProjectVersion to 1.0.0.0. Version Checksum will be recalculated on next use.
[2020.03.05-16.45.47:326][  0]LogInit: Texture streaming: Enabled
[2020.03.05-16.45.47:539][  0]LogVoiceEncode: Display: EncoderVersion: libopus 1.1-beta
[2020.03.05-16.45.47:542][  0]LogSlate: Updating window title bar state: overlay mode, drag disabled, window buttons hidden, title bar hidden
[2020.03.05-16.45.47:543][  0]LogInit: Display: Game Engine Initialized.
[2020.03.05-16.45.47:614][  0]LogInit: Display: Starting Game.
[2020.03.05-16.45.47:614][  0]LogNet: Browse: /Game/GameRelated/Levels/MAP_Factory?Name=Player
[2020.03.05-16.45.47:614][  0]LogLoad: LoadMap: /Game/GameRelated/Levels/MAP_Factory?Name=Player
[2020.03.05-16.45.47:615][  0]LogWorld: BeginTearingDown for /Temp/Untitled_0
[2020.03.05-16.45.47:629][  0]LogWorld: UWorld::CleanupWorld for Untitled, bSessionEnded=true, bCleanupResources=true
[2020.03.05-16.45.47:656][  0]LogUObjectHash: Compacting FUObjectHashTables data took   2.78ms
[2020.03.05-16.45.47:723][  0]LogUObjectGlobals: Warning: Failed to load '/Script/SmoothSyncPlugin': Can't find file.
[2020.03.05-16.45.47:723][  0]LogUObjectGlobals: Warning: Failed to load '/Script/SmoothSyncPlugin': Can't find file.
[2020.03.05-16.45.47:725][  0]LogUObjectGlobals: Warning: Failed to load '/Script/SmoothSyncPlugin': Can't find file.
[2020.03.05-16.45.47:725][  0]LogUObjectGlobals: Warning: Failed to load '/Script/SmoothSyncPlugin': Can't find file.
[2020.03.05-16.45.47:725][  0]LogUObjectGlobals: Warning: Failed to load '/Script/SmoothSyncPlugin': Can't find file.
[2020.03.05-16.45.47:725][  0]LogUObjectGlobals: Warning: Failed to load '/Script/SmoothSyncPlugin': Can't find file.
[2020.03.05-16.45.47:726][  0]LogLinker: Warning: Unable to load SmoothSync_GEN_VARIABLE with outer BlueprintGeneratedClass /Game/SpectatorRelated/MySpectatorPawn.MySpectatorPawn_C because its class does not exist
[2020.03.05-16.45.47:726][  0]LogUObjectGlobals: Warning: Failed to load '/Script/SmoothSyncPlugin': Can't find file.
[2020.03.05-16.45.47:726][  0]LogUObjectGlobals: Warning: Failed to load '/Script/SmoothSyncPlugin': Can't find file.
[2020.03.05-16.45.47:726][  0]LogUObjectGlobals: Warning: While loading 'Z:/ISG_/ISG/Content/SpectatorRelated/MySpectatorPawn.uasset' failed to load '/Script/SmoothSyncPlugin': Can't find file.
[2020.03.05-16.45.47:726][  0]LogUObjectGlobals: Warning: While loading 'Z:/ISG_/ISG/Content/SpectatorRelated/MySpectatorPawn.uasset' failed to load '/Script/SmoothSyncPlugin': Can't find file.
[2020.03.05-16.45.47:775][  0]LogBlueprint: Warning: [Compiler MySpectatorPawn] Component class is not set for 'SmoothSync' - this component will not be instanced, and additional warnings or errors may occur when compiling Blueprint 'MySpectatorPawn'.
[2020.03.05-16.45.48:163][  0]LogAIModule: Creating AISystem for world MAP_Factory
[2020.03.05-16.45.48:164][  0]LogLoad: Game class is 'GM_BaseGamemode_C'
[2020.03.05-16.45.48:181][  0]LogWorld: Bringing World /Game/GameRelated/Levels/MAP_Factory.MAP_Factory up for play (max tick rate 0) at 2020.03.05-17.45.48
[2020.03.05-16.45.48:181][  0]LogWorld: Bringing up level for play took: 0.016778
[2020.03.05-16.45.48:183][  0]LogVoiceEngine: Error: OSS: StopLocalVoiceProcessing: Ignoring stop request for non-owning user
[2020.03.05-16.45.48:183][  0]LogOnlineVoice: OSS: StopLocalVoiceProcessing(0) returned 0xFFFFFFFF
[2020.03.05-16.45.48:183][  0]LogOnlineVoice: OSS: Stopping networked voice for user: 0
[2020.03.05-16.45.48:187][  0]LogLoad: Took 0.573282 seconds to LoadMap(/Game/GameRelated/Levels/MAP_Factory)
[2020.03.05-16.45.48:223][  0]LogRenderer: Reallocating scene render targets to support 1280x720 Format 10 NumSamples 1 (Frame:1).
[2020.03.05-16.45.48:223][  0]LogLoad: (Engine Initialization) Total time: 7.18 seconds
[2020.03.05-16.45.48:223][  0]LogLoad: (Engine Initialization) Total Blueprint compile time: 0.00 seconds
[2020.03.05-16.45.48:273][  0]LogContentStreaming: Texture pool size now 1000 MB
[2020.03.05-16.45.48:276][  1]LogRenderer: Reallocating scene render targets to support 128x128 Format 10 NumSamples 1 (Frame:1).
[2020.03.05-16.45.48:315][  2]LogRenderer: Reallocating scene render targets to support 1280x720 Format 10 NumSamples 1 (Frame:2).
[2020.03.05-16.45.50:268][122]LogBlueprintUserMessages: [GM_BaseGamemode_C_0] TO BOMBER
[2020.03.05-16.45.50:269][122]LogSlate: Took 0.000415 seconds to synchronously load lazily loaded font '../../../Engine/Content/Slate/Fonts/Roboto-Regular.ttf' (155K)
[2020.03.05-16.45.51:270][184]LogBlueprintUserMessages: [GM_BaseGamemode_C_0] Joey: is the winner!
[2020.03.05-16.45.52:274][246]LogBlueprintUserMessages: [GM_BaseGamemode_C_0] TO PLAYER
[2020.03.05-16.45.58:457][629]LogBlueprintUserMessages: [MyPlayer_C_0] Trying to join
[2020.03.05-16.45.58:974][662]LogOnlineSession: STEAM: Found 1 lobbies, finalizing the search
[2020.03.05-16.45.58:974][662]LogOnlineSession: STEAM: Search result 0: LobbyId=Lobby[0x18600000BBA1C6E], LobbyId.IsValid()=true, CSteamID(LobbyId).IsLobby()=true
[2020.03.05-16.45.58:975][662]LogScript: Script Msg: Found a session. Ping is 9999
[2020.03.05-16.45.59:346][685]LogVoiceEngine: Error: OSS: StartLocalVoiceProcessing(): Device is currently owned by another user
[2020.03.05-16.45.59:346][685]LogOnlineVoice: OSS: StartLocalProcessing(0) returned 0xFFFFFFFF
[2020.03.05-16.45.59:346][685]LogOnlineVoice: OSS: Starting networked voice for user: 0
[2020.03.05-16.45.59:392][685]LogOnlineVoice: OSS: RegisterLocalTalker(0) returned 0x00000000
[2020.03.05-16.45.59:392][685]LogOnlineSession: OSS: Join session: traveling to steam.76561198349061249:7777
[2020.03.05-16.45.59:392][685]LogBlueprintUserMessages: [MyPlayer_C_0] Joined the session!
[2020.03.05-16.45.59:392][685]LogNet: Browse: steam.76561198349061249//Game/GameRelated/Levels/MAP_Factory
[2020.03.05-16.45.59:393][685]LogTemp: Display: ParseSettings for GameNetDriver
[2020.03.05-16.45.59:393][685]LogTemp: Display: ParseSettings for SteamNetDriver_0
[2020.03.05-16.45.59:393][685]LogTemp: Display: ParseSettings for PendingNetDriver
[2020.03.05-16.45.59:393][685]LogNet: Display: SteamNetDriver_0 bound to port 7777
[2020.03.05-16.45.59:393][685]PacketHandlerLog: Loaded PacketHandler component: Engine.EngineHandlerComponentFactory (StatelessConnectHandlerComponent)
[2020.03.05-16.45.59:393][685]LogOnline: STEAM: Adding user 76561198349061249:7777 from RegisterConnection
[2020.03.05-16.45.59:393][685]LogNet: Game client on port 7777, rate 10000
[2020.03.05-16.46.03:951][967]LogRenderer: Reallocating scene render targets to support 1920x1080 Format 10 NumSamples 1 (Frame:970).
[2020.03.05-16.46.03:951][967]LogConfig: Applying CVar settings from Section [ViewDistanceQuality@3] File [Z:/ISG_/ISG/Saved/Config/Windows/Scalability.ini]
[2020.03.05-16.46.03:951][967]LogConfig: Setting CVar [[r.SkeletalMeshLODBias:0]]
[2020.03.05-16.46.03:951][967]LogConfig: Setting CVar [[r.ViewDistanceScale:1.0]]
[2020.03.05-16.46.03:951][967]LogConfig: Applying CVar settings from Section [AntiAliasingQuality@3] File [Z:/ISG_/ISG/Saved/Config/Windows/Scalability.ini]
[2020.03.05-16.46.03:951][967]LogConfig: Setting CVar [[r.PostProcessAAQuality:4]]
[2020.03.05-16.46.03:951][967]LogConfig: Applying CVar settings from Section [ShadowQuality@3] File [Z:/ISG_/ISG/Saved/Config/Windows/Scalability.ini]
[2020.03.05-16.46.03:951][967]LogConfig: Setting CVar [[r.LightFunctionQuality:1]]
[2020.03.05-16.46.03:951][967]LogConfig: Setting CVar [[r.ShadowQuality:5]]
[2020.03.05-16.46.03:951][967]LogConfig: Setting CVar [[r.Shadow.CSM.MaxCascades:10]]
[2020.03.05-16.46.03:951][967]LogConfig: Setting CVar [[r.Shadow.MaxResolution:2048]]
[2020.03.05-16.46.03:951][967]LogConfig: Setting CVar [[r.Shadow.MaxCSMResolution:2048]]
[2020.03.05-16.46.03:951][967]LogConfig: Setting CVar [[r.Shadow.RadiusThreshold:0.01]]
[2020.03.05-16.46.03:951][967]LogConfig: Setting CVar [[r.Shadow.DistanceScale:1.0]]
[2020.03.05-16.46.03:951][967]LogConfig: Setting CVar [[r.Shadow.CSM.TransitionScale:1.0]]
[2020.03.05-16.46.03:951][967]LogConfig: Setting CVar [[r.Shadow.PreShadowResolutionFactor:1.0]]
[2020.03.05-16.46.03:951][967]LogConfig: Setting CVar [[r.DistanceFieldShadowing:1]]
[2020.03.05-16.46.03:951][967]LogConfig: Setting CVar [[r.DistanceFieldAO:1]]
[2020.03.05-16.46.03:951][967]LogConfig: Setting CVar [[r.AOQuality:2]]
[2020.03.05-16.46.03:951][967]LogConfig: Setting CVar [[r.VolumetricFog:1]]
[2020.03.05-16.46.03:951][967]LogConfig: Setting CVar [[r.VolumetricFog.GridPixelSize:8]]
[2020.03.05-16.46.03:951][967]LogConfig: Setting CVar [[r.VolumetricFog.GridSizeZ:128]]
[2020.03.05-16.46.03:951][967]LogConfig: Setting CVar [[r.VolumetricFog.HistoryMissSupersampleCount:4]]
[2020.03.05-16.46.03:951][967]LogConfig: Setting CVar [[r.LightMaxDrawDistanceScale:1]]
[2020.03.05-16.46.03:951][967]LogConfig: Setting CVar [[r.CapsuleShadows:1]]
[2020.03.05-16.46.03:951][967]LogConfig: Applying CVar settings from Section [PostProcessQuality@3] File [Z:/ISG_/ISG/Saved/Config/Windows/Scalability.ini]
[2020.03.05-16.46.03:951][967]LogConfig: Setting CVar [[r.MotionBlurQuality:4]]
[2020.03.05-16.46.03:951][967]LogConfig: Setting CVar [[r.AmbientOcclusionMipLevelFactor:0.4]]
[2020.03.05-16.46.03:951][967]LogConfig: Setting CVar [[r.AmbientOcclusionMaxQuality:100]]
[2020.03.05-16.46.03:951][967]LogConfig: Setting CVar [[r.AmbientOcclusionLevels:-1]]
[2020.03.05-16.46.03:951][967]LogConfig: Setting CVar [[r.AmbientOcclusionRadiusScale:1.0]]
[2020.03.05-16.46.03:951][967]LogConfig: Setting CVar [[r.DepthOfFieldQuality:2]]
[2020.03.05-16.46.03:951][967]LogConfig: Setting CVar [[r.RenderTargetPoolMin:400]]
[2020.03.05-16.46.03:951][967]LogConfig: Setting CVar [[r.LensFlareQuality:2]]
[2020.03.05-16.46.03:951][967]LogConfig: Setting CVar [[r.SceneColorFringeQuality:1]]
[2020.03.05-16.46.03:951][967]LogConfig: Setting CVar [[r.EyeAdaptationQuality:2]]
[2020.03.05-16.46.03:951][967]LogConfig: Setting CVar [[r.BloomQuality:5]]
[2020.03.05-16.46.03:951][967]LogConfig: Setting CVar [[r.FastBlurThreshold:100]]
[2020.03.05-16.46.03:951][967]LogConfig: Setting CVar [[r.Upscale.Quality:3]]
[2020.03.05-16.46.03:951][967]LogConfig: Setting CVar [[r.Tonemapper.GrainQuantization:1]]
[2020.03.05-16.46.03:951][967]LogConfig: Setting CVar [[r.LightShaftQuality:1]]
[2020.03.05-16.46.03:951][967]LogConfig: Setting CVar [[r.Filter.SizeScale:1]]
[2020.03.05-16.46.03:952][967]LogConfig: Setting CVar [[r.Tonemapper.Quality:5]]
[2020.03.05-16.46.03:952][967]LogConfig: Setting CVar [[r.DOF.Gather.AccumulatorQuality:1        ; higher gathering accumulator quality]]
[2020.03.05-16.46.03:952][967]LogConfig: Setting CVar [[r.DOF.Gather.PostfilterMethod:1          ; Median3x3 postfilering method]]
[2020.03.05-16.46.03:952][967]LogConfig: Setting CVar [[r.DOF.Gather.EnableBokehSettings:0       ; no bokeh simulation when gathering]]
[2020.03.05-16.46.03:952][967]LogConfig: Setting CVar [[r.DOF.Gather.RingCount:4                 ; medium number of samples when gathering]]
[2020.03.05-16.46.03:952][967]LogConfig: Setting CVar [[r.DOF.Scatter.ForegroundCompositing:1    ; additive foreground scattering]]
[2020.03.05-16.46.03:952][967]LogConfig: Setting CVar [[r.DOF.Scatter.BackgroundCompositing:2    ; additive background scattering]]
[2020.03.05-16.46.03:952][967]LogConfig: Setting CVar [[r.DOF.Scatter.EnableBokehSettings:1      ; bokeh simulation when scattering]]
[2020.03.05-16.46.03:952][967]LogConfig: Setting CVar [[r.DOF.Scatter.MaxSpriteRatio:0.1         ; only a maximum of 10% of scattered bokeh]]
[2020.03.05-16.46.03:952][967]LogConfig: Setting CVar [[r.DOF.Recombine.Quality:1                ; cheap slight out of focus]]
[2020.03.05-16.46.03:952][967]LogConfig: Setting CVar [[r.DOF.Recombine.EnableBokehSettings:0    ; no bokeh simulation on slight out of focus]]
[2020.03.05-16.46.03:952][967]LogConfig: Setting CVar [[r.DOF.TemporalAAQuality:1                ; more stable temporal accumulation]]
[2020.03.05-16.46.03:952][967]LogConfig: Setting CVar [[r.DOF.Kernel.MaxForegroundRadius:0.025]]
[2020.03.05-16.46.03:952][967]LogConfig: Setting CVar [[r.DOF.Kernel.MaxBackgroundRadius:0.025]]
[2020.03.05-16.46.03:952][967]LogConfig: Applying CVar settings from Section [TextureQuality@3] File [Z:/ISG_/ISG/Saved/Config/Windows/Scalability.ini]
[2020.03.05-16.46.03:952][967]LogConfig: Setting CVar [[r.Streaming.MipBias:0]]
[2020.03.05-16.46.03:952][967]LogConfig: Setting CVar [[r.Streaming.AmortizeCPUToGPUCopy:0]]
[2020.03.05-16.46.03:952][967]LogConfig: Setting CVar [[r.Streaming.MaxNumTexturesToStreamPerFrame:0]]
[2020.03.05-16.46.03:952][967]LogConfig: Setting CVar [[r.Streaming.Boost:1]]
[2020.03.05-16.46.03:952][967]LogConfig: Setting CVar [[r.MaxAnisotropy:8]]
[2020.03.05-16.46.03:952][967]LogConfig: Setting CVar [[r.Streaming.LimitPoolSizeToVRAM:0]]
[2020.03.05-16.46.03:952][967]LogConfig: Setting CVar [[r.Streaming.PoolSize:1000]]
[2020.03.05-16.46.03:952][967]LogConfig: Setting CVar [[r.Streaming.MaxEffectiveScreenSize:0]]
[2020.03.05-16.46.03:952][967]LogConfig: Applying CVar settings from Section [EffectsQuality@3] File [Z:/ISG_/ISG/Saved/Config/Windows/Scalability.ini]
[2020.03.05-16.46.03:952][967]LogConfig: Setting CVar [[r.TranslucencyLightingVolumeDim:64]]
[2020.03.05-16.46.03:952][967]LogConfig: Setting CVar [[r.RefractionQuality:2]]
[2020.03.05-16.46.03:952][967]LogConfig: Setting CVar [[r.SSR.Quality:3]]
[2020.03.05-16.46.03:952][967]LogConfig: Setting CVar [[r.SceneColorFormat:4]]
[2020.03.05-16.46.03:952][967]LogConfig: Setting CVar [[r.DetailMode:2]]
[2020.03.05-16.46.03:952][967]LogConfig: Setting CVar [[r.TranslucencyVolumeBlur:1]]
[2020.03.05-16.46.03:952][967]LogConfig: Setting CVar [[r.MaterialQualityLevel:1 ; High quality]]
[2020.03.05-16.46.03:952][967]LogConfig: Setting CVar [[r.SSS.Scale:1]]
[2020.03.05-16.46.03:952][967]LogConfig: Setting CVar [[r.SSS.SampleSet:2]]
[2020.03.05-16.46.03:952][967]LogConfig: Setting CVar [[r.SSS.Quality:1]]
[2020.03.05-16.46.03:952][967]LogConfig: Setting CVar [[r.SSS.HalfRes:1]]
[2020.03.05-16.46.03:952][967]LogConfig: Setting CVar [[r.EmitterSpawnRateScale:1.0]]
[2020.03.05-16.46.03:952][967]LogConfig: Setting CVar [[r.ParticleLightQuality:2]]
[2020.03.05-16.46.03:952][967]LogConfig: Applying CVar settings from Section [FoliageQuality@3] File [Z:/ISG_/ISG/Saved/Config/Windows/Scalability.ini]
[2020.03.05-16.46.03:952][967]LogConfig: Setting CVar [[foliage.DensityScale:1.0]]
[2020.03.05-16.46.03:952][967]LogConfig: Setting CVar [[grass.DensityScale:1.0]]
[2020.03.05-16.46.04:781][ 19]LogHandshake: SendChallengeResponse. Timestamp: 158.461075, Cookie: 232174008241035218251251114218195055139012051237020129102213
[2020.03.05-16.46.04:781][ 19]LogHandshake: SendChallengeResponse. Timestamp: 158.461075, Cookie: 232174008241035218251251114218195055139012051237020129102213
[2020.03.05-16.46.04:781][ 19]LogHandshake: SendChallengeResponse. Timestamp: 158.461075, Cookie: 232174008241035218251251114218195055139012051237020129102213
[2020.03.05-16.46.04:782][ 19]LogHandshake: SendChallengeResponse. Timestamp: 158.461075, Cookie: 232174008241035218251251114218195055139012051237020129102213
[2020.03.05-16.46.04:797][ 20]LogHandshake: SendChallengeResponse. Timestamp: 158.461075, Cookie: 232174008241035218251251114218195055139012051237020129102213
[2020.03.05-16.46.04:797][ 20]LogHandshake: SendChallengeResponse. Timestamp: 158.461075, Cookie: 232174008241035218251251114218195055139012051237020129102213
[2020.03.05-16.46.04:852][ 23]LogNetVersion: ISG 1.0.0.0, NetCL: 8386587, EngineNetVer: 11, GameNetVer: 0 (Checksum: 718921517)
[2020.03.05-16.46.04:852][ 23]LogNet: UPendingNetGame::SendInitialJoin: Sending hello. [UNetConnection] RemoteAddr: 76561198349061249:7777, Name: SteamNetConnection_0, Driver: PendingNetDriver SteamNetDriver_0, IsServer: NO, PC: NULL, Owner: NULL, UniqueId: INVALID
[2020.03.05-16.46.04:981][ 31]LogNet: Welcomed by server (Level: /Game/GameRelated/Levels/MAP_Factory, Game: /Game/GameRelated/Gamemodes/GM_BaseGamemode.GM_BaseGamemode_C)
[2020.03.05-16.46.04:981][ 31]LogLoad: LoadMap: steam.76561198349061249//Game/GameRelated/Levels/MAP_Factory?game=/Game/GameRelated/Gamemodes/GM_BaseGamemode.GM_BaseGamemode_C
[2020.03.05-16.46.04:981][ 31]LogWorld: BeginTearingDown for /Game/GameRelated/Levels/MAP_Factory
[2020.03.05-16.46.04:982][ 31]LogWorld: UWorld::CleanupWorld for MAP_Factory, bSessionEnded=true, bCleanupResources=true
[2020.03.05-16.46.05:019][ 31]LogUObjectHash: Compacting FUObjectHashTables data took   2.21ms
[2020.03.05-16.46.05:070][ 31]LogUObjectGlobals: Warning: Failed to load '/Script/SmoothSyncPlugin': Can't find file.
[2020.03.05-16.46.05:070][ 31]LogUObjectGlobals: Warning: Failed to load '/Script/SmoothSyncPlugin': Can't find file.
[2020.03.05-16.46.05:071][ 31]LogUObjectGlobals: Warning: Failed to load '/Script/SmoothSyncPlugin': Can't find file.
[2020.03.05-16.46.05:071][ 31]LogUObjectGlobals: Warning: Failed to load '/Script/SmoothSyncPlugin': Can't find file.
[2020.03.05-16.46.05:071][ 31]LogUObjectGlobals: Warning: Failed to load '/Script/SmoothSyncPlugin': Can't find file.
[2020.03.05-16.46.05:071][ 31]LogUObjectGlobals: Warning: Failed to load '/Script/SmoothSyncPlugin': Can't find file.
[2020.03.05-16.46.05:071][ 31]LogLinker: Warning: Unable to load SmoothSync_GEN_VARIABLE with outer BlueprintGeneratedClass /Game/SpectatorRelated/MySpectatorPawn.MySpectatorPawn_C because its class does not exist
[2020.03.05-16.46.05:071][ 31]LogUObjectGlobals: Warning: Failed to load '/Script/SmoothSyncPlugin': Can't find file.
[2020.03.05-16.46.05:071][ 31]LogUObjectGlobals: Warning: Failed to load '/Script/SmoothSyncPlugin': Can't find file.
[2020.03.05-16.46.05:072][ 31]LogUObjectGlobals: Warning: While loading 'Z:/ISG_/ISG/Content/SpectatorRelated/MySpectatorPawn.uasset' failed to load '/Script/SmoothSyncPlugin': Can't find file.
[2020.03.05-16.46.05:072][ 31]LogUObjectGlobals: Warning: While loading 'Z:/ISG_/ISG/Content/SpectatorRelated/MySpectatorPawn.uasset' failed to load '/Script/SmoothSyncPlugin': Can't find file.
[2020.03.05-16.46.05:109][ 31]LogBlueprint: Warning: [Compiler MySpectatorPawn] Component class is not set for 'SmoothSync' - this component will not be instanced, and additional warnings or errors may occur when compiling Blueprint 'MySpectatorPawn'.
[2020.03.05-16.46.05:386][ 31]LogTemp: Display: ParseSettings for GameNetDriver
[2020.03.05-16.46.05:395][ 31]LogWorld: Bringing World /Game/GameRelated/Levels/MAP_Factory.MAP_Factory up for play (max tick rate 0) at 2020.03.05-17.46.05
[2020.03.05-16.46.05:395][ 31]LogWorld: Bringing up level for play took: 0.008460
[2020.03.05-16.46.05:395][ 31]LogLoad: Took 0.414000 seconds to LoadMap(/Game/GameRelated/Levels/MAP_Factory)
[2020.03.05-16.46.05:460][ 35]LogOnlineVoice: OSS: StopLocalVoiceProcessing(0) returned 0x00000000
[2020.03.05-16.46.05:460][ 35]LogOnlineVoice: OSS: Stopping networked voice for user: 0
[2020.03.05-16.46.05:653][ 47]LogOnlineVoice: OSS: RegisterRemoteTalker(Alessio [0x20FF7C789A0]) returned 0x00000000
[2020.03.05-16.46.05:654][ 47]LogOnlineVoice: OSS: StartRemoteVoiceProcessing(Alessio [0x20FF7C789A0]) returned 0x00000000
[2020.03.05-16.46.05:718][ 51]LogOnlineVoice: OSS: Unmuting remote talker (Alessio [0x20FF7C7A0E0])
[2020.03.05-16.46.05:766][ 54]LogNet: Warning: UActorChannel::ProcessBunch: SerializeNewActor failed to find/spawn actor. Actor: None, Channel: 13
[2020.03.05-16.46.13:977][563]LogNet: Warning: UNetDriver::ProcessRemoteFunction: No owning connection for actor MyPlayer_C_1. Function SRV_DestroyPlayer will not be processed.
[2020.03.05-16.46.42:355][322]LogNet: Warning: UNetDriver::ProcessRemoteFunction: No owning connection for actor MySpectatorPawn_C_0. Function SRV_DestroySpectator will not be processed.
[2020.03.05-16.47.48:221][403]LogNet: Warning: UNetDriver::ProcessRemoteFunction: No owning connection for actor MyPlayer_C_4. Function SRV_DestroyPlayer will not be processed.
[2020.03.05-16.47.53:757][746]LogNet: Warning: UNetDriver::ProcessRemoteFunction: No owning connection for actor MySpectatorPawn_C_9. Function SRV_DestroySpectator will not be processed.
[2020.03.05-16.48.01:032][197]LogNet: Warning: UNetDriver::ProcessRemoteFunction: No owning connection for actor MyPlayer_C_11. Function SRV_DestroyPlayer will not be processed.
[2020.03.05-16.48.02:790][306]LogNet: Warning: UNetDriver::ProcessRemoteFunction: No owning connection for actor MySpectatorPawn_C_12. Function SRV_DestroySpectator will not be processed.
[2020.03.05-16.48.40:081][616]LogSlate: Window 'ISmellGunPowder ISmellGunPowder ' being destroyed
[2020.03.05-16.48.40:081][616]LogWindowsTextInputMethodSystem: Display: IME system now deactivated.
[2020.03.05-16.48.40:086][617]LogSlate: Updating window title bar state: overlay mode, drag disabled, window buttons hidden, title bar hidden
[2020.03.05-16.48.40:086][617]LogEngine: All Windows Closed
[2020.03.05-16.48.40:086][617]LogWindows: FPlatformMisc::RequestExit(0)
[2020.03.05-16.48.40:098][618]LogWorld: BeginTearingDown for /Game/GameRelated/Levels/MAP_Factory
[2020.03.05-16.48.40:098][618]LogNet: World NetDriver shutdown SteamNetDriver_0 [GameNetDriver]
[2020.03.05-16.48.40:098][618]LogNet: DestroyNamedNetDriver SteamNetDriver_0 [GameNetDriver]
[2020.03.05-16.48.40:098][618]LogNet: UNetConnection::Close: [UNetConnection] RemoteAddr: 76561198349061249:7777, Name: SteamNetConnection_0, Driver: GameNetDriver SteamNetDriver_0, IsServer: NO, PC: PlayerController_1, Owner: PlayerController_1, UniqueId: STEAM:Joey [0x20F82057A60], Channels: 25, Time: 2020.03.05-16.48.40
[2020.03.05-16.48.40:098][618]LogNet: UChannel::Close: Sending CloseBunch. ChIndex == 0. Name: [UChannel] ChIndex: 0, Closing: 0 [UNetConnection] RemoteAddr: 76561198349061249:7777, Name: SteamNetConnection_0, Driver: GameNetDriver SteamNetDriver_0, IsServer: NO, PC: PlayerController_1, Owner: PlayerController_1, UniqueId: STEAM:Joey [0x20F82057A60]
[2020.03.05-16.48.40:098][618]LogExit: GameNetDriver SteamNetDriver_0 shut down
[2020.03.05-16.48.40:099][618]LogWorld: UWorld::CleanupWorld for MAP_Factory, bSessionEnded=true, bCleanupResources=true
[2020.03.05-16.48.41:095][618]LogExit: Preparing to exit.
[2020.03.05-16.48.41:095][618]LogMoviePlayer: Shutting down movie player
[2020.03.05-16.48.41:609][618]LogSlate: Updating window title bar state: overlay mode, drag disabled, window buttons hidden, title bar hidden
[2020.03.05-16.48.41:615][618]LogDemo: Cleaned up 0 splitscreen connections with owner deletion
[2020.03.05-16.48.41:624][618]LogExit: Game engine shut down
[2020.03.05-16.48.41:627][618]LogOnline: STEAM: Removing P2P Session Id: Alessio [0x20F820541C0], Channel: 7777, IdleTime: 1.557
[2020.03.05-16.48.41:712][618]LogExit: Object subsystem successfully closed.
[2020.03.05-16.48.41:730][618]LogShaderCompilers: Display: Shaders left to compile 0
[2020.03.05-16.48.41:741][618]LogModuleManager: Shutting down and abandoning module SequenceRecorderSections (422)
[2020.03.05-16.48.41:741][618]LogModuleManager: Shutting down and abandoning module SequenceRecorder (420)
[2020.03.05-16.48.41:741][618]LogModuleManager: Shutting down and abandoning module AutomationController (418)
[2020.03.05-16.48.41:741][618]LogModuleManager: Shutting down and abandoning module AutomationWorker (416)
[2020.03.05-16.48.41:741][618]LogModuleManager: Shutting down and abandoning module AIModule (414)
[2020.03.05-16.48.41:741][618]LogModuleManager: Shutting down and abandoning module GameplayDebugger (413)
[2020.03.05-16.48.41:741][618]LogModuleManager: Shutting down and abandoning module AITestSuite (411)
[2020.03.05-16.48.41:741][618]LogModuleManager: Shutting down and abandoning module NavigationSystem (409)
[2020.03.05-16.48.41:741][618]LogModuleManager: Shutting down and abandoning module OculusMR (406)
[2020.03.05-16.48.41:741][618]LogModuleManager: Shutting down and abandoning module WmfMediaFactory (404)
[2020.03.05-16.48.41:741][618]LogModuleManager: Shutting down and abandoning module WebMMediaFactory (402)
[2020.03.05-16.48.41:741][618]LogModuleManager: Shutting down and abandoning module WebMMedia (400)
[2020.03.05-16.48.41:741][618]LogModuleManager: Shutting down and abandoning module OpenExrWrapper (398)
[2020.03.05-16.48.41:741][618]LogModuleManager: Shutting down and abandoning module ImgMediaFactory (396)
[2020.03.05-16.48.41:741][618]LogModuleManager: Shutting down and abandoning module AvfMediaFactory (394)
[2020.03.05-16.48.41:741][618]LogModuleManager: Shutting down and abandoning module MagicLeapCameraPreviewFactory (392)
[2020.03.05-16.48.41:741][618]LogModuleManager: Shutting down and abandoning module MagicLeapMediaCodecFactory (390)
[2020.03.05-16.48.41:741][618]LogModuleManager: Shutting down and abandoning module MagicLeapMediaFactory (388)
[2020.03.05-16.48.41:741][618]LogModuleManager: Shutting down and abandoning module CharacterAI (386)
[2020.03.05-16.48.41:741][618]LogModuleManager: Shutting down and abandoning module SessionServices (384)
[2020.03.05-16.48.41:741][618]LogModuleManager: Shutting down and abandoning module MovieSceneCapture (382)
[2020.03.05-16.48.41:741][618]LogModuleManager: Shutting down and abandoning module Voice (380)
[2020.03.05-16.48.41:746][618]LogModuleManager: Shutting down and abandoning module LiveCoding (378)
[2020.03.05-16.48.41:746][618]LogModuleManager: Shutting down and abandoning module LevelSequence (376)
[2020.03.05-16.48.41:746][618]LogModuleManager: Shutting down and abandoning module MovieSceneTracks (374)
[2020.03.05-16.48.41:746][618]LogModuleManager: Shutting down and abandoning module MovieScene (372)
[2020.03.05-16.48.41:746][618]LogModuleManager: Shutting down and abandoning module StreamingPauseRendering (370)
[2020.03.05-16.48.41:746][618]LogModuleManager: Shutting down and abandoning module PortalServices (368)
[2020.03.05-16.48.41:746][618]LogModuleManager: Shutting down and abandoning module PortalRpc (366)
[2020.03.05-16.48.41:746][618]LogModuleManager: Shutting down and abandoning module MessagingRpc (364)
[2020.03.05-16.48.41:746][618]LogModuleManager: Shutting down and abandoning module ImageWriteQueue (362)
[2020.03.05-16.48.41:749][618]LogModuleManager: Shutting down and abandoning module ProfilerService (360)
[2020.03.05-16.48.41:789][618]LogModuleManager: Shutting down and abandoning module TaskGraph (358)
[2020.03.05-16.48.41:789][618]LogModuleManager: Shutting down and abandoning module SteamVRController (356)
[2020.03.05-16.48.41:789][618]LogModuleManager: Shutting down and abandoning module ProceduralMeshComponent (354)
[2020.03.05-16.48.41:789][618]LogModuleManager: Shutting down and abandoning module OculusInput (352)
[2020.03.05-16.48.41:789][618]LogModuleManager: Shutting down and abandoning module MobilePatchingUtils (350)
[2020.03.05-16.48.41:789][618]LogModuleManager: Shutting down and abandoning module EditableMesh (348)
[2020.03.05-16.48.41:790][618]LogModuleManager: Shutting down and abandoning module CustomMeshComponent (346)
[2020.03.05-16.48.41:790][618]LogModuleManager: Shutting down and abandoning module CableComponent (344)
[2020.03.05-16.48.41:790][618]LogModuleManager: Shutting down and abandoning module AudioCapture (342)
[2020.03.05-16.48.41:790][618]LogModuleManager: Shutting down and abandoning module ArchVisCharacter (340)
[2020.03.05-16.48.41:790][618]LogModuleManager: Shutting down and abandoning module AppleImageUtilsBlueprintSupport (338)
[2020.03.05-16.48.41:790][618]LogModuleManager: Shutting down and abandoning module AppleImageUtils (336)
[2020.03.05-16.48.41:790][618]LogModuleManager: Shutting down and abandoning module AndroidPermission (334)
[2020.03.05-16.48.41:790][618]LogModuleManager: Shutting down and abandoning module NUTUnrealEngine4 (330)
[2020.03.05-16.48.41:790][618]LogModuleManager: Shutting down and abandoning module NetcodeUnitTest (328)
[2020.03.05-16.48.41:790][618]LogModuleManager: Shutting down and abandoning module MediaCompositing (326)
[2020.03.05-16.48.41:790][618]LogModuleManager: Shutting down and abandoning module ImgMedia (324)
[2020.03.05-16.48.41:790][618]LogModuleManager: Shutting down and abandoning module MagicLeapHelperVulkan (322)
[2020.03.05-16.48.41:790][618]LogModuleManager: Shutting down and abandoning module MagicLeapHelperOpenGL (320)
[2020.03.05-16.48.41:790][618]LogModuleManager: Shutting down and abandoning module MagicLeapAudio (318)
[2020.03.05-16.48.41:790][618]LogModuleManager: Shutting down and abandoning module HTML5Networking (316)
[2020.03.05-16.48.41:790][618]LogModuleManager: Shutting down and abandoning module GeometryCollectionTracks (314)
[2020.03.05-16.48.41:790][618]LogModuleManager: Shutting down and abandoning module GeometryCollectionSequencer (313)
[2020.03.05-16.48.41:790][618]LogModuleManager: Shutting down and abandoning module GeometryCollectionExampleCore (310)
[2020.03.05-16.48.41:790][618]LogModuleManager: Shutting down and abandoning module GeometryCacheTracks (308)
[2020.03.05-16.48.41:790][618]LogModuleManager: Shutting down and abandoning module GeometryCacheSequencer (307)
[2020.03.05-16.48.41:790][618]LogModuleManager: Shutting down and abandoning module GeometryCache (304)
[2020.03.05-16.48.41:790][618]LogModuleManager: Shutting down and abandoning module GeometryCacheEd (303)
[2020.03.05-16.48.41:790][618]LogModuleManager: Shutting down and abandoning module BlastCore (300)
[2020.03.05-16.48.41:790][618]LogModuleManager: Shutting down and abandoning module BackChannel (298)
[2020.03.05-16.48.41:790][618]LogModuleManager: Shutting down and abandoning module AutomationUtils (296)
[2020.03.05-16.48.41:790][618]LogModuleManager: Shutting down and abandoning module VariantManagerContent (294)
[2020.03.05-16.48.41:790][618]LogModuleManager: Shutting down and abandoning module CryptoKeysOpenSSL (292)
[2020.03.05-16.48.41:790][618]LogModuleManager: Shutting down and abandoning module CryptoKeys (290)
[2020.03.05-16.48.41:790][618]LogModuleManager: Shutting down and abandoning module VisualStudioSourceCodeAccess (288)
[2020.03.05-16.48.41:790][618]LogModuleManager: Shutting down and abandoning module HotReload (287)
[2020.03.05-16.48.41:790][618]LogModuleManager: Shutting down and abandoning module DirectoryWatcher (286)
[2020.03.05-16.48.41:790][618]LogModuleManager: Shutting down and abandoning module VisualStudioCodeSourceCodeAccess (282)
[2020.03.05-16.48.41:790][618]LogModuleManager: Shutting down and abandoning module UObjectPlugin (280)
[2020.03.05-16.48.41:790][618]LogModuleManager: Shutting down and abandoning module SubversionSourceControl (278)
[2020.03.05-16.48.41:790][618]LogModuleManager: Shutting down and abandoning module PerforceSourceControl (276)
[2020.03.05-16.48.41:790][618]LogModuleManager: Shutting down and abandoning module SourceControl (275)
[2020.03.05-16.48.41:790][618]LogModuleManager: Shutting down and abandoning module CLionSourceCodeAccess (272)
[2020.03.05-16.48.41:790][618]LogModuleManager: Shutting down and abandoning module ActorLayerUtilities (270)
[2020.03.05-16.48.41:790][618]LogModuleManager: Shutting down and abandoning module AdvancedSteamSessions (268)
[2020.03.05-16.48.41:790][618]LogModuleManager: Shutting down and abandoning module AdvancedSessions (266)
[2020.03.05-16.48.41:790][618]LogModuleManager: Shutting down and abandoning module SignificanceManager (264)
[2020.03.05-16.48.41:790][618]LogModuleManager: Shutting down and abandoning module RuntimePhysXCooking (262)
[2020.03.05-16.48.41:790][618]LogModuleManager: Shutting down and abandoning module PhysXVehiclesEditor (260)
[2020.03.05-16.48.41:790][618]LogModuleManager: Shutting down and abandoning module LocationServicesBPLibrary (256)
[2020.03.05-16.48.41:790][618]LogModuleManager: Shutting down and abandoning module ActorSequence (254)
[2020.03.05-16.48.41:790][618]LogModuleManager: Shutting down and abandoning module UdpMessaging (252)
[2020.03.05-16.48.41:891][618]LogModuleManager: Shutting down and abandoning module TcpMessaging (250)
[2020.03.05-16.48.42:590][618]LogModuleManager: Shutting down and abandoning module MagicLeapIdentity (248)
[2020.03.05-16.48.42:590][618]LogModuleManager: Shutting down and abandoning module MagicLeapSecureStorage (246)
[2020.03.05-16.48.42:590][618]LogModuleManager: Shutting down and abandoning module MagicLeapHandTracking (244)
[2020.03.05-16.48.42:590][618]LogModuleManager: Shutting down and abandoning module MagicLeapEyeTracker (242)
[2020.03.05-16.48.42:590][618]LogModuleManager: Shutting down and abandoning module MagicLeapController (240)
[2020.03.05-16.48.42:590][618]LogSlate: Slate User Destroyed.  User Index 0, Is Virtual User: 0
[2020.03.05-16.48.42:590][618]LogModuleManager: Shutting down and abandoning module MagicLeapAR (238)
[2020.03.05-16.48.42:590][618]LogModuleManager: Shutting down and abandoning module AugmentedReality (237)
[2020.03.05-16.48.42:590][618]LogModuleManager: Shutting down and abandoning module GameplayTagsEditor (234)
[2020.03.05-16.48.42:590][618]LogModuleManager: Shutting down and abandoning module FacialAnimation (232)
[2020.03.05-16.48.42:590][618]LogModuleManager: Shutting down and abandoning module AssetManagerEditor (230)
[2020.03.05-16.48.42:590][618]LogModuleManager: Shutting down and abandoning module TreeMap (229)
[2020.03.05-16.48.42:590][618]LogModuleManager: Shutting down and abandoning module AnimationSharing (226)
[2020.03.05-16.48.42:590][618]LogModuleManager: Shutting down and abandoning module LightPropagationVolumeRuntime (224)
[2020.03.05-16.48.42:590][618]LogModuleManager: Shutting down and abandoning module Paper2D (222)
[2020.03.05-16.48.42:590][618]LogModuleManager: Shutting down and abandoning module WindowsMoviePlayer (220)
[2020.03.05-16.48.42:593][618]LogModuleManager: Shutting down and abandoning module WebMMoviePlayer (218)
[2020.03.05-16.48.42:593][618]LogModuleManager: Shutting down and abandoning module NetworkReplayStreaming (216)
[2020.03.05-16.48.42:593][618]LogModuleManager: Shutting down and abandoning module PacketHandler (214)
[2020.03.05-16.48.42:593][618]LogModuleManager: Shutting down and abandoning module ClothingSystemEditor (212)
[2020.03.05-16.48.42:593][618]LogModuleManager: Shutting down and abandoning module ClothingSystemRuntime (210)
[2020.03.05-16.48.42:593][618]LogModuleManager: Shutting down and abandoning module MediaAssets (208)
[2020.03.05-16.48.42:593][618]LogModuleManager: Shutting down and abandoning module Overlay (206)
[2020.03.05-16.48.42:593][618]LogModuleManager: Shutting down and abandoning module OverlayEditor (205)
[2020.03.05-16.48.42:593][618]LogModuleManager: Shutting down and abandoning module VREditor (202)
[2020.03.05-16.48.42:593][618]LogModuleManager: Shutting down and abandoning module StringTableEditor (200)
[2020.03.05-16.48.42:593][618]LogModuleManager: Shutting down and abandoning module GameplayTasksEditor (198)
[2020.03.05-16.48.42:593][618]LogModuleManager: Shutting down and abandoning module BehaviorTreeEditor (196)
[2020.03.05-16.48.42:593][618]LogModuleManager: Shutting down and abandoning module FunctionalTesting (194)
[2020.03.05-16.48.42:593][618]LogModuleManager: Shutting down and abandoning module CollisionAnalyzer (192)
[2020.03.05-16.48.42:593][618]LogModuleManager: Shutting down and abandoning module WorkspaceMenuStructure (191)
[2020.03.05-16.48.42:593][618]LogModuleManager: Shutting down and abandoning module UMG (188)
[2020.03.05-16.48.42:593][618]LogModuleManager: Shutting down and abandoning module UMGEditor (187)
[2020.03.05-16.48.42:593][618]LogModuleManager: Shutting down and abandoning module Sequencer (186)
[2020.03.05-16.48.42:593][618]LogModuleManager: Shutting down and abandoning module MessageLog (183)
[2020.03.05-16.48.42:593][618]LogModuleManager: Shutting down and abandoning module SlateReflector (178)
[2020.03.05-16.48.42:593][618]LogModuleManager: Shutting down and abandoning module Slate (176)
[2020.03.05-16.48.42:593][618]LogModuleManager: Shutting down and abandoning module LandscapeEditorUtilities (174)
[2020.03.05-16.48.42:593][618]LogModuleManager: Shutting down and abandoning module EditorStyle (172)
[2020.03.05-16.48.42:594][618]LogModuleManager: Shutting down and abandoning module UnrealEd (170)
[2020.03.05-16.48.42:594][618]LogModuleManager: Shutting down and abandoning module MRMesh (168)
[2020.03.05-16.48.42:594][618]LogModuleManager: Shutting down and abandoning module Messaging (166)
[2020.03.05-16.48.42:594][618]LogModuleManager: Shutting down and abandoning module SourceCodeAccess (164)
[2020.03.05-16.48.42:594][618]LogModuleManager: Shutting down and abandoning module HeadMountedDisplay (162)
[2020.03.05-16.48.42:594][618]LogModuleManager: Shutting down and abandoning module XAudio2 (160)
[2020.03.05-16.48.42:594][618]LogModuleManager: Shutting down and abandoning module Networking (158)
[2020.03.05-16.48.42:594][618]LogModuleManager: Shutting down and abandoning module Core (156)
[2020.03.05-16.48.42:594][618]LogModuleManager: Shutting down and abandoning module KismetCompiler (154)
[2020.03.05-16.48.42:594][618]LogModuleManager: Shutting down and abandoning module MeshUtilities (152)
[2020.03.05-16.48.42:594][618]LogModuleManager: Shutting down and abandoning module MeshMergeUtilities (151)
[2020.03.05-16.48.42:594][618]LogModuleManager: Shutting down and abandoning module MeshReductionInterface (150)
[2020.03.05-16.48.42:594][618]LogModuleManager: Shutting down and abandoning module SkeletalMeshReduction (149)
[2020.03.05-16.48.42:594][618]LogModuleManager: Shutting down and abandoning module ProxyLODMeshReduction (147)
[2020.03.05-16.48.42:594][618]LogModuleManager: Shutting down and abandoning module QuadricMeshReduction (145)
[2020.03.05-16.48.42:594][618]LogModuleManager: Shutting down and abandoning module MaterialBaking (141)
[2020.03.05-16.48.42:594][618]LogModuleManager: Shutting down and abandoning module NullInstallBundleManager (136)
[2020.03.05-16.48.42:594][618]LogModuleManager: Shutting down and abandoning module PIEPreviewDeviceProfileSelector (134)
[2020.03.05-16.48.42:594][618]LogModuleManager: Shutting down and abandoning module DerivedDataCache (132)
[2020.03.05-16.48.42:642][618]LogDerivedDataCache: Shutdown
[2020.03.05-16.48.42:642][618]LogModuleManager: Shutting down and abandoning module XGEController (130)
[2020.03.05-16.48.42:642][618]LogModuleManager: Shutting down and abandoning module TargetPlatform (128)
[2020.03.05-16.48.42:642][618]LogModuleManager: Shutting down and abandoning module VulkanShaderFormat (127)
[2020.03.05-16.48.42:642][618]LogModuleManager: Shutting down and abandoning module ShaderFormatVectorVM (125)
[2020.03.05-16.48.42:642][618]LogModuleManager: Shutting down and abandoning module ShaderFormatOpenGL (123)
[2020.03.05-16.48.42:642][618]LogModuleManager: Shutting down and abandoning module ShaderFormatD3D (121)
[2020.03.05-16.48.42:642][618]LogModuleManager: Shutting down and abandoning module MetalShaderFormat (119)
[2020.03.05-16.48.42:642][618]LogModuleManager: Shutting down and abandoning module TextureFormatUncompressed (117)
[2020.03.05-16.48.42:642][618]LogModuleManager: Shutting down and abandoning module TextureFormatPVR (115)
[2020.03.05-16.48.42:642][618]LogModuleManager: Shutting down and abandoning module TextureFormatDXT (113)
[2020.03.05-16.48.42:642][618]LogModuleManager: Shutting down and abandoning module TextureFormatIntelISPCTexComp (111)
[2020.03.05-16.48.42:642][618]LogModuleManager: Shutting down and abandoning module TextureFormatASTC (109)
[2020.03.05-16.48.42:642][618]LogModuleManager: Shutting down and abandoning module ImageWrapper (108)
[2020.03.05-16.48.42:642][618]LogModuleManager: Shutting down and abandoning module TextureFormatAndroid (105)
[2020.03.05-16.48.42:642][618]LogModuleManager: Shutting down and abandoning module AudioFormatOpus (103)
[2020.03.05-16.48.42:642][618]LogModuleManager: Shutting down and abandoning module AudioFormatOgg (101)
[2020.03.05-16.48.42:642][618]LogModuleManager: Shutting down and abandoning module AudioFormatADPCM (99)
[2020.03.05-16.48.42:642][618]LogModuleManager: Shutting down and abandoning module WindowsTargetPlatform (97)
[2020.03.05-16.48.42:642][618]LogModuleManager: Shutting down and abandoning module WindowsServerTargetPlatform (95)
[2020.03.05-16.48.42:642][618]LogModuleManager: Shutting down and abandoning module WindowsNoEditorTargetPlatform (93)
[2020.03.05-16.48.42:642][618]LogModuleManager: Shutting down and abandoning module WindowsClientTargetPlatform (91)
[2020.03.05-16.48.42:642][618]LogModuleManager: Shutting down and abandoning module InputCore (88)
[2020.03.05-16.48.42:643][618]LogModuleManager: Shutting down and abandoning module Settings (86)
[2020.03.05-16.48.42:643][618]LogModuleManager: Shutting down and abandoning module PhysXCooking (84)
[2020.03.05-16.48.42:643][618]LogModuleManager: Shutting down and abandoning module WindowsPlatformFeatures (82)
[2020.03.05-16.48.42:643][618]LogModuleManager: Shutting down and abandoning module GameplayMediaEncoder (81)
[2020.03.05-16.48.42:643][618]LogModuleManager: Shutting down and abandoning module SteamVR (78)
[2020.03.05-16.48.42:643][618]LogHMD: Freeing OpenVRDLLHandle.
[2020.03.05-16.48.42:643][618]LogModuleManager: Shutting down and abandoning module OculusHMD (76)
[2020.03.05-16.48.42:643][618]LogModuleManager: Shutting down and abandoning module ExampleDeviceProfileSelector (74)
[2020.03.05-16.48.42:643][618]LogModuleManager: Shutting down and abandoning module LauncherChunkInstaller (72)
[2020.03.05-16.48.42:643][618]LogModuleManager: Shutting down and abandoning module OnlineBlueprintSupport (70)
[2020.03.05-16.48.42:643][618]LogModuleManager: Shutting down and abandoning module OnlineSubsystem (66)
[2020.03.05-16.48.42:643][618]LogOnline: Display: STEAM: OnlineSubsystemSteam::Shutdown()
[2020.03.05-16.48.42:643][618]LogOnline: STEAM: AUTH: Revoking all tickets.
[2020.03.05-16.48.42:643][618]LogOnline: STEAM: Removing P2P Session Id: Alessio [0x20F82055A20], Channel: -1, IdleTime: 2.573
[2020.03.05-16.48.42:643][618]LogOnline: STEAM: Closing all communications with user 76561198349061249
[2020.03.05-16.48.42:645][618]LogOnline: STEAM: 76561198349061249 has been removed.
[2020.03.05-16.48.42:704][618]LogOnline: Display: STEAM: OnlineSubsystemSteam::Shutdown()
[2020.03.05-16.48.42:704][618]LogModuleManager: Shutting down and abandoning module XMPP (61)
[2020.03.05-16.48.42:704][618]LogModuleManager: Shutting down and abandoning module WebSockets (60)
[2020.03.05-16.48.42:708][618]LogModuleManager: Shutting down and abandoning module HTTP (57)
[2020.03.05-16.48.42:735][618]LogModuleManager: Shutting down and abandoning module SSL (56)
[2020.03.05-16.48.42:736][618]LogModuleManager: Shutting down and abandoning module WmfMedia (52)
[2020.03.05-16.48.42:739][618]LogModuleManager: Shutting down and abandoning module Media (51)
[2020.03.05-16.48.42:740][618]LogModuleManager: Shutting down and abandoning module MagicLeap (48)
[2020.03.05-16.48.42:740][618]LogModuleManager: Shutting down and abandoning module DatasmithContent (46)
[2020.03.05-16.48.42:740][618]LogModuleManager: Shutting down and abandoning module AISupportModule (44)
[2020.03.05-16.48.42:740][618]LogModuleManager: Shutting down and abandoning module PlatformCryptoOpenSSL (42)
[2020.03.05-16.48.42:740][618]LogModuleManager: Shutting down and abandoning module PlatformCrypto (40)
[2020.03.05-16.48.42:740][618]LogModuleManager: Shutting down and abandoning module AnimationModifiers (38)
[2020.03.05-16.48.42:740][618]LogModuleManager: Shutting down and abandoning module PropertyEditor (37)
[2020.03.05-16.48.42:740][618]LogModuleManager: Shutting down and abandoning module AudioEditor (34)
[2020.03.05-16.48.42:740][618]LogModuleManager: Shutting down and abandoning module TextureCompressor (32)
[2020.03.05-16.48.42:740][618]LogModuleManager: Shutting down and abandoning module RenderCore (30)
[2020.03.05-16.48.42:740][618]LogModuleManager: Shutting down and abandoning module Landscape (28)
[2020.03.05-16.48.42:740][618]LogModuleManager: Shutting down and abandoning module SlateRHIRenderer (26)
[2020.03.05-16.48.42:741][618]LogModuleManager: Shutting down and abandoning module OpenGLDrv (24)
[2020.03.05-16.48.42:741][618]LogModuleManager: Shutting down and abandoning module D3D11RHI (22)
[2020.03.05-16.48.42:741][618]LogModuleManager: Shutting down and abandoning module AnimGraphRuntime (20)
[2020.03.05-16.48.42:741][618]LogModuleManager: Shutting down and abandoning module Renderer (18)
[2020.03.05-16.48.42:741][618]LogModuleManager: Shutting down and abandoning module Engine (16)
[2020.03.05-16.48.42:741][618]LogModuleManager: Shutting down and abandoning module CoreUObject (14)
[2020.03.05-16.48.42:741][618]LogModuleManager: Shutting down and abandoning module NetworkFile (12)
[2020.03.05-16.48.42:741][618]LogModuleManager: Shutting down and abandoning module CookedIterativeFile (10)
[2020.03.05-16.48.42:741][618]LogModuleManager: Shutting down and abandoning module StreamingFile (8)
[2020.03.05-16.48.42:741][618]LogModuleManager: Shutting down and abandoning module SandboxFile (6)
[2020.03.05-16.48.42:741][618]LogModuleManager: Shutting down and abandoning module PakFile (4)
[2020.03.05-16.48.42:741][618]LogModuleManager: Shutting down and abandoning module RSA (3)
[2020.03.05-16.48.42:742][618]LogD3D11RHI: Shutdown
[2020.03.05-16.48.42:742][618]LogD3D11RHI: CleanupD3DDevice
[2020.03.05-16.48.42:742][618]LogRendererCore: FGlobalDynamicReadBuffer::Cleanup()
[2020.03.05-16.48.42:742][618]LogRendererCore: FGlobalDynamicReadBuffer::Cleanup()
[2020.03.05-16.48.42:742][618]LogRendererCore: FGlobalDynamicReadBuffer::Cleanup()
[2020.03.05-16.48.42:804][618]LogD3D11RHI: ~FD3D11DynamicRHI
[2020.03.05-16.48.42:813][618]LogExit: Exiting.
[2020.03.05-16.48.42:827][618]Log file closed, 03/05/20 17:48:42
