Log file open, 06/25/20 14:48:35
LogWindows: Failed to load 'aqProf.dll' (GetLastError=126)
LogWindows: File 'aqProf.dll' does not exist
LogWindows: Failed to load 'VtuneApi.dll' (GetLastError=126)
LogWindows: File 'VtuneApi.dll' does not exist
LogWindows: Failed to load 'VtuneApi32e.dll' (GetLastError=126)
LogWindows: File 'VtuneApi32e.dll' does not exist
LogConsoleResponse: Display: Failed to find resolution value strings in scalability ini. Falling back to default.
LogInit: Display: Running engine for game: ISG
LogPlatformFile: Not using cached read wrapper
LogTaskGraph: Started task graph with 5 named threads and 23 total threads with 3 sets of task threads.
LogStats: Stats thread started at 0.084404
LogD3D11RHI: Loaded GFSDK_Aftermath_Lib.x64.dll
LogICUInternationalization: ICU TimeZone Detection - Raw Offset: +1:00, Platform Override: ''
LogPluginManager: Mounting plugin Paper2D
LogPluginManager: Mounting plugin AISupport
LogPluginManager: Mounting plugin LightPropagationVolume
LogPluginManager: Mounting plugin ActorLayerUtilities
LogPluginManager: Mounting plugin AnimationSharing
LogPluginManager: Mounting plugin CLionSourceCodeAccess
LogPluginManager: Mounting plugin CodeLiteSourceCodeAccess
LogPluginManager: Mounting plugin GitSourceControl
LogPluginManager: Mounting plugin KDevelopSourceCodeAccess
LogPluginManager: Mounting plugin NullSourceCodeAccess
LogPluginManager: Mounting plugin PerforceSourceControl
LogPluginManager: Mounting plugin SubversionSourceControl
LogPluginManager: Mounting plugin UObjectPlugin
LogPluginManager: Mounting plugin VisualStudioCodeSourceCodeAccess
LogPluginManager: Mounting plugin VisualStudioSourceCodeAccess
LogPluginManager: Mounting plugin XCodeSourceCodeAccess
LogPluginManager: Mounting plugin AssetManagerEditor
LogPluginManager: Mounting plugin CryptoKeys
LogPluginManager: Mounting plugin CurveEditorTools
LogPluginManager: Mounting plugin DataValidation
LogPluginManager: Mounting plugin EditorScriptingUtilities
LogPluginManager: Mounting plugin FacialAnimation
LogPluginManager: Mounting plugin GameplayTagsEditor
LogPluginManager: Mounting plugin GLTFImporter
LogPluginManager: Mounting plugin MacGraphicsSwitching
LogPluginManager: Mounting plugin MaterialAnalyzer
LogPluginManager: Mounting plugin MeshEditor
LogPluginManager: Mounting plugin MobileLauncherProfileWizard
LogPluginManager: Mounting plugin PluginBrowser
LogPluginManager: Mounting plugin SpeedTreeImporter
LogPluginManager: Mounting plugin DatasmithContent
LogPluginManager: Mounting plugin VariantManagerContent
LogPluginManager: Mounting plugin AlembicImporter
LogPluginManager: Mounting plugin AutomationUtils
LogPluginManager: Mounting plugin BackChannel
LogPluginManager: Mounting plugin BlastPlugin
LogPluginManager: Mounting plugin ChaosSolverPlugin
LogPluginManager: Mounting plugin CharacterAI
LogPluginManager: Mounting plugin DataPrepEditor
LogPluginManager: Mounting plugin GeometryCache
LogPluginManager: Mounting plugin GeometryCollectionPlugin
LogPluginManager: Mounting plugin HTML5Networking
LogPluginManager: Mounting plugin PlatformCrypto
LogPluginManager: Mounting plugin ProxyLODPlugin
LogPluginManager: Mounting plugin SkeletalReduction
LogPluginManager: Mounting plugin MagicLeap
LogPluginManager: Mounting plugin MagicLeapMedia
LogPluginManager: Mounting plugin SmoothSyncPlugin
LogPluginManager: Mounting plugin AndroidMedia
LogPluginManager: Mounting plugin AvfMedia
LogPluginManager: Mounting plugin ImgMedia
LogPluginManager: Mounting plugin MediaCompositing
LogPluginManager: Mounting plugin MediaPlayerEditor
LogPluginManager: Mounting plugin WebMMedia
LogPluginManager: Mounting plugin WmfMedia
LogPluginManager: Mounting plugin TcpMessaging
LogPluginManager: Mounting plugin UdpMessaging
LogPluginManager: Mounting plugin ActorSequence
LogPluginManager: Mounting plugin LevelSequenceEditor
LogPluginManager: Mounting plugin MatineeToLevelSequence
LogPluginManager: Mounting plugin NetcodeUnitTest
LogPluginManager: Mounting plugin NUTUnrealEngine4
LogPluginManager: Mounting plugin OnlineSubsystemGooglePlay
LogPluginManager: Mounting plugin OnlineSubsystemIOS
LogPluginManager: Mounting plugin OnlineSubsystem
LogPluginManager: Mounting plugin OnlineSubsystemNull
LogPluginManager: Mounting plugin OnlineSubsystemSteam
LogPluginManager: Mounting plugin OnlineSubsystemUtils
LogPluginManager: Mounting plugin LauncherChunkInstaller
LogPluginManager: Mounting plugin AndroidDeviceProfileSelector
LogPluginManager: Mounting plugin AndroidMoviePlayer
LogPluginManager: Mounting plugin AndroidPermission
LogPluginManager: Mounting plugin AppleImageUtils
LogPluginManager: Mounting plugin AppleMoviePlayer
LogPluginManager: Mounting plugin ArchVisCharacter
LogPluginManager: Mounting plugin AudioCapture
LogPluginManager: Mounting plugin CableComponent
LogPluginManager: Mounting plugin CustomMeshComponent
LogPluginManager: Mounting plugin EditableMesh
LogPluginManager: Mounting plugin ExampleDeviceProfileSelector
LogPluginManager: Mounting plugin GoogleCloudMessaging
LogPluginManager: Mounting plugin IOSDeviceProfileSelector
LogPluginManager: Mounting plugin LinuxDeviceProfileSelector
LogPluginManager: Mounting plugin LocationServicesBPLibrary
LogPluginManager: Mounting plugin MobilePatchingUtils
LogPluginManager: Mounting plugin OculusVR
LogPluginManager: Mounting plugin PhysXVehicles
LogPluginManager: Mounting plugin ProceduralMeshComponent
LogPluginManager: Mounting plugin RuntimePhysXCooking
LogPluginManager: Mounting plugin SignificanceManager
LogPluginManager: Mounting plugin SteamVR
LogPluginManager: Mounting plugin WebMMoviePlayer
LogPluginManager: Mounting plugin WindowsMoviePlayer
LogPluginManager: Mounting plugin ScreenshotTools
LogPluginManager: Mounting plugin AdvancedSessions
LogPluginManager: Mounting plugin AdvancedSteamSessions
LogPluginManager: Mounting plugin DatasmithC4DImporter
LogPluginManager: Mounting plugin DatasmithCADImporter
LogPluginManager: Mounting plugin DatasmithFBXImporter
LogPluginManager: Mounting plugin DatasmithGLTFImporter
LogPluginManager: Mounting plugin DatasmithIFCImporter
LogPluginManager: Mounting plugin DatasmithImporter
LogPluginManager: Mounting plugin MDLImporter
LogPluginManager: Mounting plugin StaticMeshEditorExtension
LogPluginManager: Mounting plugin VariantManager
LogInit: Using libcurl 7.55.1-DEV
LogInit:  - built for x86_64-pc-win32
LogInit:  - supports SSL with OpenSSL/1.1.1
LogInit:  - supports HTTP deflate (compression) using libz 1.2.8
LogInit:  - other features:
LogInit:      CURL_VERSION_SSL
LogInit:      CURL_VERSION_LIBZ
LogInit:      CURL_VERSION_IPV6
LogInit:      CURL_VERSION_ASYNCHDNS
LogInit:      CURL_VERSION_LARGEFILE
LogInit:      CURL_VERSION_IDN
LogInit:  CurlRequestOptions (configurable via config and command line):
LogInit:  - bVerifyPeer = true  - Libcurl will verify peer certificate
LogInit:  - bUseHttpProxy = false  - Libcurl will NOT use HTTP proxy
LogInit:  - bDontReuseConnections = false  - Libcurl will reuse connections
LogInit:  - MaxHostConnections = 16  - Libcurl will limit the number of connections to a host
LogInit:  - LocalHostAddr = Default
LogInit:  - BufferSize = 65536
LogOnline: Display: STEAM: Loading Steam SDK 1.42
LogOnline: OSS: Creating online subsystem instance for: Steam
LogOnline: STEAM: Steam User is subscribed 1
LogOnline: STEAM: [AppId: 480] Client API initialized 1
LogOnline: STEAM: [AppId: 480] Game Server API initialized 1
LogOnline: STEAM: Missing P2PCleanupTimeout key in OnlineSubsystemSteam of DefaultEngine.ini, using default
LogInit: WinSock: version 1.1 (2.2), MaxSocks=32767, MaxUdp=65467
LogInit: Build: ++UE4+Release-4.23-CL-9631420
LogInit: Engine Version: 4.23.1-9631420+++UE4+Release-4.23
LogInit: Compatible Engine Version: 4.23.0-8386587+++UE4+Release-4.23
LogInit: Net CL: 8386587
LogInit: OS: Windows 10 (Release 1909) (), CPU: Intel(R) Core(TM) i7-7700K CPU @ 4.20GHz, GPU: NVIDIA GeForce GTX 1080
LogInit: Compiled (64-bit): Oct 18 2019 02:07:44
LogInit: Compiled with Visual C++: 19.16.27030.01
LogInit: Build Configuration: Development
LogInit: Branch Name: ++UE4+Release-4.23
LogInit: Command Line:  -game
LogInit: Base Directory: D:/Program Files/Epic Games/UE_4.23/Engine/Binaries/Win64/
LogInit: Installed Engine Build: 1
LogDevObjectVersion: Number of dev versions registered: 23
LogDevObjectVersion:   Dev-Blueprints (B0D832E4-1F89-4F0D-ACCF-7EB736FD4AA2): 10
LogDevObjectVersion:   Dev-Build (E1C64328-A22C-4D53-A36C-8E866417BD8C): 0
LogDevObjectVersion:   Dev-Core (375EC13C-06E4-48FB-B500-84F0262A717E): 3
LogDevObjectVersion:   Dev-Editor (E4B068ED-F494-42E9-A231-DA0B2E46BB41): 34
LogDevObjectVersion:   Dev-Framework (CFFC743F-43B0-4480-9391-14DF171D2073): 35
LogDevObjectVersion:   Dev-Mobile (B02B49B5-BB20-44E9-A304-32B752E40360): 2
LogDevObjectVersion:   Dev-Networking (A4E4105C-59A1-49B5-A7C5-40C4547EDFEE): 0
LogDevObjectVersion:   Dev-Online (39C831C9-5AE6-47DC-9A44-9C173E1C8E7C): 0
LogDevObjectVersion:   Dev-Physics (78F01B33-EBEA-4F98-B9B4-84EACCB95AA2): 0
LogDevObjectVersion:   Dev-Platform (6631380F-2D4D-43E0-8009-CF276956A95A): 0
LogDevObjectVersion:   Dev-Rendering (12F88B9F-8875-4AFC-A67C-D90C383ABD29): 31
LogDevObjectVersion:   Dev-Sequencer (7B5AE74C-D270-4C10-A958-57980B212A5A): 11
LogDevObjectVersion:   Dev-VR (D7296918-1DD6-4BDD-9DE2-64A83CC13884): 2
LogDevObjectVersion:   Dev-LoadTimes (C2A15278-BFE7-4AFE-6C17-90FF531DF755): 1
LogDevObjectVersion:   Private-Geometry (6EACA3D4-40EC-4CC1-B786-8BED09428FC5): 3
LogDevObjectVersion:   Dev-AnimPhys (29E575DD-E0A3-4627-9D10-D276232CDCEA): 17
LogDevObjectVersion:   Dev-Anim (AF43A65D-7FD3-4947-9873-3E8ED9C1BB05): 2
LogDevObjectVersion:   Dev-ReflectionCapture (6B266CEC-1EC7-4B8F-A30B-E4D90942FC07): 1
LogDevObjectVersion:   Dev-Automation (0DF73D61-A23F-47EA-B727-89E90C41499A): 1
LogDevObjectVersion:   FortniteMain (601D1886-AC64-4F84-AA16-D3DE0DEAC7D6): 27
LogDevObjectVersion:   Dev-Enterprise (9DFFBCD6-494F-0158-E221-12823C92A888): 6
LogDevObjectVersion:   Dev-Niagara (F2AED0AC-9AFE-416F-8664-AA7FFA26D6FC): 1
LogDevObjectVersion:   Dev-Destruction (174F1F0B-B4C6-45A5-B13F-2EE8D0FB917D): 9
LogInit: Presizing for max 16777216 objects, including 0 objects not considered by GC, pre-allocating 0 bytes for permanent pool.
LogInit: Object subsystem initialized
LogConfig: Setting CVar [[con.DebugEarlyDefault:1]]
LogConfig: Setting CVar [[r.setres:1280x720]]
[2020.06.25-12.48.35:469][  0]LogConfig: Setting CVar [[con.DebugEarlyDefault:1]]
[2020.06.25-12.48.35:469][  0]LogConfig: Setting CVar [[r.setres:1280x720]]
[2020.06.25-12.48.35:469][  0]LogConfig: Applying CVar settings from Section [/Script/Engine.RendererSettings] File [Z:/ISG_/ISG/Saved/Config/Windows/Engine.ini]
[2020.06.25-12.48.35:469][  0]LogConfig: Setting CVar [[r.GPUCrashDebugging:0]]
[2020.06.25-12.48.35:469][  0]LogConfig: Setting CVar [[r.DefaultFeature.AutoExposure.ExtendDefaultLuminanceRange:1]]
[2020.06.25-12.48.35:469][  0]LogConfig: Setting CVar [[r.DefaultFeature.AutoExposure:0]]
[2020.06.25-12.48.35:469][  0]LogConfig: Applying CVar settings from Section [/Script/Engine.RendererOverrideSettings] File [Z:/ISG_/ISG/Saved/Config/Windows/Engine.ini]
[2020.06.25-12.48.35:469][  0]LogConfig: Applying CVar settings from Section [/Script/Engine.StreamingSettings] File [Z:/ISG_/ISG/Saved/Config/Windows/Engine.ini]
[2020.06.25-12.48.35:469][  0]LogConfig: Setting CVar [[s.MinBulkDataSizeForAsyncLoading:131072]]
[2020.06.25-12.48.35:469][  0]LogConfig: Setting CVar [[s.AsyncLoadingThreadEnabled:0]]
[2020.06.25-12.48.35:469][  0]LogConfig: Setting CVar [[s.EventDrivenLoaderEnabled:1]]
[2020.06.25-12.48.35:469][  0]LogConfig: Setting CVar [[s.WarnIfTimeLimitExceeded:0]]
[2020.06.25-12.48.35:469][  0]LogConfig: Setting CVar [[s.TimeLimitExceededMultiplier:1.5]]
[2020.06.25-12.48.35:469][  0]LogConfig: Setting CVar [[s.TimeLimitExceededMinTime:0.005]]
[2020.06.25-12.48.35:469][  0]LogConfig: Setting CVar [[s.UseBackgroundLevelStreaming:1]]
[2020.06.25-12.48.35:469][  0]LogConfig: Setting CVar [[s.PriorityAsyncLoadingExtraTime:15.0]]
[2020.06.25-12.48.35:469][  0]LogConfig: Setting CVar [[s.LevelStreamingActorsUpdateTimeLimit:5.0]]
[2020.06.25-12.48.35:469][  0]LogConfig: Setting CVar [[s.PriorityLevelStreamingActorsUpdateExtraTime:5.0]]
[2020.06.25-12.48.35:469][  0]LogConfig: Setting CVar [[s.LevelStreamingComponentsRegistrationGranularity:10]]
[2020.06.25-12.48.35:469][  0]LogConfig: Setting CVar [[s.UnregisterComponentsTimeLimit:1.0]]
[2020.06.25-12.48.35:469][  0]LogConfig: Setting CVar [[s.LevelStreamingComponentsUnregistrationGranularity:5]]
[2020.06.25-12.48.35:469][  0]LogConfig: Applying CVar settings from Section [/Script/Engine.GarbageCollectionSettings] File [Z:/ISG_/ISG/Saved/Config/Windows/Engine.ini]
[2020.06.25-12.48.35:469][  0]LogConfig: Setting CVar [[gc.MaxObjectsNotConsideredByGC:1]]
[2020.06.25-12.48.35:469][  0]LogConfig: Setting CVar [[gc.SizeOfPermanentObjectPool:0]]
[2020.06.25-12.48.35:469][  0]LogConfig: Setting CVar [[gc.FlushStreamingOnGC:0]]
[2020.06.25-12.48.35:469][  0]LogConfig: Setting CVar [[gc.NumRetriesBeforeForcingGC:10]]
[2020.06.25-12.48.35:469][  0]LogConfig: Setting CVar [[gc.AllowParallelGC:1]]
[2020.06.25-12.48.35:469][  0]LogConfig: Setting CVar [[gc.TimeBetweenPurgingPendingKillObjects:61.1]]
[2020.06.25-12.48.35:469][  0]LogConfig: Setting CVar [[gc.MaxObjectsInEditor:16777216]]
[2020.06.25-12.48.35:469][  0]LogConfig: Setting CVar [[gc.IncrementalBeginDestroyEnabled:1]]
[2020.06.25-12.48.35:469][  0]LogConfig: Setting CVar [[gc.CreateGCClusters:1]]
[2020.06.25-12.48.35:469][  0]LogConfig: Setting CVar [[gc.MinGCClusterSize:5]]
[2020.06.25-12.48.35:469][  0]LogConfig: Setting CVar [[gc.ActorClusteringEnabled:0]]
[2020.06.25-12.48.35:469][  0]LogConfig: Setting CVar [[gc.BlueprintClusteringEnabled:0]]
[2020.06.25-12.48.35:469][  0]LogConfig: Setting CVar [[gc.UseDisregardForGCOnDedicatedServers:0]]
[2020.06.25-12.48.35:469][  0]LogConfig: Applying CVar settings from Section [/Script/Engine.NetworkSettings] File [Z:/ISG_/ISG/Saved/Config/Windows/Engine.ini]
[2020.06.25-12.48.35:469][  0]LogConfig: Applying CVar settings from Section [/Script/UnrealEd.CookerSettings] File [Z:/ISG_/ISG/Saved/Config/Windows/Engine.ini]
[2020.06.25-12.48.35:473][  0]LogConfig: Applying CVar settings from Section [ViewDistanceQuality@3] File [Z:/ISG_/ISG/Saved/Config/Windows/Scalability.ini]
[2020.06.25-12.48.35:473][  0]LogConfig: Setting CVar [[r.SkeletalMeshLODBias:0]]
[2020.06.25-12.48.35:473][  0]LogConfig: Setting CVar [[r.ViewDistanceScale:1.0]]
[2020.06.25-12.48.35:473][  0]LogConfig: Applying CVar settings from Section [AntiAliasingQuality@3] File [Z:/ISG_/ISG/Saved/Config/Windows/Scalability.ini]
[2020.06.25-12.48.35:473][  0]LogConfig: Setting CVar [[r.PostProcessAAQuality:4]]
[2020.06.25-12.48.35:473][  0]LogConfig: Applying CVar settings from Section [ShadowQuality@3] File [Z:/ISG_/ISG/Saved/Config/Windows/Scalability.ini]
[2020.06.25-12.48.35:473][  0]LogConfig: Setting CVar [[r.LightFunctionQuality:1]]
[2020.06.25-12.48.35:473][  0]LogConfig: Setting CVar [[r.ShadowQuality:5]]
[2020.06.25-12.48.35:473][  0]LogConfig: Setting CVar [[r.Shadow.CSM.MaxCascades:10]]
[2020.06.25-12.48.35:473][  0]LogConfig: Setting CVar [[r.Shadow.MaxResolution:2048]]
[2020.06.25-12.48.35:473][  0]LogConfig: Setting CVar [[r.Shadow.MaxCSMResolution:2048]]
[2020.06.25-12.48.35:473][  0]LogConfig: Setting CVar [[r.Shadow.RadiusThreshold:0.01]]
[2020.06.25-12.48.35:473][  0]LogConfig: Setting CVar [[r.Shadow.DistanceScale:1.0]]
[2020.06.25-12.48.35:473][  0]LogConfig: Setting CVar [[r.Shadow.CSM.TransitionScale:1.0]]
[2020.06.25-12.48.35:473][  0]LogConfig: Setting CVar [[r.Shadow.PreShadowResolutionFactor:1.0]]
[2020.06.25-12.48.35:473][  0]LogConfig: Setting CVar [[r.DistanceFieldShadowing:1]]
[2020.06.25-12.48.35:473][  0]LogConfig: Setting CVar [[r.DistanceFieldAO:1]]
[2020.06.25-12.48.35:473][  0]LogConfig: Setting CVar [[r.AOQuality:2]]
[2020.06.25-12.48.35:473][  0]LogConfig: Setting CVar [[r.VolumetricFog:1]]
[2020.06.25-12.48.35:473][  0]LogConfig: Setting CVar [[r.VolumetricFog.GridPixelSize:8]]
[2020.06.25-12.48.35:473][  0]LogConfig: Setting CVar [[r.VolumetricFog.GridSizeZ:128]]
[2020.06.25-12.48.35:473][  0]LogConfig: Setting CVar [[r.VolumetricFog.HistoryMissSupersampleCount:4]]
[2020.06.25-12.48.35:473][  0]LogConfig: Setting CVar [[r.LightMaxDrawDistanceScale:1]]
[2020.06.25-12.48.35:473][  0]LogConfig: Setting CVar [[r.CapsuleShadows:1]]
[2020.06.25-12.48.35:473][  0]LogConfig: Applying CVar settings from Section [PostProcessQuality@3] File [Z:/ISG_/ISG/Saved/Config/Windows/Scalability.ini]
[2020.06.25-12.48.35:473][  0]LogConfig: Setting CVar [[r.MotionBlurQuality:4]]
[2020.06.25-12.48.35:473][  0]LogConfig: Setting CVar [[r.AmbientOcclusionMipLevelFactor:0.4]]
[2020.06.25-12.48.35:473][  0]LogConfig: Setting CVar [[r.AmbientOcclusionMaxQuality:100]]
[2020.06.25-12.48.35:473][  0]LogConfig: Setting CVar [[r.AmbientOcclusionLevels:-1]]
[2020.06.25-12.48.35:473][  0]LogConfig: Setting CVar [[r.AmbientOcclusionRadiusScale:1.0]]
[2020.06.25-12.48.35:473][  0]LogConfig: Setting CVar [[r.DepthOfFieldQuality:2]]
[2020.06.25-12.48.35:473][  0]LogConfig: Setting CVar [[r.RenderTargetPoolMin:400]]
[2020.06.25-12.48.35:473][  0]LogConfig: Setting CVar [[r.LensFlareQuality:2]]
[2020.06.25-12.48.35:473][  0]LogConfig: Setting CVar [[r.SceneColorFringeQuality:1]]
[2020.06.25-12.48.35:473][  0]LogConfig: Setting CVar [[r.EyeAdaptationQuality:2]]
[2020.06.25-12.48.35:473][  0]LogConfig: Setting CVar [[r.BloomQuality:5]]
[2020.06.25-12.48.35:473][  0]LogConfig: Setting CVar [[r.FastBlurThreshold:100]]
[2020.06.25-12.48.35:473][  0]LogConfig: Setting CVar [[r.Upscale.Quality:3]]
[2020.06.25-12.48.35:473][  0]LogConfig: Setting CVar [[r.Tonemapper.GrainQuantization:1]]
[2020.06.25-12.48.35:473][  0]LogConfig: Setting CVar [[r.LightShaftQuality:1]]
[2020.06.25-12.48.35:473][  0]LogConfig: Setting CVar [[r.Filter.SizeScale:1]]
[2020.06.25-12.48.35:473][  0]LogConfig: Setting CVar [[r.Tonemapper.Quality:5]]
[2020.06.25-12.48.35:473][  0]LogConfig: Setting CVar [[r.DOF.Gather.AccumulatorQuality:1        ; higher gathering accumulator quality]]
[2020.06.25-12.48.35:473][  0]LogConfig: Setting CVar [[r.DOF.Gather.PostfilterMethod:1          ; Median3x3 postfilering method]]
[2020.06.25-12.48.35:473][  0]LogConfig: Setting CVar [[r.DOF.Gather.EnableBokehSettings:0       ; no bokeh simulation when gathering]]
[2020.06.25-12.48.35:473][  0]LogConfig: Setting CVar [[r.DOF.Gather.RingCount:4                 ; medium number of samples when gathering]]
[2020.06.25-12.48.35:473][  0]LogConfig: Setting CVar [[r.DOF.Scatter.ForegroundCompositing:1    ; additive foreground scattering]]
[2020.06.25-12.48.35:473][  0]LogConfig: Setting CVar [[r.DOF.Scatter.BackgroundCompositing:2    ; additive background scattering]]
[2020.06.25-12.48.35:473][  0]LogConfig: Setting CVar [[r.DOF.Scatter.EnableBokehSettings:1      ; bokeh simulation when scattering]]
[2020.06.25-12.48.35:473][  0]LogConfig: Setting CVar [[r.DOF.Scatter.MaxSpriteRatio:0.1         ; only a maximum of 10% of scattered bokeh]]
[2020.06.25-12.48.35:473][  0]LogConfig: Setting CVar [[r.DOF.Recombine.Quality:1                ; cheap slight out of focus]]
[2020.06.25-12.48.35:473][  0]LogConfig: Setting CVar [[r.DOF.Recombine.EnableBokehSettings:0    ; no bokeh simulation on slight out of focus]]
[2020.06.25-12.48.35:473][  0]LogConfig: Setting CVar [[r.DOF.TemporalAAQuality:1                ; more stable temporal accumulation]]
[2020.06.25-12.48.35:473][  0]LogConfig: Setting CVar [[r.DOF.Kernel.MaxForegroundRadius:0.025]]
[2020.06.25-12.48.35:473][  0]LogConfig: Setting CVar [[r.DOF.Kernel.MaxBackgroundRadius:0.025]]
[2020.06.25-12.48.35:473][  0]LogConfig: Applying CVar settings from Section [TextureQuality@3] File [Z:/ISG_/ISG/Saved/Config/Windows/Scalability.ini]
[2020.06.25-12.48.35:473][  0]LogConfig: Setting CVar [[r.Streaming.MipBias:0]]
[2020.06.25-12.48.35:473][  0]LogConfig: Setting CVar [[r.Streaming.AmortizeCPUToGPUCopy:0]]
[2020.06.25-12.48.35:473][  0]LogConfig: Setting CVar [[r.Streaming.MaxNumTexturesToStreamPerFrame:0]]
[2020.06.25-12.48.35:473][  0]LogConfig: Setting CVar [[r.Streaming.Boost:1]]
[2020.06.25-12.48.35:473][  0]LogConfig: Setting CVar [[r.MaxAnisotropy:8]]
[2020.06.25-12.48.35:473][  0]LogConfig: Setting CVar [[r.Streaming.LimitPoolSizeToVRAM:0]]
[2020.06.25-12.48.35:473][  0]LogConfig: Setting CVar [[r.Streaming.PoolSize:1000]]
[2020.06.25-12.48.35:473][  0]LogConfig: Setting CVar [[r.Streaming.MaxEffectiveScreenSize:0]]
[2020.06.25-12.48.35:473][  0]LogConfig: Applying CVar settings from Section [EffectsQuality@3] File [Z:/ISG_/ISG/Saved/Config/Windows/Scalability.ini]
[2020.06.25-12.48.35:473][  0]LogConfig: Setting CVar [[r.TranslucencyLightingVolumeDim:64]]
[2020.06.25-12.48.35:473][  0]LogConfig: Setting CVar [[r.RefractionQuality:2]]
[2020.06.25-12.48.35:473][  0]LogConfig: Setting CVar [[r.SSR.Quality:3]]
[2020.06.25-12.48.35:473][  0]LogConfig: Setting CVar [[r.SceneColorFormat:4]]
[2020.06.25-12.48.35:473][  0]LogConfig: Setting CVar [[r.DetailMode:2]]
[2020.06.25-12.48.35:473][  0]LogConfig: Setting CVar [[r.TranslucencyVolumeBlur:1]]
[2020.06.25-12.48.35:473][  0]LogConfig: Setting CVar [[r.MaterialQualityLevel:1 ; High quality]]
[2020.06.25-12.48.35:473][  0]LogConfig: Setting CVar [[r.SSS.Scale:1]]
[2020.06.25-12.48.35:474][  0]LogConfig: Setting CVar [[r.SSS.SampleSet:2]]
[2020.06.25-12.48.35:474][  0]LogConfig: Setting CVar [[r.SSS.Quality:1]]
[2020.06.25-12.48.35:474][  0]LogConfig: Setting CVar [[r.SSS.HalfRes:1]]
[2020.06.25-12.48.35:474][  0]LogConfig: Setting CVar [[r.EmitterSpawnRateScale:1.0]]
[2020.06.25-12.48.35:474][  0]LogConfig: Setting CVar [[r.ParticleLightQuality:2]]
[2020.06.25-12.48.35:474][  0]LogConfig: Applying CVar settings from Section [FoliageQuality@3] File [Z:/ISG_/ISG/Saved/Config/Windows/Scalability.ini]
[2020.06.25-12.48.35:474][  0]LogConfig: Setting CVar [[foliage.DensityScale:1.0]]
[2020.06.25-12.48.35:474][  0]LogConfig: Setting CVar [[grass.DensityScale:1.0]]
[2020.06.25-12.48.35:474][  0]LogInit: Selected Device Profile: [Windows]
[2020.06.25-12.48.35:474][  0]LogInit: Applying CVar settings loaded from the selected device profile: [Windows]
[2020.06.25-12.48.35:476][  0]LogHAL: Display: Platform has ~ 16 GB [17106059264 / 17179869184 / 16], which maps to Larger [LargestMinGB=32, LargerMinGB=12, DefaultMinGB=8, SmallerMinGB=6, SmallestMinGB=0)
[2020.06.25-12.48.35:476][  0]LogInit: Going up to parent DeviceProfile []
[2020.06.25-12.48.35:476][  0]LogConfig: Applying CVar settings from Section [ViewDistanceQuality@Cine] File [Z:/ISG_/ISG/Saved/Config/Windows/Scalability.ini]
[2020.06.25-12.48.35:476][  0]LogConfig: Setting CVar [[r.SkeletalMeshLODBias:0]]
[2020.06.25-12.48.35:476][  0]LogConfig: Setting CVar [[r.ViewDistanceScale:10.0]]
[2020.06.25-12.48.35:476][  0]LogConfig: Applying CVar settings from Section [AntiAliasingQuality@Cine] File [Z:/ISG_/ISG/Saved/Config/Windows/Scalability.ini]
[2020.06.25-12.48.35:476][  0]LogConfig: Setting CVar [[r.PostProcessAAQuality:6]]
[2020.06.25-12.48.35:476][  0]LogConfig: Applying CVar settings from Section [ShadowQuality@Cine] File [Z:/ISG_/ISG/Saved/Config/Windows/Scalability.ini]
[2020.06.25-12.48.35:476][  0]LogConfig: Setting CVar [[r.LightFunctionQuality:1]]
[2020.06.25-12.48.35:476][  0]LogConfig: Setting CVar [[r.ShadowQuality:5]]
[2020.06.25-12.48.35:476][  0]LogConfig: Setting CVar [[r.Shadow.CSM.MaxCascades:10]]
[2020.06.25-12.48.35:476][  0]LogConfig: Setting CVar [[r.Shadow.MaxResolution:4096]]
[2020.06.25-12.48.35:477][  0]LogConfig: Setting CVar [[r.Shadow.MaxCSMResolution:4096]]
[2020.06.25-12.48.35:477][  0]LogConfig: Setting CVar [[r.Shadow.RadiusThreshold:0]]
[2020.06.25-12.48.35:477][  0]LogConfig: Setting CVar [[r.Shadow.DistanceScale:1.0]]
[2020.06.25-12.48.35:477][  0]LogConfig: Setting CVar [[r.Shadow.CSM.TransitionScale:1.0]]
[2020.06.25-12.48.35:477][  0]LogConfig: Setting CVar [[r.Shadow.PreShadowResolutionFactor:1.0]]
[2020.06.25-12.48.35:477][  0]LogConfig: Setting CVar [[r.DistanceFieldShadowing:1]]
[2020.06.25-12.48.35:477][  0]LogConfig: Setting CVar [[r.DistanceFieldAO:1]]
[2020.06.25-12.48.35:477][  0]LogConfig: Setting CVar [[r.AOQuality:2]]
[2020.06.25-12.48.35:477][  0]LogConfig: Setting CVar [[r.VolumetricFog:1]]
[2020.06.25-12.48.35:477][  0]LogConfig: Setting CVar [[r.VolumetricFog.GridPixelSize:4]]
[2020.06.25-12.48.35:477][  0]LogConfig: Setting CVar [[r.VolumetricFog.GridSizeZ:128]]
[2020.06.25-12.48.35:477][  0]LogConfig: Setting CVar [[r.VolumetricFog.HistoryMissSupersampleCount:16]]
[2020.06.25-12.48.35:477][  0]LogConfig: Setting CVar [[r.LightMaxDrawDistanceScale:1]]
[2020.06.25-12.48.35:477][  0]LogConfig: Setting CVar [[r.CapsuleShadows:1]]
[2020.06.25-12.48.35:477][  0]LogConfig: Applying CVar settings from Section [PostProcessQuality@Cine] File [Z:/ISG_/ISG/Saved/Config/Windows/Scalability.ini]
[2020.06.25-12.48.35:477][  0]LogConfig: Setting CVar [[r.MotionBlurQuality:4]]
[2020.06.25-12.48.35:477][  0]LogConfig: Setting CVar [[r.AmbientOcclusionMipLevelFactor:0.4]]
[2020.06.25-12.48.35:477][  0]LogConfig: Setting CVar [[r.AmbientOcclusionMaxQuality:100]]
[2020.06.25-12.48.35:477][  0]LogConfig: Setting CVar [[r.AmbientOcclusionLevels:-1]]
[2020.06.25-12.48.35:477][  0]LogConfig: Setting CVar [[r.AmbientOcclusionRadiusScale:1.0]]
[2020.06.25-12.48.35:477][  0]LogConfig: Setting CVar [[r.DepthOfFieldQuality:4]]
[2020.06.25-12.48.35:477][  0]LogConfig: Setting CVar [[r.RenderTargetPoolMin:1000]]
[2020.06.25-12.48.35:477][  0]LogConfig: Setting CVar [[r.LensFlareQuality:3]]
[2020.06.25-12.48.35:477][  0]LogConfig: Setting CVar [[r.SceneColorFringeQuality:1]]
[2020.06.25-12.48.35:477][  0]LogConfig: Setting CVar [[r.EyeAdaptationQuality:2]]
[2020.06.25-12.48.35:477][  0]LogConfig: Setting CVar [[r.BloomQuality:5]]
[2020.06.25-12.48.35:477][  0]LogConfig: Setting CVar [[r.FastBlurThreshold:100]]
[2020.06.25-12.48.35:477][  0]LogConfig: Setting CVar [[r.Upscale.Quality:3]]
[2020.06.25-12.48.35:477][  0]LogConfig: Setting CVar [[r.Tonemapper.GrainQuantization:1]]
[2020.06.25-12.48.35:477][  0]LogConfig: Setting CVar [[r.LightShaftQuality:1]]
[2020.06.25-12.48.35:477][  0]LogConfig: Setting CVar [[r.Filter.SizeScale:1]]
[2020.06.25-12.48.35:477][  0]LogConfig: Setting CVar [[r.Tonemapper.Quality:5]]
[2020.06.25-12.48.35:477][  0]LogConfig: Setting CVar [[r.DOF.Gather.AccumulatorQuality:1        ; higher gathering accumulator quality]]
[2020.06.25-12.48.35:477][  0]LogConfig: Setting CVar [[r.DOF.Gather.PostfilterMethod:1          ; Median3x3 postfilering method]]
[2020.06.25-12.48.35:477][  0]LogConfig: Setting CVar [[r.DOF.Gather.EnableBokehSettings:1       ; bokeh simulation when gathering]]
[2020.06.25-12.48.35:477][  0]LogConfig: Setting CVar [[r.DOF.Gather.RingCount:5                 ; high number of samples when gathering]]
[2020.06.25-12.48.35:477][  0]LogConfig: Setting CVar [[r.DOF.Scatter.ForegroundCompositing:1    ; additive foreground scattering]]
[2020.06.25-12.48.35:477][  0]LogConfig: Setting CVar [[r.DOF.Scatter.BackgroundCompositing:2    ; background scattering occlusion]]
[2020.06.25-12.48.35:477][  0]LogConfig: Setting CVar [[r.DOF.Scatter.EnableBokehSettings:1      ; no bokeh simulation when scattering]]
[2020.06.25-12.48.35:477][  0]LogConfig: Setting CVar [[r.DOF.Scatter.MaxSpriteRatio:0.25        ; only a maximum of 10% of scattered bokeh]]
[2020.06.25-12.48.35:477][  0]LogConfig: Setting CVar [[r.DOF.Recombine.Quality:2                ; highest slight out of focus]]
[2020.06.25-12.48.35:477][  0]LogConfig: Setting CVar [[r.DOF.Recombine.EnableBokehSettings:1    ; bokeh simulation on slight out of focus]]
[2020.06.25-12.48.35:477][  0]LogConfig: Setting CVar [[r.DOF.TemporalAAQuality:1                ; more stable temporal accumulation]]
[2020.06.25-12.48.35:477][  0]LogConfig: Setting CVar [[r.DOF.Kernel.MaxForegroundRadius:0.025]]
[2020.06.25-12.48.35:477][  0]LogConfig: Setting CVar [[r.DOF.Kernel.MaxBackgroundRadius:0.025]]
[2020.06.25-12.48.35:477][  0]LogConfig: Applying CVar settings from Section [TextureQuality@Cine] File [Z:/ISG_/ISG/Saved/Config/Windows/Scalability.ini]
[2020.06.25-12.48.35:477][  0]LogConfig: Setting CVar [[r.Streaming.MipBias:0]]
[2020.06.25-12.48.35:477][  0]LogConfig: Setting CVar [[r.Streaming.AmortizeCPUToGPUCopy:0]]
[2020.06.25-12.48.35:477][  0]LogConfig: Setting CVar [[r.Streaming.MaxNumTexturesToStreamPerFrame:0]]
[2020.06.25-12.48.35:477][  0]LogConfig: Setting CVar [[r.Streaming.Boost:1]]
[2020.06.25-12.48.35:477][  0]LogConfig: Setting CVar [[r.MaxAnisotropy:8]]
[2020.06.25-12.48.35:477][  0]LogConfig: Setting CVar [[r.Streaming.LimitPoolSizeToVRAM:0]]
[2020.06.25-12.48.35:477][  0]LogConfig: Setting CVar [[r.Streaming.PoolSize:3000]]
[2020.06.25-12.48.35:477][  0]LogConfig: Setting CVar [[r.Streaming.MaxEffectiveScreenSize:0]]
[2020.06.25-12.48.35:477][  0]LogConfig: Applying CVar settings from Section [EffectsQuality@Cine] File [Z:/ISG_/ISG/Saved/Config/Windows/Scalability.ini]
[2020.06.25-12.48.35:477][  0]LogConfig: Setting CVar [[r.TranslucencyLightingVolumeDim:64]]
[2020.06.25-12.48.35:477][  0]LogConfig: Setting CVar [[r.RefractionQuality:2]]
[2020.06.25-12.48.35:477][  0]LogConfig: Setting CVar [[r.SSR.Quality:4]]
[2020.06.25-12.48.35:477][  0]LogConfig: Setting CVar [[r.SceneColorFormat:4]]
[2020.06.25-12.48.35:477][  0]LogConfig: Setting CVar [[r.DetailMode:2]]
[2020.06.25-12.48.35:477][  0]LogConfig: Setting CVar [[r.TranslucencyVolumeBlur:1]]
[2020.06.25-12.48.35:477][  0]LogConfig: Setting CVar [[r.MaterialQualityLevel:1 ; High quality]]
[2020.06.25-12.48.35:477][  0]LogConfig: Setting CVar [[r.SSS.Scale:1]]
[2020.06.25-12.48.35:477][  0]LogConfig: Setting CVar [[r.SSS.SampleSet:2]]
[2020.06.25-12.48.35:477][  0]LogConfig: Setting CVar [[r.SSS.Quality:1]]
[2020.06.25-12.48.35:477][  0]LogConfig: Setting CVar [[r.SSS.HalfRes:0]]
[2020.06.25-12.48.35:477][  0]LogConfig: Setting CVar [[r.EmitterSpawnRateScale:1.0]]
[2020.06.25-12.48.35:477][  0]LogConfig: Setting CVar [[r.ParticleLightQuality:2]]
[2020.06.25-12.48.35:477][  0]LogConfig: Applying CVar settings from Section [FoliageQuality@Cine] File [Z:/ISG_/ISG/Saved/Config/Windows/Scalability.ini]
[2020.06.25-12.48.35:477][  0]LogConfig: Setting CVar [[foliage.DensityScale:1.0]]
[2020.06.25-12.48.35:477][  0]LogConfig: Setting CVar [[grass.DensityScale:1.0]]
[2020.06.25-12.48.35:477][  0]LogConfig: Applying CVar settings from Section [Startup] File [../../../Engine/Config/ConsoleVariables.ini]
[2020.06.25-12.48.35:478][  0]LogConfig: Setting CVar [[net.UseAdaptiveNetUpdateFrequency:0]]
[2020.06.25-12.48.35:478][  0]LogConfig: Setting CVar [[p.chaos.AllowCreatePhysxBodies:1]]
[2020.06.25-12.48.35:478][  0]LogConfig: Applying CVar settings from Section [ConsoleVariables] File [Z:/ISG_/ISG/Saved/Config/Windows/Engine.ini]
[2020.06.25-12.48.35:478][  0]LogInit: Computer: JOEYCOMPUTER
[2020.06.25-12.48.35:478][  0]LogInit: User: joeym
[2020.06.25-12.48.35:478][  0]LogInit: CPU Page size=4096, Cores=4
[2020.06.25-12.48.35:478][  0]LogInit: High frequency timer resolution =10.000000 MHz
[2020.06.25-12.48.35:478][  0]LogMemory: Memory total: Physical=15.9GB (16GB approx)
[2020.06.25-12.48.35:478][  0]LogMemory: Platform Memory Stats for Windows
[2020.06.25-12.48.35:478][  0]LogMemory: Process Physical Memory: 142.07 MB used, 142.07 MB peak
[2020.06.25-12.48.35:478][  0]LogMemory: Process Virtual Memory: 119.14 MB used, 119.14 MB peak
[2020.06.25-12.48.35:478][  0]LogMemory: Physical Memory: 8894.81 MB used,  7418.80 MB free, 16313.61 MB total
[2020.06.25-12.48.35:478][  0]LogMemory: Virtual Memory: 4830.43 MB used,  134212896.00 MB free, 134217728.00 MB total
[2020.06.25-12.48.35:482][  0]LogWindows: WindowsPlatformFeatures enabled
[2020.06.25-12.48.35:519][  0]LogInit: Using OS detected language (nl-NL).
[2020.06.25-12.48.35:519][  0]LogInit: Using OS detected locale (nl-NL).
[2020.06.25-12.48.35:520][  0]LogTextLocalizationManager: No localization for 'nl-NL' exists, so 'en' will be used for the language.
[2020.06.25-12.48.35:521][  0]LogTextLocalizationManager: No localization for 'nl-NL' exists, so 'en' will be used for the locale.
[2020.06.25-12.48.35:710][  0]LogSlate: New Slate User Created.  User Index 0, Is Virtual User: 0
[2020.06.25-12.48.35:710][  0]LogSlate: Slate User Registered.  User Index 0, Is Virtual User: 0
[2020.06.25-12.48.35:724][  0]LogHMD: Failed to initialize OpenVR with code 110
[2020.06.25-12.48.35:724][  0]LogD3D11RHI: D3D11 adapters:
[2020.06.25-12.48.35:817][  0]LogD3D11RHI:    0. 'NVIDIA GeForce GTX 1080' (Feature Level 11_0)
[2020.06.25-12.48.35:817][  0]LogD3D11RHI:       8079/0/8156 MB DedicatedVideo/DedicatedSystem/SharedSystem, Outputs:2, VendorId:0x10de
[2020.06.25-12.48.35:821][  0]LogD3D11RHI:    1. 'Microsoft Basic Render Driver' (Feature Level 11_0)
[2020.06.25-12.48.35:821][  0]LogD3D11RHI:       0/0/8156 MB DedicatedVideo/DedicatedSystem/SharedSystem, Outputs:0, VendorId:0x1414
[2020.06.25-12.48.35:821][  0]LogD3D11RHI: Chosen D3D11 Adapter: 0
[2020.06.25-12.48.35:832][  0]LogD3D11RHI: Creating new Direct3DDevice
[2020.06.25-12.48.35:832][  0]LogD3D11RHI:     GPU DeviceId: 0x1b80 (for the marketing name, search the web for "GPU Device Id")
[2020.06.25-12.48.35:832][  0]LogWindows: EnumDisplayDevices:
[2020.06.25-12.48.35:832][  0]LogWindows:    0. 'NVIDIA GeForce GTX 1080' (P:1 D:1)
[2020.06.25-12.48.35:833][  0]LogWindows:    1. 'NVIDIA GeForce GTX 1080' (P:0 D:1)
[2020.06.25-12.48.35:833][  0]LogWindows:    2. 'NVIDIA GeForce GTX 1080' (P:0 D:0)
[2020.06.25-12.48.35:833][  0]LogWindows:    3. 'NVIDIA GeForce GTX 1080' (P:0 D:0)
[2020.06.25-12.48.35:833][  0]LogWindows: DebugString: FoundDriverCount:4 
[2020.06.25-12.48.35:833][  0]LogD3D11RHI:     Adapter Name: NVIDIA GeForce GTX 1080
[2020.06.25-12.48.35:833][  0]LogD3D11RHI:   Driver Version: 446.14 (internal:26.21.14.4614, unified:446.14)
[2020.06.25-12.48.35:833][  0]LogD3D11RHI:      Driver Date: 5-15-2020
[2020.06.25-12.48.35:833][  0]LogRHI: Texture pool is 5655 MB (70% of 8079 MB)
[2020.06.25-12.48.35:891][  0]LogD3D11RHI: Async texture creation enabled
[2020.06.25-12.48.35:902][  0]LogD3D11RHI: GPU Timing Frequency: 1000.000000 (Debug: 2 1)
[2020.06.25-12.48.36:241][  0]LogTemp: Display: Module 'WindowsClientTargetPlatform' loaded TargetPlatform 'WindowsClient'
[2020.06.25-12.48.36:248][  0]LogTemp: Display: Module 'WindowsNoEditorTargetPlatform' loaded TargetPlatform 'WindowsNoEditor'
[2020.06.25-12.48.36:255][  0]LogTemp: Display: Module 'WindowsServerTargetPlatform' loaded TargetPlatform 'WindowsServer'
[2020.06.25-12.48.36:259][  0]LogTemp: Display: Module 'WindowsTargetPlatform' loaded TargetPlatform 'Windows'
[2020.06.25-12.48.36:259][  0]LogTargetPlatformManager: Display: Building Assets For Windows
[2020.06.25-12.48.36:270][  0]LogAudioDebug: Display: Lib vorbis DLL was dynamically loaded.
[2020.06.25-12.48.36:333][  0]LogShaderCompilers: Guid format shader working directory is 35 characters bigger than the processId version (Z:/ISG_/ISG/Intermediate/Shaders/WorkingDirectory/3760/).
[2020.06.25-12.48.36:333][  0]LogShaderCompilers: Cleaned the shader compiler working directory 'C:/Users/joeym/AppData/Local/Temp/UnrealShaderWorkingDir/1AAD794948A645C90A5A8799303D9101/'.
[2020.06.25-12.48.36:336][  0]LogXGEController: Cannot use XGE Controller as Incredibuild is not installed on this machine.
[2020.06.25-12.48.36:336][  0]LogShaderCompilers: Cannot use XGE Shader Compiler as Incredibuild is not installed on this machine.
[2020.06.25-12.48.36:336][  0]LogShaderCompilers: Display: Using Local Shader Compiler.
[2020.06.25-12.48.36:842][  0]LogDerivedDataCache: Display: Max Cache Size: 512 MB
[2020.06.25-12.48.36:885][  0]LogDerivedDataCache: Loaded boot cache 0.04s 74MB C:/Users/joeym/AppData/Local/UnrealEngine/4.23/DerivedDataCache/Boot.ddc.
[2020.06.25-12.48.36:886][  0]LogDerivedDataCache: Display: Loaded Boot cache: C:/Users/joeym/AppData/Local/UnrealEngine/4.23/DerivedDataCache/Boot.ddc
[2020.06.25-12.48.36:886][  0]LogDerivedDataCache: FDerivedDataBackendGraph:  Pak pak cache file Z:/ISG_/ISG/DerivedDataCache/DDC.ddp not found, will not use a pak cache.
[2020.06.25-12.48.36:886][  0]LogDerivedDataCache: Unable to find inner node Pak for hierarchical cache Hierarchy.
[2020.06.25-12.48.36:886][  0]LogDerivedDataCache: FDerivedDataBackendGraph:  CompressedPak pak cache file Z:/ISG_/ISG/DerivedDataCache/Compressed.ddp not found, will not use a pak cache.
[2020.06.25-12.48.36:886][  0]LogDerivedDataCache: Unable to find inner node CompressedPak for hierarchical cache Hierarchy.
[2020.06.25-12.48.36:895][  0]LogDerivedDataCache: Display: Pak cache opened for reading ../../../Engine/DerivedDataCache/Compressed.ddp.
[2020.06.25-12.48.36:896][  0]LogDerivedDataCache: Display: Pak cache opened for reading ../../../Enterprise/DerivedDataCache/Compressed.ddp.
[2020.06.25-12.48.36:897][  0]LogDerivedDataCache: Using Local data cache path C:/Users/joeym/AppData/Local/UnrealEngine/Common/DerivedDataCache: Writable
[2020.06.25-12.48.36:897][  0]LogDerivedDataCache: Shared data cache path not found in *engine.ini, will not use an Shared cache.
[2020.06.25-12.48.36:897][  0]LogDerivedDataCache: Unable to find inner node Shared for hierarchical cache Hierarchy.
[2020.06.25-12.48.36:916][  0]LogMaterial: Verifying Global Shaders for PCD3D_SM5
[2020.06.25-12.48.36:918][  0]LogSlate: Using FreeType 2.6.0
[2020.06.25-12.48.36:919][  0]LogSlate: SlateFontServices - WITH_FREETYPE: 1, WITH_HARFBUZZ: 1
[2020.06.25-12.48.37:073][  0]LogInit: Using OS detected language (nl-NL).
[2020.06.25-12.48.37:073][  0]LogInit: Using OS detected locale (nl-NL).
[2020.06.25-12.48.37:073][  0]LogTextLocalizationManager: No localization for 'nl-NL' exists, so 'en' will be used for the language.
[2020.06.25-12.48.37:073][  0]LogTextLocalizationManager: No localization for 'nl-NL' exists, so 'en' will be used for the locale.
[2020.06.25-12.48.37:074][  0]LogTextLocalizationManager: Compacting localization data took   0.00ms
[2020.06.25-12.48.37:079][  0]LogAssetRegistry: FAssetRegistry took 0.0014 seconds to start up
[2020.06.25-12.48.37:271][  0]LogPackageLocalizationCache: Processed 19 localized package path(s) for 1 prioritized culture(s) in 0.020658 seconds
[2020.06.25-12.48.37:325][  0]LogInit: Selected Device Profile: [Windows]
[2020.06.25-12.48.37:480][  0]LogMeshReduction: Using QuadricMeshReduction for automatic static mesh reduction
[2020.06.25-12.48.37:480][  0]LogMeshReduction: Using SimplygonMeshReduction for automatic skeletal mesh reduction
[2020.06.25-12.48.37:480][  0]LogMeshReduction: Using ProxyLODMeshReduction for automatic mesh merging
[2020.06.25-12.48.37:480][  0]LogMeshReduction: No distributed automatic mesh merging module available
[2020.06.25-12.48.37:480][  0]LogMeshMerging: No distributed automatic mesh merging module available
[2020.06.25-12.48.37:488][  0]LogNetVersion: ISG 1.0.0, NetCL: 8386587, EngineNetVer: 11, GameNetVer: 0 (Checksum: 1051496785)
[2020.06.25-12.48.37:972][  0]LogMoviePlayer: Initializing movie player
[2020.06.25-12.48.38:110][  0]SourceControl: Source control is disabled
[2020.06.25-12.48.38:110][  0]SourceControl: Source control is disabled
[2020.06.25-12.48.38:111][  0]SourceControl: Source control is disabled
[2020.06.25-12.48.38:200][  0]LogAndroidPermission: UAndroidPermissionCallbackProxy::GetInstance
[2020.06.25-12.48.38:359][  0]LogOcInput: OculusInput pre-init called
[2020.06.25-12.48.38:370][  0]LogUObjectArray: 49631 objects as part of root set at end of initial load.
[2020.06.25-12.48.38:370][  0]LogUObjectAllocator: 8750904 out of 0 bytes used by permanent object pool.
[2020.06.25-12.48.38:370][  0]LogUObjectArray: CloseDisregardForGC: 0/0 objects in disregard for GC pool
[2020.06.25-12.48.38:424][  0]LogEngine: Initializing Engine...
[2020.06.25-12.48.38:425][  0]LogHMD: Failed to initialize OpenVR with code 110
[2020.06.25-12.48.38:426][  0]LogStats: UGameplayTagsManager::InitializeManager -  0.000 s
[2020.06.25-12.48.38:585][  0]LogInit: Initializing FReadOnlyCVARCache
[2020.06.25-12.48.38:619][  0]LogInit: XAudio2 using 'Hoofdtelefoon (3- Arctis 7 Game)' : 2 channels at 48 kHz using 16 bits per sample (channel mask 0x3)
[2020.06.25-12.48.38:662][  0]LogInit: FAudioDevice initialized.
[2020.06.25-12.48.38:663][  0]LogNetVersion: Set ProjectVersion to 1.0.0.0. Version Checksum will be recalculated on next use.
[2020.06.25-12.48.38:719][  0]LogDerivedDataCache: Saved boot cache 0.06s 74MB C:/Users/joeym/AppData/Local/UnrealEngine/4.23/DerivedDataCache/Boot.ddc.
[2020.06.25-12.48.38:734][  0]LogInit: Texture streaming: Enabled
[2020.06.25-12.48.38:876][  0]LogVoiceEncode: Display: EncoderVersion: libopus 1.1-beta
[2020.06.25-12.48.38:878][  0]LogSlate: Updating window title bar state: overlay mode, drag disabled, window buttons hidden, title bar hidden
[2020.06.25-12.48.38:879][  0]LogInit: Display: Game Engine Initialized.
[2020.06.25-12.48.38:930][  0]LogInit: Display: Starting Game.
[2020.06.25-12.48.38:930][  0]LogNet: Browse: /Game/MainMenuRelated/MM_Level?Name=Player
[2020.06.25-12.48.38:930][  0]LogLoad: LoadMap: /Game/MainMenuRelated/MM_Level?Name=Player
[2020.06.25-12.48.38:930][  0]LogWorld: BeginTearingDown for /Temp/Untitled_0
[2020.06.25-12.48.38:932][  0]LogWorld: UWorld::CleanupWorld for Untitled, bSessionEnded=true, bCleanupResources=true
[2020.06.25-12.48.38:951][  0]LogUObjectHash: Compacting FUObjectHashTables data took   1.42ms
[2020.06.25-12.48.39:539][  0]LogAIModule: Creating AISystem for world MM_Level
[2020.06.25-12.48.39:539][  0]LogLoad: Game class is 'MM_Gamemode_C'
[2020.06.25-12.48.39:544][  0]LogWorld: Bringing World /Game/MainMenuRelated/MM_Level.MM_Level up for play (max tick rate 0) at 2020.06.25-14.48.39
[2020.06.25-12.48.39:545][  0]LogWorld: Bringing up level for play took: 0.004672
[2020.06.25-12.48.39:546][  0]LogVoiceEngine: Error: OSS: StopLocalVoiceProcessing: Ignoring stop request for non-owning user
[2020.06.25-12.48.39:546][  0]LogOnlineVoice: OSS: StopLocalVoiceProcessing(0) returned 0xFFFFFFFF
[2020.06.25-12.48.39:546][  0]LogOnlineVoice: OSS: Stopping networked voice for user: 0
[2020.06.25-12.48.39:546][  0]LogScript: Warning: Script Msg: DestroySession - Invalid player state
[2020.06.25-12.48.39:553][  0]LogLoad: Took 0.622752 seconds to LoadMap(/Game/MainMenuRelated/MM_Level)
[2020.06.25-12.48.39:584][  0]LogRenderer: Reallocating scene render targets to support 1920x1080 Format 10 NumSamples 1 (Frame:1).
[2020.06.25-12.48.39:584][  0]LogLoad: (Engine Initialization) Total time: 5.69 seconds
[2020.06.25-12.48.39:584][  0]LogLoad: (Engine Initialization) Total Blueprint compile time: 0.00 seconds
[2020.06.25-12.48.39:614][  0]LogContentStreaming: Texture pool size now 3000 MB
[2020.06.25-12.48.39:638][  2]LogRenderer: Reallocating scene render targets to support 128x128 Format 10 NumSamples 1 (Frame:1).
[2020.06.25-12.48.39:664][  2]LogRenderer: Reallocating scene render targets to support 1920x1080 Format 10 NumSamples 1 (Frame:2).
[2020.06.25-12.48.40:774][ 70]LogSlate: FSceneViewport::OnFocusLost() reason 0
[2020.06.25-12.48.41:082][ 90]LogVoiceEngine: Error: OSS: StartLocalVoiceProcessing(): Device is currently owned by another user
[2020.06.25-12.48.41:082][ 90]LogOnlineVoice: OSS: StartLocalProcessing(0) returned 0xFFFFFFFF
[2020.06.25-12.48.41:082][ 90]LogOnlineVoice: OSS: Starting networked voice for user: 0
[2020.06.25-12.48.41:094][ 90]LogOnlineVoice: OSS: RegisterLocalTalker(0) returned 0x00000000
[2020.06.25-12.48.41:094][ 90]LogOnlineSession: Verbose: OSS: dumping NamedSession: 
[2020.06.25-12.48.41:094][ 90]LogOnlineSession: Verbose: OSS: 	SessionName: GameSession
[2020.06.25-12.48.41:094][ 90]LogOnlineSession: Verbose: OSS: 	HostingPlayerNum: 0
[2020.06.25-12.48.41:094][ 90]LogOnlineSession: Verbose: OSS: 	SessionState: Pending
[2020.06.25-12.48.41:094][ 90]LogOnlineSession: Verbose: OSS: 	RegisteredPlayers: 
[2020.06.25-12.48.41:094][ 90]LogOnlineSession: Verbose: OSS: 	    0 registered players
[2020.06.25-12.48.41:094][ 90]LogOnlineSession: Verbose: OSS: dumping Session: 
[2020.06.25-12.48.41:094][ 90]LogOnlineSession: Verbose: OSS: 	OwningPlayerName: Joey
[2020.06.25-12.48.41:095][ 90]LogOnlineSession: Verbose: OSS: 	OwningPlayerId: Joey [0x1F5120F1060]
[2020.06.25-12.48.41:095][ 90]LogOnlineSession: Verbose: OSS: 	NumOpenPrivateConnections: 0
[2020.06.25-12.48.41:095][ 90]LogOnlineSession: Verbose: OSS: 	NumOpenPublicConnections: 3
[2020.06.25-12.48.41:095][ 90]LogOnlineSession: Verbose: OSS: 	SessionInfo: HostIP: INVALID SteamP2P: 76561198109054226:7777 Type: Lobby session SessionId: Lobby[0x18600000BD415A6]
[2020.06.25-12.48.41:095][ 90]LogOnlineSession: Verbose: OSS: dumping SessionSettings: 
[2020.06.25-12.48.41:095][ 90]LogOnlineSession: Verbose: OSS: 	NumPublicConnections: 4
[2020.06.25-12.48.41:095][ 90]LogOnlineSession: Verbose: OSS: 	NumPrivateConnections: 0
[2020.06.25-12.48.41:095][ 90]LogOnlineSession: Verbose: OSS: 	bIsLanMatch: false
[2020.06.25-12.48.41:095][ 90]LogOnlineSession: Verbose: OSS: 	bIsDedicated: false
[2020.06.25-12.48.41:095][ 90]LogOnlineSession: Verbose: OSS: 	bUsesStats: false
[2020.06.25-12.48.41:095][ 90]LogOnlineSession: Verbose: OSS: 	bShouldAdvertise: true
[2020.06.25-12.48.41:095][ 90]LogOnlineSession: Verbose: OSS: 	bAllowJoinInProgress: true
[2020.06.25-12.48.41:095][ 90]LogOnlineSession: Verbose: OSS: 	bAllowInvites: true
[2020.06.25-12.48.41:095][ 90]LogOnlineSession: Verbose: OSS: 	bUsesPresence: true
[2020.06.25-12.48.41:095][ 90]LogOnlineSession: Verbose: OSS: 	bAllowJoinViaPresence: true
[2020.06.25-12.48.41:095][ 90]LogOnlineSession: Verbose: OSS: 	bAllowJoinViaPresenceFriendsOnly: false
[2020.06.25-12.48.41:095][ 90]LogOnlineSession: Verbose: OSS: 	BuildUniqueId: 0x007ff81b
[2020.06.25-12.48.41:095][ 90]LogOnlineSession: Verbose: OSS: 	Settings:
[2020.06.25-12.48.41:095][ 90]LogOnlineSession: Verbose: OSS: 		ISG=ISGSLOT : OnlineService
[2020.06.25-12.48.41:178][ 90]LogPackageName: SearchForPackageOnDisk took   0.084s to resolve MAP_Garden.umap.
[2020.06.25-12.48.41:263][ 90]LogPackageName: SearchForPackageOnDisk took   0.084s to resolve MAP_Garden.umap.
[2020.06.25-12.48.41:263][ 90]LogNet: Browse: /Game/maps/MAP_Garden?listen
[2020.06.25-12.48.41:263][ 90]LogLoad: LoadMap: /Game/maps/MAP_Garden?listen
[2020.06.25-12.48.41:263][ 90]LogWorld: BeginTearingDown for /Game/MainMenuRelated/MM_Level
[2020.06.25-12.48.41:264][ 90]LogWorld: UWorld::CleanupWorld for MM_Level, bSessionEnded=true, bCleanupResources=true
[2020.06.25-12.48.41:303][ 90]LogUObjectHash: Compacting FUObjectHashTables data took   1.87ms
[2020.06.25-12.48.41:843][ 90]LogAIModule: Creating AISystem for world MAP_Garden
[2020.06.25-12.48.41:843][ 90]LogLoad: Game class is 'GM_BaseGamemode_C'
[2020.06.25-12.48.41:843][ 90]LogTemp: Display: ParseSettings for GameNetDriver
[2020.06.25-12.48.41:843][ 90]LogTemp: Display: ParseSettings for SteamNetDriver_0
[2020.06.25-12.48.41:843][ 90]LogTemp: Display: ParseSettings for GameNetDriver
[2020.06.25-12.48.41:843][ 90]LogNet: ReplicationDriverClass is null! Not using ReplicationDriver.
[2020.06.25-12.48.41:843][ 90]PacketHandlerLog: DDoS detection status: detection enabled: 0 analytics enabled: 0
[2020.06.25-12.48.41:844][ 90]LogNet: Display: SteamNetDriver_0 bound to port 7777
[2020.06.25-12.48.41:844][ 90]PacketHandlerLog: Loaded PacketHandler component: Engine.EngineHandlerComponentFactory (StatelessConnectHandlerComponent)
[2020.06.25-12.48.41:844][ 90]LogNet: GameNetDriver SteamNetDriver_0 IpNetDriver listening on port 7777
[2020.06.25-12.48.41:874][ 90]LogWorld: Bringing World /Game/maps/MAP_Garden.MAP_Garden up for play (max tick rate 0) at 2020.06.25-14.48.41
[2020.06.25-12.48.41:875][ 90]LogWorld: Bringing up level for play took: 0.030150
[2020.06.25-12.48.41:876][ 90]LogOnlineVoice: OSS: StopLocalVoiceProcessing(0) returned 0x00000000
[2020.06.25-12.48.41:876][ 90]LogOnlineVoice: OSS: Stopping networked voice for user: 0
[2020.06.25-12.48.41:878][ 90]LogLoad: Took 0.613837 seconds to LoadMap(/Game/maps/MAP_Garden)
[2020.06.25-12.49.21:565][548]LogOnlineSession: STEAM: Updating lobby joinability to true.
[2020.06.25-12.49.22:066][579]LogOnline: STEAM: Adding P2P connection information with user 76561198349061249 (Name: Alessio [0x1F512351600])
[2020.06.25-12.49.26:049][825]LogNet: NotifyAcceptingConnection accepted from: 76561198349061249:7777
[2020.06.25-12.49.26:049][825]LogHandshake: SendConnectChallenge. Timestamp: 44.967125, Cookie: 111018231111217129083089170103192029125219216132146152094164
[2020.06.25-12.49.26:049][825]LogNet: NotifyAcceptingConnection accepted from: 76561198349061249:7777
[2020.06.25-12.49.26:049][825]LogHandshake: SendConnectChallenge. Timestamp: 44.967125, Cookie: 111018231111217129083089170103192029125219216132146152094164
[2020.06.25-12.49.26:049][825]LogNet: NotifyAcceptingConnection accepted from: 76561198349061249:7777
[2020.06.25-12.49.26:049][825]LogHandshake: SendConnectChallenge. Timestamp: 44.967125, Cookie: 111018231111217129083089170103192029125219216132146152094164
[2020.06.25-12.49.26:049][825]LogNet: NotifyAcceptingConnection accepted from: 76561198349061249:7777
[2020.06.25-12.49.26:049][825]LogHandshake: SendConnectChallenge. Timestamp: 44.967125, Cookie: 111018231111217129083089170103192029125219216132146152094164
[2020.06.25-12.49.26:050][825]LogNet: NotifyAcceptingConnection accepted from: 76561198349061249:7777
[2020.06.25-12.49.26:050][825]LogHandshake: SendConnectChallenge. Timestamp: 44.967125, Cookie: 111018231111217129083089170103192029125219216132146152094164
[2020.06.25-12.49.26:081][827]LogNet: NotifyAcceptingConnection accepted from: 76561198349061249:7777
[2020.06.25-12.49.26:081][827]LogHandshake: SendChallengeAck. InCookie: 111018231111217129083089170103192029125219216132146152094164
[2020.06.25-12.49.26:081][827]LogNet: Server accepting post-challenge connection from: 76561198349061249:7777
[2020.06.25-12.49.26:081][827]PacketHandlerLog: Loaded PacketHandler component: Engine.EngineHandlerComponentFactory (StatelessConnectHandlerComponent)
[2020.06.25-12.49.26:081][827]LogOnline: STEAM: Adding user 76561198349061249:7777 from RegisterConnection
[2020.06.25-12.49.26:081][827]LogNet: NotifyAcceptedConnection: Name: MAP_Garden, TimeStamp: 06/25/20 14:49:26, [UNetConnection] RemoteAddr: 76561198349061249:7777, Name: SteamNetConnection_0, Driver: GameNetDriver SteamNetDriver_0, IsServer: YES, PC: NULL, Owner: NULL, UniqueId: INVALID
[2020.06.25-12.49.26:081][827]LogNet: AddClientConnection: Added client connection: [UNetConnection] RemoteAddr: 76561198349061249:7777, Name: SteamNetConnection_0, Driver: GameNetDriver SteamNetDriver_0, IsServer: YES, PC: NULL, Owner: NULL, UniqueId: INVALID
[2020.06.25-12.49.26:082][827]LogHandshake: Received unexpected post-connect handshake packet - resending ack for LastChallengeSuccessAddress 76561198349061249:7777 and LastCookie 111018231111217129083089170103192029125219216132146152094164.
[2020.06.25-12.49.26:082][827]LogHandshake: SendChallengeAck. InCookie: 111018231111217129083089170103192029125219216132146152094164
[2020.06.25-12.49.26:082][827]LogHandshake: Received unexpected post-connect handshake packet - resending ack for LastChallengeSuccessAddress 76561198349061249:7777 and LastCookie 111018231111217129083089170103192029125219216132146152094164.
[2020.06.25-12.49.26:082][827]LogHandshake: SendChallengeAck. InCookie: 111018231111217129083089170103192029125219216132146152094164
[2020.06.25-12.49.26:082][827]LogHandshake: Received unexpected post-connect handshake packet - resending ack for LastChallengeSuccessAddress 76561198349061249:7777 and LastCookie 111018231111217129083089170103192029125219216132146152094164.
[2020.06.25-12.49.26:082][827]LogHandshake: SendChallengeAck. InCookie: 111018231111217129083089170103192029125219216132146152094164
[2020.06.25-12.49.26:082][827]LogHandshake: Received unexpected post-connect handshake packet - resending ack for LastChallengeSuccessAddress 76561198349061249:7777 and LastCookie 111018231111217129083089170103192029125219216132146152094164.
[2020.06.25-12.49.26:082][827]LogHandshake: SendChallengeAck. InCookie: 111018231111217129083089170103192029125219216132146152094164
[2020.06.25-12.49.26:113][829]LogNet: NotifyAcceptingChannel Control 0 server World /Game/maps/MAP_Garden.MAP_Garden: Accepted
[2020.06.25-12.49.26:113][829]LogNet: Remote platform little endian=1
[2020.06.25-12.49.26:113][829]LogNet: This platform little endian=1
[2020.06.25-12.49.26:113][829]LogNetVersion: ISG 1.0.0.0, NetCL: 8386587, EngineNetVer: 11, GameNetVer: 0 (Checksum: 718921517)
[2020.06.25-12.49.26:145][831]LogNet: Login request: /Game/MainMenuRelated/MM_Level?Name=Alessio userId: STEAM:Alessio [0x1F512351360] platform: STEAM
[2020.06.25-12.49.26:177][833]LogNet: Client netspeed is 10000
[2020.06.25-12.49.27:629][923]LogNet: Join request: /Game/MainMenuRelated/MM_Level?Name=Alessio?SplitscreenCount=1
[2020.06.25-12.49.27:630][923]LogOnlineVoice: OSS: RegisterRemoteTalker(Alessio [0x1F512350E20]) returned 0x00000000
[2020.06.25-12.49.27:630][923]LogOnlineVoice: OSS: Unmuting remote talker (Alessio [0x1F512350E20])
[2020.06.25-12.49.27:630][923]LogOnlineVoice: OSS: StartRemoteVoiceProcessing(Alessio [0x1F512350E20]) returned 0x00000000
[2020.06.25-12.49.27:633][923]LogNet: Join succeeded: Alessio
[2020.06.25-12.49.28:177][957]LogOnlineVoice: OSS: Unmuting remote talker (Alessio [0x1F512351420])
[2020.06.25-12.49.28:275][963]LogOnlineVoice: OSS: Unmuting remote talker (Alessio [0x1F512351DE0])
[2020.06.25-12.49.45:584][ 36]LogBlueprintUserMessages: [GM_BaseGamemode_C_0] TO BOMBER
[2020.06.25-12.49.45:585][ 36]LogSlate: Took 0.000219 seconds to synchronously load lazily loaded font '../../../Engine/Content/Slate/Fonts/Roboto-Regular.ttf' (155K)
[2020.06.25-12.49.56:202][694]LogBlueprintUserMessages: [GM_BaseGamemode_C_0] TO PLAYER
[2020.06.25-12.49.56:202][694]LogBlueprintUserMessages: [GM_BaseGamemode_C_0] TO BOMBER
[2020.06.25-12.49.56:217][695]LogNetPackageMap: Warning: FNetGUIDCache::SupportsObject: BomberWidget_C /Engine/Transient.GameEngine_0:ISGGameInstance_C_0.BomberWidget_C_0 NOT Supported.
[2020.06.25-12.49.58:894][861]LogBlueprintUserMessages: [MyPlayer_C_1] CAN USE BOMB AGAIN!
[2020.06.25-12.50.06:879][356]LogBlueprintUserMessages: [GM_BaseGamemode_C_0] TO PLAYER
[2020.06.25-12.50.06:879][356]LogBlueprintUserMessages: [GM_BaseGamemode_C_0] TO BOMBER
[2020.06.25-12.50.14:055][800]LogBlueprintUserMessages: [MyPlayer_C_1] CAN USE BOMB AGAIN!
[2020.06.25-12.50.19:346][128]LogBlueprintUserMessages: [GM_BaseGamemode_C_0] TO PLAYER
[2020.06.25-12.50.19:346][128]LogBlueprintUserMessages: [GM_BaseGamemode_C_0] TO BOMBER
[2020.06.25-12.50.19:347][128]LogNetPackageMap: Warning: FNetGUIDCache::SupportsObject: BomberWidget_C /Engine/Transient.GameEngine_0:ISGGameInstance_C_0.BomberWidget_C_1 NOT Supported.
[2020.06.25-12.50.21:620][269]LogBlueprintUserMessages: [MyPlayer_C_1] CAN USE BOMB AGAIN!
[2020.06.25-12.50.28:217][678]LogBlueprintUserMessages: [GM_BaseGamemode_C_0] TO PLAYER
[2020.06.25-12.50.28:217][678]LogBlueprintUserMessages: [GM_BaseGamemode_C_0] TO BOMBER
[2020.06.25-12.50.35:652][139]LogBlueprintUserMessages: [MyPlayer_C_1] CoolDown
[2020.06.25-12.50.35:717][143]LogBlueprintUserMessages: [MyPlayer_C_1] CAN USE BOMB AGAIN!
[2020.06.25-12.50.41:799][520]LogBlueprintUserMessages: [GM_BaseGamemode_C_0] TO PLAYER
[2020.06.25-12.50.41:799][520]LogBlueprintUserMessages: [GM_BaseGamemode_C_0] TO BOMBER
[2020.06.25-12.50.41:815][521]LogNetPackageMap: Warning: FNetGUIDCache::SupportsObject: BomberWidget_C /Engine/Transient.GameEngine_0:ISGGameInstance_C_0.BomberWidget_C_2 NOT Supported.
[2020.06.25-12.50.42:353][554]LogBlueprintUserMessages: [MyPlayer_C_0] CoolDown
[2020.06.25-12.50.42:625][571]LogBlueprintUserMessages: [MyPlayer_C_1] CAN USE BOMB AGAIN!
[2020.06.25-12.50.43:981][655]LogBlueprintUserMessages: [MyPlayer_C_0] CoolDown
[2020.06.25-12.50.44:143][665]LogBlueprintUserMessages: [MyPlayer_C_0] CoolDown
[2020.06.25-12.50.44:303][675]LogBlueprintUserMessages: [MyPlayer_C_0] CoolDown
[2020.06.25-12.50.44:497][687]LogBlueprintUserMessages: [MyPlayer_C_0] CoolDown
[2020.06.25-12.50.44:691][699]LogBlueprintUserMessages: [MyPlayer_C_0] CoolDown
[2020.06.25-12.50.47:374][865]LogBlueprintUserMessages: [MyPlayer_C_0] CAN USE BOMB AGAIN!
[2020.06.25-12.50.49:890][ 21]LogBlueprintUserMessages: [GM_BaseGamemode_C_0] TO PLAYER
[2020.06.25-12.50.49:891][ 21]LogBlueprintUserMessages: [GM_BaseGamemode_C_0] TO BOMBER
[2020.06.25-12.50.49:891][ 21]LogNetPackageMap: Warning: FNetGUIDCache::SupportsObject: BomberWidget_C /Engine/Transient.GameEngine_0:ISGGameInstance_C_0.BomberWidget_C_3 NOT Supported.
[2020.06.25-12.50.59:504][617]LogBlueprintUserMessages: [GM_BaseGamemode_C_0] TO PLAYER
[2020.06.25-12.50.59:504][617]LogBlueprintUserMessages: [GM_BaseGamemode_C_0] TO BOMBER
[2020.06.25-12.50.59:504][617]LogNetPackageMap: Warning: FNetGUIDCache::SupportsObject: BomberWidget_C /Engine/Transient.GameEngine_0:ISGGameInstance_C_0.BomberWidget_C_4 NOT Supported.
[2020.06.25-12.51.03:440][861]LogBlueprintUserMessages: [MyPlayer_C_0] CoolDown
[2020.06.25-12.51.07:552][116]LogBlueprintUserMessages: [MyPlayer_C_0] CoolDown
[2020.06.25-12.51.07:730][127]LogBlueprintUserMessages: [MyPlayer_C_0] CoolDown
[2020.06.25-12.51.07:876][136]LogBlueprintUserMessages: [GM_BaseGamemode_C_0] TO PLAYER
[2020.06.25-12.51.07:876][136]LogBlueprintUserMessages: [GM_BaseGamemode_C_0] TO BOMBER
[2020.06.25-12.51.08:730][189]LogBlueprintUserMessages: [MyPlayer_C_0] CAN USE BOMB AGAIN!
[2020.06.25-12.51.14:442][542]LogBlueprintUserMessages: [MyPlayer_C_1] CAN USE BOMB AGAIN!
[2020.06.25-12.51.22:394][ 35]LogBlueprintUserMessages: [GM_BaseGamemode_C_0] TO PLAYER
[2020.06.25-12.51.22:394][ 35]LogBlueprintUserMessages: [GM_BaseGamemode_C_0] TO BOMBER
[2020.06.25-12.51.22:395][ 35]LogNetPackageMap: Warning: FNetGUIDCache::SupportsObject: BomberWidget_C /Engine/Transient.GameEngine_0:ISGGameInstance_C_0.BomberWidget_C_5 NOT Supported.
[2020.06.25-12.51.27:492][351]LogBlueprintUserMessages: [MyPlayer_C_1] CAN USE BOMB AGAIN!
[2020.06.25-12.51.31:266][585]LogBlueprintUserMessages: [GM_BaseGamemode_C_0] TO PLAYER
[2020.06.25-12.51.31:267][585]LogBlueprintUserMessages: [GM_BaseGamemode_C_0] TO BOMBER
[2020.06.25-12.51.35:267][833]LogBlueprintUserMessages: [GM_BaseGamemode_C_0] Alessio: is the winner!
[2020.06.25-12.51.38:412][ 28]LogScript: Warning: Accessed None trying to read property MyPlayer
	StaminaComponent_C /Game/maps/MAP_Garden.MAP_Garden:PersistentLevel.MyPlayer_C_2.StaminaComponent
	Function /Game/PlayerRelated/PlayerComponents/StaminaComponent.StaminaComponent_C:ExecuteUbergraph_StaminaComponent:0430
[2020.06.25-12.51.38:412][ 28]LogScript: Warning: Script call stack:
	Function /Game/PlayerRelated/MyPlayer.MyPlayer_C:InpActEvt_Sprint_K2Node_InputActionEvent_0
	Function /Game/PlayerRelated/MyPlayer.MyPlayer_C:ExecuteUbergraph_MyPlayer
	Function /Game/PlayerRelated/PlayerComponents/StaminaComponent.StaminaComponent_C:StartSprinting
	Function /Game/PlayerRelated/PlayerComponents/StaminaComponent.StaminaComponent_C:SRV_STRTSPRNT
	Function /Game/PlayerRelated/PlayerComponents/StaminaComponent.StaminaComponent_C:ExecuteUbergraph_StaminaComponent

[2020.06.25-12.51.38:412][ 28]LogScript: Warning: Accessed None
	StaminaComponent_C /Game/maps/MAP_Garden.MAP_Garden:PersistentLevel.MyPlayer_C_2.StaminaComponent
	Function /Game/PlayerRelated/PlayerComponents/StaminaComponent.StaminaComponent_C:ExecuteUbergraph_StaminaComponent:0445
[2020.06.25-12.51.38:412][ 28]LogScript: Warning: Script call stack:
	Function /Game/PlayerRelated/MyPlayer.MyPlayer_C:InpActEvt_Sprint_K2Node_InputActionEvent_0
	Function /Game/PlayerRelated/MyPlayer.MyPlayer_C:ExecuteUbergraph_MyPlayer
	Function /Game/PlayerRelated/PlayerComponents/StaminaComponent.StaminaComponent_C:StartSprinting
	Function /Game/PlayerRelated/PlayerComponents/StaminaComponent.StaminaComponent_C:SRV_STRTSPRNT
	Function /Game/PlayerRelated/PlayerComponents/StaminaComponent.StaminaComponent_C:ExecuteUbergraph_StaminaComponent

[2020.06.25-12.51.39:153][ 74]LogBlueprintUserMessages: [MyPlayer_C_1] CAN USE BOMB AGAIN!
[2020.06.25-12.51.46:243][513]LogBlueprintUserMessages: [GM_BaseGamemode_C_0] TO PLAYER
[2020.06.25-12.51.46:243][513]LogBlueprintUserMessages: [GM_BaseGamemode_C_0] TO BOMBER
[2020.06.25-12.51.46:243][513]LogNetPackageMap: Warning: FNetGUIDCache::SupportsObject: BomberWidget_C /Engine/Transient.GameEngine_0:ISGGameInstance_C_0.BomberWidget_C_6 NOT Supported.
[2020.06.25-12.51.51:936][866]LogBlueprintUserMessages: [MyPlayer_C_2] CoolDown
[2020.06.25-12.51.52:097][876]LogBlueprintUserMessages: [MyPlayer_C_2] CoolDown
[2020.06.25-12.51.52:243][885]LogBlueprintUserMessages: [MyPlayer_C_2] CoolDown
[2020.06.25-12.51.53:697][976]LogOnlineSession: STEAM: Updating lobby joinability to true.
[2020.06.25-12.51.54:212][  8]LogOnline: STEAM: Adding P2P connection information with user 76561198159156918 (Name: rahim [0x1F512AFC2E0])
[2020.06.25-12.51.57:242][195]LogBlueprintUserMessages: [MyPlayer_C_2] CAN USE BOMB AGAIN!
[2020.06.25-12.51.57:243][195]LogBlueprintUserMessages: [GM_BaseGamemode_C_0] TO PLAYER
[2020.06.25-12.51.57:243][195]LogBlueprintUserMessages: [GM_BaseGamemode_C_0] TO BOMBER
[2020.06.25-12.51.57:243][195]LogNetPackageMap: Warning: FNetGUIDCache::SupportsObject: BomberWidget_C /Engine/Transient.GameEngine_0:ISGGameInstance_C_0.BomberWidget_C_7 NOT Supported.
[2020.06.25-12.51.58:195][254]LogNet: NotifyAcceptingConnection accepted from: 76561198159156918:7777
[2020.06.25-12.51.58:195][254]LogHandshake: SendConnectChallenge. Timestamp: 197.104385, Cookie: 244186163042001031099013135249004111214016158038233000227009
[2020.06.25-12.51.58:196][254]LogNet: NotifyAcceptingConnection accepted from: 76561198159156918:7777
[2020.06.25-12.51.58:196][254]LogHandshake: SendConnectChallenge. Timestamp: 197.104385, Cookie: 244186163042001031099013135249004111214016158038233000227009
[2020.06.25-12.51.58:196][254]LogNet: NotifyAcceptingConnection accepted from: 76561198159156918:7777
[2020.06.25-12.51.58:196][254]LogHandshake: SendConnectChallenge. Timestamp: 197.104385, Cookie: 244186163042001031099013135249004111214016158038233000227009
[2020.06.25-12.51.58:196][254]LogNet: NotifyAcceptingConnection accepted from: 76561198159156918:7777
[2020.06.25-12.51.58:196][254]LogHandshake: SendConnectChallenge. Timestamp: 197.104385, Cookie: 244186163042001031099013135249004111214016158038233000227009
[2020.06.25-12.51.58:196][254]LogNet: NotifyAcceptingConnection accepted from: 76561198159156918:7777
[2020.06.25-12.51.58:196][254]LogHandshake: SendConnectChallenge. Timestamp: 197.104385, Cookie: 244186163042001031099013135249004111214016158038233000227009
[2020.06.25-12.51.58:227][256]LogNet: NotifyAcceptingConnection accepted from: 76561198159156918:7777
[2020.06.25-12.51.58:227][256]LogHandshake: SendChallengeAck. InCookie: 244186163042001031099013135249004111214016158038233000227009
[2020.06.25-12.51.58:228][256]LogNet: Server accepting post-challenge connection from: 76561198159156918:7777
[2020.06.25-12.51.58:228][256]PacketHandlerLog: Loaded PacketHandler component: Engine.EngineHandlerComponentFactory (StatelessConnectHandlerComponent)
[2020.06.25-12.51.58:228][256]LogOnline: STEAM: Adding user 76561198159156918:7777 from RegisterConnection
[2020.06.25-12.51.58:228][256]LogNet: NotifyAcceptedConnection: Name: MAP_Garden, TimeStamp: 06/25/20 14:51:58, [UNetConnection] RemoteAddr: 76561198159156918:7777, Name: SteamNetConnection_1, Driver: GameNetDriver SteamNetDriver_0, IsServer: YES, PC: NULL, Owner: NULL, UniqueId: INVALID
[2020.06.25-12.51.58:228][256]LogNet: AddClientConnection: Added client connection: [UNetConnection] RemoteAddr: 76561198159156918:7777, Name: SteamNetConnection_1, Driver: GameNetDriver SteamNetDriver_0, IsServer: YES, PC: NULL, Owner: NULL, UniqueId: INVALID
[2020.06.25-12.51.58:228][256]LogHandshake: Received unexpected post-connect handshake packet - resending ack for LastChallengeSuccessAddress 76561198159156918:7777 and LastCookie 244186163042001031099013135249004111214016158038233000227009.
[2020.06.25-12.51.58:228][256]LogHandshake: SendChallengeAck. InCookie: 244186163042001031099013135249004111214016158038233000227009
[2020.06.25-12.51.58:229][256]LogHandshake: Received unexpected post-connect handshake packet - resending ack for LastChallengeSuccessAddress 76561198159156918:7777 and LastCookie 244186163042001031099013135249004111214016158038233000227009.
[2020.06.25-12.51.58:229][256]LogHandshake: SendChallengeAck. InCookie: 244186163042001031099013135249004111214016158038233000227009
[2020.06.25-12.51.58:229][256]LogHandshake: Received unexpected post-connect handshake packet - resending ack for LastChallengeSuccessAddress 76561198159156918:7777 and LastCookie 244186163042001031099013135249004111214016158038233000227009.
[2020.06.25-12.51.58:229][256]LogHandshake: SendChallengeAck. InCookie: 244186163042001031099013135249004111214016158038233000227009
[2020.06.25-12.51.58:229][256]LogHandshake: Received unexpected post-connect handshake packet - resending ack for LastChallengeSuccessAddress 76561198159156918:7777 and LastCookie 244186163042001031099013135249004111214016158038233000227009.
[2020.06.25-12.51.58:229][256]LogHandshake: SendChallengeAck. InCookie: 244186163042001031099013135249004111214016158038233000227009
[2020.06.25-12.51.58:259][258]LogNet: NotifyAcceptingChannel Control 0 server World /Game/maps/MAP_Garden.MAP_Garden: Accepted
[2020.06.25-12.51.58:259][258]LogNet: Remote platform little endian=1
[2020.06.25-12.51.58:259][258]LogNet: This platform little endian=1
[2020.06.25-12.51.58:291][260]LogNet: Login request: /Game/MainMenuRelated/MM_Level?Name=rahim userId: STEAM:rahim [0x1F512AFD720] platform: STEAM
[2020.06.25-12.51.58:323][262]LogNet: Client netspeed is 10000
[2020.06.25-12.51.59:098][310]LogNet: Join request: /Game/MainMenuRelated/MM_Level?Name=rahim?SplitscreenCount=1
[2020.06.25-12.51.59:099][310]LogOnlineVoice: OSS: RegisterRemoteTalker(rahim [0x1F512BBFC40]) returned 0x00000000
[2020.06.25-12.51.59:099][310]LogOnlineVoice: OSS: Unmuting remote talker (Alessio [0x1F512BBEC20])
[2020.06.25-12.51.59:099][310]LogOnlineVoice: OSS: Unmuting remote talker (rahim [0x1F512BBFC40])
[2020.06.25-12.51.59:099][310]LogOnlineVoice: OSS: StartRemoteVoiceProcessing(rahim [0x1F512BBFC40]) returned 0x00000000
[2020.06.25-12.51.59:101][310]LogNet: Join succeeded: rahim
[2020.06.25-12.51.59:115][311]LogNetPackageMap: Warning: FNetGUIDCache::SupportsObject: BomberWidget_C /Engine/Transient.GameEngine_0:ISGGameInstance_C_0.BomberWidget_C_7 NOT Supported.
[2020.06.25-12.51.59:147][313]LogOnlineVoice: OSS: Unmuting remote talker (Alessio [0x1F512BBD900])
[2020.06.25-12.51.59:808][354]LogOnlineVoice: OSS: Unmuting remote talker (rahim [0x1F512AFE560])
[2020.06.25-12.51.59:888][359]LogOnlineVoice: OSS: Unmuting remote talker (rahim [0x1F512AFDE40])
[2020.06.25-12.52.00:114][373]LogOnlineVoice: OSS: Unmuting remote talker (rahim [0x1F512AFE1A0])
[2020.06.25-12.52.06:551][772]LogBlueprintUserMessages: [GM_BaseGamemode_C_0] TO PLAYER
[2020.06.25-12.52.06:551][772]LogBlueprintUserMessages: [GM_BaseGamemode_C_0] TO BOMBER
[2020.06.25-12.52.10:437][ 13]LogBlueprintUserMessages: [MyPlayer_C_3] CoolDown
[2020.06.25-12.52.10:663][ 27]LogBlueprintUserMessages: [MyPlayer_C_3] CoolDown
[2020.06.25-12.52.10:873][ 40]LogBlueprintUserMessages: [MyPlayer_C_3] CoolDown
[2020.06.25-12.52.12:628][ 62]LogWindows: Error: === Critical error: ===
[2020.06.25-12.52.12:628][ 62]LogWindows: Error: 
[2020.06.25-12.52.12:628][ 62]LogWindows: Error: Fatal error!
[2020.06.25-12.52.12:628][ 62]LogWindows: Error: 
[2020.06.25-12.52.12:628][ 62]LogWindows: Error: Unhandled Exception: EXCEPTION_ACCESS_VIOLATION reading address 0xffffffff
[2020.06.25-12.52.12:628][ 62]LogWindows: Error: 
[2020.06.25-12.52.12:628][ 62]LogWindows: Error: [Callstack] 0x00007ffa73679519 UE4Editor-Core.dll!UnknownFunction []
[2020.06.25-12.52.12:628][ 62]LogWindows: Error: [Callstack] 0x00007ffa7367b7b0 UE4Editor-Core.dll!UnknownFunction []
[2020.06.25-12.52.12:628][ 62]LogWindows: Error: [Callstack] 0x00007ffa732abd58 UE4Editor-Core.dll!UnknownFunction []
[2020.06.25-12.52.12:628][ 62]LogWindows: Error: [Callstack] 0x00007ffa7331dca8 UE4Editor-Core.dll!UnknownFunction []
[2020.06.25-12.52.12:628][ 62]LogWindows: Error: [Callstack] 0x00007ffa731d82d6 UE4Editor-Core.dll!UnknownFunction []
[2020.06.25-12.52.12:628][ 62]LogWindows: Error: [Callstack] 0x00007ffa732e93d6 UE4Editor-Core.dll!UnknownFunction []
[2020.06.25-12.52.12:628][ 62]LogWindows: Error: [Callstack] 0x00007ffa5164f7ad UE4Editor-Engine.dll!UnknownFunction []
[2020.06.25-12.52.12:628][ 62]LogWindows: Error: [Callstack] 0x00007ffa75f56299 UE4Editor-CoreUObject.dll!UnknownFunction []
[2020.06.25-12.52.12:628][ 62]LogWindows: Error: [Callstack] 0x00007ffa75f57d8f UE4Editor-CoreUObject.dll!UnknownFunction []
[2020.06.25-12.52.12:628][ 62]LogWindows: Error: [Callstack] 0x00007ffa75f31e62 UE4Editor-CoreUObject.dll!UnknownFunction []
[2020.06.25-12.52.12:628][ 62]LogWindows: Error: [Callstack] 0x00007ffa75f0163b UE4Editor-CoreUObject.dll!UnknownFunction []
[2020.06.25-12.52.12:628][ 62]LogWindows: Error: [Callstack] 0x00007ffa75f31b73 UE4Editor-CoreUObject.dll!UnknownFunction []
[2020.06.25-12.52.12:628][ 62]LogWindows: Error: [Callstack] 0x00007ffa75f31e62 UE4Editor-CoreUObject.dll!UnknownFunction []
[2020.06.25-12.52.12:628][ 62]LogWindows: Error: [Callstack] 0x00007ffa75f317b4 UE4Editor-CoreUObject.dll!UnknownFunction []
[2020.06.25-12.52.12:628][ 62]LogWindows: Error: [Callstack] 0x00007ffa75f0163b UE4Editor-CoreUObject.dll!UnknownFunction []
[2020.06.25-12.52.12:628][ 62]LogWindows: Error: [Callstack] 0x00007ffa75f0d63e UE4Editor-CoreUObject.dll!UnknownFunction []
[2020.06.25-12.52.12:628][ 62]LogWindows: Error: [Callstack] 0x00007ffa75f31e62 UE4Editor-CoreUObject.dll!UnknownFunction []
[2020.06.25-12.52.12:628][ 62]LogWindows: Error: [Callstack] 0x00007ffa75f0163b UE4Editor-CoreUObject.dll!UnknownFunction []
[2020.06.25-12.52.12:628][ 62]LogWindows: Error: [Callstack] 0x00007ffa75f31b73 UE4Editor-CoreUObject.dll!UnknownFunction []
[2020.06.25-12.52.12:628][ 62]LogWindows: Error: [Callstack] 0x00007ffa75f31e62 UE4Editor-CoreUObject.dll!UnknownFunction []
[2020.06.25-12.52.12:628][ 62]LogWindows: Error: [Callstack] 0x00007ffa75f317b4 UE4Editor-CoreUObject.dll!UnknownFunction []
[2020.06.25-12.52.12:628][ 62]LogWindows: Error: [Callstack] 0x00007ffa75cf84b8 UE4Editor-CoreUObject.dll!UnknownFunction []
[2020.06.25-12.52.12:628][ 62]LogWindows: Error: [Callstack] 0x00007ffa75f312b7 UE4Editor-CoreUObject.dll!UnknownFunction []
[2020.06.25-12.52.12:628][ 62]LogWindows: Error: [Callstack] 0x00007ffa50e2aa33 UE4Editor-Engine.dll!UnknownFunction []
[2020.06.25-12.52.12:628][ 62]LogWindows: Error: [Callstack] 0x00007ffa51eaf613 UE4Editor-Engine.dll!UnknownFunction []
[2020.06.25-12.52.12:628][ 62]LogWindows: Error: [Callstack] 0x00007ffa51ee30b9 UE4Editor-Engine.dll!UnknownFunction []
[2020.06.25-12.52.12:628][ 62]LogWindows: Error: [Callstack] 0x00007ffa516d9e67 UE4Editor-Engine.dll!UnknownFunction []
[2020.06.25-12.52.12:628][ 62]LogWindows: Error: [Callstack] 0x00007ffa514c2410 UE4Editor-Engine.dll!UnknownFunction []
[2020.06.25-12.52.12:628][ 62]LogWindows: Error: [Callstack] 0x00007ff7ae947b0a UE4Editor.exe!UnknownFunction []
[2020.06.25-12.52.12:628][ 62]LogWindows: Error: [Callstack] 0x00007ff7ae95a91c UE4Editor.exe!UnknownFunction []
[2020.06.25-12.52.12:628][ 62]LogWindows: Error: [Callstack] 0x00007ff7ae95a9fa UE4Editor.exe!UnknownFunction []
[2020.06.25-12.52.12:628][ 62]LogWindows: Error: [Callstack] 0x00007ff7ae96b92c UE4Editor.exe!UnknownFunction []
[2020.06.25-12.52.12:628][ 62]LogWindows: Error: [Callstack] 0x00007ff7ae96e60e UE4Editor.exe!UnknownFunction []
[2020.06.25-12.52.12:628][ 62]LogWindows: Error: [Callstack] 0x00007ffac2197bd4 KERNEL32.DLL!UnknownFunction []
[2020.06.25-12.52.12:628][ 62]LogWindows: Error: [Callstack] 0x00007ffac3c0ce51 ntdll.dll!UnknownFunction []
[2020.06.25-12.52.12:628][ 62]LogWindows: Error: 
[2020.06.25-12.52.12:633][ 62]LogWindows: FPlatformMisc::RequestExit(1)
[2020.06.25-12.52.12:668][ 62]Log file closed, 06/25/20 14:52:12
